-- Found ament_cmake: 2.5.3 (/opt/ros/jazzy/share/ament_cmake/cmake)
-- Override CMake install command with custom implementation using symlinks instead of copying resources
-- Configuring done (0.3s)
-- Generating done (0.0s)
-- Build files have been written to: /home/saikiran335/ros2_mark_ws/build/mark_bringup
-- Install configuration: ""
-- Execute custom install script
-- Symlinking: /home/saikiran335/ros2_mark_ws/install/mark_bringup/share/mark_bringup/launch/number_app.launch.py
-- Symlinking: /home/saikiran335/ros2_mark_ws/install/mark_bringup/share/mark_bringup/launch/number_app.launch.xml
-- Symlinking: /home/saikiran335/ros2_mark_ws/install/mark_bringup/share/mark_bringup/launch/number_app_from_python.launch.xml
-- Symlinking: /home/saikiran335/ros2_mark_ws/install/mark_bringup/share/mark_bringup/launch/robot_news.launch.xml
-- Symlinking: /home/saikiran335/ros2_mark_ws/install/mark_bringup/share/mark_bringup/launch/turtle_catch_them_all.launch.xml
-- Symlinking: /home/saikiran335/ros2_mark_ws/install/mark_bringup/share/mark_bringup/config/number_app.yaml
-- Symlinking: /home/saikiran335/ros2_mark_ws/install/mark_bringup/share/mark_bringup/config/robot_news_station.yaml
-- Symlinking: /home/saikiran335/ros2_mark_ws/install/mark_bringup/share/ament_index/resource_index/package_run_dependencies/mark_bringup
-- Symlinking: /home/saikiran335/ros2_mark_ws/install/mark_bringup/share/ament_index/resource_index/parent_prefix_path/mark_bringup
-- Symlinking: /home/saikiran335/ros2_mark_ws/install/mark_bringup/share/mark_bringup/environment/ament_prefix_path.sh
-- Symlinking: /home/saikiran335/ros2_mark_ws/install/mark_bringup/share/mark_bringup/environment/ament_prefix_path.dsv
-- Symlinking: /home/saikiran335/ros2_mark_ws/install/mark_bringup/share/mark_bringup/environment/path.sh
-- Symlinking: /home/saikiran335/ros2_mark_ws/install/mark_bringup/share/mark_bringup/environment/path.dsv
-- Symlinking: /home/saikiran335/ros2_mark_ws/install/mark_bringup/share/mark_bringup/local_setup.bash
-- Symlinking: /home/saikiran335/ros2_mark_ws/install/mark_bringup/share/mark_bringup/local_setup.sh
-- Symlinking: /home/saikiran335/ros2_mark_ws/install/mark_bringup/share/mark_bringup/local_setup.zsh
-- Symlinking: /home/saikiran335/ros2_mark_ws/install/mark_bringup/share/mark_bringup/local_setup.dsv
-- Symlinking: /home/saikiran335/ros2_mark_ws/install/mark_bringup/share/mark_bringup/package.dsv
-- Symlinking: /home/saikiran335/ros2_mark_ws/install/mark_bringup/share/ament_index/resource_index/packages/mark_bringup
-- Symlinking: /home/saikiran335/ros2_mark_ws/install/mark_bringup/share/mark_bringup/cmake/mark_bringupConfig.cmake
-- Symlinking: /home/saikiran335/ros2_mark_ws/install/mark_bringup/share/mark_bringup/cmake/mark_bringupConfig-version.cmake
-- Symlinking: /home/saikiran335/ros2_mark_ws/install/mark_bringup/share/mark_bringup/package.xml
