[0.008s] Invoking command in '/home/saikiran335/ros2_jarvis_ws/build/jarvis_bringup': CMAKE_PREFIX_PATH=/home/saikiran335/ros2_jarvis_ws/install/jarvis_description:/home/saikiran335/ros2_jarvis_ws/install/jarvis_bringup:/opt/ros/humble /usr/bin/cmake /home/saikiran335/ros2_jarvis_ws/src/jarvis_bringup -DCMAKE_INSTALL_PREFIX=/home/saikiran335/ros2_jarvis_ws/install/jarvis_bringup
[0.019s] -- Found ament_cmake: 1.3.11 (/opt/ros/humble/share/ament_cmake/cmake)
[0.102s] -- Override CMake install command with custom implementation using symlinks instead of copying resources
[0.146s] -- Configuring done
[0.148s] -- Generating done
[0.151s] -- Build files have been written to: /home/saikiran335/ros2_jarvis_ws/build/jarvis_bringup
[0.156s] Invoked command in '/home/saikiran335/ros2_jarvis_ws/build/jarvis_bringup' returned '0': CMAKE_PREFIX_PATH=/home/saikiran335/ros2_jarvis_ws/install/jarvis_description:/home/saikiran335/ros2_jarvis_ws/install/jarvis_bringup:/opt/ros/humble /usr/bin/cmake /home/saikiran335/ros2_jarvis_ws/src/jarvis_bringup -DCMAKE_INSTALL_PREFIX=/home/saikiran335/ros2_jarvis_ws/install/jarvis_bringup
[0.158s] Invoking command in '/home/saikiran335/ros2_jarvis_ws/build/jarvis_bringup': CMAKE_PREFIX_PATH=/home/saikiran335/ros2_jarvis_ws/install/jarvis_description:/home/saikiran335/ros2_jarvis_ws/install/jarvis_bringup:/opt/ros/humble /usr/bin/cmake --build /home/saikiran335/ros2_jarvis_ws/build/jarvis_bringup -- -j16 -l16
[0.201s] Invoked command in '/home/saikiran335/ros2_jarvis_ws/build/jarvis_bringup' returned '0': CMAKE_PREFIX_PATH=/home/saikiran335/ros2_jarvis_ws/install/jarvis_description:/home/saikiran335/ros2_jarvis_ws/install/jarvis_bringup:/opt/ros/humble /usr/bin/cmake --build /home/saikiran335/ros2_jarvis_ws/build/jarvis_bringup -- -j16 -l16
[0.203s] Invoking command in '/home/saikiran335/ros2_jarvis_ws/build/jarvis_bringup': CMAKE_PREFIX_PATH=/home/saikiran335/ros2_jarvis_ws/install/jarvis_description:/home/saikiran335/ros2_jarvis_ws/install/jarvis_bringup:/opt/ros/humble /usr/bin/cmake --install /home/saikiran335/ros2_jarvis_ws/build/jarvis_bringup
[0.211s] -- Install configuration: ""
[0.211s] -- Execute custom install script
[0.211s] -- Up-to-date symlink: /home/saikiran335/ros2_jarvis_ws/install/jarvis_bringup/share/jarvis_bringup//launch/jarvis_gazebo.launch.xml
[0.211s] -- Up-to-date symlink: /home/saikiran335/ros2_jarvis_ws/install/jarvis_bringup/share/jarvis_bringup//rviz/jarvis_config.rviz
[0.212s] -- Up-to-date symlink: /home/saikiran335/ros2_jarvis_ws/install/jarvis_bringup/share/jarvis_bringup//worlds/test_world.world
[0.212s] -- Up-to-date symlink: /home/saikiran335/ros2_jarvis_ws/install/jarvis_bringup/share/ament_index/resource_index/package_run_dependencies/jarvis_bringup
[0.212s] -- Up-to-date symlink: /home/saikiran335/ros2_jarvis_ws/install/jarvis_bringup/share/ament_index/resource_index/parent_prefix_path/jarvis_bringup
[0.212s] -- Up-to-date symlink: /home/saikiran335/ros2_jarvis_ws/install/jarvis_bringup/share/jarvis_bringup/environment/ament_prefix_path.sh
[0.212s] -- Up-to-date symlink: /home/saikiran335/ros2_jarvis_ws/install/jarvis_bringup/share/jarvis_bringup/environment/ament_prefix_path.dsv
[0.212s] -- Up-to-date symlink: /home/saikiran335/ros2_jarvis_ws/install/jarvis_bringup/share/jarvis_bringup/environment/path.sh
[0.212s] -- Up-to-date symlink: /home/saikiran335/ros2_jarvis_ws/install/jarvis_bringup/share/jarvis_bringup/environment/path.dsv
[0.212s] -- Up-to-date symlink: /home/saikiran335/ros2_jarvis_ws/install/jarvis_bringup/share/jarvis_bringup/local_setup.bash
[0.212s] -- Up-to-date symlink: /home/saikiran335/ros2_jarvis_ws/install/jarvis_bringup/share/jarvis_bringup/local_setup.sh
[0.212s] -- Up-to-date symlink: /home/saikiran335/ros2_jarvis_ws/install/jarvis_bringup/share/jarvis_bringup/local_setup.zsh
[0.212s] -- Up-to-date symlink: /home/saikiran335/ros2_jarvis_ws/install/jarvis_bringup/share/jarvis_bringup/local_setup.dsv
[0.212s] -- Symlinking: /home/saikiran335/ros2_jarvis_ws/install/jarvis_bringup/share/jarvis_bringup/package.dsv
[0.221s] -- Up-to-date symlink: /home/saikiran335/ros2_jarvis_ws/install/jarvis_bringup/share/ament_index/resource_index/packages/jarvis_bringup
[0.222s] -- Up-to-date symlink: /home/saikiran335/ros2_jarvis_ws/install/jarvis_bringup/share/jarvis_bringup/cmake/jarvis_bringupConfig.cmake
[0.222s] -- Up-to-date symlink: /home/saikiran335/ros2_jarvis_ws/install/jarvis_bringup/share/jarvis_bringup/cmake/jarvis_bringupConfig-version.cmake
[0.222s] -- Up-to-date symlink: /home/saikiran335/ros2_jarvis_ws/install/jarvis_bringup/share/jarvis_bringup/package.xml
[0.225s] Invoked command in '/home/saikiran335/ros2_jarvis_ws/build/jarvis_bringup' returned '0': CMAKE_PREFIX_PATH=/home/saikiran335/ros2_jarvis_ws/install/jarvis_description:/home/saikiran335/ros2_jarvis_ws/install/jarvis_bringup:/opt/ros/humble /usr/bin/cmake --install /home/saikiran335/ros2_jarvis_ws/build/jarvis_bringup
