-- The C compiler identification is GNU 13.3.0
-- The CXX compiler identification is GNU 13.3.0
-- Detecting C compiler ABI info
-- Detecting C compiler ABI info - done
-- Check for working C compiler: /usr/bin/cc - skipped
-- Detecting C compile features
-- Detecting C compile features - done
-- Detecting CXX compiler ABI info
-- Detecting CXX compiler ABI info - done
-- Check for working CXX compiler: /usr/bin/c++ - skipped
-- Detecting CXX compile features
-- Detecting CXX compile features - done
-- Found ament_cmake: 2.5.3 (/opt/ros/jazzy/share/ament_cmake/cmake)
-- Found Python3: /usr/bin/python3 (found version "3.12.3") found components: Interpreter 
-- Found rosidl_default_generators: 1.6.0 (/opt/ros/jazzy/share/rosidl_default_generators/cmake)
-- Using all available rosidl_typesupport_c: rosidl_typesupport_fastrtps_c;rosidl_typesupport_introspection_c
-- Using all available rosidl_typesupport_cpp: rosidl_typesupport_fastrtps_cpp;rosidl_typesupport_introspection_cpp
-- Found rosidl_adapter: 4.6.5 (/opt/ros/jazzy/share/rosidl_adapter/cmake)
-- Found ament_cmake_ros: 0.12.0 (/opt/ros/jazzy/share/ament_cmake_ros/cmake)
-- Using all available rosidl_typesupport_c: rosidl_typesupport_fastrtps_c;rosidl_typesupport_introspection_c
-- Using all available rosidl_typesupport_cpp: rosidl_typesupport_fastrtps_cpp;rosidl_typesupport_introspection_cpp
-- Found python_cmake_module: 0.11.1 (/opt/ros/jazzy/share/python_cmake_module/cmake)
-- Found PythonExtra: /usr/bin/python3  
-- Found Python3: /usr/bin/python3 (found version "3.12.3") found components: Interpreter Development NumPy Development.Module Development.Embed 
-- Configuring done (2.8s)
-- Generating done (0.0s)
-- Build files have been written to: /home/saikiran335/ros2_mark_ws/build/mark_interfaces
[  1%] [34m[1mGenerating type hashes for ROS interfaces[0m
[  1%] Built target ament_cmake_python_copy_mark_interfaces
running egg_info
creating mark_interfaces.egg-info
[  1%] Built target mark_interfaces__rosidl_generator_type_description
writing mark_interfaces.egg-info/PKG-INFO
writing dependency_links to mark_interfaces.egg-info/dependency_links.txt
writing top-level names to mark_interfaces.egg-info/top_level.txt
writing manifest file 'mark_interfaces.egg-info/SOURCES.txt'
[  2%] [34m[1mGenerating C code for ROS interfaces[0m
[  3%] [34m[1mGenerating C++ code for ROS interfaces[0m
reading manifest file 'mark_interfaces.egg-info/SOURCES.txt'
writing manifest file 'mark_interfaces.egg-info/SOURCES.txt'
[  3%] Built target ament_cmake_python_build_mark_interfaces_egg
[  3%] Built target mark_interfaces__cpp
[ 14%] [32mBuilding C object CMakeFiles/mark_interfaces__rosidl_generator_c.dir/rosidl_generator_c/mark_interfaces/msg/detail/hardware_status__type_support.c.o[0m
[ 14%] [32mBuilding C object CMakeFiles/mark_interfaces__rosidl_generator_c.dir/rosidl_generator_c/mark_interfaces/msg/detail/turtle__type_support.c.o[0m
[ 14%] [32mBuilding C object CMakeFiles/mark_interfaces__rosidl_generator_c.dir/rosidl_generator_c/mark_interfaces/msg/detail/hardware_status__description.c.o[0m
[ 14%] [32mBuilding C object CMakeFiles/mark_interfaces__rosidl_generator_c.dir/rosidl_generator_c/mark_interfaces/msg/detail/hardware_status__functions.c.o[0m
[ 14%] [32mBuilding C object CMakeFiles/mark_interfaces__rosidl_generator_c.dir/rosidl_generator_c/mark_interfaces/msg/detail/ledpanel_state__type_support.c.o[0m
[ 14%] [32mBuilding C object CMakeFiles/mark_interfaces__rosidl_generator_c.dir/rosidl_generator_c/mark_interfaces/msg/detail/ledpanel_state__functions.c.o[0m
[ 14%] [32mBuilding C object CMakeFiles/mark_interfaces__rosidl_generator_c.dir/rosidl_generator_c/mark_interfaces/msg/detail/turtle__functions.c.o[0m
[ 14%] [32mBuilding C object CMakeFiles/mark_interfaces__rosidl_generator_c.dir/rosidl_generator_c/mark_interfaces/msg/detail/turtle_array__functions.c.o[0m
[ 14%] [32mBuilding C object CMakeFiles/mark_interfaces__rosidl_generator_c.dir/rosidl_generator_c/mark_interfaces/msg/detail/turtle__description.c.o[0m
[ 16%] [32mBuilding C object CMakeFiles/mark_interfaces__rosidl_generator_c.dir/rosidl_generator_c/mark_interfaces/msg/detail/turtle_array__description.c.o[0m
[ 17%] [32mBuilding C object CMakeFiles/mark_interfaces__rosidl_generator_c.dir/rosidl_generator_c/mark_interfaces/msg/detail/turtle_array__type_support.c.o[0m
[ 17%] [32mBuilding C object CMakeFiles/mark_interfaces__rosidl_generator_c.dir/rosidl_generator_c/mark_interfaces/msg/detail/ledpanel_state__description.c.o[0m
[ 19%] [32mBuilding C object CMakeFiles/mark_interfaces__rosidl_generator_c.dir/rosidl_generator_c/mark_interfaces/srv/detail/rectangle_area__functions.c.o[0m
[ 20%] [32mBuilding C object CMakeFiles/mark_interfaces__rosidl_generator_c.dir/rosidl_generator_c/mark_interfaces/srv/detail/rectangle_area__type_support.c.o[0m
[ 21%] [32mBuilding C object CMakeFiles/mark_interfaces__rosidl_generator_c.dir/rosidl_generator_c/mark_interfaces/srv/detail/rectangle_area__description.c.o[0m
[ 22%] [32mBuilding C object CMakeFiles/mark_interfaces__rosidl_generator_c.dir/rosidl_generator_c/mark_interfaces/srv/detail/battery_life_state__description.c.o[0m
[ 25%] [32mBuilding C object CMakeFiles/mark_interfaces__rosidl_generator_c.dir/rosidl_generator_c/mark_interfaces/srv/detail/battery_life_state__type_support.c.o[0m
[ 25%] [32mBuilding C object CMakeFiles/mark_interfaces__rosidl_generator_c.dir/rosidl_generator_c/mark_interfaces/srv/detail/battery_life_state__functions.c.o[0m
[ 26%] [32m[1mLinking C shared library libmark_interfaces__rosidl_generator_c.so[0m
[ 26%] Built target mark_interfaces__rosidl_generator_c
[ 30%] [34m[1mGenerating C introspection for ROS interfaces[0m
[ 30%] [34m[1mGenerating C++ introspection for ROS interfaces[0m
[ 30%] [34m[1mGenerating C type support dispatch for ROS interfaces[0m
[ 30%] [34m[1mGenerating C++ type support for eProsima Fast-RTPS[0m
[ 33%] [34m[1mGenerating C++ type support dispatch for ROS interfaces[0m
[ 33%] [34m[1mGenerating C type support for eProsima Fast-RTPS[0m
[ 44%] [32mBuilding CXX object CMakeFiles/mark_interfaces__rosidl_typesupport_c.dir/rosidl_typesupport_c/mark_interfaces/srv/rectangle_area__type_support.cpp.o[0m
[ 44%] [32mBuilding CXX object CMakeFiles/mark_interfaces__rosidl_typesupport_cpp.dir/rosidl_typesupport_cpp/mark_interfaces/msg/hardware_status__type_support.cpp.o[0m
[ 44%] [32mBuilding CXX object CMakeFiles/mark_interfaces__rosidl_typesupport_cpp.dir/rosidl_typesupport_cpp/mark_interfaces/msg/turtle__type_support.cpp.o[0m
[ 44%] [32mBuilding CXX object CMakeFiles/mark_interfaces__rosidl_typesupport_cpp.dir/rosidl_typesupport_cpp/mark_interfaces/msg/turtle_array__type_support.cpp.o[0m
[ 44%] [32mBuilding CXX object CMakeFiles/mark_interfaces__rosidl_typesupport_c.dir/rosidl_typesupport_c/mark_interfaces/srv/battery_life_state__type_support.cpp.o[0m
[ 44%] [32mBuilding CXX object CMakeFiles/mark_interfaces__rosidl_typesupport_c.dir/rosidl_typesupport_c/mark_interfaces/msg/ledpanel_state__type_support.cpp.o[0m
[ 46%] [32mBuilding CXX object CMakeFiles/mark_interfaces__rosidl_typesupport_cpp.dir/rosidl_typesupport_cpp/mark_interfaces/msg/ledpanel_state__type_support.cpp.o[0m
[ 46%] [32mBuilding CXX object CMakeFiles/mark_interfaces__rosidl_typesupport_c.dir/rosidl_typesupport_c/mark_interfaces/msg/turtle_array__type_support.cpp.o[0m
[ 46%] [32mBuilding CXX object CMakeFiles/mark_interfaces__rosidl_typesupport_c.dir/rosidl_typesupport_c/mark_interfaces/msg/hardware_status__type_support.cpp.o[0m
[ 44%] [32mBuilding CXX object CMakeFiles/mark_interfaces__rosidl_typesupport_cpp.dir/rosidl_typesupport_cpp/mark_interfaces/srv/battery_life_state__type_support.cpp.o[0m
[ 44%] [32mBuilding CXX object CMakeFiles/mark_interfaces__rosidl_typesupport_cpp.dir/rosidl_typesupport_cpp/mark_interfaces/srv/rectangle_area__type_support.cpp.o[0m
[ 47%] [32mBuilding CXX object CMakeFiles/mark_interfaces__rosidl_typesupport_c.dir/rosidl_typesupport_c/mark_interfaces/msg/turtle__type_support.cpp.o[0m
[ 48%] [32m[1mLinking CXX shared library libmark_interfaces__rosidl_typesupport_c.so[0m
[ 52%] [32mBuilding CXX object CMakeFiles/mark_interfaces__rosidl_typesupport_introspection_cpp.dir/rosidl_typesupport_introspection_cpp/mark_interfaces/msg/detail/turtle__type_support.cpp.o[0m
[ 52%] [32mBuilding CXX object CMakeFiles/mark_interfaces__rosidl_typesupport_introspection_cpp.dir/rosidl_typesupport_introspection_cpp/mark_interfaces/msg/detail/ledpanel_state__type_support.cpp.o[0m
[ 52%] [32mBuilding CXX object CMakeFiles/mark_interfaces__rosidl_typesupport_introspection_cpp.dir/rosidl_typesupport_introspection_cpp/mark_interfaces/msg/detail/hardware_status__type_support.cpp.o[0m
[ 54%] [32mBuilding CXX object CMakeFiles/mark_interfaces__rosidl_typesupport_introspection_cpp.dir/rosidl_typesupport_introspection_cpp/mark_interfaces/srv/detail/rectangle_area__type_support.cpp.o[0m
[ 54%] [32mBuilding CXX object CMakeFiles/mark_interfaces__rosidl_typesupport_introspection_cpp.dir/rosidl_typesupport_introspection_cpp/mark_interfaces/msg/detail/turtle_array__type_support.cpp.o[0m
[ 55%] [32mBuilding CXX object CMakeFiles/mark_interfaces__rosidl_typesupport_introspection_cpp.dir/rosidl_typesupport_introspection_cpp/mark_interfaces/srv/detail/battery_life_state__type_support.cpp.o[0m
[ 57%] [32mBuilding C object CMakeFiles/mark_interfaces__rosidl_typesupport_introspection_c.dir/rosidl_typesupport_introspection_c/mark_interfaces/msg/detail/hardware_status__type_support.c.o[0m
[ 57%] Built target mark_interfaces__rosidl_typesupport_c
[ 58%] [32mBuilding C object CMakeFiles/mark_interfaces__rosidl_typesupport_introspection_c.dir/rosidl_typesupport_introspection_c/mark_interfaces/msg/detail/ledpanel_state__type_support.c.o[0m
[ 59%] [32mBuilding C object CMakeFiles/mark_interfaces__rosidl_typesupport_introspection_c.dir/rosidl_typesupport_introspection_c/mark_interfaces/msg/detail/turtle__type_support.c.o[0m
[ 60%] [32mBuilding C object CMakeFiles/mark_interfaces__rosidl_typesupport_introspection_c.dir/rosidl_typesupport_introspection_c/mark_interfaces/msg/detail/turtle_array__type_support.c.o[0m
[ 61%] [32mBuilding C object CMakeFiles/mark_interfaces__rosidl_typesupport_introspection_c.dir/rosidl_typesupport_introspection_c/mark_interfaces/srv/detail/rectangle_area__type_support.c.o[0m
[ 63%] [32mBuilding CXX object CMakeFiles/mark_interfaces__rosidl_typesupport_fastrtps_cpp.dir/rosidl_typesupport_fastrtps_cpp/mark_interfaces/msg/detail/dds_fastrtps/hardware_status__type_support.cpp.o[0m
[ 64%] [32mBuilding CXX object CMakeFiles/mark_interfaces__rosidl_typesupport_fastrtps_c.dir/rosidl_typesupport_fastrtps_c/mark_interfaces/msg/detail/hardware_status__type_support_c.cpp.o[0m
[ 65%] [32mBuilding CXX object CMakeFiles/mark_interfaces__rosidl_typesupport_fastrtps_c.dir/rosidl_typesupport_fastrtps_c/mark_interfaces/msg/detail/ledpanel_state__type_support_c.cpp.o[0m
[ 66%] [32mBuilding C object CMakeFiles/mark_interfaces__rosidl_typesupport_introspection_c.dir/rosidl_typesupport_introspection_c/mark_interfaces/srv/detail/battery_life_state__type_support.c.o[0m
[ 67%] [32m[1mLinking C shared library libmark_interfaces__rosidl_typesupport_introspection_c.so[0m
[ 70%] [32mBuilding CXX object CMakeFiles/mark_interfaces__rosidl_typesupport_fastrtps_c.dir/rosidl_typesupport_fastrtps_c/mark_interfaces/msg/detail/turtle_array__type_support_c.cpp.o[0m
[ 70%] [32mBuilding CXX object CMakeFiles/mark_interfaces__rosidl_typesupport_fastrtps_c.dir/rosidl_typesupport_fastrtps_c/mark_interfaces/msg/detail/turtle__type_support_c.cpp.o[0m
[ 72%] [32mBuilding CXX object CMakeFiles/mark_interfaces__rosidl_typesupport_fastrtps_cpp.dir/rosidl_typesupport_fastrtps_cpp/mark_interfaces/msg/detail/dds_fastrtps/ledpanel_state__type_support.cpp.o[0m
[ 72%] [32mBuilding CXX object CMakeFiles/mark_interfaces__rosidl_typesupport_fastrtps_c.dir/rosidl_typesupport_fastrtps_c/mark_interfaces/srv/detail/rectangle_area__type_support_c.cpp.o[0m
[ 72%] Built target mark_interfaces__rosidl_typesupport_introspection_c
[ 73%] [32mBuilding CXX object CMakeFiles/mark_interfaces__rosidl_typesupport_fastrtps_c.dir/rosidl_typesupport_fastrtps_c/mark_interfaces/srv/detail/battery_life_state__type_support_c.cpp.o[0m
[ 75%] [32mBuilding CXX object CMakeFiles/mark_interfaces__rosidl_typesupport_fastrtps_cpp.dir/rosidl_typesupport_fastrtps_cpp/mark_interfaces/msg/detail/dds_fastrtps/turtle__type_support.cpp.o[0m
[ 76%] [32mBuilding CXX object CMakeFiles/mark_interfaces__rosidl_typesupport_fastrtps_cpp.dir/rosidl_typesupport_fastrtps_cpp/mark_interfaces/msg/detail/dds_fastrtps/turtle_array__type_support.cpp.o[0m
[ 78%] [32m[1mLinking CXX shared library libmark_interfaces__rosidl_typesupport_cpp.so[0m
[ 78%] [32mBuilding CXX object CMakeFiles/mark_interfaces__rosidl_typesupport_fastrtps_cpp.dir/rosidl_typesupport_fastrtps_cpp/mark_interfaces/srv/detail/dds_fastrtps/rectangle_area__type_support.cpp.o[0m
[ 79%] [32mBuilding CXX object CMakeFiles/mark_interfaces__rosidl_typesupport_fastrtps_cpp.dir/rosidl_typesupport_fastrtps_cpp/mark_interfaces/srv/detail/dds_fastrtps/battery_life_state__type_support.cpp.o[0m
[ 79%] Built target mark_interfaces__rosidl_typesupport_cpp
[ 80%] [32m[1mLinking CXX shared library libmark_interfaces__rosidl_typesupport_introspection_cpp.so[0m
[ 80%] Built target mark_interfaces__rosidl_typesupport_introspection_cpp
[ 82%] [32m[1mLinking CXX shared library libmark_interfaces__rosidl_typesupport_fastrtps_c.so[0m
[ 82%] Built target mark_interfaces__rosidl_typesupport_fastrtps_c
[ 83%] [32m[1mLinking CXX shared library libmark_interfaces__rosidl_typesupport_fastrtps_cpp.so[0m
[ 83%] Built target mark_interfaces__rosidl_typesupport_fastrtps_cpp
[ 83%] Built target mark_interfaces
[ 84%] [34m[1mGenerating Python code for ROS interfaces[0m
[ 84%] Built target mark_interfaces__py
[ 91%] [32mBuilding C object CMakeFiles/mark_interfaces__rosidl_generator_py.dir/rosidl_generator_py/mark_interfaces/msg/_turtle_s.c.o[0m
[ 91%] [32mBuilding C object CMakeFiles/mark_interfaces__rosidl_generator_py.dir/rosidl_generator_py/mark_interfaces/msg/_hardware_status_s.c.o[0m
[ 91%] [32mBuilding C object CMakeFiles/mark_interfaces__rosidl_generator_py.dir/rosidl_generator_py/mark_interfaces/msg/_turtle_array_s.c.o[0m
[ 91%] [32mBuilding C object CMakeFiles/mark_interfaces__rosidl_generator_py.dir/rosidl_generator_py/mark_interfaces/msg/_ledpanel_state_s.c.o[0m
[ 91%] [32mBuilding C object CMakeFiles/mark_interfaces__rosidl_generator_py.dir/rosidl_generator_py/mark_interfaces/srv/_battery_life_state_s.c.o[0m
[ 91%] [32mBuilding C object CMakeFiles/mark_interfaces__rosidl_generator_py.dir/rosidl_generator_py/mark_interfaces/srv/_rectangle_area_s.c.o[0m
[ 92%] [32m[1mLinking C shared library libmark_interfaces__rosidl_generator_py.so[0m
[ 92%] Built target mark_interfaces__rosidl_generator_py
[ 95%] [32mBuilding C object CMakeFiles/mark_interfaces_s__rosidl_typesupport_fastrtps_c.dir/rosidl_generator_py/mark_interfaces/_mark_interfaces_s.ep.rosidl_typesupport_fastrtps_c.c.o[0m
[ 95%] [32mBuilding C object CMakeFiles/mark_interfaces_s__rosidl_typesupport_introspection_c.dir/rosidl_generator_py/mark_interfaces/_mark_interfaces_s.ep.rosidl_typesupport_introspection_c.c.o[0m
[ 96%] [32mBuilding C object CMakeFiles/mark_interfaces_s__rosidl_typesupport_c.dir/rosidl_generator_py/mark_interfaces/_mark_interfaces_s.ep.rosidl_typesupport_c.c.o[0m
[100%] [32m[1mLinking C shared module rosidl_generator_py/mark_interfaces/mark_interfaces_s__rosidl_typesupport_fastrtps_c.so[0m
[100%] [32m[1mLinking C shared module rosidl_generator_py/mark_interfaces/mark_interfaces_s__rosidl_typesupport_c.so[0m
[100%] [32m[1mLinking C shared module rosidl_generator_py/mark_interfaces/mark_interfaces_s__rosidl_typesupport_introspection_c.so[0m
[100%] Built target mark_interfaces_s__rosidl_typesupport_c
[100%] Built target mark_interfaces_s__rosidl_typesupport_fastrtps_c
[100%] Built target mark_interfaces_s__rosidl_typesupport_introspection_c
-- Install configuration: ""
-- Installing: /home/saikiran335/ros2_mark_ws/install/mark_interfaces/share/ament_index/resource_index/rosidl_interfaces/mark_interfaces
-- Installing: /home/saikiran335/ros2_mark_ws/install/mark_interfaces/share/mark_interfaces/msg/HardwareStatus.json
-- Installing: /home/saikiran335/ros2_mark_ws/install/mark_interfaces/share/mark_interfaces/msg/LedpanelState.json
-- Installing: /home/saikiran335/ros2_mark_ws/install/mark_interfaces/share/mark_interfaces/msg/Turtle.json
-- Installing: /home/saikiran335/ros2_mark_ws/install/mark_interfaces/share/mark_interfaces/msg/TurtleArray.json
-- Installing: /home/saikiran335/ros2_mark_ws/install/mark_interfaces/share/mark_interfaces/srv/RectangleArea.json
-- Installing: /home/saikiran335/ros2_mark_ws/install/mark_interfaces/share/mark_interfaces/srv/BatteryLifeState.json
-- Installing: /home/saikiran335/ros2_mark_ws/install/mark_interfaces/include/mark_interfaces/mark_interfaces
-- Installing: /home/saikiran335/ros2_mark_ws/install/mark_interfaces/include/mark_interfaces/mark_interfaces/msg
-- Installing: /home/saikiran335/ros2_mark_ws/install/mark_interfaces/include/mark_interfaces/mark_interfaces/msg/detail
-- Installing: /home/saikiran335/ros2_mark_ws/install/mark_interfaces/include/mark_interfaces/mark_interfaces/msg/detail/hardware_status__functions.h
-- Installing: /home/saikiran335/ros2_mark_ws/install/mark_interfaces/include/mark_interfaces/mark_interfaces/msg/detail/turtle__description.c
-- Installing: /home/saikiran335/ros2_mark_ws/install/mark_interfaces/include/mark_interfaces/mark_interfaces/msg/detail/hardware_status__struct.h
-- Installing: /home/saikiran335/ros2_mark_ws/install/mark_interfaces/include/mark_interfaces/mark_interfaces/msg/detail/turtle_array__type_support.h
-- Installing: /home/saikiran335/ros2_mark_ws/install/mark_interfaces/include/mark_interfaces/mark_interfaces/msg/detail/turtle__type_support.h
-- Installing: /home/saikiran335/ros2_mark_ws/install/mark_interfaces/include/mark_interfaces/mark_interfaces/msg/detail/turtle_array__description.c
-- Installing: /home/saikiran335/ros2_mark_ws/install/mark_interfaces/include/mark_interfaces/mark_interfaces/msg/detail/turtle__functions.c
-- Installing: /home/saikiran335/ros2_mark_ws/install/mark_interfaces/include/mark_interfaces/mark_interfaces/msg/detail/turtle_array__functions.c
-- Installing: /home/saikiran335/ros2_mark_ws/install/mark_interfaces/include/mark_interfaces/mark_interfaces/msg/detail/hardware_status__description.c
-- Installing: /home/saikiran335/ros2_mark_ws/install/mark_interfaces/include/mark_interfaces/mark_interfaces/msg/detail/turtle_array__type_support.c
-- Installing: /home/saikiran335/ros2_mark_ws/install/mark_interfaces/include/mark_interfaces/mark_interfaces/msg/detail/turtle__functions.h
-- Installing: /home/saikiran335/ros2_mark_ws/install/mark_interfaces/include/mark_interfaces/mark_interfaces/msg/detail/turtle__struct.h
-- Installing: /home/saikiran335/ros2_mark_ws/install/mark_interfaces/include/mark_interfaces/mark_interfaces/msg/detail/ledpanel_state__type_support.h
-- Installing: /home/saikiran335/ros2_mark_ws/install/mark_interfaces/include/mark_interfaces/mark_interfaces/msg/detail/ledpanel_state__functions.c
-- Installing: /home/saikiran335/ros2_mark_ws/install/mark_interfaces/include/mark_interfaces/mark_interfaces/msg/detail/hardware_status__type_support.h
-- Installing: /home/saikiran335/ros2_mark_ws/install/mark_interfaces/include/mark_interfaces/mark_interfaces/msg/detail/ledpanel_state__description.c
-- Installing: /home/saikiran335/ros2_mark_ws/install/mark_interfaces/include/mark_interfaces/mark_interfaces/msg/detail/ledpanel_state__type_support.c
-- Installing: /home/saikiran335/ros2_mark_ws/install/mark_interfaces/include/mark_interfaces/mark_interfaces/msg/detail/hardware_status__functions.c
-- Installing: /home/saikiran335/ros2_mark_ws/install/mark_interfaces/include/mark_interfaces/mark_interfaces/msg/detail/turtle_array__struct.h
-- Installing: /home/saikiran335/ros2_mark_ws/install/mark_interfaces/include/mark_interfaces/mark_interfaces/msg/detail/ledpanel_state__functions.h
-- Installing: /home/saikiran335/ros2_mark_ws/install/mark_interfaces/include/mark_interfaces/mark_interfaces/msg/detail/ledpanel_state__struct.h
-- Installing: /home/saikiran335/ros2_mark_ws/install/mark_interfaces/include/mark_interfaces/mark_interfaces/msg/detail/hardware_status__type_support.c
-- Installing: /home/saikiran335/ros2_mark_ws/install/mark_interfaces/include/mark_interfaces/mark_interfaces/msg/detail/turtle_array__functions.h
-- Installing: /home/saikiran335/ros2_mark_ws/install/mark_interfaces/include/mark_interfaces/mark_interfaces/msg/detail/turtle__type_support.c
-- Installing: /home/saikiran335/ros2_mark_ws/install/mark_interfaces/include/mark_interfaces/mark_interfaces/msg/ledpanel_state.h
-- Installing: /home/saikiran335/ros2_mark_ws/install/mark_interfaces/include/mark_interfaces/mark_interfaces/msg/hardware_status.h
-- Installing: /home/saikiran335/ros2_mark_ws/install/mark_interfaces/include/mark_interfaces/mark_interfaces/msg/rosidl_generator_c__visibility_control.h
-- Installing: /home/saikiran335/ros2_mark_ws/install/mark_interfaces/include/mark_interfaces/mark_interfaces/msg/turtle_array.h
-- Installing: /home/saikiran335/ros2_mark_ws/install/mark_interfaces/include/mark_interfaces/mark_interfaces/msg/turtle.h
-- Installing: /home/saikiran335/ros2_mark_ws/install/mark_interfaces/include/mark_interfaces/mark_interfaces/srv
-- Installing: /home/saikiran335/ros2_mark_ws/install/mark_interfaces/include/mark_interfaces/mark_interfaces/srv/detail
-- Installing: /home/saikiran335/ros2_mark_ws/install/mark_interfaces/include/mark_interfaces/mark_interfaces/srv/detail/battery_life_state__type_support.c
-- Installing: /home/saikiran335/ros2_mark_ws/install/mark_interfaces/include/mark_interfaces/mark_interfaces/srv/detail/rectangle_area__type_support.c
-- Installing: /home/saikiran335/ros2_mark_ws/install/mark_interfaces/include/mark_interfaces/mark_interfaces/srv/detail/rectangle_area__functions.c
-- Installing: /home/saikiran335/ros2_mark_ws/install/mark_interfaces/include/mark_interfaces/mark_interfaces/srv/detail/battery_life_state__functions.h
-- Installing: /home/saikiran335/ros2_mark_ws/install/mark_interfaces/include/mark_interfaces/mark_interfaces/srv/detail/battery_life_state__struct.h
-- Installing: /home/saikiran335/ros2_mark_ws/install/mark_interfaces/include/mark_interfaces/mark_interfaces/srv/detail/rectangle_area__type_support.h
-- Installing: /home/saikiran335/ros2_mark_ws/install/mark_interfaces/include/mark_interfaces/mark_interfaces/srv/detail/rectangle_area__description.c
-- Installing: /home/saikiran335/ros2_mark_ws/install/mark_interfaces/include/mark_interfaces/mark_interfaces/srv/detail/rectangle_area__functions.h
-- Installing: /home/saikiran335/ros2_mark_ws/install/mark_interfaces/include/mark_interfaces/mark_interfaces/srv/detail/battery_life_state__description.c
-- Installing: /home/saikiran335/ros2_mark_ws/install/mark_interfaces/include/mark_interfaces/mark_interfaces/srv/detail/rectangle_area__struct.h
-- Installing: /home/saikiran335/ros2_mark_ws/install/mark_interfaces/include/mark_interfaces/mark_interfaces/srv/detail/battery_life_state__type_support.h
-- Installing: /home/saikiran335/ros2_mark_ws/install/mark_interfaces/include/mark_interfaces/mark_interfaces/srv/detail/battery_life_state__functions.c
-- Installing: /home/saikiran335/ros2_mark_ws/install/mark_interfaces/include/mark_interfaces/mark_interfaces/srv/rectangle_area.h
-- Installing: /home/saikiran335/ros2_mark_ws/install/mark_interfaces/include/mark_interfaces/mark_interfaces/srv/battery_life_state.h
-- Installing: /home/saikiran335/ros2_mark_ws/install/mark_interfaces/share/mark_interfaces/environment/library_path.sh
-- Installing: /home/saikiran335/ros2_mark_ws/install/mark_interfaces/share/mark_interfaces/environment/library_path.dsv
-- Installing: /home/saikiran335/ros2_mark_ws/install/mark_interfaces/lib/libmark_interfaces__rosidl_generator_c.so
-- Set non-toolchain portion of runtime path of "/home/saikiran335/ros2_mark_ws/install/mark_interfaces/lib/libmark_interfaces__rosidl_generator_c.so" to ""
-- Up-to-date: /home/saikiran335/ros2_mark_ws/install/mark_interfaces/include/mark_interfaces/mark_interfaces
-- Up-to-date: /home/saikiran335/ros2_mark_ws/install/mark_interfaces/include/mark_interfaces/mark_interfaces/msg
-- Installing: /home/saikiran335/ros2_mark_ws/install/mark_interfaces/include/mark_interfaces/mark_interfaces/msg/rosidl_typesupport_fastrtps_c__visibility_control.h
-- Up-to-date: /home/saikiran335/ros2_mark_ws/install/mark_interfaces/include/mark_interfaces/mark_interfaces/msg/detail
-- Installing: /home/saikiran335/ros2_mark_ws/install/mark_interfaces/include/mark_interfaces/mark_interfaces/msg/detail/turtle__rosidl_typesupport_fastrtps_c.h
-- Installing: /home/saikiran335/ros2_mark_ws/install/mark_interfaces/include/mark_interfaces/mark_interfaces/msg/detail/hardware_status__rosidl_typesupport_fastrtps_c.h
-- Installing: /home/saikiran335/ros2_mark_ws/install/mark_interfaces/include/mark_interfaces/mark_interfaces/msg/detail/turtle_array__rosidl_typesupport_fastrtps_c.h
-- Installing: /home/saikiran335/ros2_mark_ws/install/mark_interfaces/include/mark_interfaces/mark_interfaces/msg/detail/ledpanel_state__rosidl_typesupport_fastrtps_c.h
-- Up-to-date: /home/saikiran335/ros2_mark_ws/install/mark_interfaces/include/mark_interfaces/mark_interfaces/srv
-- Up-to-date: /home/saikiran335/ros2_mark_ws/install/mark_interfaces/include/mark_interfaces/mark_interfaces/srv/detail
-- Installing: /home/saikiran335/ros2_mark_ws/install/mark_interfaces/include/mark_interfaces/mark_interfaces/srv/detail/battery_life_state__rosidl_typesupport_fastrtps_c.h
-- Installing: /home/saikiran335/ros2_mark_ws/install/mark_interfaces/include/mark_interfaces/mark_interfaces/srv/detail/rectangle_area__rosidl_typesupport_fastrtps_c.h
-- Installing: /home/saikiran335/ros2_mark_ws/install/mark_interfaces/lib/libmark_interfaces__rosidl_typesupport_fastrtps_c.so
-- Set non-toolchain portion of runtime path of "/home/saikiran335/ros2_mark_ws/install/mark_interfaces/lib/libmark_interfaces__rosidl_typesupport_fastrtps_c.so" to ""
-- Up-to-date: /home/saikiran335/ros2_mark_ws/install/mark_interfaces/include/mark_interfaces/mark_interfaces
-- Up-to-date: /home/saikiran335/ros2_mark_ws/install/mark_interfaces/include/mark_interfaces/mark_interfaces/msg
-- Up-to-date: /home/saikiran335/ros2_mark_ws/install/mark_interfaces/include/mark_interfaces/mark_interfaces/msg/detail
-- Installing: /home/saikiran335/ros2_mark_ws/install/mark_interfaces/include/mark_interfaces/mark_interfaces/msg/detail/ledpanel_state__rosidl_typesupport_introspection_c.h
-- Installing: /home/saikiran335/ros2_mark_ws/install/mark_interfaces/include/mark_interfaces/mark_interfaces/msg/detail/turtle__rosidl_typesupport_introspection_c.h
-- Installing: /home/saikiran335/ros2_mark_ws/install/mark_interfaces/include/mark_interfaces/mark_interfaces/msg/detail/turtle_array__rosidl_typesupport_introspection_c.h
-- Installing: /home/saikiran335/ros2_mark_ws/install/mark_interfaces/include/mark_interfaces/mark_interfaces/msg/detail/turtle_array__type_support.c
-- Installing: /home/saikiran335/ros2_mark_ws/install/mark_interfaces/include/mark_interfaces/mark_interfaces/msg/detail/hardware_status__rosidl_typesupport_introspection_c.h
-- Installing: /home/saikiran335/ros2_mark_ws/install/mark_interfaces/include/mark_interfaces/mark_interfaces/msg/detail/ledpanel_state__type_support.c
-- Installing: /home/saikiran335/ros2_mark_ws/install/mark_interfaces/include/mark_interfaces/mark_interfaces/msg/detail/hardware_status__type_support.c
-- Installing: /home/saikiran335/ros2_mark_ws/install/mark_interfaces/include/mark_interfaces/mark_interfaces/msg/detail/turtle__type_support.c
-- Installing: /home/saikiran335/ros2_mark_ws/install/mark_interfaces/include/mark_interfaces/mark_interfaces/msg/rosidl_typesupport_introspection_c__visibility_control.h
-- Up-to-date: /home/saikiran335/ros2_mark_ws/install/mark_interfaces/include/mark_interfaces/mark_interfaces/srv
-- Up-to-date: /home/saikiran335/ros2_mark_ws/install/mark_interfaces/include/mark_interfaces/mark_interfaces/srv/detail
-- Installing: /home/saikiran335/ros2_mark_ws/install/mark_interfaces/include/mark_interfaces/mark_interfaces/srv/detail/battery_life_state__type_support.c
-- Installing: /home/saikiran335/ros2_mark_ws/install/mark_interfaces/include/mark_interfaces/mark_interfaces/srv/detail/rectangle_area__type_support.c
-- Installing: /home/saikiran335/ros2_mark_ws/install/mark_interfaces/include/mark_interfaces/mark_interfaces/srv/detail/battery_life_state__rosidl_typesupport_introspection_c.h
-- Installing: /home/saikiran335/ros2_mark_ws/install/mark_interfaces/include/mark_interfaces/mark_interfaces/srv/detail/rectangle_area__rosidl_typesupport_introspection_c.h
-- Installing: /home/saikiran335/ros2_mark_ws/install/mark_interfaces/lib/libmark_interfaces__rosidl_typesupport_introspection_c.so
-- Set non-toolchain portion of runtime path of "/home/saikiran335/ros2_mark_ws/install/mark_interfaces/lib/libmark_interfaces__rosidl_typesupport_introspection_c.so" to ""
-- Installing: /home/saikiran335/ros2_mark_ws/install/mark_interfaces/lib/libmark_interfaces__rosidl_typesupport_c.so
-- Set non-toolchain portion of runtime path of "/home/saikiran335/ros2_mark_ws/install/mark_interfaces/lib/libmark_interfaces__rosidl_typesupport_c.so" to ""
-- Up-to-date: /home/saikiran335/ros2_mark_ws/install/mark_interfaces/include/mark_interfaces/mark_interfaces
-- Up-to-date: /home/saikiran335/ros2_mark_ws/install/mark_interfaces/include/mark_interfaces/mark_interfaces/msg
-- Up-to-date: /home/saikiran335/ros2_mark_ws/install/mark_interfaces/include/mark_interfaces/mark_interfaces/msg/detail
-- Installing: /home/saikiran335/ros2_mark_ws/install/mark_interfaces/include/mark_interfaces/mark_interfaces/msg/detail/turtle_array__struct.hpp
-- Installing: /home/saikiran335/ros2_mark_ws/install/mark_interfaces/include/mark_interfaces/mark_interfaces/msg/detail/ledpanel_state__traits.hpp
-- Installing: /home/saikiran335/ros2_mark_ws/install/mark_interfaces/include/mark_interfaces/mark_interfaces/msg/detail/ledpanel_state__builder.hpp
-- Installing: /home/saikiran335/ros2_mark_ws/install/mark_interfaces/include/mark_interfaces/mark_interfaces/msg/detail/turtle_array__type_support.hpp
-- Installing: /home/saikiran335/ros2_mark_ws/install/mark_interfaces/include/mark_interfaces/mark_interfaces/msg/detail/hardware_status__traits.hpp
-- Installing: /home/saikiran335/ros2_mark_ws/install/mark_interfaces/include/mark_interfaces/mark_interfaces/msg/detail/turtle_array__builder.hpp
-- Installing: /home/saikiran335/ros2_mark_ws/install/mark_interfaces/include/mark_interfaces/mark_interfaces/msg/detail/turtle__traits.hpp
-- Installing: /home/saikiran335/ros2_mark_ws/install/mark_interfaces/include/mark_interfaces/mark_interfaces/msg/detail/hardware_status__struct.hpp
-- Installing: /home/saikiran335/ros2_mark_ws/install/mark_interfaces/include/mark_interfaces/mark_interfaces/msg/detail/ledpanel_state__struct.hpp
-- Installing: /home/saikiran335/ros2_mark_ws/install/mark_interfaces/include/mark_interfaces/mark_interfaces/msg/detail/turtle__type_support.hpp
-- Installing: /home/saikiran335/ros2_mark_ws/install/mark_interfaces/include/mark_interfaces/mark_interfaces/msg/detail/hardware_status__builder.hpp
-- Installing: /home/saikiran335/ros2_mark_ws/install/mark_interfaces/include/mark_interfaces/mark_interfaces/msg/detail/turtle__struct.hpp
-- Installing: /home/saikiran335/ros2_mark_ws/install/mark_interfaces/include/mark_interfaces/mark_interfaces/msg/detail/turtle_array__traits.hpp
-- Installing: /home/saikiran335/ros2_mark_ws/install/mark_interfaces/include/mark_interfaces/mark_interfaces/msg/detail/ledpanel_state__type_support.hpp
-- Installing: /home/saikiran335/ros2_mark_ws/install/mark_interfaces/include/mark_interfaces/mark_interfaces/msg/detail/turtle__builder.hpp
-- Installing: /home/saikiran335/ros2_mark_ws/install/mark_interfaces/include/mark_interfaces/mark_interfaces/msg/detail/hardware_status__type_support.hpp
-- Installing: /home/saikiran335/ros2_mark_ws/install/mark_interfaces/include/mark_interfaces/mark_interfaces/msg/turtle_array.hpp
-- Installing: /home/saikiran335/ros2_mark_ws/install/mark_interfaces/include/mark_interfaces/mark_interfaces/msg/rosidl_generator_cpp__visibility_control.hpp
-- Installing: /home/saikiran335/ros2_mark_ws/install/mark_interfaces/include/mark_interfaces/mark_interfaces/msg/hardware_status.hpp
-- Installing: /home/saikiran335/ros2_mark_ws/install/mark_interfaces/include/mark_interfaces/mark_interfaces/msg/ledpanel_state.hpp
-- Installing: /home/saikiran335/ros2_mark_ws/install/mark_interfaces/include/mark_interfaces/mark_interfaces/msg/turtle.hpp
-- Up-to-date: /home/saikiran335/ros2_mark_ws/install/mark_interfaces/include/mark_interfaces/mark_interfaces/srv
-- Installing: /home/saikiran335/ros2_mark_ws/install/mark_interfaces/include/mark_interfaces/mark_interfaces/srv/rectangle_area.hpp
-- Up-to-date: /home/saikiran335/ros2_mark_ws/install/mark_interfaces/include/mark_interfaces/mark_interfaces/srv/detail
-- Installing: /home/saikiran335/ros2_mark_ws/install/mark_interfaces/include/mark_interfaces/mark_interfaces/srv/detail/rectangle_area__builder.hpp
-- Installing: /home/saikiran335/ros2_mark_ws/install/mark_interfaces/include/mark_interfaces/mark_interfaces/srv/detail/rectangle_area__struct.hpp
-- Installing: /home/saikiran335/ros2_mark_ws/install/mark_interfaces/include/mark_interfaces/mark_interfaces/srv/detail/rectangle_area__type_support.hpp
-- Installing: /home/saikiran335/ros2_mark_ws/install/mark_interfaces/include/mark_interfaces/mark_interfaces/srv/detail/rectangle_area__traits.hpp
-- Installing: /home/saikiran335/ros2_mark_ws/install/mark_interfaces/include/mark_interfaces/mark_interfaces/srv/detail/battery_life_state__type_support.hpp
-- Installing: /home/saikiran335/ros2_mark_ws/install/mark_interfaces/include/mark_interfaces/mark_interfaces/srv/detail/battery_life_state__builder.hpp
-- Installing: /home/saikiran335/ros2_mark_ws/install/mark_interfaces/include/mark_interfaces/mark_interfaces/srv/detail/battery_life_state__traits.hpp
-- Installing: /home/saikiran335/ros2_mark_ws/install/mark_interfaces/include/mark_interfaces/mark_interfaces/srv/detail/battery_life_state__struct.hpp
-- Installing: /home/saikiran335/ros2_mark_ws/install/mark_interfaces/include/mark_interfaces/mark_interfaces/srv/battery_life_state.hpp
-- Up-to-date: /home/saikiran335/ros2_mark_ws/install/mark_interfaces/include/mark_interfaces/mark_interfaces
-- Up-to-date: /home/saikiran335/ros2_mark_ws/install/mark_interfaces/include/mark_interfaces/mark_interfaces/msg
-- Up-to-date: /home/saikiran335/ros2_mark_ws/install/mark_interfaces/include/mark_interfaces/mark_interfaces/msg/detail
-- Installing: /home/saikiran335/ros2_mark_ws/install/mark_interfaces/include/mark_interfaces/mark_interfaces/msg/detail/dds_fastrtps
-- Installing: /home/saikiran335/ros2_mark_ws/install/mark_interfaces/include/mark_interfaces/mark_interfaces/msg/detail/hardware_status__rosidl_typesupport_fastrtps_cpp.hpp
-- Installing: /home/saikiran335/ros2_mark_ws/install/mark_interfaces/include/mark_interfaces/mark_interfaces/msg/detail/turtle__rosidl_typesupport_fastrtps_cpp.hpp
-- Installing: /home/saikiran335/ros2_mark_ws/install/mark_interfaces/include/mark_interfaces/mark_interfaces/msg/detail/ledpanel_state__rosidl_typesupport_fastrtps_cpp.hpp
-- Installing: /home/saikiran335/ros2_mark_ws/install/mark_interfaces/include/mark_interfaces/mark_interfaces/msg/detail/turtle_array__rosidl_typesupport_fastrtps_cpp.hpp
-- Installing: /home/saikiran335/ros2_mark_ws/install/mark_interfaces/include/mark_interfaces/mark_interfaces/msg/rosidl_typesupport_fastrtps_cpp__visibility_control.h
-- Up-to-date: /home/saikiran335/ros2_mark_ws/install/mark_interfaces/include/mark_interfaces/mark_interfaces/srv
-- Up-to-date: /home/saikiran335/ros2_mark_ws/install/mark_interfaces/include/mark_interfaces/mark_interfaces/srv/detail
-- Installing: /home/saikiran335/ros2_mark_ws/install/mark_interfaces/include/mark_interfaces/mark_interfaces/srv/detail/rectangle_area__rosidl_typesupport_fastrtps_cpp.hpp
-- Installing: /home/saikiran335/ros2_mark_ws/install/mark_interfaces/include/mark_interfaces/mark_interfaces/srv/detail/dds_fastrtps
-- Installing: /home/saikiran335/ros2_mark_ws/install/mark_interfaces/include/mark_interfaces/mark_interfaces/srv/detail/battery_life_state__rosidl_typesupport_fastrtps_cpp.hpp
-- Installing: /home/saikiran335/ros2_mark_ws/install/mark_interfaces/lib/libmark_interfaces__rosidl_typesupport_fastrtps_cpp.so
-- Set non-toolchain portion of runtime path of "/home/saikiran335/ros2_mark_ws/install/mark_interfaces/lib/libmark_interfaces__rosidl_typesupport_fastrtps_cpp.so" to ""
-- Up-to-date: /home/saikiran335/ros2_mark_ws/install/mark_interfaces/include/mark_interfaces/mark_interfaces
-- Up-to-date: /home/saikiran335/ros2_mark_ws/install/mark_interfaces/include/mark_interfaces/mark_interfaces/msg
-- Up-to-date: /home/saikiran335/ros2_mark_ws/install/mark_interfaces/include/mark_interfaces/mark_interfaces/msg/detail
-- Installing: /home/saikiran335/ros2_mark_ws/install/mark_interfaces/include/mark_interfaces/mark_interfaces/msg/detail/turtle_array__type_support.cpp
-- Installing: /home/saikiran335/ros2_mark_ws/install/mark_interfaces/include/mark_interfaces/mark_interfaces/msg/detail/turtle__rosidl_typesupport_introspection_cpp.hpp
-- Installing: /home/saikiran335/ros2_mark_ws/install/mark_interfaces/include/mark_interfaces/mark_interfaces/msg/detail/turtle__type_support.cpp
-- Installing: /home/saikiran335/ros2_mark_ws/install/mark_interfaces/include/mark_interfaces/mark_interfaces/msg/detail/hardware_status__type_support.cpp
-- Installing: /home/saikiran335/ros2_mark_ws/install/mark_interfaces/include/mark_interfaces/mark_interfaces/msg/detail/turtle_array__rosidl_typesupport_introspection_cpp.hpp
-- Installing: /home/saikiran335/ros2_mark_ws/install/mark_interfaces/include/mark_interfaces/mark_interfaces/msg/detail/hardware_status__rosidl_typesupport_introspection_cpp.hpp
-- Installing: /home/saikiran335/ros2_mark_ws/install/mark_interfaces/include/mark_interfaces/mark_interfaces/msg/detail/ledpanel_state__rosidl_typesupport_introspection_cpp.hpp
-- Installing: /home/saikiran335/ros2_mark_ws/install/mark_interfaces/include/mark_interfaces/mark_interfaces/msg/detail/ledpanel_state__type_support.cpp
-- Up-to-date: /home/saikiran335/ros2_mark_ws/install/mark_interfaces/include/mark_interfaces/mark_interfaces/srv
-- Up-to-date: /home/saikiran335/ros2_mark_ws/install/mark_interfaces/include/mark_interfaces/mark_interfaces/srv/detail
-- Installing: /home/saikiran335/ros2_mark_ws/install/mark_interfaces/include/mark_interfaces/mark_interfaces/srv/detail/rectangle_area__type_support.cpp
-- Installing: /home/saikiran335/ros2_mark_ws/install/mark_interfaces/include/mark_interfaces/mark_interfaces/srv/detail/rectangle_area__rosidl_typesupport_introspection_cpp.hpp
-- Installing: /home/saikiran335/ros2_mark_ws/install/mark_interfaces/include/mark_interfaces/mark_interfaces/srv/detail/battery_life_state__type_support.cpp
-- Installing: /home/saikiran335/ros2_mark_ws/install/mark_interfaces/include/mark_interfaces/mark_interfaces/srv/detail/battery_life_state__rosidl_typesupport_introspection_cpp.hpp
-- Installing: /home/saikiran335/ros2_mark_ws/install/mark_interfaces/lib/libmark_interfaces__rosidl_typesupport_introspection_cpp.so
-- Set non-toolchain portion of runtime path of "/home/saikiran335/ros2_mark_ws/install/mark_interfaces/lib/libmark_interfaces__rosidl_typesupport_introspection_cpp.so" to ""
-- Installing: /home/saikiran335/ros2_mark_ws/install/mark_interfaces/lib/libmark_interfaces__rosidl_typesupport_cpp.so
-- Set non-toolchain portion of runtime path of "/home/saikiran335/ros2_mark_ws/install/mark_interfaces/lib/libmark_interfaces__rosidl_typesupport_cpp.so" to ""
-- Installing: /home/saikiran335/ros2_mark_ws/install/mark_interfaces/share/mark_interfaces/environment/pythonpath.sh
-- Installing: /home/saikiran335/ros2_mark_ws/install/mark_interfaces/share/mark_interfaces/environment/pythonpath.dsv
-- Installing: /home/saikiran335/ros2_mark_ws/install/mark_interfaces/lib/python3.12/site-packages/mark_interfaces-0.0.0-py3.12.egg-info
-- Installing: /home/saikiran335/ros2_mark_ws/install/mark_interfaces/lib/python3.12/site-packages/mark_interfaces-0.0.0-py3.12.egg-info/PKG-INFO
-- Installing: /home/saikiran335/ros2_mark_ws/install/mark_interfaces/lib/python3.12/site-packages/mark_interfaces-0.0.0-py3.12.egg-info/SOURCES.txt
-- Installing: /home/saikiran335/ros2_mark_ws/install/mark_interfaces/lib/python3.12/site-packages/mark_interfaces-0.0.0-py3.12.egg-info/top_level.txt
-- Installing: /home/saikiran335/ros2_mark_ws/install/mark_interfaces/lib/python3.12/site-packages/mark_interfaces-0.0.0-py3.12.egg-info/dependency_links.txt
-- Installing: /home/saikiran335/ros2_mark_ws/install/mark_interfaces/lib/python3.12/site-packages/mark_interfaces
-- Installing: /home/saikiran335/ros2_mark_ws/install/mark_interfaces/lib/python3.12/site-packages/mark_interfaces/msg
-- Installing: /home/saikiran335/ros2_mark_ws/install/mark_interfaces/lib/python3.12/site-packages/mark_interfaces/msg/_turtle_array.py
-- Installing: /home/saikiran335/ros2_mark_ws/install/mark_interfaces/lib/python3.12/site-packages/mark_interfaces/msg/_turtle_array_s.c
-- Installing: /home/saikiran335/ros2_mark_ws/install/mark_interfaces/lib/python3.12/site-packages/mark_interfaces/msg/_turtle_s.c
-- Installing: /home/saikiran335/ros2_mark_ws/install/mark_interfaces/lib/python3.12/site-packages/mark_interfaces/msg/_ledpanel_state.py
-- Installing: /home/saikiran335/ros2_mark_ws/install/mark_interfaces/lib/python3.12/site-packages/mark_interfaces/msg/_hardware_status_s.c
-- Installing: /home/saikiran335/ros2_mark_ws/install/mark_interfaces/lib/python3.12/site-packages/mark_interfaces/msg/__init__.py
-- Installing: /home/saikiran335/ros2_mark_ws/install/mark_interfaces/lib/python3.12/site-packages/mark_interfaces/msg/_ledpanel_state_s.c
-- Installing: /home/saikiran335/ros2_mark_ws/install/mark_interfaces/lib/python3.12/site-packages/mark_interfaces/msg/_hardware_status.py
-- Installing: /home/saikiran335/ros2_mark_ws/install/mark_interfaces/lib/python3.12/site-packages/mark_interfaces/msg/_turtle.py
-- Installing: /home/saikiran335/ros2_mark_ws/install/mark_interfaces/lib/python3.12/site-packages/mark_interfaces/srv
-- Installing: /home/saikiran335/ros2_mark_ws/install/mark_interfaces/lib/python3.12/site-packages/mark_interfaces/srv/_battery_life_state_s.c
-- Installing: /home/saikiran335/ros2_mark_ws/install/mark_interfaces/lib/python3.12/site-packages/mark_interfaces/srv/_battery_life_state.py
-- Installing: /home/saikiran335/ros2_mark_ws/install/mark_interfaces/lib/python3.12/site-packages/mark_interfaces/srv/_rectangle_area_s.c
-- Installing: /home/saikiran335/ros2_mark_ws/install/mark_interfaces/lib/python3.12/site-packages/mark_interfaces/srv/__init__.py
-- Installing: /home/saikiran335/ros2_mark_ws/install/mark_interfaces/lib/python3.12/site-packages/mark_interfaces/srv/_rectangle_area.py
-- Installing: /home/saikiran335/ros2_mark_ws/install/mark_interfaces/lib/python3.12/site-packages/mark_interfaces/mark_interfaces_s__rosidl_typesupport_fastrtps_c.so
-- Installing: /home/saikiran335/ros2_mark_ws/install/mark_interfaces/lib/python3.12/site-packages/mark_interfaces/_mark_interfaces_s.ep.rosidl_typesupport_fastrtps_c.c
-- Installing: /home/saikiran335/ros2_mark_ws/install/mark_interfaces/lib/python3.12/site-packages/mark_interfaces/_mark_interfaces_s.ep.rosidl_typesupport_c.c
-- Installing: /home/saikiran335/ros2_mark_ws/install/mark_interfaces/lib/python3.12/site-packages/mark_interfaces/__init__.py
-- Installing: /home/saikiran335/ros2_mark_ws/install/mark_interfaces/lib/python3.12/site-packages/mark_interfaces/_mark_interfaces_s.ep.rosidl_typesupport_introspection_c.c
-- Installing: /home/saikiran335/ros2_mark_ws/install/mark_interfaces/lib/python3.12/site-packages/mark_interfaces/mark_interfaces_s__rosidl_typesupport_introspection_c.so
-- Installing: /home/saikiran335/ros2_mark_ws/install/mark_interfaces/lib/python3.12/site-packages/mark_interfaces/mark_interfaces_s__rosidl_typesupport_c.so
Listing '/home/saikiran335/ros2_mark_ws/install/mark_interfaces/lib/python3.12/site-packages/mark_interfaces'...
Compiling '/home/saikiran335/ros2_mark_ws/install/mark_interfaces/lib/python3.12/site-packages/mark_interfaces/__init__.py'...
Listing '/home/saikiran335/ros2_mark_ws/install/mark_interfaces/lib/python3.12/site-packages/mark_interfaces/msg'...
Compiling '/home/saikiran335/ros2_mark_ws/install/mark_interfaces/lib/python3.12/site-packages/mark_interfaces/msg/__init__.py'...
Compiling '/home/saikiran335/ros2_mark_ws/install/mark_interfaces/lib/python3.12/site-packages/mark_interfaces/msg/_hardware_status.py'...
Compiling '/home/saikiran335/ros2_mark_ws/install/mark_interfaces/lib/python3.12/site-packages/mark_interfaces/msg/_ledpanel_state.py'...
Compiling '/home/saikiran335/ros2_mark_ws/install/mark_interfaces/lib/python3.12/site-packages/mark_interfaces/msg/_turtle.py'...
Compiling '/home/saikiran335/ros2_mark_ws/install/mark_interfaces/lib/python3.12/site-packages/mark_interfaces/msg/_turtle_array.py'...
Listing '/home/saikiran335/ros2_mark_ws/install/mark_interfaces/lib/python3.12/site-packages/mark_interfaces/srv'...
Compiling '/home/saikiran335/ros2_mark_ws/install/mark_interfaces/lib/python3.12/site-packages/mark_interfaces/srv/__init__.py'...
Compiling '/home/saikiran335/ros2_mark_ws/install/mark_interfaces/lib/python3.12/site-packages/mark_interfaces/srv/_battery_life_state.py'...
Compiling '/home/saikiran335/ros2_mark_ws/install/mark_interfaces/lib/python3.12/site-packages/mark_interfaces/srv/_rectangle_area.py'...
-- Installing: /home/saikiran335/ros2_mark_ws/install/mark_interfaces/lib/python3.12/site-packages/mark_interfaces/mark_interfaces_s__rosidl_typesupport_fastrtps_c.so
-- Set non-toolchain portion of runtime path of "/home/saikiran335/ros2_mark_ws/install/mark_interfaces/lib/python3.12/site-packages/mark_interfaces/mark_interfaces_s__rosidl_typesupport_fastrtps_c.so" to ""
-- Installing: /home/saikiran335/ros2_mark_ws/install/mark_interfaces/lib/python3.12/site-packages/mark_interfaces/mark_interfaces_s__rosidl_typesupport_introspection_c.so
-- Set non-toolchain portion of runtime path of "/home/saikiran335/ros2_mark_ws/install/mark_interfaces/lib/python3.12/site-packages/mark_interfaces/mark_interfaces_s__rosidl_typesupport_introspection_c.so" to ""
-- Installing: /home/saikiran335/ros2_mark_ws/install/mark_interfaces/lib/python3.12/site-packages/mark_interfaces/mark_interfaces_s__rosidl_typesupport_c.so
-- Set non-toolchain portion of runtime path of "/home/saikiran335/ros2_mark_ws/install/mark_interfaces/lib/python3.12/site-packages/mark_interfaces/mark_interfaces_s__rosidl_typesupport_c.so" to ""
-- Installing: /home/saikiran335/ros2_mark_ws/install/mark_interfaces/lib/libmark_interfaces__rosidl_generator_py.so
-- Set non-toolchain portion of runtime path of "/home/saikiran335/ros2_mark_ws/install/mark_interfaces/lib/libmark_interfaces__rosidl_generator_py.so" to ""
-- Installing: /home/saikiran335/ros2_mark_ws/install/mark_interfaces/share/mark_interfaces/msg/HardwareStatus.idl
-- Installing: /home/saikiran335/ros2_mark_ws/install/mark_interfaces/share/mark_interfaces/msg/LedpanelState.idl
-- Installing: /home/saikiran335/ros2_mark_ws/install/mark_interfaces/share/mark_interfaces/msg/Turtle.idl
-- Installing: /home/saikiran335/ros2_mark_ws/install/mark_interfaces/share/mark_interfaces/msg/TurtleArray.idl
-- Installing: /home/saikiran335/ros2_mark_ws/install/mark_interfaces/share/mark_interfaces/srv/RectangleArea.idl
-- Installing: /home/saikiran335/ros2_mark_ws/install/mark_interfaces/share/mark_interfaces/srv/BatteryLifeState.idl
-- Installing: /home/saikiran335/ros2_mark_ws/install/mark_interfaces/share/mark_interfaces/msg/HardwareStatus.msg
-- Installing: /home/saikiran335/ros2_mark_ws/install/mark_interfaces/share/mark_interfaces/msg/LedpanelState.msg
-- Installing: /home/saikiran335/ros2_mark_ws/install/mark_interfaces/share/mark_interfaces/msg/Turtle.msg
-- Installing: /home/saikiran335/ros2_mark_ws/install/mark_interfaces/share/mark_interfaces/msg/TurtleArray.msg
-- Installing: /home/saikiran335/ros2_mark_ws/install/mark_interfaces/share/mark_interfaces/srv/RectangleArea.srv
-- Installing: /home/saikiran335/ros2_mark_ws/install/mark_interfaces/share/mark_interfaces/srv/BatteryLifeState.srv
-- Installing: /home/saikiran335/ros2_mark_ws/install/mark_interfaces/share/ament_index/resource_index/package_run_dependencies/mark_interfaces
-- Installing: /home/saikiran335/ros2_mark_ws/install/mark_interfaces/share/ament_index/resource_index/parent_prefix_path/mark_interfaces
-- Installing: /home/saikiran335/ros2_mark_ws/install/mark_interfaces/share/mark_interfaces/environment/ament_prefix_path.sh
-- Installing: /home/saikiran335/ros2_mark_ws/install/mark_interfaces/share/mark_interfaces/environment/ament_prefix_path.dsv
-- Installing: /home/saikiran335/ros2_mark_ws/install/mark_interfaces/share/mark_interfaces/environment/path.sh
-- Installing: /home/saikiran335/ros2_mark_ws/install/mark_interfaces/share/mark_interfaces/environment/path.dsv
-- Installing: /home/saikiran335/ros2_mark_ws/install/mark_interfaces/share/mark_interfaces/local_setup.bash
-- Installing: /home/saikiran335/ros2_mark_ws/install/mark_interfaces/share/mark_interfaces/local_setup.sh
-- Installing: /home/saikiran335/ros2_mark_ws/install/mark_interfaces/share/mark_interfaces/local_setup.zsh
-- Installing: /home/saikiran335/ros2_mark_ws/install/mark_interfaces/share/mark_interfaces/local_setup.dsv
-- Installing: /home/saikiran335/ros2_mark_ws/install/mark_interfaces/share/mark_interfaces/package.dsv
-- Installing: /home/saikiran335/ros2_mark_ws/install/mark_interfaces/share/ament_index/resource_index/packages/mark_interfaces
-- Installing: /home/saikiran335/ros2_mark_ws/install/mark_interfaces/share/mark_interfaces/cmake/export_mark_interfaces__rosidl_generator_cExport.cmake
-- Installing: /home/saikiran335/ros2_mark_ws/install/mark_interfaces/share/mark_interfaces/cmake/export_mark_interfaces__rosidl_generator_cExport-noconfig.cmake
-- Installing: /home/saikiran335/ros2_mark_ws/install/mark_interfaces/share/mark_interfaces/cmake/export_mark_interfaces__rosidl_typesupport_fastrtps_cExport.cmake
-- Installing: /home/saikiran335/ros2_mark_ws/install/mark_interfaces/share/mark_interfaces/cmake/export_mark_interfaces__rosidl_typesupport_fastrtps_cExport-noconfig.cmake
-- Installing: /home/saikiran335/ros2_mark_ws/install/mark_interfaces/share/mark_interfaces/cmake/mark_interfaces__rosidl_typesupport_introspection_cExport.cmake
-- Installing: /home/saikiran335/ros2_mark_ws/install/mark_interfaces/share/mark_interfaces/cmake/mark_interfaces__rosidl_typesupport_introspection_cExport-noconfig.cmake
-- Installing: /home/saikiran335/ros2_mark_ws/install/mark_interfaces/share/mark_interfaces/cmake/mark_interfaces__rosidl_typesupport_cExport.cmake
-- Installing: /home/saikiran335/ros2_mark_ws/install/mark_interfaces/share/mark_interfaces/cmake/mark_interfaces__rosidl_typesupport_cExport-noconfig.cmake
-- Installing: /home/saikiran335/ros2_mark_ws/install/mark_interfaces/share/mark_interfaces/cmake/export_mark_interfaces__rosidl_generator_cppExport.cmake
-- Installing: /home/saikiran335/ros2_mark_ws/install/mark_interfaces/share/mark_interfaces/cmake/export_mark_interfaces__rosidl_typesupport_fastrtps_cppExport.cmake
-- Installing: /home/saikiran335/ros2_mark_ws/install/mark_interfaces/share/mark_interfaces/cmake/export_mark_interfaces__rosidl_typesupport_fastrtps_cppExport-noconfig.cmake
-- Installing: /home/saikiran335/ros2_mark_ws/install/mark_interfaces/share/mark_interfaces/cmake/mark_interfaces__rosidl_typesupport_introspection_cppExport.cmake
-- Installing: /home/saikiran335/ros2_mark_ws/install/mark_interfaces/share/mark_interfaces/cmake/mark_interfaces__rosidl_typesupport_introspection_cppExport-noconfig.cmake
-- Installing: /home/saikiran335/ros2_mark_ws/install/mark_interfaces/share/mark_interfaces/cmake/mark_interfaces__rosidl_typesupport_cppExport.cmake
-- Installing: /home/saikiran335/ros2_mark_ws/install/mark_interfaces/share/mark_interfaces/cmake/mark_interfaces__rosidl_typesupport_cppExport-noconfig.cmake
-- Installing: /home/saikiran335/ros2_mark_ws/install/mark_interfaces/share/mark_interfaces/cmake/export_mark_interfaces__rosidl_generator_pyExport.cmake
-- Installing: /home/saikiran335/ros2_mark_ws/install/mark_interfaces/share/mark_interfaces/cmake/export_mark_interfaces__rosidl_generator_pyExport-noconfig.cmake
-- Installing: /home/saikiran335/ros2_mark_ws/install/mark_interfaces/share/mark_interfaces/cmake/rosidl_cmake-extras.cmake
-- Installing: /home/saikiran335/ros2_mark_ws/install/mark_interfaces/share/mark_interfaces/cmake/ament_cmake_export_dependencies-extras.cmake
-- Installing: /home/saikiran335/ros2_mark_ws/install/mark_interfaces/share/mark_interfaces/cmake/ament_cmake_export_include_directories-extras.cmake
-- Installing: /home/saikiran335/ros2_mark_ws/install/mark_interfaces/share/mark_interfaces/cmake/ament_cmake_export_libraries-extras.cmake
-- Installing: /home/saikiran335/ros2_mark_ws/install/mark_interfaces/share/mark_interfaces/cmake/ament_cmake_export_targets-extras.cmake
-- Installing: /home/saikiran335/ros2_mark_ws/install/mark_interfaces/share/mark_interfaces/cmake/rosidl_cmake_export_typesupport_targets-extras.cmake
-- Installing: /home/saikiran335/ros2_mark_ws/install/mark_interfaces/share/mark_interfaces/cmake/rosidl_cmake_export_typesupport_libraries-extras.cmake
-- Installing: /home/saikiran335/ros2_mark_ws/install/mark_interfaces/share/mark_interfaces/cmake/mark_interfacesConfig.cmake
-- Installing: /home/saikiran335/ros2_mark_ws/install/mark_interfaces/share/mark_interfaces/cmake/mark_interfacesConfig-version.cmake
-- Installing: /home/saikiran335/ros2_mark_ws/install/mark_interfaces/share/mark_interfaces/package.xml
