[0.017s] Invoking command in '/home/saikiran335/ros2_mark_ws/build/mark_interfaces': CMAKE_PREFIX_PATH=${CMAKE_PREFIX_PATH}:/home/saikiran335/ros2_mark_ws/install/turtlesim_catch_them_all:/home/saikiran335/ros2_mark_ws/install/mark_py_pkg:/opt/ros/jazzy DEBUGINFOD_URLS=https://debuginfod.ubuntu.com /usr/bin/cmake /home/saikiran335/ros2_mark_ws/src/mark_interfaces -DCMAKE_INSTALL_PREFIX=/home/saikiran335/ros2_mark_ws/install/mark_interfaces
[0.109s] -- The C compiler identification is GNU 13.3.0
[0.176s] -- The CXX compiler identification is GNU 13.3.0
[0.192s] -- Detecting C compiler ABI info
[0.368s] -- Detecting C compiler ABI info - done
[0.373s] -- Check for working C compiler: /usr/bin/cc - skipped
[0.374s] -- Detecting C compile features
[0.375s] -- Detecting C compile features - done
[0.385s] -- Detecting CXX compiler ABI info
[0.486s] -- Detecting CXX compiler ABI info - done
[0.492s] -- Check for working CXX compiler: /usr/bin/c++ - skipped
[0.492s] -- Detecting CXX compile features
[0.492s] -- Detecting CXX compile features - done
[0.497s] -- Found ament_cmake: 2.5.3 (/opt/ros/jazzy/share/ament_cmake/cmake)
[0.628s] -- Found Python3: /usr/bin/python3 (found version "3.12.3") found components: Interpreter 
[0.735s] -- Found rosidl_default_generators: 1.6.0 (/opt/ros/jazzy/share/rosidl_default_generators/cmake)
[0.739s] -- Using all available rosidl_typesupport_c: rosidl_typesupport_fastrtps_c;rosidl_typesupport_introspection_c
[0.772s] -- Using all available rosidl_typesupport_cpp: rosidl_typesupport_fastrtps_cpp;rosidl_typesupport_introspection_cpp
[0.805s] -- Found rosidl_adapter: 4.6.5 (/opt/ros/jazzy/share/rosidl_adapter/cmake)
[1.386s] -- Found ament_cmake_ros: 0.12.0 (/opt/ros/jazzy/share/ament_cmake_ros/cmake)
[1.780s] -- Using all available rosidl_typesupport_c: rosidl_typesupport_fastrtps_c;rosidl_typesupport_introspection_c
[2.288s] -- Using all available rosidl_typesupport_cpp: rosidl_typesupport_fastrtps_cpp;rosidl_typesupport_introspection_cpp
[2.293s] -- Found python_cmake_module: 0.11.1 (/opt/ros/jazzy/share/python_cmake_module/cmake)
[2.419s] -- Found PythonExtra: /usr/bin/python3  
[2.768s] -- Found Python3: /usr/bin/python3 (found version "3.12.3") found components: Interpreter Development NumPy Development.Module Development.Embed 
[2.815s] -- Configuring done (2.8s)
[2.842s] -- Generating done (0.0s)
[2.849s] -- Build files have been written to: /home/saikiran335/ros2_mark_ws/build/mark_interfaces
[2.857s] Invoked command in '/home/saikiran335/ros2_mark_ws/build/mark_interfaces' returned '0': CMAKE_PREFIX_PATH=${CMAKE_PREFIX_PATH}:/home/saikiran335/ros2_mark_ws/install/turtlesim_catch_them_all:/home/saikiran335/ros2_mark_ws/install/mark_py_pkg:/opt/ros/jazzy DEBUGINFOD_URLS=https://debuginfod.ubuntu.com /usr/bin/cmake /home/saikiran335/ros2_mark_ws/src/mark_interfaces -DCMAKE_INSTALL_PREFIX=/home/saikiran335/ros2_mark_ws/install/mark_interfaces
[2.858s] Invoking command in '/home/saikiran335/ros2_mark_ws/build/mark_interfaces': CMAKE_PREFIX_PATH=${CMAKE_PREFIX_PATH}:/home/saikiran335/ros2_mark_ws/install/turtlesim_catch_them_all:/home/saikiran335/ros2_mark_ws/install/mark_py_pkg:/opt/ros/jazzy DEBUGINFOD_URLS=https://debuginfod.ubuntu.com /usr/bin/cmake --build /home/saikiran335/ros2_mark_ws/build/mark_interfaces -- -j16 -l16
[2.905s] [  1%] [34m[1mGenerating type hashes for ROS interfaces[0m
[2.913s] [  1%] Built target ament_cmake_python_copy_mark_interfaces
[3.047s] running egg_info
[3.048s] creating mark_interfaces.egg-info
[3.051s] [  1%] Built target mark_interfaces__rosidl_generator_type_description
[3.058s] writing mark_interfaces.egg-info/PKG-INFO
[3.058s] writing dependency_links to mark_interfaces.egg-info/dependency_links.txt
[3.058s] writing top-level names to mark_interfaces.egg-info/top_level.txt
[3.058s] writing manifest file 'mark_interfaces.egg-info/SOURCES.txt'
[3.061s] [  2%] [34m[1mGenerating C code for ROS interfaces[0m
[3.071s] [  3%] [34m[1mGenerating C++ code for ROS interfaces[0m
[3.089s] reading manifest file 'mark_interfaces.egg-info/SOURCES.txt'
[3.089s] writing manifest file 'mark_interfaces.egg-info/SOURCES.txt'
[3.112s] [  3%] Built target ament_cmake_python_build_mark_interfaces_egg
[3.439s] [  3%] Built target mark_interfaces__cpp
[3.520s] [ 14%] [32mBuilding C object CMakeFiles/mark_interfaces__rosidl_generator_c.dir/rosidl_generator_c/mark_interfaces/msg/detail/hardware_status__type_support.c.o[0m
[3.520s] [ 14%] [32mBuilding C object CMakeFiles/mark_interfaces__rosidl_generator_c.dir/rosidl_generator_c/mark_interfaces/msg/detail/turtle__type_support.c.o[0m
[3.520s] [ 14%] [32mBuilding C object CMakeFiles/mark_interfaces__rosidl_generator_c.dir/rosidl_generator_c/mark_interfaces/msg/detail/hardware_status__description.c.o[0m
[3.520s] [ 14%] [32mBuilding C object CMakeFiles/mark_interfaces__rosidl_generator_c.dir/rosidl_generator_c/mark_interfaces/msg/detail/hardware_status__functions.c.o[0m
[3.520s] [ 14%] [32mBuilding C object CMakeFiles/mark_interfaces__rosidl_generator_c.dir/rosidl_generator_c/mark_interfaces/msg/detail/ledpanel_state__type_support.c.o[0m
[3.520s] [ 14%] [32mBuilding C object CMakeFiles/mark_interfaces__rosidl_generator_c.dir/rosidl_generator_c/mark_interfaces/msg/detail/ledpanel_state__functions.c.o[0m
[3.520s] [ 14%] [32mBuilding C object CMakeFiles/mark_interfaces__rosidl_generator_c.dir/rosidl_generator_c/mark_interfaces/msg/detail/turtle__functions.c.o[0m
[3.520s] [ 14%] [32mBuilding C object CMakeFiles/mark_interfaces__rosidl_generator_c.dir/rosidl_generator_c/mark_interfaces/msg/detail/turtle_array__functions.c.o[0m
[3.520s] [ 14%] [32mBuilding C object CMakeFiles/mark_interfaces__rosidl_generator_c.dir/rosidl_generator_c/mark_interfaces/msg/detail/turtle__description.c.o[0m
[3.521s] [ 16%] [32mBuilding C object CMakeFiles/mark_interfaces__rosidl_generator_c.dir/rosidl_generator_c/mark_interfaces/msg/detail/turtle_array__description.c.o[0m
[3.521s] [ 17%] [32mBuilding C object CMakeFiles/mark_interfaces__rosidl_generator_c.dir/rosidl_generator_c/mark_interfaces/msg/detail/turtle_array__type_support.c.o[0m
[3.521s] [ 17%] [32mBuilding C object CMakeFiles/mark_interfaces__rosidl_generator_c.dir/rosidl_generator_c/mark_interfaces/msg/detail/ledpanel_state__description.c.o[0m
[3.521s] [ 19%] [32mBuilding C object CMakeFiles/mark_interfaces__rosidl_generator_c.dir/rosidl_generator_c/mark_interfaces/srv/detail/rectangle_area__functions.c.o[0m
[3.521s] [ 20%] [32mBuilding C object CMakeFiles/mark_interfaces__rosidl_generator_c.dir/rosidl_generator_c/mark_interfaces/srv/detail/rectangle_area__type_support.c.o[0m
[3.521s] [ 21%] [32mBuilding C object CMakeFiles/mark_interfaces__rosidl_generator_c.dir/rosidl_generator_c/mark_interfaces/srv/detail/rectangle_area__description.c.o[0m
[3.522s] [ 22%] [32mBuilding C object CMakeFiles/mark_interfaces__rosidl_generator_c.dir/rosidl_generator_c/mark_interfaces/srv/detail/battery_life_state__description.c.o[0m
[3.557s] [ 25%] [32mBuilding C object CMakeFiles/mark_interfaces__rosidl_generator_c.dir/rosidl_generator_c/mark_interfaces/srv/detail/battery_life_state__type_support.c.o[0m
[3.557s] [ 25%] [32mBuilding C object CMakeFiles/mark_interfaces__rosidl_generator_c.dir/rosidl_generator_c/mark_interfaces/srv/detail/battery_life_state__functions.c.o[0m
[3.605s] [ 26%] [32m[1mLinking C shared library libmark_interfaces__rosidl_generator_c.so[0m
[3.725s] [ 26%] Built target mark_interfaces__rosidl_generator_c
[3.734s] [ 30%] [34m[1mGenerating C introspection for ROS interfaces[0m
[3.735s] [ 30%] [34m[1mGenerating C++ introspection for ROS interfaces[0m
[3.735s] [ 30%] [34m[1mGenerating C type support dispatch for ROS interfaces[0m
[3.735s] [ 30%] [34m[1mGenerating C++ type support for eProsima Fast-RTPS[0m
[3.735s] [ 33%] [34m[1mGenerating C++ type support dispatch for ROS interfaces[0m
[3.735s] [ 33%] [34m[1mGenerating C type support for eProsima Fast-RTPS[0m
[3.978s] [ 44%] [32mBuilding CXX object CMakeFiles/mark_interfaces__rosidl_typesupport_c.dir/rosidl_typesupport_c/mark_interfaces/srv/rectangle_area__type_support.cpp.o[0m
[3.978s] [ 44%] [32mBuilding CXX object CMakeFiles/mark_interfaces__rosidl_typesupport_cpp.dir/rosidl_typesupport_cpp/mark_interfaces/msg/hardware_status__type_support.cpp.o[0m
[3.978s] [ 44%] [32mBuilding CXX object CMakeFiles/mark_interfaces__rosidl_typesupport_cpp.dir/rosidl_typesupport_cpp/mark_interfaces/msg/turtle__type_support.cpp.o[0m
[3.979s] [ 44%] [32mBuilding CXX object CMakeFiles/mark_interfaces__rosidl_typesupport_cpp.dir/rosidl_typesupport_cpp/mark_interfaces/msg/turtle_array__type_support.cpp.o[0m
[3.979s] [ 44%] [32mBuilding CXX object CMakeFiles/mark_interfaces__rosidl_typesupport_c.dir/rosidl_typesupport_c/mark_interfaces/srv/battery_life_state__type_support.cpp.o[0m
[3.979s] [ 44%] [32mBuilding CXX object CMakeFiles/mark_interfaces__rosidl_typesupport_c.dir/rosidl_typesupport_c/mark_interfaces/msg/ledpanel_state__type_support.cpp.o[0m
[3.979s] [ 46%] [32mBuilding CXX object CMakeFiles/mark_interfaces__rosidl_typesupport_cpp.dir/rosidl_typesupport_cpp/mark_interfaces/msg/ledpanel_state__type_support.cpp.o[0m
[3.979s] [ 46%] [32mBuilding CXX object CMakeFiles/mark_interfaces__rosidl_typesupport_c.dir/rosidl_typesupport_c/mark_interfaces/msg/turtle_array__type_support.cpp.o[0m
[3.979s] [ 46%] [32mBuilding CXX object CMakeFiles/mark_interfaces__rosidl_typesupport_c.dir/rosidl_typesupport_c/mark_interfaces/msg/hardware_status__type_support.cpp.o[0m
[3.979s] [ 44%] [32mBuilding CXX object CMakeFiles/mark_interfaces__rosidl_typesupport_cpp.dir/rosidl_typesupport_cpp/mark_interfaces/srv/battery_life_state__type_support.cpp.o[0m
[3.979s] [ 44%] [32mBuilding CXX object CMakeFiles/mark_interfaces__rosidl_typesupport_cpp.dir/rosidl_typesupport_cpp/mark_interfaces/srv/rectangle_area__type_support.cpp.o[0m
[3.980s] [ 47%] [32mBuilding CXX object CMakeFiles/mark_interfaces__rosidl_typesupport_c.dir/rosidl_typesupport_c/mark_interfaces/msg/turtle__type_support.cpp.o[0m
[4.033s] [ 48%] [32m[1mLinking CXX shared library libmark_interfaces__rosidl_typesupport_c.so[0m
[4.065s] [ 52%] [32mBuilding CXX object CMakeFiles/mark_interfaces__rosidl_typesupport_introspection_cpp.dir/rosidl_typesupport_introspection_cpp/mark_interfaces/msg/detail/turtle__type_support.cpp.o[0m
[4.065s] [ 52%] [32mBuilding CXX object CMakeFiles/mark_interfaces__rosidl_typesupport_introspection_cpp.dir/rosidl_typesupport_introspection_cpp/mark_interfaces/msg/detail/ledpanel_state__type_support.cpp.o[0m
[4.065s] [ 52%] [32mBuilding CXX object CMakeFiles/mark_interfaces__rosidl_typesupport_introspection_cpp.dir/rosidl_typesupport_introspection_cpp/mark_interfaces/msg/detail/hardware_status__type_support.cpp.o[0m
[4.066s] [ 54%] [32mBuilding CXX object CMakeFiles/mark_interfaces__rosidl_typesupport_introspection_cpp.dir/rosidl_typesupport_introspection_cpp/mark_interfaces/srv/detail/rectangle_area__type_support.cpp.o[0m
[4.066s] [ 54%] [32mBuilding CXX object CMakeFiles/mark_interfaces__rosidl_typesupport_introspection_cpp.dir/rosidl_typesupport_introspection_cpp/mark_interfaces/msg/detail/turtle_array__type_support.cpp.o[0m
[4.066s] [ 55%] [32mBuilding CXX object CMakeFiles/mark_interfaces__rosidl_typesupport_introspection_cpp.dir/rosidl_typesupport_introspection_cpp/mark_interfaces/srv/detail/battery_life_state__type_support.cpp.o[0m
[4.081s] [ 57%] [32mBuilding C object CMakeFiles/mark_interfaces__rosidl_typesupport_introspection_c.dir/rosidl_typesupport_introspection_c/mark_interfaces/msg/detail/hardware_status__type_support.c.o[0m
[4.081s] [ 57%] Built target mark_interfaces__rosidl_typesupport_c
[4.092s] [ 58%] [32mBuilding C object CMakeFiles/mark_interfaces__rosidl_typesupport_introspection_c.dir/rosidl_typesupport_introspection_c/mark_interfaces/msg/detail/ledpanel_state__type_support.c.o[0m
[4.125s] [ 59%] [32mBuilding C object CMakeFiles/mark_interfaces__rosidl_typesupport_introspection_c.dir/rosidl_typesupport_introspection_c/mark_interfaces/msg/detail/turtle__type_support.c.o[0m
[4.225s] [ 60%] [32mBuilding C object CMakeFiles/mark_interfaces__rosidl_typesupport_introspection_c.dir/rosidl_typesupport_introspection_c/mark_interfaces/msg/detail/turtle_array__type_support.c.o[0m
[4.239s] [ 61%] [32mBuilding C object CMakeFiles/mark_interfaces__rosidl_typesupport_introspection_c.dir/rosidl_typesupport_introspection_c/mark_interfaces/srv/detail/rectangle_area__type_support.c.o[0m
[4.251s] [ 63%] [32mBuilding CXX object CMakeFiles/mark_interfaces__rosidl_typesupport_fastrtps_cpp.dir/rosidl_typesupport_fastrtps_cpp/mark_interfaces/msg/detail/dds_fastrtps/hardware_status__type_support.cpp.o[0m
[4.268s] [ 64%] [32mBuilding CXX object CMakeFiles/mark_interfaces__rosidl_typesupport_fastrtps_c.dir/rosidl_typesupport_fastrtps_c/mark_interfaces/msg/detail/hardware_status__type_support_c.cpp.o[0m
[4.268s] [ 65%] [32mBuilding CXX object CMakeFiles/mark_interfaces__rosidl_typesupport_fastrtps_c.dir/rosidl_typesupport_fastrtps_c/mark_interfaces/msg/detail/ledpanel_state__type_support_c.cpp.o[0m
[4.304s] [ 66%] [32mBuilding C object CMakeFiles/mark_interfaces__rosidl_typesupport_introspection_c.dir/rosidl_typesupport_introspection_c/mark_interfaces/srv/detail/battery_life_state__type_support.c.o[0m
[4.364s] [ 67%] [32m[1mLinking C shared library libmark_interfaces__rosidl_typesupport_introspection_c.so[0m
[4.381s] [ 70%] [32mBuilding CXX object CMakeFiles/mark_interfaces__rosidl_typesupport_fastrtps_c.dir/rosidl_typesupport_fastrtps_c/mark_interfaces/msg/detail/turtle_array__type_support_c.cpp.o[0m
[4.382s] [ 70%] [32mBuilding CXX object CMakeFiles/mark_interfaces__rosidl_typesupport_fastrtps_c.dir/rosidl_typesupport_fastrtps_c/mark_interfaces/msg/detail/turtle__type_support_c.cpp.o[0m
[4.388s] [ 72%] [32mBuilding CXX object CMakeFiles/mark_interfaces__rosidl_typesupport_fastrtps_cpp.dir/rosidl_typesupport_fastrtps_cpp/mark_interfaces/msg/detail/dds_fastrtps/ledpanel_state__type_support.cpp.o[0m
[4.388s] [ 72%] [32mBuilding CXX object CMakeFiles/mark_interfaces__rosidl_typesupport_fastrtps_c.dir/rosidl_typesupport_fastrtps_c/mark_interfaces/srv/detail/rectangle_area__type_support_c.cpp.o[0m
[4.405s] [ 72%] Built target mark_interfaces__rosidl_typesupport_introspection_c
[4.418s] [ 73%] [32mBuilding CXX object CMakeFiles/mark_interfaces__rosidl_typesupport_fastrtps_c.dir/rosidl_typesupport_fastrtps_c/mark_interfaces/srv/detail/battery_life_state__type_support_c.cpp.o[0m
[4.477s] [ 75%] [32mBuilding CXX object CMakeFiles/mark_interfaces__rosidl_typesupport_fastrtps_cpp.dir/rosidl_typesupport_fastrtps_cpp/mark_interfaces/msg/detail/dds_fastrtps/turtle__type_support.cpp.o[0m
[4.484s] [ 76%] [32mBuilding CXX object CMakeFiles/mark_interfaces__rosidl_typesupport_fastrtps_cpp.dir/rosidl_typesupport_fastrtps_cpp/mark_interfaces/msg/detail/dds_fastrtps/turtle_array__type_support.cpp.o[0m
[4.493s] [ 78%] [32m[1mLinking CXX shared library libmark_interfaces__rosidl_typesupport_cpp.so[0m
[4.494s] [ 78%] [32mBuilding CXX object CMakeFiles/mark_interfaces__rosidl_typesupport_fastrtps_cpp.dir/rosidl_typesupport_fastrtps_cpp/mark_interfaces/srv/detail/dds_fastrtps/rectangle_area__type_support.cpp.o[0m
[4.517s] [ 79%] [32mBuilding CXX object CMakeFiles/mark_interfaces__rosidl_typesupport_fastrtps_cpp.dir/rosidl_typesupport_fastrtps_cpp/mark_interfaces/srv/detail/dds_fastrtps/battery_life_state__type_support.cpp.o[0m
[4.604s] [ 79%] Built target mark_interfaces__rosidl_typesupport_cpp
[4.636s] [ 80%] [32m[1mLinking CXX shared library libmark_interfaces__rosidl_typesupport_introspection_cpp.so[0m
[4.756s] [ 80%] Built target mark_interfaces__rosidl_typesupport_introspection_cpp
[4.904s] [ 82%] [32m[1mLinking CXX shared library libmark_interfaces__rosidl_typesupport_fastrtps_c.so[0m
[4.969s] [ 82%] Built target mark_interfaces__rosidl_typesupport_fastrtps_c
[5.093s] [ 83%] [32m[1mLinking CXX shared library libmark_interfaces__rosidl_typesupport_fastrtps_cpp.so[0m
[5.153s] [ 83%] Built target mark_interfaces__rosidl_typesupport_fastrtps_cpp
[5.172s] [ 83%] Built target mark_interfaces
[5.189s] [ 84%] [34m[1mGenerating Python code for ROS interfaces[0m
[5.697s] [ 84%] Built target mark_interfaces__py
[5.717s] [ 91%] [32mBuilding C object CMakeFiles/mark_interfaces__rosidl_generator_py.dir/rosidl_generator_py/mark_interfaces/msg/_turtle_s.c.o[0m
[5.718s] [ 91%] [32mBuilding C object CMakeFiles/mark_interfaces__rosidl_generator_py.dir/rosidl_generator_py/mark_interfaces/msg/_hardware_status_s.c.o[0m
[5.718s] [ 91%] [32mBuilding C object CMakeFiles/mark_interfaces__rosidl_generator_py.dir/rosidl_generator_py/mark_interfaces/msg/_turtle_array_s.c.o[0m
[5.718s] [ 91%] [32mBuilding C object CMakeFiles/mark_interfaces__rosidl_generator_py.dir/rosidl_generator_py/mark_interfaces/msg/_ledpanel_state_s.c.o[0m
[5.718s] [ 91%] [32mBuilding C object CMakeFiles/mark_interfaces__rosidl_generator_py.dir/rosidl_generator_py/mark_interfaces/srv/_battery_life_state_s.c.o[0m
[5.718s] [ 91%] [32mBuilding C object CMakeFiles/mark_interfaces__rosidl_generator_py.dir/rosidl_generator_py/mark_interfaces/srv/_rectangle_area_s.c.o[0m
[5.843s] [ 92%] [32m[1mLinking C shared library libmark_interfaces__rosidl_generator_py.so[0m
[5.880s] [ 92%] Built target mark_interfaces__rosidl_generator_py
[5.897s] [ 95%] [32mBuilding C object CMakeFiles/mark_interfaces_s__rosidl_typesupport_fastrtps_c.dir/rosidl_generator_py/mark_interfaces/_mark_interfaces_s.ep.rosidl_typesupport_fastrtps_c.c.o[0m
[5.897s] [ 95%] [32mBuilding C object CMakeFiles/mark_interfaces_s__rosidl_typesupport_introspection_c.dir/rosidl_generator_py/mark_interfaces/_mark_interfaces_s.ep.rosidl_typesupport_introspection_c.c.o[0m
[5.897s] [ 96%] [32mBuilding C object CMakeFiles/mark_interfaces_s__rosidl_typesupport_c.dir/rosidl_generator_py/mark_interfaces/_mark_interfaces_s.ep.rosidl_typesupport_c.c.o[0m
[5.982s] [100%] [32m[1mLinking C shared module rosidl_generator_py/mark_interfaces/mark_interfaces_s__rosidl_typesupport_fastrtps_c.so[0m
[5.982s] [100%] [32m[1mLinking C shared module rosidl_generator_py/mark_interfaces/mark_interfaces_s__rosidl_typesupport_c.so[0m
[5.982s] [100%] [32m[1mLinking C shared module rosidl_generator_py/mark_interfaces/mark_interfaces_s__rosidl_typesupport_introspection_c.so[0m
[6.008s] [100%] Built target mark_interfaces_s__rosidl_typesupport_c
[6.008s] [100%] Built target mark_interfaces_s__rosidl_typesupport_fastrtps_c
[6.008s] [100%] Built target mark_interfaces_s__rosidl_typesupport_introspection_c
[6.083s] Invoked command in '/home/saikiran335/ros2_mark_ws/build/mark_interfaces' returned '0': CMAKE_PREFIX_PATH=${CMAKE_PREFIX_PATH}:/home/saikiran335/ros2_mark_ws/install/turtlesim_catch_them_all:/home/saikiran335/ros2_mark_ws/install/mark_py_pkg:/opt/ros/jazzy DEBUGINFOD_URLS=https://debuginfod.ubuntu.com /usr/bin/cmake --build /home/saikiran335/ros2_mark_ws/build/mark_interfaces -- -j16 -l16
[6.084s] Invoking command in '/home/saikiran335/ros2_mark_ws/build/mark_interfaces': CMAKE_PREFIX_PATH=${CMAKE_PREFIX_PATH}:/home/saikiran335/ros2_mark_ws/install/turtlesim_catch_them_all:/home/saikiran335/ros2_mark_ws/install/mark_py_pkg:/opt/ros/jazzy DEBUGINFOD_URLS=https://debuginfod.ubuntu.com /usr/bin/cmake --install /home/saikiran335/ros2_mark_ws/build/mark_interfaces
[6.093s] -- Install configuration: ""
[6.093s] -- Installing: /home/saikiran335/ros2_mark_ws/install/mark_interfaces/share/ament_index/resource_index/rosidl_interfaces/mark_interfaces
[6.093s] -- Installing: /home/saikiran335/ros2_mark_ws/install/mark_interfaces/share/mark_interfaces/msg/HardwareStatus.json
[6.093s] -- Installing: /home/saikiran335/ros2_mark_ws/install/mark_interfaces/share/mark_interfaces/msg/LedpanelState.json
[6.093s] -- Installing: /home/saikiran335/ros2_mark_ws/install/mark_interfaces/share/mark_interfaces/msg/Turtle.json
[6.093s] -- Installing: /home/saikiran335/ros2_mark_ws/install/mark_interfaces/share/mark_interfaces/msg/TurtleArray.json
[6.093s] -- Installing: /home/saikiran335/ros2_mark_ws/install/mark_interfaces/share/mark_interfaces/srv/RectangleArea.json
[6.093s] -- Installing: /home/saikiran335/ros2_mark_ws/install/mark_interfaces/share/mark_interfaces/srv/BatteryLifeState.json
[6.093s] -- Installing: /home/saikiran335/ros2_mark_ws/install/mark_interfaces/include/mark_interfaces/mark_interfaces
[6.094s] -- Installing: /home/saikiran335/ros2_mark_ws/install/mark_interfaces/include/mark_interfaces/mark_interfaces/msg
[6.094s] -- Installing: /home/saikiran335/ros2_mark_ws/install/mark_interfaces/include/mark_interfaces/mark_interfaces/msg/detail
[6.094s] -- Installing: /home/saikiran335/ros2_mark_ws/install/mark_interfaces/include/mark_interfaces/mark_interfaces/msg/detail/hardware_status__functions.h
[6.094s] -- Installing: /home/saikiran335/ros2_mark_ws/install/mark_interfaces/include/mark_interfaces/mark_interfaces/msg/detail/turtle__description.c
[6.094s] -- Installing: /home/saikiran335/ros2_mark_ws/install/mark_interfaces/include/mark_interfaces/mark_interfaces/msg/detail/hardware_status__struct.h
[6.094s] -- Installing: /home/saikiran335/ros2_mark_ws/install/mark_interfaces/include/mark_interfaces/mark_interfaces/msg/detail/turtle_array__type_support.h
[6.094s] -- Installing: /home/saikiran335/ros2_mark_ws/install/mark_interfaces/include/mark_interfaces/mark_interfaces/msg/detail/turtle__type_support.h
[6.094s] -- Installing: /home/saikiran335/ros2_mark_ws/install/mark_interfaces/include/mark_interfaces/mark_interfaces/msg/detail/turtle_array__description.c
[6.094s] -- Installing: /home/saikiran335/ros2_mark_ws/install/mark_interfaces/include/mark_interfaces/mark_interfaces/msg/detail/turtle__functions.c
[6.094s] -- Installing: /home/saikiran335/ros2_mark_ws/install/mark_interfaces/include/mark_interfaces/mark_interfaces/msg/detail/turtle_array__functions.c
[6.094s] -- Installing: /home/saikiran335/ros2_mark_ws/install/mark_interfaces/include/mark_interfaces/mark_interfaces/msg/detail/hardware_status__description.c
[6.094s] -- Installing: /home/saikiran335/ros2_mark_ws/install/mark_interfaces/include/mark_interfaces/mark_interfaces/msg/detail/turtle_array__type_support.c
[6.094s] -- Installing: /home/saikiran335/ros2_mark_ws/install/mark_interfaces/include/mark_interfaces/mark_interfaces/msg/detail/turtle__functions.h
[6.094s] -- Installing: /home/saikiran335/ros2_mark_ws/install/mark_interfaces/include/mark_interfaces/mark_interfaces/msg/detail/turtle__struct.h
[6.095s] -- Installing: /home/saikiran335/ros2_mark_ws/install/mark_interfaces/include/mark_interfaces/mark_interfaces/msg/detail/ledpanel_state__type_support.h
[6.095s] -- Installing: /home/saikiran335/ros2_mark_ws/install/mark_interfaces/include/mark_interfaces/mark_interfaces/msg/detail/ledpanel_state__functions.c
[6.095s] -- Installing: /home/saikiran335/ros2_mark_ws/install/mark_interfaces/include/mark_interfaces/mark_interfaces/msg/detail/hardware_status__type_support.h
[6.095s] -- Installing: /home/saikiran335/ros2_mark_ws/install/mark_interfaces/include/mark_interfaces/mark_interfaces/msg/detail/ledpanel_state__description.c
[6.095s] -- Installing: /home/saikiran335/ros2_mark_ws/install/mark_interfaces/include/mark_interfaces/mark_interfaces/msg/detail/ledpanel_state__type_support.c
[6.095s] -- Installing: /home/saikiran335/ros2_mark_ws/install/mark_interfaces/include/mark_interfaces/mark_interfaces/msg/detail/hardware_status__functions.c
[6.095s] -- Installing: /home/saikiran335/ros2_mark_ws/install/mark_interfaces/include/mark_interfaces/mark_interfaces/msg/detail/turtle_array__struct.h
[6.095s] -- Installing: /home/saikiran335/ros2_mark_ws/install/mark_interfaces/include/mark_interfaces/mark_interfaces/msg/detail/ledpanel_state__functions.h
[6.095s] -- Installing: /home/saikiran335/ros2_mark_ws/install/mark_interfaces/include/mark_interfaces/mark_interfaces/msg/detail/ledpanel_state__struct.h
[6.095s] -- Installing: /home/saikiran335/ros2_mark_ws/install/mark_interfaces/include/mark_interfaces/mark_interfaces/msg/detail/hardware_status__type_support.c
[6.095s] -- Installing: /home/saikiran335/ros2_mark_ws/install/mark_interfaces/include/mark_interfaces/mark_interfaces/msg/detail/turtle_array__functions.h
[6.095s] -- Installing: /home/saikiran335/ros2_mark_ws/install/mark_interfaces/include/mark_interfaces/mark_interfaces/msg/detail/turtle__type_support.c
[6.096s] -- Installing: /home/saikiran335/ros2_mark_ws/install/mark_interfaces/include/mark_interfaces/mark_interfaces/msg/ledpanel_state.h
[6.096s] -- Installing: /home/saikiran335/ros2_mark_ws/install/mark_interfaces/include/mark_interfaces/mark_interfaces/msg/hardware_status.h
[6.096s] -- Installing: /home/saikiran335/ros2_mark_ws/install/mark_interfaces/include/mark_interfaces/mark_interfaces/msg/rosidl_generator_c__visibility_control.h
[6.096s] -- Installing: /home/saikiran335/ros2_mark_ws/install/mark_interfaces/include/mark_interfaces/mark_interfaces/msg/turtle_array.h
[6.096s] -- Installing: /home/saikiran335/ros2_mark_ws/install/mark_interfaces/include/mark_interfaces/mark_interfaces/msg/turtle.h
[6.096s] -- Installing: /home/saikiran335/ros2_mark_ws/install/mark_interfaces/include/mark_interfaces/mark_interfaces/srv
[6.096s] -- Installing: /home/saikiran335/ros2_mark_ws/install/mark_interfaces/include/mark_interfaces/mark_interfaces/srv/detail
[6.096s] -- Installing: /home/saikiran335/ros2_mark_ws/install/mark_interfaces/include/mark_interfaces/mark_interfaces/srv/detail/battery_life_state__type_support.c
[6.096s] -- Installing: /home/saikiran335/ros2_mark_ws/install/mark_interfaces/include/mark_interfaces/mark_interfaces/srv/detail/rectangle_area__type_support.c
[6.096s] -- Installing: /home/saikiran335/ros2_mark_ws/install/mark_interfaces/include/mark_interfaces/mark_interfaces/srv/detail/rectangle_area__functions.c
[6.096s] -- Installing: /home/saikiran335/ros2_mark_ws/install/mark_interfaces/include/mark_interfaces/mark_interfaces/srv/detail/battery_life_state__functions.h
[6.096s] -- Installing: /home/saikiran335/ros2_mark_ws/install/mark_interfaces/include/mark_interfaces/mark_interfaces/srv/detail/battery_life_state__struct.h
[6.096s] -- Installing: /home/saikiran335/ros2_mark_ws/install/mark_interfaces/include/mark_interfaces/mark_interfaces/srv/detail/rectangle_area__type_support.h
[6.096s] -- Installing: /home/saikiran335/ros2_mark_ws/install/mark_interfaces/include/mark_interfaces/mark_interfaces/srv/detail/rectangle_area__description.c
[6.097s] -- Installing: /home/saikiran335/ros2_mark_ws/install/mark_interfaces/include/mark_interfaces/mark_interfaces/srv/detail/rectangle_area__functions.h
[6.097s] -- Installing: /home/saikiran335/ros2_mark_ws/install/mark_interfaces/include/mark_interfaces/mark_interfaces/srv/detail/battery_life_state__description.c
[6.097s] -- Installing: /home/saikiran335/ros2_mark_ws/install/mark_interfaces/include/mark_interfaces/mark_interfaces/srv/detail/rectangle_area__struct.h
[6.097s] -- Installing: /home/saikiran335/ros2_mark_ws/install/mark_interfaces/include/mark_interfaces/mark_interfaces/srv/detail/battery_life_state__type_support.h
[6.097s] -- Installing: /home/saikiran335/ros2_mark_ws/install/mark_interfaces/include/mark_interfaces/mark_interfaces/srv/detail/battery_life_state__functions.c
[6.097s] -- Installing: /home/saikiran335/ros2_mark_ws/install/mark_interfaces/include/mark_interfaces/mark_interfaces/srv/rectangle_area.h
[6.097s] -- Installing: /home/saikiran335/ros2_mark_ws/install/mark_interfaces/include/mark_interfaces/mark_interfaces/srv/battery_life_state.h
[6.097s] -- Installing: /home/saikiran335/ros2_mark_ws/install/mark_interfaces/share/mark_interfaces/environment/library_path.sh
[6.097s] -- Installing: /home/saikiran335/ros2_mark_ws/install/mark_interfaces/share/mark_interfaces/environment/library_path.dsv
[6.097s] -- Installing: /home/saikiran335/ros2_mark_ws/install/mark_interfaces/lib/libmark_interfaces__rosidl_generator_c.so
[6.097s] -- Set non-toolchain portion of runtime path of "/home/saikiran335/ros2_mark_ws/install/mark_interfaces/lib/libmark_interfaces__rosidl_generator_c.so" to ""
[6.098s] -- Up-to-date: /home/saikiran335/ros2_mark_ws/install/mark_interfaces/include/mark_interfaces/mark_interfaces
[6.098s] -- Up-to-date: /home/saikiran335/ros2_mark_ws/install/mark_interfaces/include/mark_interfaces/mark_interfaces/msg
[6.098s] -- Installing: /home/saikiran335/ros2_mark_ws/install/mark_interfaces/include/mark_interfaces/mark_interfaces/msg/rosidl_typesupport_fastrtps_c__visibility_control.h
[6.098s] -- Up-to-date: /home/saikiran335/ros2_mark_ws/install/mark_interfaces/include/mark_interfaces/mark_interfaces/msg/detail
[6.098s] -- Installing: /home/saikiran335/ros2_mark_ws/install/mark_interfaces/include/mark_interfaces/mark_interfaces/msg/detail/turtle__rosidl_typesupport_fastrtps_c.h
[6.098s] -- Installing: /home/saikiran335/ros2_mark_ws/install/mark_interfaces/include/mark_interfaces/mark_interfaces/msg/detail/hardware_status__rosidl_typesupport_fastrtps_c.h
[6.098s] -- Installing: /home/saikiran335/ros2_mark_ws/install/mark_interfaces/include/mark_interfaces/mark_interfaces/msg/detail/turtle_array__rosidl_typesupport_fastrtps_c.h
[6.098s] -- Installing: /home/saikiran335/ros2_mark_ws/install/mark_interfaces/include/mark_interfaces/mark_interfaces/msg/detail/ledpanel_state__rosidl_typesupport_fastrtps_c.h
[6.098s] -- Up-to-date: /home/saikiran335/ros2_mark_ws/install/mark_interfaces/include/mark_interfaces/mark_interfaces/srv
[6.098s] -- Up-to-date: /home/saikiran335/ros2_mark_ws/install/mark_interfaces/include/mark_interfaces/mark_interfaces/srv/detail
[6.098s] -- Installing: /home/saikiran335/ros2_mark_ws/install/mark_interfaces/include/mark_interfaces/mark_interfaces/srv/detail/battery_life_state__rosidl_typesupport_fastrtps_c.h
[6.098s] -- Installing: /home/saikiran335/ros2_mark_ws/install/mark_interfaces/include/mark_interfaces/mark_interfaces/srv/detail/rectangle_area__rosidl_typesupport_fastrtps_c.h
[6.098s] -- Installing: /home/saikiran335/ros2_mark_ws/install/mark_interfaces/lib/libmark_interfaces__rosidl_typesupport_fastrtps_c.so
[6.099s] -- Set non-toolchain portion of runtime path of "/home/saikiran335/ros2_mark_ws/install/mark_interfaces/lib/libmark_interfaces__rosidl_typesupport_fastrtps_c.so" to ""
[6.099s] -- Up-to-date: /home/saikiran335/ros2_mark_ws/install/mark_interfaces/include/mark_interfaces/mark_interfaces
[6.099s] -- Up-to-date: /home/saikiran335/ros2_mark_ws/install/mark_interfaces/include/mark_interfaces/mark_interfaces/msg
[6.099s] -- Up-to-date: /home/saikiran335/ros2_mark_ws/install/mark_interfaces/include/mark_interfaces/mark_interfaces/msg/detail
[6.099s] -- Installing: /home/saikiran335/ros2_mark_ws/install/mark_interfaces/include/mark_interfaces/mark_interfaces/msg/detail/ledpanel_state__rosidl_typesupport_introspection_c.h
[6.099s] -- Installing: /home/saikiran335/ros2_mark_ws/install/mark_interfaces/include/mark_interfaces/mark_interfaces/msg/detail/turtle__rosidl_typesupport_introspection_c.h
[6.099s] -- Installing: /home/saikiran335/ros2_mark_ws/install/mark_interfaces/include/mark_interfaces/mark_interfaces/msg/detail/turtle_array__rosidl_typesupport_introspection_c.h
[6.099s] -- Installing: /home/saikiran335/ros2_mark_ws/install/mark_interfaces/include/mark_interfaces/mark_interfaces/msg/detail/turtle_array__type_support.c
[6.099s] -- Installing: /home/saikiran335/ros2_mark_ws/install/mark_interfaces/include/mark_interfaces/mark_interfaces/msg/detail/hardware_status__rosidl_typesupport_introspection_c.h
[6.099s] -- Installing: /home/saikiran335/ros2_mark_ws/install/mark_interfaces/include/mark_interfaces/mark_interfaces/msg/detail/ledpanel_state__type_support.c
[6.099s] -- Installing: /home/saikiran335/ros2_mark_ws/install/mark_interfaces/include/mark_interfaces/mark_interfaces/msg/detail/hardware_status__type_support.c
[6.099s] -- Installing: /home/saikiran335/ros2_mark_ws/install/mark_interfaces/include/mark_interfaces/mark_interfaces/msg/detail/turtle__type_support.c
[6.099s] -- Installing: /home/saikiran335/ros2_mark_ws/install/mark_interfaces/include/mark_interfaces/mark_interfaces/msg/rosidl_typesupport_introspection_c__visibility_control.h
[6.099s] -- Up-to-date: /home/saikiran335/ros2_mark_ws/install/mark_interfaces/include/mark_interfaces/mark_interfaces/srv
[6.100s] -- Up-to-date: /home/saikiran335/ros2_mark_ws/install/mark_interfaces/include/mark_interfaces/mark_interfaces/srv/detail
[6.100s] -- Installing: /home/saikiran335/ros2_mark_ws/install/mark_interfaces/include/mark_interfaces/mark_interfaces/srv/detail/battery_life_state__type_support.c
[6.100s] -- Installing: /home/saikiran335/ros2_mark_ws/install/mark_interfaces/include/mark_interfaces/mark_interfaces/srv/detail/rectangle_area__type_support.c
[6.100s] -- Installing: /home/saikiran335/ros2_mark_ws/install/mark_interfaces/include/mark_interfaces/mark_interfaces/srv/detail/battery_life_state__rosidl_typesupport_introspection_c.h
[6.100s] -- Installing: /home/saikiran335/ros2_mark_ws/install/mark_interfaces/include/mark_interfaces/mark_interfaces/srv/detail/rectangle_area__rosidl_typesupport_introspection_c.h
[6.100s] -- Installing: /home/saikiran335/ros2_mark_ws/install/mark_interfaces/lib/libmark_interfaces__rosidl_typesupport_introspection_c.so
[6.100s] -- Set non-toolchain portion of runtime path of "/home/saikiran335/ros2_mark_ws/install/mark_interfaces/lib/libmark_interfaces__rosidl_typesupport_introspection_c.so" to ""
[6.100s] -- Installing: /home/saikiran335/ros2_mark_ws/install/mark_interfaces/lib/libmark_interfaces__rosidl_typesupport_c.so
[6.100s] -- Set non-toolchain portion of runtime path of "/home/saikiran335/ros2_mark_ws/install/mark_interfaces/lib/libmark_interfaces__rosidl_typesupport_c.so" to ""
[6.100s] -- Up-to-date: /home/saikiran335/ros2_mark_ws/install/mark_interfaces/include/mark_interfaces/mark_interfaces
[6.101s] -- Up-to-date: /home/saikiran335/ros2_mark_ws/install/mark_interfaces/include/mark_interfaces/mark_interfaces/msg
[6.101s] -- Up-to-date: /home/saikiran335/ros2_mark_ws/install/mark_interfaces/include/mark_interfaces/mark_interfaces/msg/detail
[6.101s] -- Installing: /home/saikiran335/ros2_mark_ws/install/mark_interfaces/include/mark_interfaces/mark_interfaces/msg/detail/turtle_array__struct.hpp
[6.101s] -- Installing: /home/saikiran335/ros2_mark_ws/install/mark_interfaces/include/mark_interfaces/mark_interfaces/msg/detail/ledpanel_state__traits.hpp
[6.101s] -- Installing: /home/saikiran335/ros2_mark_ws/install/mark_interfaces/include/mark_interfaces/mark_interfaces/msg/detail/ledpanel_state__builder.hpp
[6.101s] -- Installing: /home/saikiran335/ros2_mark_ws/install/mark_interfaces/include/mark_interfaces/mark_interfaces/msg/detail/turtle_array__type_support.hpp
[6.101s] -- Installing: /home/saikiran335/ros2_mark_ws/install/mark_interfaces/include/mark_interfaces/mark_interfaces/msg/detail/hardware_status__traits.hpp
[6.101s] -- Installing: /home/saikiran335/ros2_mark_ws/install/mark_interfaces/include/mark_interfaces/mark_interfaces/msg/detail/turtle_array__builder.hpp
[6.101s] -- Installing: /home/saikiran335/ros2_mark_ws/install/mark_interfaces/include/mark_interfaces/mark_interfaces/msg/detail/turtle__traits.hpp
[6.101s] -- Installing: /home/saikiran335/ros2_mark_ws/install/mark_interfaces/include/mark_interfaces/mark_interfaces/msg/detail/hardware_status__struct.hpp
[6.101s] -- Installing: /home/saikiran335/ros2_mark_ws/install/mark_interfaces/include/mark_interfaces/mark_interfaces/msg/detail/ledpanel_state__struct.hpp
[6.101s] -- Installing: /home/saikiran335/ros2_mark_ws/install/mark_interfaces/include/mark_interfaces/mark_interfaces/msg/detail/turtle__type_support.hpp
[6.101s] -- Installing: /home/saikiran335/ros2_mark_ws/install/mark_interfaces/include/mark_interfaces/mark_interfaces/msg/detail/hardware_status__builder.hpp
[6.101s] -- Installing: /home/saikiran335/ros2_mark_ws/install/mark_interfaces/include/mark_interfaces/mark_interfaces/msg/detail/turtle__struct.hpp
[6.102s] -- Installing: /home/saikiran335/ros2_mark_ws/install/mark_interfaces/include/mark_interfaces/mark_interfaces/msg/detail/turtle_array__traits.hpp
[6.102s] -- Installing: /home/saikiran335/ros2_mark_ws/install/mark_interfaces/include/mark_interfaces/mark_interfaces/msg/detail/ledpanel_state__type_support.hpp
[6.102s] -- Installing: /home/saikiran335/ros2_mark_ws/install/mark_interfaces/include/mark_interfaces/mark_interfaces/msg/detail/turtle__builder.hpp
[6.102s] -- Installing: /home/saikiran335/ros2_mark_ws/install/mark_interfaces/include/mark_interfaces/mark_interfaces/msg/detail/hardware_status__type_support.hpp
[6.102s] -- Installing: /home/saikiran335/ros2_mark_ws/install/mark_interfaces/include/mark_interfaces/mark_interfaces/msg/turtle_array.hpp
[6.102s] -- Installing: /home/saikiran335/ros2_mark_ws/install/mark_interfaces/include/mark_interfaces/mark_interfaces/msg/rosidl_generator_cpp__visibility_control.hpp
[6.102s] -- Installing: /home/saikiran335/ros2_mark_ws/install/mark_interfaces/include/mark_interfaces/mark_interfaces/msg/hardware_status.hpp
[6.102s] -- Installing: /home/saikiran335/ros2_mark_ws/install/mark_interfaces/include/mark_interfaces/mark_interfaces/msg/ledpanel_state.hpp
[6.102s] -- Installing: /home/saikiran335/ros2_mark_ws/install/mark_interfaces/include/mark_interfaces/mark_interfaces/msg/turtle.hpp
[6.102s] -- Up-to-date: /home/saikiran335/ros2_mark_ws/install/mark_interfaces/include/mark_interfaces/mark_interfaces/srv
[6.102s] -- Installing: /home/saikiran335/ros2_mark_ws/install/mark_interfaces/include/mark_interfaces/mark_interfaces/srv/rectangle_area.hpp
[6.102s] -- Up-to-date: /home/saikiran335/ros2_mark_ws/install/mark_interfaces/include/mark_interfaces/mark_interfaces/srv/detail
[6.102s] -- Installing: /home/saikiran335/ros2_mark_ws/install/mark_interfaces/include/mark_interfaces/mark_interfaces/srv/detail/rectangle_area__builder.hpp
[6.102s] -- Installing: /home/saikiran335/ros2_mark_ws/install/mark_interfaces/include/mark_interfaces/mark_interfaces/srv/detail/rectangle_area__struct.hpp
[6.103s] -- Installing: /home/saikiran335/ros2_mark_ws/install/mark_interfaces/include/mark_interfaces/mark_interfaces/srv/detail/rectangle_area__type_support.hpp
[6.103s] -- Installing: /home/saikiran335/ros2_mark_ws/install/mark_interfaces/include/mark_interfaces/mark_interfaces/srv/detail/rectangle_area__traits.hpp
[6.103s] -- Installing: /home/saikiran335/ros2_mark_ws/install/mark_interfaces/include/mark_interfaces/mark_interfaces/srv/detail/battery_life_state__type_support.hpp
[6.103s] -- Installing: /home/saikiran335/ros2_mark_ws/install/mark_interfaces/include/mark_interfaces/mark_interfaces/srv/detail/battery_life_state__builder.hpp
[6.103s] -- Installing: /home/saikiran335/ros2_mark_ws/install/mark_interfaces/include/mark_interfaces/mark_interfaces/srv/detail/battery_life_state__traits.hpp
[6.103s] -- Installing: /home/saikiran335/ros2_mark_ws/install/mark_interfaces/include/mark_interfaces/mark_interfaces/srv/detail/battery_life_state__struct.hpp
[6.103s] -- Installing: /home/saikiran335/ros2_mark_ws/install/mark_interfaces/include/mark_interfaces/mark_interfaces/srv/battery_life_state.hpp
[6.103s] -- Up-to-date: /home/saikiran335/ros2_mark_ws/install/mark_interfaces/include/mark_interfaces/mark_interfaces
[6.103s] -- Up-to-date: /home/saikiran335/ros2_mark_ws/install/mark_interfaces/include/mark_interfaces/mark_interfaces/msg
[6.103s] -- Up-to-date: /home/saikiran335/ros2_mark_ws/install/mark_interfaces/include/mark_interfaces/mark_interfaces/msg/detail
[6.103s] -- Installing: /home/saikiran335/ros2_mark_ws/install/mark_interfaces/include/mark_interfaces/mark_interfaces/msg/detail/dds_fastrtps
[6.103s] -- Installing: /home/saikiran335/ros2_mark_ws/install/mark_interfaces/include/mark_interfaces/mark_interfaces/msg/detail/hardware_status__rosidl_typesupport_fastrtps_cpp.hpp
[6.103s] -- Installing: /home/saikiran335/ros2_mark_ws/install/mark_interfaces/include/mark_interfaces/mark_interfaces/msg/detail/turtle__rosidl_typesupport_fastrtps_cpp.hpp
[6.103s] -- Installing: /home/saikiran335/ros2_mark_ws/install/mark_interfaces/include/mark_interfaces/mark_interfaces/msg/detail/ledpanel_state__rosidl_typesupport_fastrtps_cpp.hpp
[6.104s] -- Installing: /home/saikiran335/ros2_mark_ws/install/mark_interfaces/include/mark_interfaces/mark_interfaces/msg/detail/turtle_array__rosidl_typesupport_fastrtps_cpp.hpp
[6.104s] -- Installing: /home/saikiran335/ros2_mark_ws/install/mark_interfaces/include/mark_interfaces/mark_interfaces/msg/rosidl_typesupport_fastrtps_cpp__visibility_control.h
[6.104s] -- Up-to-date: /home/saikiran335/ros2_mark_ws/install/mark_interfaces/include/mark_interfaces/mark_interfaces/srv
[6.104s] -- Up-to-date: /home/saikiran335/ros2_mark_ws/install/mark_interfaces/include/mark_interfaces/mark_interfaces/srv/detail
[6.104s] -- Installing: /home/saikiran335/ros2_mark_ws/install/mark_interfaces/include/mark_interfaces/mark_interfaces/srv/detail/rectangle_area__rosidl_typesupport_fastrtps_cpp.hpp
[6.104s] -- Installing: /home/saikiran335/ros2_mark_ws/install/mark_interfaces/include/mark_interfaces/mark_interfaces/srv/detail/dds_fastrtps
[6.104s] -- Installing: /home/saikiran335/ros2_mark_ws/install/mark_interfaces/include/mark_interfaces/mark_interfaces/srv/detail/battery_life_state__rosidl_typesupport_fastrtps_cpp.hpp
[6.104s] -- Installing: /home/saikiran335/ros2_mark_ws/install/mark_interfaces/lib/libmark_interfaces__rosidl_typesupport_fastrtps_cpp.so
[6.104s] -- Set non-toolchain portion of runtime path of "/home/saikiran335/ros2_mark_ws/install/mark_interfaces/lib/libmark_interfaces__rosidl_typesupport_fastrtps_cpp.so" to ""
[6.104s] -- Up-to-date: /home/saikiran335/ros2_mark_ws/install/mark_interfaces/include/mark_interfaces/mark_interfaces
[6.104s] -- Up-to-date: /home/saikiran335/ros2_mark_ws/install/mark_interfaces/include/mark_interfaces/mark_interfaces/msg
[6.105s] -- Up-to-date: /home/saikiran335/ros2_mark_ws/install/mark_interfaces/include/mark_interfaces/mark_interfaces/msg/detail
[6.105s] -- Installing: /home/saikiran335/ros2_mark_ws/install/mark_interfaces/include/mark_interfaces/mark_interfaces/msg/detail/turtle_array__type_support.cpp
[6.105s] -- Installing: /home/saikiran335/ros2_mark_ws/install/mark_interfaces/include/mark_interfaces/mark_interfaces/msg/detail/turtle__rosidl_typesupport_introspection_cpp.hpp
[6.105s] -- Installing: /home/saikiran335/ros2_mark_ws/install/mark_interfaces/include/mark_interfaces/mark_interfaces/msg/detail/turtle__type_support.cpp
[6.105s] -- Installing: /home/saikiran335/ros2_mark_ws/install/mark_interfaces/include/mark_interfaces/mark_interfaces/msg/detail/hardware_status__type_support.cpp
[6.105s] -- Installing: /home/saikiran335/ros2_mark_ws/install/mark_interfaces/include/mark_interfaces/mark_interfaces/msg/detail/turtle_array__rosidl_typesupport_introspection_cpp.hpp
[6.105s] -- Installing: /home/saikiran335/ros2_mark_ws/install/mark_interfaces/include/mark_interfaces/mark_interfaces/msg/detail/hardware_status__rosidl_typesupport_introspection_cpp.hpp
[6.105s] -- Installing: /home/saikiran335/ros2_mark_ws/install/mark_interfaces/include/mark_interfaces/mark_interfaces/msg/detail/ledpanel_state__rosidl_typesupport_introspection_cpp.hpp
[6.105s] -- Installing: /home/saikiran335/ros2_mark_ws/install/mark_interfaces/include/mark_interfaces/mark_interfaces/msg/detail/ledpanel_state__type_support.cpp
[6.105s] -- Up-to-date: /home/saikiran335/ros2_mark_ws/install/mark_interfaces/include/mark_interfaces/mark_interfaces/srv
[6.105s] -- Up-to-date: /home/saikiran335/ros2_mark_ws/install/mark_interfaces/include/mark_interfaces/mark_interfaces/srv/detail
[6.105s] -- Installing: /home/saikiran335/ros2_mark_ws/install/mark_interfaces/include/mark_interfaces/mark_interfaces/srv/detail/rectangle_area__type_support.cpp
[6.105s] -- Installing: /home/saikiran335/ros2_mark_ws/install/mark_interfaces/include/mark_interfaces/mark_interfaces/srv/detail/rectangle_area__rosidl_typesupport_introspection_cpp.hpp
[6.105s] -- Installing: /home/saikiran335/ros2_mark_ws/install/mark_interfaces/include/mark_interfaces/mark_interfaces/srv/detail/battery_life_state__type_support.cpp
[6.105s] -- Installing: /home/saikiran335/ros2_mark_ws/install/mark_interfaces/include/mark_interfaces/mark_interfaces/srv/detail/battery_life_state__rosidl_typesupport_introspection_cpp.hpp
[6.106s] -- Installing: /home/saikiran335/ros2_mark_ws/install/mark_interfaces/lib/libmark_interfaces__rosidl_typesupport_introspection_cpp.so
[6.106s] -- Set non-toolchain portion of runtime path of "/home/saikiran335/ros2_mark_ws/install/mark_interfaces/lib/libmark_interfaces__rosidl_typesupport_introspection_cpp.so" to ""
[6.106s] -- Installing: /home/saikiran335/ros2_mark_ws/install/mark_interfaces/lib/libmark_interfaces__rosidl_typesupport_cpp.so
[6.106s] -- Set non-toolchain portion of runtime path of "/home/saikiran335/ros2_mark_ws/install/mark_interfaces/lib/libmark_interfaces__rosidl_typesupport_cpp.so" to ""
[6.106s] -- Installing: /home/saikiran335/ros2_mark_ws/install/mark_interfaces/share/mark_interfaces/environment/pythonpath.sh
[6.106s] -- Installing: /home/saikiran335/ros2_mark_ws/install/mark_interfaces/share/mark_interfaces/environment/pythonpath.dsv
[6.106s] -- Installing: /home/saikiran335/ros2_mark_ws/install/mark_interfaces/lib/python3.12/site-packages/mark_interfaces-0.0.0-py3.12.egg-info
[6.107s] -- Installing: /home/saikiran335/ros2_mark_ws/install/mark_interfaces/lib/python3.12/site-packages/mark_interfaces-0.0.0-py3.12.egg-info/PKG-INFO
[6.107s] -- Installing: /home/saikiran335/ros2_mark_ws/install/mark_interfaces/lib/python3.12/site-packages/mark_interfaces-0.0.0-py3.12.egg-info/SOURCES.txt
[6.107s] -- Installing: /home/saikiran335/ros2_mark_ws/install/mark_interfaces/lib/python3.12/site-packages/mark_interfaces-0.0.0-py3.12.egg-info/top_level.txt
[6.107s] -- Installing: /home/saikiran335/ros2_mark_ws/install/mark_interfaces/lib/python3.12/site-packages/mark_interfaces-0.0.0-py3.12.egg-info/dependency_links.txt
[6.107s] -- Installing: /home/saikiran335/ros2_mark_ws/install/mark_interfaces/lib/python3.12/site-packages/mark_interfaces
[6.107s] -- Installing: /home/saikiran335/ros2_mark_ws/install/mark_interfaces/lib/python3.12/site-packages/mark_interfaces/msg
[6.107s] -- Installing: /home/saikiran335/ros2_mark_ws/install/mark_interfaces/lib/python3.12/site-packages/mark_interfaces/msg/_turtle_array.py
[6.107s] -- Installing: /home/saikiran335/ros2_mark_ws/install/mark_interfaces/lib/python3.12/site-packages/mark_interfaces/msg/_turtle_array_s.c
[6.107s] -- Installing: /home/saikiran335/ros2_mark_ws/install/mark_interfaces/lib/python3.12/site-packages/mark_interfaces/msg/_turtle_s.c
[6.107s] -- Installing: /home/saikiran335/ros2_mark_ws/install/mark_interfaces/lib/python3.12/site-packages/mark_interfaces/msg/_ledpanel_state.py
[6.107s] -- Installing: /home/saikiran335/ros2_mark_ws/install/mark_interfaces/lib/python3.12/site-packages/mark_interfaces/msg/_hardware_status_s.c
[6.107s] -- Installing: /home/saikiran335/ros2_mark_ws/install/mark_interfaces/lib/python3.12/site-packages/mark_interfaces/msg/__init__.py
[6.107s] -- Installing: /home/saikiran335/ros2_mark_ws/install/mark_interfaces/lib/python3.12/site-packages/mark_interfaces/msg/_ledpanel_state_s.c
[6.107s] -- Installing: /home/saikiran335/ros2_mark_ws/install/mark_interfaces/lib/python3.12/site-packages/mark_interfaces/msg/_hardware_status.py
[6.108s] -- Installing: /home/saikiran335/ros2_mark_ws/install/mark_interfaces/lib/python3.12/site-packages/mark_interfaces/msg/_turtle.py
[6.108s] -- Installing: /home/saikiran335/ros2_mark_ws/install/mark_interfaces/lib/python3.12/site-packages/mark_interfaces/srv
[6.108s] -- Installing: /home/saikiran335/ros2_mark_ws/install/mark_interfaces/lib/python3.12/site-packages/mark_interfaces/srv/_battery_life_state_s.c
[6.108s] -- Installing: /home/saikiran335/ros2_mark_ws/install/mark_interfaces/lib/python3.12/site-packages/mark_interfaces/srv/_battery_life_state.py
[6.108s] -- Installing: /home/saikiran335/ros2_mark_ws/install/mark_interfaces/lib/python3.12/site-packages/mark_interfaces/srv/_rectangle_area_s.c
[6.108s] -- Installing: /home/saikiran335/ros2_mark_ws/install/mark_interfaces/lib/python3.12/site-packages/mark_interfaces/srv/__init__.py
[6.108s] -- Installing: /home/saikiran335/ros2_mark_ws/install/mark_interfaces/lib/python3.12/site-packages/mark_interfaces/srv/_rectangle_area.py
[6.108s] -- Installing: /home/saikiran335/ros2_mark_ws/install/mark_interfaces/lib/python3.12/site-packages/mark_interfaces/mark_interfaces_s__rosidl_typesupport_fastrtps_c.so
[6.108s] -- Installing: /home/saikiran335/ros2_mark_ws/install/mark_interfaces/lib/python3.12/site-packages/mark_interfaces/_mark_interfaces_s.ep.rosidl_typesupport_fastrtps_c.c
[6.108s] -- Installing: /home/saikiran335/ros2_mark_ws/install/mark_interfaces/lib/python3.12/site-packages/mark_interfaces/_mark_interfaces_s.ep.rosidl_typesupport_c.c
[6.108s] -- Installing: /home/saikiran335/ros2_mark_ws/install/mark_interfaces/lib/python3.12/site-packages/mark_interfaces/__init__.py
[6.108s] -- Installing: /home/saikiran335/ros2_mark_ws/install/mark_interfaces/lib/python3.12/site-packages/mark_interfaces/_mark_interfaces_s.ep.rosidl_typesupport_introspection_c.c
[6.109s] -- Installing: /home/saikiran335/ros2_mark_ws/install/mark_interfaces/lib/python3.12/site-packages/mark_interfaces/mark_interfaces_s__rosidl_typesupport_introspection_c.so
[6.109s] -- Installing: /home/saikiran335/ros2_mark_ws/install/mark_interfaces/lib/python3.12/site-packages/mark_interfaces/mark_interfaces_s__rosidl_typesupport_c.so
[6.172s] Listing '/home/saikiran335/ros2_mark_ws/install/mark_interfaces/lib/python3.12/site-packages/mark_interfaces'...
[6.172s] Compiling '/home/saikiran335/ros2_mark_ws/install/mark_interfaces/lib/python3.12/site-packages/mark_interfaces/__init__.py'...
[6.172s] Listing '/home/saikiran335/ros2_mark_ws/install/mark_interfaces/lib/python3.12/site-packages/mark_interfaces/msg'...
[6.172s] Compiling '/home/saikiran335/ros2_mark_ws/install/mark_interfaces/lib/python3.12/site-packages/mark_interfaces/msg/__init__.py'...
[6.172s] Compiling '/home/saikiran335/ros2_mark_ws/install/mark_interfaces/lib/python3.12/site-packages/mark_interfaces/msg/_hardware_status.py'...
[6.172s] Compiling '/home/saikiran335/ros2_mark_ws/install/mark_interfaces/lib/python3.12/site-packages/mark_interfaces/msg/_ledpanel_state.py'...
[6.172s] Compiling '/home/saikiran335/ros2_mark_ws/install/mark_interfaces/lib/python3.12/site-packages/mark_interfaces/msg/_turtle.py'...
[6.172s] Compiling '/home/saikiran335/ros2_mark_ws/install/mark_interfaces/lib/python3.12/site-packages/mark_interfaces/msg/_turtle_array.py'...
[6.172s] Listing '/home/saikiran335/ros2_mark_ws/install/mark_interfaces/lib/python3.12/site-packages/mark_interfaces/srv'...
[6.172s] Compiling '/home/saikiran335/ros2_mark_ws/install/mark_interfaces/lib/python3.12/site-packages/mark_interfaces/srv/__init__.py'...
[6.172s] Compiling '/home/saikiran335/ros2_mark_ws/install/mark_interfaces/lib/python3.12/site-packages/mark_interfaces/srv/_battery_life_state.py'...
[6.173s] Compiling '/home/saikiran335/ros2_mark_ws/install/mark_interfaces/lib/python3.12/site-packages/mark_interfaces/srv/_rectangle_area.py'...
[6.176s] -- Installing: /home/saikiran335/ros2_mark_ws/install/mark_interfaces/lib/python3.12/site-packages/mark_interfaces/mark_interfaces_s__rosidl_typesupport_fastrtps_c.so
[6.176s] -- Set non-toolchain portion of runtime path of "/home/saikiran335/ros2_mark_ws/install/mark_interfaces/lib/python3.12/site-packages/mark_interfaces/mark_interfaces_s__rosidl_typesupport_fastrtps_c.so" to ""
[6.176s] -- Installing: /home/saikiran335/ros2_mark_ws/install/mark_interfaces/lib/python3.12/site-packages/mark_interfaces/mark_interfaces_s__rosidl_typesupport_introspection_c.so
[6.177s] -- Set non-toolchain portion of runtime path of "/home/saikiran335/ros2_mark_ws/install/mark_interfaces/lib/python3.12/site-packages/mark_interfaces/mark_interfaces_s__rosidl_typesupport_introspection_c.so" to ""
[6.177s] -- Installing: /home/saikiran335/ros2_mark_ws/install/mark_interfaces/lib/python3.12/site-packages/mark_interfaces/mark_interfaces_s__rosidl_typesupport_c.so
[6.177s] -- Set non-toolchain portion of runtime path of "/home/saikiran335/ros2_mark_ws/install/mark_interfaces/lib/python3.12/site-packages/mark_interfaces/mark_interfaces_s__rosidl_typesupport_c.so" to ""
[6.177s] -- Installing: /home/saikiran335/ros2_mark_ws/install/mark_interfaces/lib/libmark_interfaces__rosidl_generator_py.so
[6.177s] -- Set non-toolchain portion of runtime path of "/home/saikiran335/ros2_mark_ws/install/mark_interfaces/lib/libmark_interfaces__rosidl_generator_py.so" to ""
[6.177s] -- Installing: /home/saikiran335/ros2_mark_ws/install/mark_interfaces/share/mark_interfaces/msg/HardwareStatus.idl
[6.177s] -- Installing: /home/saikiran335/ros2_mark_ws/install/mark_interfaces/share/mark_interfaces/msg/LedpanelState.idl
[6.177s] -- Installing: /home/saikiran335/ros2_mark_ws/install/mark_interfaces/share/mark_interfaces/msg/Turtle.idl
[6.178s] -- Installing: /home/saikiran335/ros2_mark_ws/install/mark_interfaces/share/mark_interfaces/msg/TurtleArray.idl
[6.178s] -- Installing: /home/saikiran335/ros2_mark_ws/install/mark_interfaces/share/mark_interfaces/srv/RectangleArea.idl
[6.178s] -- Installing: /home/saikiran335/ros2_mark_ws/install/mark_interfaces/share/mark_interfaces/srv/BatteryLifeState.idl
[6.178s] -- Installing: /home/saikiran335/ros2_mark_ws/install/mark_interfaces/share/mark_interfaces/msg/HardwareStatus.msg
[6.178s] -- Installing: /home/saikiran335/ros2_mark_ws/install/mark_interfaces/share/mark_interfaces/msg/LedpanelState.msg
[6.178s] -- Installing: /home/saikiran335/ros2_mark_ws/install/mark_interfaces/share/mark_interfaces/msg/Turtle.msg
[6.178s] -- Installing: /home/saikiran335/ros2_mark_ws/install/mark_interfaces/share/mark_interfaces/msg/TurtleArray.msg
[6.178s] -- Installing: /home/saikiran335/ros2_mark_ws/install/mark_interfaces/share/mark_interfaces/srv/RectangleArea.srv
[6.178s] -- Installing: /home/saikiran335/ros2_mark_ws/install/mark_interfaces/share/mark_interfaces/srv/BatteryLifeState.srv
[6.178s] -- Installing: /home/saikiran335/ros2_mark_ws/install/mark_interfaces/share/ament_index/resource_index/package_run_dependencies/mark_interfaces
[6.178s] -- Installing: /home/saikiran335/ros2_mark_ws/install/mark_interfaces/share/ament_index/resource_index/parent_prefix_path/mark_interfaces
[6.179s] -- Installing: /home/saikiran335/ros2_mark_ws/install/mark_interfaces/share/mark_interfaces/environment/ament_prefix_path.sh
[6.179s] -- Installing: /home/saikiran335/ros2_mark_ws/install/mark_interfaces/share/mark_interfaces/environment/ament_prefix_path.dsv
[6.179s] -- Installing: /home/saikiran335/ros2_mark_ws/install/mark_interfaces/share/mark_interfaces/environment/path.sh
[6.179s] -- Installing: /home/saikiran335/ros2_mark_ws/install/mark_interfaces/share/mark_interfaces/environment/path.dsv
[6.179s] -- Installing: /home/saikiran335/ros2_mark_ws/install/mark_interfaces/share/mark_interfaces/local_setup.bash
[6.179s] -- Installing: /home/saikiran335/ros2_mark_ws/install/mark_interfaces/share/mark_interfaces/local_setup.sh
[6.179s] -- Installing: /home/saikiran335/ros2_mark_ws/install/mark_interfaces/share/mark_interfaces/local_setup.zsh
[6.179s] -- Installing: /home/saikiran335/ros2_mark_ws/install/mark_interfaces/share/mark_interfaces/local_setup.dsv
[6.179s] -- Installing: /home/saikiran335/ros2_mark_ws/install/mark_interfaces/share/mark_interfaces/package.dsv
[6.179s] -- Installing: /home/saikiran335/ros2_mark_ws/install/mark_interfaces/share/ament_index/resource_index/packages/mark_interfaces
[6.180s] -- Installing: /home/saikiran335/ros2_mark_ws/install/mark_interfaces/share/mark_interfaces/cmake/export_mark_interfaces__rosidl_generator_cExport.cmake
[6.180s] -- Installing: /home/saikiran335/ros2_mark_ws/install/mark_interfaces/share/mark_interfaces/cmake/export_mark_interfaces__rosidl_generator_cExport-noconfig.cmake
[6.180s] -- Installing: /home/saikiran335/ros2_mark_ws/install/mark_interfaces/share/mark_interfaces/cmake/export_mark_interfaces__rosidl_typesupport_fastrtps_cExport.cmake
[6.180s] -- Installing: /home/saikiran335/ros2_mark_ws/install/mark_interfaces/share/mark_interfaces/cmake/export_mark_interfaces__rosidl_typesupport_fastrtps_cExport-noconfig.cmake
[6.180s] -- Installing: /home/saikiran335/ros2_mark_ws/install/mark_interfaces/share/mark_interfaces/cmake/mark_interfaces__rosidl_typesupport_introspection_cExport.cmake
[6.180s] -- Installing: /home/saikiran335/ros2_mark_ws/install/mark_interfaces/share/mark_interfaces/cmake/mark_interfaces__rosidl_typesupport_introspection_cExport-noconfig.cmake
[6.180s] -- Installing: /home/saikiran335/ros2_mark_ws/install/mark_interfaces/share/mark_interfaces/cmake/mark_interfaces__rosidl_typesupport_cExport.cmake
[6.180s] -- Installing: /home/saikiran335/ros2_mark_ws/install/mark_interfaces/share/mark_interfaces/cmake/mark_interfaces__rosidl_typesupport_cExport-noconfig.cmake
[6.181s] -- Installing: /home/saikiran335/ros2_mark_ws/install/mark_interfaces/share/mark_interfaces/cmake/export_mark_interfaces__rosidl_generator_cppExport.cmake
[6.181s] -- Installing: /home/saikiran335/ros2_mark_ws/install/mark_interfaces/share/mark_interfaces/cmake/export_mark_interfaces__rosidl_typesupport_fastrtps_cppExport.cmake
[6.181s] -- Installing: /home/saikiran335/ros2_mark_ws/install/mark_interfaces/share/mark_interfaces/cmake/export_mark_interfaces__rosidl_typesupport_fastrtps_cppExport-noconfig.cmake
[6.181s] -- Installing: /home/saikiran335/ros2_mark_ws/install/mark_interfaces/share/mark_interfaces/cmake/mark_interfaces__rosidl_typesupport_introspection_cppExport.cmake
[6.181s] -- Installing: /home/saikiran335/ros2_mark_ws/install/mark_interfaces/share/mark_interfaces/cmake/mark_interfaces__rosidl_typesupport_introspection_cppExport-noconfig.cmake
[6.181s] -- Installing: /home/saikiran335/ros2_mark_ws/install/mark_interfaces/share/mark_interfaces/cmake/mark_interfaces__rosidl_typesupport_cppExport.cmake
[6.181s] -- Installing: /home/saikiran335/ros2_mark_ws/install/mark_interfaces/share/mark_interfaces/cmake/mark_interfaces__rosidl_typesupport_cppExport-noconfig.cmake
[6.181s] -- Installing: /home/saikiran335/ros2_mark_ws/install/mark_interfaces/share/mark_interfaces/cmake/export_mark_interfaces__rosidl_generator_pyExport.cmake
[6.181s] -- Installing: /home/saikiran335/ros2_mark_ws/install/mark_interfaces/share/mark_interfaces/cmake/export_mark_interfaces__rosidl_generator_pyExport-noconfig.cmake
[6.181s] -- Installing: /home/saikiran335/ros2_mark_ws/install/mark_interfaces/share/mark_interfaces/cmake/rosidl_cmake-extras.cmake
[6.182s] -- Installing: /home/saikiran335/ros2_mark_ws/install/mark_interfaces/share/mark_interfaces/cmake/ament_cmake_export_dependencies-extras.cmake
[6.182s] -- Installing: /home/saikiran335/ros2_mark_ws/install/mark_interfaces/share/mark_interfaces/cmake/ament_cmake_export_include_directories-extras.cmake
[6.182s] -- Installing: /home/saikiran335/ros2_mark_ws/install/mark_interfaces/share/mark_interfaces/cmake/ament_cmake_export_libraries-extras.cmake
[6.182s] -- Installing: /home/saikiran335/ros2_mark_ws/install/mark_interfaces/share/mark_interfaces/cmake/ament_cmake_export_targets-extras.cmake
[6.182s] -- Installing: /home/saikiran335/ros2_mark_ws/install/mark_interfaces/share/mark_interfaces/cmake/rosidl_cmake_export_typesupport_targets-extras.cmake
[6.182s] -- Installing: /home/saikiran335/ros2_mark_ws/install/mark_interfaces/share/mark_interfaces/cmake/rosidl_cmake_export_typesupport_libraries-extras.cmake
[6.182s] -- Installing: /home/saikiran335/ros2_mark_ws/install/mark_interfaces/share/mark_interfaces/cmake/mark_interfacesConfig.cmake
[6.182s] -- Installing: /home/saikiran335/ros2_mark_ws/install/mark_interfaces/share/mark_interfaces/cmake/mark_interfacesConfig-version.cmake
[6.182s] -- Installing: /home/saikiran335/ros2_mark_ws/install/mark_interfaces/share/mark_interfaces/package.xml
[6.185s] Invoked command in '/home/saikiran335/ros2_mark_ws/build/mark_interfaces' returned '0': CMAKE_PREFIX_PATH=${CMAKE_PREFIX_PATH}:/home/saikiran335/ros2_mark_ws/install/turtlesim_catch_them_all:/home/saikiran335/ros2_mark_ws/install/mark_py_pkg:/opt/ros/jazzy DEBUGINFOD_URLS=https://debuginfod.ubuntu.com /usr/bin/cmake --install /home/saikiran335/ros2_mark_ws/build/mark_interfaces
