running develop
running egg_info
creating components_py.egg-info
writing components_py.egg-info/PKG-INFO
writing dependency_links to components_py.egg-info/dependency_links.txt
writing entry points to components_py.egg-info/entry_points.txt
writing requirements to components_py.egg-info/requires.txt
writing top-level names to components_py.egg-info/top_level.txt
writing manifest file 'components_py.egg-info/SOURCES.txt'
reading manifest file 'components_py.egg-info/SOURCES.txt'
writing manifest file 'components_py.egg-info/SOURCES.txt'
running build_ext
Creating /home/saikiran335/ros2_mark_ws/install/components_py/lib/python3.12/site-packages/components-py.egg-link (link to .)
Installing manual_composition script to /home/saikiran335/ros2_mark_ws/install/components_py/lib/components_py

Installed /home/saikiran335/ros2_mark_ws/build/components_py
running symlink_data
creating /home/saikiran335/ros2_mark_ws/install/components_py/share/ament_index
creating /home/saikiran335/ros2_mark_ws/install/components_py/share/ament_index/resource_index
creating /home/saikiran335/ros2_mark_ws/install/components_py/share/ament_index/resource_index/packages
symbolically linking /home/saikiran335/ros2_mark_ws/build/components_py/resource/components_py -> /home/saikiran335/ros2_mark_ws/install/components_py/share/ament_index/resource_index/packages
symbolically linking /home/saikiran335/ros2_mark_ws/build/components_py/package.xml -> /home/saikiran335/ros2_mark_ws/install/components_py/share/components_py
