[0.010s] Invoking command in '/home/saikiran335/ros2_jarvis_ws/build/jarvis_description': CMAKE_PREFIX_PATH=${CMAKE_PREFIX_PATH}:/opt/ros/humble /usr/bin/cmake --build /home/saikiran335/ros2_jarvis_ws/build/jarvis_description -- -j16 -l16
[0.055s] Invoked command in '/home/saikiran335/ros2_jarvis_ws/build/jarvis_description' returned '0': CMAKE_PREFIX_PATH=${CMAKE_PREFIX_PATH}:/opt/ros/humble /usr/bin/cmake --build /home/saikiran335/ros2_jarvis_ws/build/jarvis_description -- -j16 -l16
[0.066s] Invoking command in '/home/saikiran335/ros2_jarvis_ws/build/jarvis_description': CMAKE_PREFIX_PATH=${CMAKE_PREFIX_PATH}:/opt/ros/humble /usr/bin/cmake --install /home/saikiran335/ros2_jarvis_ws/build/jarvis_description
[0.072s] -- Install configuration: ""
[0.072s] -- Execute custom install script
[0.072s] -- Up-to-date symlink: /home/saikiran335/ros2_jarvis_ws/install/jarvis_description/share/jarvis_description//urdf/common_properties.xacro
[0.072s] -- Up-to-date symlink: /home/saikiran335/ros2_jarvis_ws/install/jarvis_description/share/jarvis_description//urdf/jarvis.urdf.xacro
[0.072s] -- Up-to-date symlink: /home/saikiran335/ros2_jarvis_ws/install/jarvis_description/share/jarvis_description//urdf/jarvis_mobile_base.urdf.xacro
[0.073s] -- Symlinking: /home/saikiran335/ros2_jarvis_ws/install/jarvis_description/share/jarvis_description//rviz/jarviz_config2.rviz
[0.081s] -- Up-to-date symlink: /home/saikiran335/ros2_jarvis_ws/install/jarvis_description/share/jarvis_description//launch/display.launch.xml
[0.081s] -- Up-to-date symlink: /home/saikiran335/ros2_jarvis_ws/install/jarvis_description/share/ament_index/resource_index/package_run_dependencies/jarvis_description
[0.081s] -- Up-to-date symlink: /home/saikiran335/ros2_jarvis_ws/install/jarvis_description/share/ament_index/resource_index/parent_prefix_path/jarvis_description
[0.081s] -- Up-to-date symlink: /home/saikiran335/ros2_jarvis_ws/install/jarvis_description/share/jarvis_description/environment/ament_prefix_path.sh
[0.081s] -- Up-to-date symlink: /home/saikiran335/ros2_jarvis_ws/install/jarvis_description/share/jarvis_description/environment/ament_prefix_path.dsv
[0.082s] -- Up-to-date symlink: /home/saikiran335/ros2_jarvis_ws/install/jarvis_description/share/jarvis_description/environment/path.sh
[0.082s] -- Up-to-date symlink: /home/saikiran335/ros2_jarvis_ws/install/jarvis_description/share/jarvis_description/environment/path.dsv
[0.082s] -- Up-to-date symlink: /home/saikiran335/ros2_jarvis_ws/install/jarvis_description/share/jarvis_description/local_setup.bash
[0.082s] -- Up-to-date symlink: /home/saikiran335/ros2_jarvis_ws/install/jarvis_description/share/jarvis_description/local_setup.sh
[0.082s] -- Up-to-date symlink: /home/saikiran335/ros2_jarvis_ws/install/jarvis_description/share/jarvis_description/local_setup.zsh
[0.082s] -- Up-to-date symlink: /home/saikiran335/ros2_jarvis_ws/install/jarvis_description/share/jarvis_description/local_setup.dsv
[0.082s] -- Symlinking: /home/saikiran335/ros2_jarvis_ws/install/jarvis_description/share/jarvis_description/package.dsv
[0.089s] -- Up-to-date symlink: /home/saikiran335/ros2_jarvis_ws/install/jarvis_description/share/ament_index/resource_index/packages/jarvis_description
[0.089s] -- Up-to-date symlink: /home/saikiran335/ros2_jarvis_ws/install/jarvis_description/share/jarvis_description/cmake/jarvis_descriptionConfig.cmake
[0.089s] -- Up-to-date symlink: /home/saikiran335/ros2_jarvis_ws/install/jarvis_description/share/jarvis_description/cmake/jarvis_descriptionConfig-version.cmake
[0.089s] -- Up-to-date symlink: /home/saikiran335/ros2_jarvis_ws/install/jarvis_description/share/jarvis_description/package.xml
[0.092s] Invoked command in '/home/saikiran335/ros2_jarvis_ws/build/jarvis_description' returned '0': CMAKE_PREFIX_PATH=${CMAKE_PREFIX_PATH}:/opt/ros/humble /usr/bin/cmake --install /home/saikiran335/ros2_jarvis_ws/build/jarvis_description
