[0.017s] Invoking command in '/home/saikiran335/ros2_mark_ws/build/mark_bringup': AMENT_PREFIX_PATH=/home/saikiran335/ros2_mark_ws/install/mark_py_pkg:/home/saikiran335/ros2_mark_ws/install/turtlesim_catch_them_all:/home/saikiran335/ros2_mark_ws/install/mark_bringup:/home/saikiran335/ros2_mark_ws/install/mark_interfaces:/home/saikiran335/ros2_mark_ws/install/mark_cpp_pkg:/home/saikiran335/ros2_jarvis_ws/install/jarvis_bringup:/home/saikiran335/ros2_jarvis_ws/install/jarvis_description:/opt/ros/jazzy CMAKE_PREFIX_PATH=/home/saikiran335/ros2_mark_ws/install/mark_interfaces:/home/saikiran335/ros2_mark_ws/install/mark_bringup:/home/saikiran335/ros2_mark_ws/install/mark_cpp_pkg:/home/saikiran335/ros2_jarvis_ws/install/jarvis_bringup:/home/saikiran335/ros2_jarvis_ws/install/jarvis_description:/opt/ros/jazzy/opt/gz_math_vendor:/opt/ros/jazzy/opt/gz_utils_vendor:/opt/ros/jazzy/opt/gz_cmake_vendor:/home/saikiran335/ros2_mark_ws/install/turtlesim_catch_them_all:/home/saikiran335/ros2_mark_ws/install/mark_py_pkg:/opt/ros/jazzy DEBUGINFOD_URLS=https://debuginfod.ubuntu.com PYTHONPATH=/home/saikiran335/ros2_mark_ws/install/mark_py_pkg/lib/python3.12/site-packages:/home/saikiran335/ros2_mark_ws/install/mark_interfaces/lib/python3.12/site-packages:/home/saikiran335/ros2_mark_ws/build/turtlesim_catch_them_all:/home/saikiran335/ros2_mark_ws/install/turtlesim_catch_them_all/lib/python3.12/site-packages:/opt/ros/jazzy/lib/python3.12/site-packages /usr/bin/cmake /home/saikiran335/ros2_mark_ws/src/mark_bringup -DCMAKE_INSTALL_PREFIX=/home/saikiran335/ros2_mark_ws/install/mark_bringup
[0.069s] -- The C compiler identification is GNU 13.3.0
[0.112s] -- The CXX compiler identification is GNU 13.3.0
[0.128s] -- Detecting C compiler ABI info
[0.232s] -- Detecting C compiler ABI info - done
[0.237s] -- Check for working C compiler: /usr/bin/cc - skipped
[0.237s] -- Detecting C compile features
[0.237s] -- Detecting C compile features - done
[0.245s] -- Detecting CXX compiler ABI info
[0.336s] -- Detecting CXX compiler ABI info - done
[0.341s] -- Check for working CXX compiler: /usr/bin/c++ - skipped
[0.341s] -- Detecting CXX compile features
[0.342s] -- Detecting CXX compile features - done
[0.344s] -- Found ament_cmake: 2.5.3 (/opt/ros/jazzy/share/ament_cmake/cmake)
[0.460s] -- Found Python3: /usr/bin/python3 (found version "3.12.3") found components: Interpreter 
[0.626s] -- Configuring done (0.6s)
[0.628s] -- Generating done (0.0s)
[0.629s] -- Build files have been written to: /home/saikiran335/ros2_mark_ws/build/mark_bringup
[0.634s] Invoked command in '/home/saikiran335/ros2_mark_ws/build/mark_bringup' returned '0': AMENT_PREFIX_PATH=/home/saikiran335/ros2_mark_ws/install/mark_py_pkg:/home/saikiran335/ros2_mark_ws/install/turtlesim_catch_them_all:/home/saikiran335/ros2_mark_ws/install/mark_bringup:/home/saikiran335/ros2_mark_ws/install/mark_interfaces:/home/saikiran335/ros2_mark_ws/install/mark_cpp_pkg:/home/saikiran335/ros2_jarvis_ws/install/jarvis_bringup:/home/saikiran335/ros2_jarvis_ws/install/jarvis_description:/opt/ros/jazzy CMAKE_PREFIX_PATH=/home/saikiran335/ros2_mark_ws/install/mark_interfaces:/home/saikiran335/ros2_mark_ws/install/mark_bringup:/home/saikiran335/ros2_mark_ws/install/mark_cpp_pkg:/home/saikiran335/ros2_jarvis_ws/install/jarvis_bringup:/home/saikiran335/ros2_jarvis_ws/install/jarvis_description:/opt/ros/jazzy/opt/gz_math_vendor:/opt/ros/jazzy/opt/gz_utils_vendor:/opt/ros/jazzy/opt/gz_cmake_vendor:/home/saikiran335/ros2_mark_ws/install/turtlesim_catch_them_all:/home/saikiran335/ros2_mark_ws/install/mark_py_pkg:/opt/ros/jazzy DEBUGINFOD_URLS=https://debuginfod.ubuntu.com PYTHONPATH=/home/saikiran335/ros2_mark_ws/install/mark_py_pkg/lib/python3.12/site-packages:/home/saikiran335/ros2_mark_ws/install/mark_interfaces/lib/python3.12/site-packages:/home/saikiran335/ros2_mark_ws/build/turtlesim_catch_them_all:/home/saikiran335/ros2_mark_ws/install/turtlesim_catch_them_all/lib/python3.12/site-packages:/opt/ros/jazzy/lib/python3.12/site-packages /usr/bin/cmake /home/saikiran335/ros2_mark_ws/src/mark_bringup -DCMAKE_INSTALL_PREFIX=/home/saikiran335/ros2_mark_ws/install/mark_bringup
[0.635s] Invoking command in '/home/saikiran335/ros2_mark_ws/build/mark_bringup': AMENT_PREFIX_PATH=/home/saikiran335/ros2_mark_ws/install/mark_py_pkg:/home/saikiran335/ros2_mark_ws/install/turtlesim_catch_them_all:/home/saikiran335/ros2_mark_ws/install/mark_bringup:/home/saikiran335/ros2_mark_ws/install/mark_interfaces:/home/saikiran335/ros2_mark_ws/install/mark_cpp_pkg:/home/saikiran335/ros2_jarvis_ws/install/jarvis_bringup:/home/saikiran335/ros2_jarvis_ws/install/jarvis_description:/opt/ros/jazzy CMAKE_PREFIX_PATH=/home/saikiran335/ros2_mark_ws/install/mark_interfaces:/home/saikiran335/ros2_mark_ws/install/mark_bringup:/home/saikiran335/ros2_mark_ws/install/mark_cpp_pkg:/home/saikiran335/ros2_jarvis_ws/install/jarvis_bringup:/home/saikiran335/ros2_jarvis_ws/install/jarvis_description:/opt/ros/jazzy/opt/gz_math_vendor:/opt/ros/jazzy/opt/gz_utils_vendor:/opt/ros/jazzy/opt/gz_cmake_vendor:/home/saikiran335/ros2_mark_ws/install/turtlesim_catch_them_all:/home/saikiran335/ros2_mark_ws/install/mark_py_pkg:/opt/ros/jazzy DEBUGINFOD_URLS=https://debuginfod.ubuntu.com PYTHONPATH=/home/saikiran335/ros2_mark_ws/install/mark_py_pkg/lib/python3.12/site-packages:/home/saikiran335/ros2_mark_ws/install/mark_interfaces/lib/python3.12/site-packages:/home/saikiran335/ros2_mark_ws/build/turtlesim_catch_them_all:/home/saikiran335/ros2_mark_ws/install/turtlesim_catch_them_all/lib/python3.12/site-packages:/opt/ros/jazzy/lib/python3.12/site-packages /usr/bin/cmake --build /home/saikiran335/ros2_mark_ws/build/mark_bringup -- -j16 -l16
[0.668s] Invoked command in '/home/saikiran335/ros2_mark_ws/build/mark_bringup' returned '0': AMENT_PREFIX_PATH=/home/saikiran335/ros2_mark_ws/install/mark_py_pkg:/home/saikiran335/ros2_mark_ws/install/turtlesim_catch_them_all:/home/saikiran335/ros2_mark_ws/install/mark_bringup:/home/saikiran335/ros2_mark_ws/install/mark_interfaces:/home/saikiran335/ros2_mark_ws/install/mark_cpp_pkg:/home/saikiran335/ros2_jarvis_ws/install/jarvis_bringup:/home/saikiran335/ros2_jarvis_ws/install/jarvis_description:/opt/ros/jazzy CMAKE_PREFIX_PATH=/home/saikiran335/ros2_mark_ws/install/mark_interfaces:/home/saikiran335/ros2_mark_ws/install/mark_bringup:/home/saikiran335/ros2_mark_ws/install/mark_cpp_pkg:/home/saikiran335/ros2_jarvis_ws/install/jarvis_bringup:/home/saikiran335/ros2_jarvis_ws/install/jarvis_description:/opt/ros/jazzy/opt/gz_math_vendor:/opt/ros/jazzy/opt/gz_utils_vendor:/opt/ros/jazzy/opt/gz_cmake_vendor:/home/saikiran335/ros2_mark_ws/install/turtlesim_catch_them_all:/home/saikiran335/ros2_mark_ws/install/mark_py_pkg:/opt/ros/jazzy DEBUGINFOD_URLS=https://debuginfod.ubuntu.com PYTHONPATH=/home/saikiran335/ros2_mark_ws/install/mark_py_pkg/lib/python3.12/site-packages:/home/saikiran335/ros2_mark_ws/install/mark_interfaces/lib/python3.12/site-packages:/home/saikiran335/ros2_mark_ws/build/turtlesim_catch_them_all:/home/saikiran335/ros2_mark_ws/install/turtlesim_catch_them_all/lib/python3.12/site-packages:/opt/ros/jazzy/lib/python3.12/site-packages /usr/bin/cmake --build /home/saikiran335/ros2_mark_ws/build/mark_bringup -- -j16 -l16
[0.670s] Invoking command in '/home/saikiran335/ros2_mark_ws/build/mark_bringup': AMENT_PREFIX_PATH=/home/saikiran335/ros2_mark_ws/install/mark_py_pkg:/home/saikiran335/ros2_mark_ws/install/turtlesim_catch_them_all:/home/saikiran335/ros2_mark_ws/install/mark_bringup:/home/saikiran335/ros2_mark_ws/install/mark_interfaces:/home/saikiran335/ros2_mark_ws/install/mark_cpp_pkg:/home/saikiran335/ros2_jarvis_ws/install/jarvis_bringup:/home/saikiran335/ros2_jarvis_ws/install/jarvis_description:/opt/ros/jazzy CMAKE_PREFIX_PATH=/home/saikiran335/ros2_mark_ws/install/mark_interfaces:/home/saikiran335/ros2_mark_ws/install/mark_bringup:/home/saikiran335/ros2_mark_ws/install/mark_cpp_pkg:/home/saikiran335/ros2_jarvis_ws/install/jarvis_bringup:/home/saikiran335/ros2_jarvis_ws/install/jarvis_description:/opt/ros/jazzy/opt/gz_math_vendor:/opt/ros/jazzy/opt/gz_utils_vendor:/opt/ros/jazzy/opt/gz_cmake_vendor:/home/saikiran335/ros2_mark_ws/install/turtlesim_catch_them_all:/home/saikiran335/ros2_mark_ws/install/mark_py_pkg:/opt/ros/jazzy DEBUGINFOD_URLS=https://debuginfod.ubuntu.com PYTHONPATH=/home/saikiran335/ros2_mark_ws/install/mark_py_pkg/lib/python3.12/site-packages:/home/saikiran335/ros2_mark_ws/install/mark_interfaces/lib/python3.12/site-packages:/home/saikiran335/ros2_mark_ws/build/turtlesim_catch_them_all:/home/saikiran335/ros2_mark_ws/install/turtlesim_catch_them_all/lib/python3.12/site-packages:/opt/ros/jazzy/lib/python3.12/site-packages /usr/bin/cmake --install /home/saikiran335/ros2_mark_ws/build/mark_bringup
[0.678s] -- Install configuration: ""
[0.678s] -- Installing: /home/saikiran335/ros2_mark_ws/install/mark_bringup/share/mark_bringup/launch
[0.678s] -- Installing: /home/saikiran335/ros2_mark_ws/install/mark_bringup/share/mark_bringup/launch/robot_news.launch.xml
[0.691s] -- Installing: /home/saikiran335/ros2_mark_ws/install/mark_bringup/share/mark_bringup/launch/number_app_from_python.launch.xml
[0.692s] -- Installing: /home/saikiran335/ros2_mark_ws/install/mark_bringup/share/mark_bringup/launch/number_app.launch.xml
[0.692s] -- Installing: /home/saikiran335/ros2_mark_ws/install/mark_bringup/share/mark_bringup/launch/number_app.launch.py
[0.692s] -- Installing: /home/saikiran335/ros2_mark_ws/install/mark_bringup/share/mark_bringup/config
[0.692s] -- Installing: /home/saikiran335/ros2_mark_ws/install/mark_bringup/share/mark_bringup/config/robot_news_station.yaml
[0.692s] -- Installing: /home/saikiran335/ros2_mark_ws/install/mark_bringup/share/mark_bringup/config/number_app.yaml
[0.692s] -- Installing: /home/saikiran335/ros2_mark_ws/install/mark_bringup/share/ament_index/resource_index/package_run_dependencies/mark_bringup
[0.693s] -- Installing: /home/saikiran335/ros2_mark_ws/install/mark_bringup/share/ament_index/resource_index/parent_prefix_path/mark_bringup
[0.693s] -- Installing: /home/saikiran335/ros2_mark_ws/install/mark_bringup/share/mark_bringup/environment/ament_prefix_path.sh
[0.693s] -- Installing: /home/saikiran335/ros2_mark_ws/install/mark_bringup/share/mark_bringup/environment/ament_prefix_path.dsv
[0.693s] -- Installing: /home/saikiran335/ros2_mark_ws/install/mark_bringup/share/mark_bringup/environment/path.sh
[0.693s] -- Installing: /home/saikiran335/ros2_mark_ws/install/mark_bringup/share/mark_bringup/environment/path.dsv
[0.693s] -- Installing: /home/saikiran335/ros2_mark_ws/install/mark_bringup/share/mark_bringup/local_setup.bash
[0.693s] -- Installing: /home/saikiran335/ros2_mark_ws/install/mark_bringup/share/mark_bringup/local_setup.sh
[0.693s] -- Installing: /home/saikiran335/ros2_mark_ws/install/mark_bringup/share/mark_bringup/local_setup.zsh
[0.694s] -- Installing: /home/saikiran335/ros2_mark_ws/install/mark_bringup/share/mark_bringup/local_setup.dsv
[0.694s] -- Installing: /home/saikiran335/ros2_mark_ws/install/mark_bringup/share/mark_bringup/package.dsv
[0.694s] -- Installing: /home/saikiran335/ros2_mark_ws/install/mark_bringup/share/ament_index/resource_index/packages/mark_bringup
[0.694s] -- Installing: /home/saikiran335/ros2_mark_ws/install/mark_bringup/share/mark_bringup/cmake/mark_bringupConfig.cmake
[0.694s] -- Installing: /home/saikiran335/ros2_mark_ws/install/mark_bringup/share/mark_bringup/cmake/mark_bringupConfig-version.cmake
[0.694s] -- Installing: /home/saikiran335/ros2_mark_ws/install/mark_bringup/share/mark_bringup/package.xml
[0.696s] Invoked command in '/home/saikiran335/ros2_mark_ws/build/mark_bringup' returned '0': AMENT_PREFIX_PATH=/home/saikiran335/ros2_mark_ws/install/mark_py_pkg:/home/saikiran335/ros2_mark_ws/install/turtlesim_catch_them_all:/home/saikiran335/ros2_mark_ws/install/mark_bringup:/home/saikiran335/ros2_mark_ws/install/mark_interfaces:/home/saikiran335/ros2_mark_ws/install/mark_cpp_pkg:/home/saikiran335/ros2_jarvis_ws/install/jarvis_bringup:/home/saikiran335/ros2_jarvis_ws/install/jarvis_description:/opt/ros/jazzy CMAKE_PREFIX_PATH=/home/saikiran335/ros2_mark_ws/install/mark_interfaces:/home/saikiran335/ros2_mark_ws/install/mark_bringup:/home/saikiran335/ros2_mark_ws/install/mark_cpp_pkg:/home/saikiran335/ros2_jarvis_ws/install/jarvis_bringup:/home/saikiran335/ros2_jarvis_ws/install/jarvis_description:/opt/ros/jazzy/opt/gz_math_vendor:/opt/ros/jazzy/opt/gz_utils_vendor:/opt/ros/jazzy/opt/gz_cmake_vendor:/home/saikiran335/ros2_mark_ws/install/turtlesim_catch_them_all:/home/saikiran335/ros2_mark_ws/install/mark_py_pkg:/opt/ros/jazzy DEBUGINFOD_URLS=https://debuginfod.ubuntu.com PYTHONPATH=/home/saikiran335/ros2_mark_ws/install/mark_py_pkg/lib/python3.12/site-packages:/home/saikiran335/ros2_mark_ws/install/mark_interfaces/lib/python3.12/site-packages:/home/saikiran335/ros2_mark_ws/build/turtlesim_catch_them_all:/home/saikiran335/ros2_mark_ws/install/turtlesim_catch_them_all/lib/python3.12/site-packages:/opt/ros/jazzy/lib/python3.12/site-packages /usr/bin/cmake --install /home/saikiran335/ros2_mark_ws/build/mark_bringup
