[0.128s] DEBUG:colcon:Command line arguments: ['/usr/bin/colcon', 'build']
[0.128s] DEBUG:colcon:Parsed command line arguments: Namespace(log_base=None, log_level=None, verb_name='build', build_base='build', install_base='install', merge_install=False, symlink_install=False, test_result_base=None, continue_on_error=False, executor='parallel', parallel_workers=16, event_handlers=None, ignore_user_meta=False, metas=['./colcon.meta'], base_paths=['.'], packages_ignore=None, packages_ignore_regex=None, paths=None, packages_up_to=None, packages_up_to_regex=None, packages_above=None, packages_above_and_dependencies=None, packages_above_depth=None, packages_select_by_dep=None, packages_skip_by_dep=None, packages_skip_up_to=None, packages_select_build_failed=False, packages_skip_build_finished=False, packages_select_test_failures=False, packages_skip_test_passed=False, packages_select=None, packages_skip=None, packages_select_regex=None, packages_skip_regex=None, packages_start=None, packages_end=None, allow_overriding=[], cmake_args=None, cmake_target=None, cmake_target_skip_unavailable=False, cmake_clean_cache=False, cmake_clean_first=False, cmake_force_configure=False, ament_cmake_args=None, catkin_cmake_args=None, catkin_skip_building_tests=False, mixin_files=None, mixin=None, verb_parser=<colcon_mixin.mixin.mixin_argument.MixinArgumentDecorator object at 0x7c6b20670c80>, verb_extension=<colcon_core.verb.build.BuildVerb object at 0x7c6b20613350>, main=<bound method BuildVerb.main of <colcon_core.verb.build.BuildVerb object at 0x7c6b20613350>>, mixin_verb=('build',))
[0.161s] Level 1:colcon.colcon_core.package_discovery:discover_packages(colcon_meta) check parameters
[0.162s] Level 1:colcon.colcon_core.package_discovery:discover_packages(recursive) check parameters
[0.162s] Level 1:colcon.colcon_core.package_discovery:discover_packages(ignore) check parameters
[0.162s] Level 1:colcon.colcon_core.package_discovery:discover_packages(path) check parameters
[0.162s] Level 1:colcon.colcon_core.package_discovery:discover_packages(colcon_meta) discover
[0.162s] Level 1:colcon.colcon_core.package_discovery:discover_packages(recursive) discover
[0.162s] INFO:colcon.colcon_core.package_discovery:Crawling recursively for packages in '/home/saikiran335/ros2_mark_ws'
[0.162s] Level 1:colcon.colcon_core.package_identification:_identify(.) by extensions ['ignore', 'ignore_ament_install']
[0.162s] Level 1:colcon.colcon_core.package_identification:_identify(.) by extension 'ignore'
[0.162s] Level 1:colcon.colcon_core.package_identification:_identify(.) by extension 'ignore_ament_install'
[0.162s] Level 1:colcon.colcon_core.package_identification:_identify(.) by extensions ['colcon_pkg']
[0.162s] Level 1:colcon.colcon_core.package_identification:_identify(.) by extension 'colcon_pkg'
[0.162s] Level 1:colcon.colcon_core.package_identification:_identify(.) by extensions ['colcon_meta']
[0.162s] Level 1:colcon.colcon_core.package_identification:_identify(.) by extension 'colcon_meta'
[0.162s] Level 1:colcon.colcon_core.package_identification:_identify(.) by extensions ['ros']
[0.162s] Level 1:colcon.colcon_core.package_identification:_identify(.) by extension 'ros'
[0.183s] Level 1:colcon.colcon_core.package_identification:_identify(.) by extensions ['cmake', 'python']
[0.184s] Level 1:colcon.colcon_core.package_identification:_identify(.) by extension 'cmake'
[0.184s] Level 1:colcon.colcon_core.package_identification:_identify(.) by extension 'python'
[0.184s] Level 1:colcon.colcon_core.package_identification:_identify(.) by extensions ['python_setup_py']
[0.184s] Level 1:colcon.colcon_core.package_identification:_identify(.) by extension 'python_setup_py'
[0.184s] Level 1:colcon.colcon_core.package_identification:_identify(build) by extensions ['ignore', 'ignore_ament_install']
[0.184s] Level 1:colcon.colcon_core.package_identification:_identify(build) by extension 'ignore'
[0.184s] Level 1:colcon.colcon_core.package_identification:_identify(build) ignored
[0.184s] Level 1:colcon.colcon_core.package_identification:_identify(install) by extensions ['ignore', 'ignore_ament_install']
[0.184s] Level 1:colcon.colcon_core.package_identification:_identify(install) by extension 'ignore'
[0.184s] Level 1:colcon.colcon_core.package_identification:_identify(install) ignored
[0.184s] Level 1:colcon.colcon_core.package_identification:_identify(log) by extensions ['ignore', 'ignore_ament_install']
[0.184s] Level 1:colcon.colcon_core.package_identification:_identify(log) by extension 'ignore'
[0.184s] Level 1:colcon.colcon_core.package_identification:_identify(log) ignored
[0.184s] Level 1:colcon.colcon_core.package_identification:_identify(src) by extensions ['ignore', 'ignore_ament_install']
[0.184s] Level 1:colcon.colcon_core.package_identification:_identify(src) by extension 'ignore'
[0.184s] Level 1:colcon.colcon_core.package_identification:_identify(src) by extension 'ignore_ament_install'
[0.184s] Level 1:colcon.colcon_core.package_identification:_identify(src) by extensions ['colcon_pkg']
[0.184s] Level 1:colcon.colcon_core.package_identification:_identify(src) by extension 'colcon_pkg'
[0.184s] Level 1:colcon.colcon_core.package_identification:_identify(src) by extensions ['colcon_meta']
[0.184s] Level 1:colcon.colcon_core.package_identification:_identify(src) by extension 'colcon_meta'
[0.184s] Level 1:colcon.colcon_core.package_identification:_identify(src) by extensions ['ros']
[0.184s] Level 1:colcon.colcon_core.package_identification:_identify(src) by extension 'ros'
[0.184s] Level 1:colcon.colcon_core.package_identification:_identify(src) by extensions ['cmake', 'python']
[0.184s] Level 1:colcon.colcon_core.package_identification:_identify(src) by extension 'cmake'
[0.184s] Level 1:colcon.colcon_core.package_identification:_identify(src) by extension 'python'
[0.185s] Level 1:colcon.colcon_core.package_identification:_identify(src) by extensions ['python_setup_py']
[0.185s] Level 1:colcon.colcon_core.package_identification:_identify(src) by extension 'python_setup_py'
[0.185s] Level 1:colcon.colcon_core.package_identification:_identify(src/mark_bringup) by extensions ['ignore', 'ignore_ament_install']
[0.185s] Level 1:colcon.colcon_core.package_identification:_identify(src/mark_bringup) by extension 'ignore'
[0.185s] Level 1:colcon.colcon_core.package_identification:_identify(src/mark_bringup) by extension 'ignore_ament_install'
[0.185s] Level 1:colcon.colcon_core.package_identification:_identify(src/mark_bringup) by extensions ['colcon_pkg']
[0.185s] Level 1:colcon.colcon_core.package_identification:_identify(src/mark_bringup) by extension 'colcon_pkg'
[0.185s] Level 1:colcon.colcon_core.package_identification:_identify(src/mark_bringup) by extensions ['colcon_meta']
[0.185s] Level 1:colcon.colcon_core.package_identification:_identify(src/mark_bringup) by extension 'colcon_meta'
[0.185s] Level 1:colcon.colcon_core.package_identification:_identify(src/mark_bringup) by extensions ['ros']
[0.185s] Level 1:colcon.colcon_core.package_identification:_identify(src/mark_bringup) by extension 'ros'
[0.187s] DEBUG:colcon.colcon_core.package_identification:Package 'src/mark_bringup' with type 'ros.ament_cmake' and name 'mark_bringup'
[0.187s] Level 1:colcon.colcon_core.package_identification:_identify(src/mark_cpp_pkg) by extensions ['ignore', 'ignore_ament_install']
[0.187s] Level 1:colcon.colcon_core.package_identification:_identify(src/mark_cpp_pkg) by extension 'ignore'
[0.187s] Level 1:colcon.colcon_core.package_identification:_identify(src/mark_cpp_pkg) by extension 'ignore_ament_install'
[0.187s] Level 1:colcon.colcon_core.package_identification:_identify(src/mark_cpp_pkg) by extensions ['colcon_pkg']
[0.187s] Level 1:colcon.colcon_core.package_identification:_identify(src/mark_cpp_pkg) by extension 'colcon_pkg'
[0.187s] Level 1:colcon.colcon_core.package_identification:_identify(src/mark_cpp_pkg) by extensions ['colcon_meta']
[0.187s] Level 1:colcon.colcon_core.package_identification:_identify(src/mark_cpp_pkg) by extension 'colcon_meta'
[0.187s] Level 1:colcon.colcon_core.package_identification:_identify(src/mark_cpp_pkg) by extensions ['ros']
[0.187s] Level 1:colcon.colcon_core.package_identification:_identify(src/mark_cpp_pkg) by extension 'ros'
[0.188s] DEBUG:colcon.colcon_core.package_identification:Package 'src/mark_cpp_pkg' with type 'ros.ament_cmake' and name 'mark_cpp_pkg'
[0.188s] Level 1:colcon.colcon_core.package_identification:_identify(src/mark_interfaces) by extensions ['ignore', 'ignore_ament_install']
[0.188s] Level 1:colcon.colcon_core.package_identification:_identify(src/mark_interfaces) by extension 'ignore'
[0.188s] Level 1:colcon.colcon_core.package_identification:_identify(src/mark_interfaces) by extension 'ignore_ament_install'
[0.188s] Level 1:colcon.colcon_core.package_identification:_identify(src/mark_interfaces) by extensions ['colcon_pkg']
[0.188s] Level 1:colcon.colcon_core.package_identification:_identify(src/mark_interfaces) by extension 'colcon_pkg'
[0.188s] Level 1:colcon.colcon_core.package_identification:_identify(src/mark_interfaces) by extensions ['colcon_meta']
[0.188s] Level 1:colcon.colcon_core.package_identification:_identify(src/mark_interfaces) by extension 'colcon_meta'
[0.188s] Level 1:colcon.colcon_core.package_identification:_identify(src/mark_interfaces) by extensions ['ros']
[0.188s] Level 1:colcon.colcon_core.package_identification:_identify(src/mark_interfaces) by extension 'ros'
[0.188s] DEBUG:colcon.colcon_core.package_identification:Package 'src/mark_interfaces' with type 'ros.ament_cmake' and name 'mark_interfaces'
[0.188s] Level 1:colcon.colcon_core.package_identification:_identify(src/mark_py_pkg) by extensions ['ignore', 'ignore_ament_install']
[0.188s] Level 1:colcon.colcon_core.package_identification:_identify(src/mark_py_pkg) by extension 'ignore'
[0.188s] Level 1:colcon.colcon_core.package_identification:_identify(src/mark_py_pkg) by extension 'ignore_ament_install'
[0.188s] Level 1:colcon.colcon_core.package_identification:_identify(src/mark_py_pkg) by extensions ['colcon_pkg']
[0.188s] Level 1:colcon.colcon_core.package_identification:_identify(src/mark_py_pkg) by extension 'colcon_pkg'
[0.188s] Level 1:colcon.colcon_core.package_identification:_identify(src/mark_py_pkg) by extensions ['colcon_meta']
[0.188s] Level 1:colcon.colcon_core.package_identification:_identify(src/mark_py_pkg) by extension 'colcon_meta'
[0.188s] Level 1:colcon.colcon_core.package_identification:_identify(src/mark_py_pkg) by extensions ['ros']
[0.188s] Level 1:colcon.colcon_core.package_identification:_identify(src/mark_py_pkg) by extension 'ros'
[0.189s] DEBUG:colcon.colcon_core.package_identification:Package 'src/mark_py_pkg' with type 'ros.ament_python' and name 'mark_py_pkg'
[0.189s] Level 1:colcon.colcon_core.package_identification:_identify(src/turtlesim_catch_them_all) by extensions ['ignore', 'ignore_ament_install']
[0.189s] Level 1:colcon.colcon_core.package_identification:_identify(src/turtlesim_catch_them_all) by extension 'ignore'
[0.189s] Level 1:colcon.colcon_core.package_identification:_identify(src/turtlesim_catch_them_all) by extension 'ignore_ament_install'
[0.189s] Level 1:colcon.colcon_core.package_identification:_identify(src/turtlesim_catch_them_all) by extensions ['colcon_pkg']
[0.189s] Level 1:colcon.colcon_core.package_identification:_identify(src/turtlesim_catch_them_all) by extension 'colcon_pkg'
[0.189s] Level 1:colcon.colcon_core.package_identification:_identify(src/turtlesim_catch_them_all) by extensions ['colcon_meta']
[0.189s] Level 1:colcon.colcon_core.package_identification:_identify(src/turtlesim_catch_them_all) by extension 'colcon_meta'
[0.189s] Level 1:colcon.colcon_core.package_identification:_identify(src/turtlesim_catch_them_all) by extensions ['ros']
[0.189s] Level 1:colcon.colcon_core.package_identification:_identify(src/turtlesim_catch_them_all) by extension 'ros'
[0.189s] DEBUG:colcon.colcon_core.package_identification:Package 'src/turtlesim_catch_them_all' with type 'ros.ament_python' and name 'turtlesim_catch_them_all'
[0.189s] Level 1:colcon.colcon_core.package_discovery:discover_packages(recursive) using defaults
[0.190s] Level 1:colcon.colcon_core.package_discovery:discover_packages(ignore) discover
[0.190s] Level 1:colcon.colcon_core.package_discovery:discover_packages(ignore) using defaults
[0.190s] Level 1:colcon.colcon_core.package_discovery:discover_packages(path) discover
[0.190s] Level 1:colcon.colcon_core.package_discovery:discover_packages(path) using defaults
[0.206s] Level 1:colcon.colcon_core.package_discovery:discover_packages(prefix_path) check parameters
[0.206s] Level 1:colcon.colcon_core.package_discovery:discover_packages(prefix_path) discover
[0.207s] WARNING:colcon.colcon_ros.prefix_path.ament:The path '/home/saikiran335/ros2_mark_ws/install/turtlesim_catch_them_all' in the environment variable AMENT_PREFIX_PATH doesn't exist
[0.207s] WARNING:colcon.colcon_ros.prefix_path.ament:The path '/home/saikiran335/ros2_mark_ws/install/mark_bringup' in the environment variable AMENT_PREFIX_PATH doesn't exist
[0.207s] WARNING:colcon.colcon_ros.prefix_path.ament:The path '/home/saikiran335/ros2_mark_ws/install/mark_py_pkg' in the environment variable AMENT_PREFIX_PATH doesn't exist
[0.207s] WARNING:colcon.colcon_ros.prefix_path.ament:The path '/home/saikiran335/ros2_mark_ws/install/mark_interfaces' in the environment variable AMENT_PREFIX_PATH doesn't exist
[0.207s] WARNING:colcon.colcon_ros.prefix_path.ament:The path '/home/saikiran335/ros2_mark_ws/install/mark_cpp_pkg' in the environment variable AMENT_PREFIX_PATH doesn't exist
[0.207s] WARNING:colcon.colcon_ros.prefix_path.catkin:The path '/home/saikiran335/ros2_mark_ws/install/mark_bringup' in the environment variable CMAKE_PREFIX_PATH doesn't exist
[0.207s] WARNING:colcon.colcon_ros.prefix_path.catkin:The path '/home/saikiran335/ros2_mark_ws/install/mark_interfaces' in the environment variable CMAKE_PREFIX_PATH doesn't exist
[0.207s] WARNING:colcon.colcon_ros.prefix_path.catkin:The path '/home/saikiran335/ros2_mark_ws/install/mark_cpp_pkg' in the environment variable CMAKE_PREFIX_PATH doesn't exist
[0.208s] DEBUG:colcon.colcon_installed_package_information.package_discovery:Found 0 installed packages in /home/saikiran335/ros2_mark_ws/install
[0.208s] DEBUG:colcon.colcon_installed_package_information.package_discovery:Found 2 installed packages in /home/saikiran335/ros2_jarvis_ws/install
[0.209s] DEBUG:colcon.colcon_installed_package_information.package_discovery:Found 285 installed packages in /opt/ros/jazzy
[0.210s] Level 1:colcon.colcon_core.package_discovery:discover_packages(prefix_path) using defaults
[0.239s] Level 5:colcon.colcon_core.verb:set package 'mark_cpp_pkg' build argument 'cmake_args' from command line to 'None'
[0.239s] Level 5:colcon.colcon_core.verb:set package 'mark_cpp_pkg' build argument 'cmake_target' from command line to 'None'
[0.239s] Level 5:colcon.colcon_core.verb:set package 'mark_cpp_pkg' build argument 'cmake_target_skip_unavailable' from command line to 'False'
[0.239s] Level 5:colcon.colcon_core.verb:set package 'mark_cpp_pkg' build argument 'cmake_clean_cache' from command line to 'False'
[0.239s] Level 5:colcon.colcon_core.verb:set package 'mark_cpp_pkg' build argument 'cmake_clean_first' from command line to 'False'
[0.239s] Level 5:colcon.colcon_core.verb:set package 'mark_cpp_pkg' build argument 'cmake_force_configure' from command line to 'False'
[0.239s] Level 5:colcon.colcon_core.verb:set package 'mark_cpp_pkg' build argument 'ament_cmake_args' from command line to 'None'
[0.239s] Level 5:colcon.colcon_core.verb:set package 'mark_cpp_pkg' build argument 'catkin_cmake_args' from command line to 'None'
[0.239s] Level 5:colcon.colcon_core.verb:set package 'mark_cpp_pkg' build argument 'catkin_skip_building_tests' from command line to 'False'
[0.239s] DEBUG:colcon.colcon_core.verb:Building package 'mark_cpp_pkg' with the following arguments: {'ament_cmake_args': None, 'build_base': '/home/saikiran335/ros2_mark_ws/build/mark_cpp_pkg', 'catkin_cmake_args': None, 'catkin_skip_building_tests': False, 'cmake_args': None, 'cmake_clean_cache': False, 'cmake_clean_first': False, 'cmake_force_configure': False, 'cmake_target': None, 'cmake_target_skip_unavailable': False, 'install_base': '/home/saikiran335/ros2_mark_ws/install/mark_cpp_pkg', 'merge_install': False, 'path': '/home/saikiran335/ros2_mark_ws/src/mark_cpp_pkg', 'symlink_install': False, 'test_result_base': None}
[0.240s] Level 5:colcon.colcon_core.verb:set package 'mark_interfaces' build argument 'cmake_args' from command line to 'None'
[0.240s] Level 5:colcon.colcon_core.verb:set package 'mark_interfaces' build argument 'cmake_target' from command line to 'None'
[0.240s] Level 5:colcon.colcon_core.verb:set package 'mark_interfaces' build argument 'cmake_target_skip_unavailable' from command line to 'False'
[0.240s] Level 5:colcon.colcon_core.verb:set package 'mark_interfaces' build argument 'cmake_clean_cache' from command line to 'False'
[0.240s] Level 5:colcon.colcon_core.verb:set package 'mark_interfaces' build argument 'cmake_clean_first' from command line to 'False'
[0.240s] Level 5:colcon.colcon_core.verb:set package 'mark_interfaces' build argument 'cmake_force_configure' from command line to 'False'
[0.240s] Level 5:colcon.colcon_core.verb:set package 'mark_interfaces' build argument 'ament_cmake_args' from command line to 'None'
[0.240s] Level 5:colcon.colcon_core.verb:set package 'mark_interfaces' build argument 'catkin_cmake_args' from command line to 'None'
[0.240s] Level 5:colcon.colcon_core.verb:set package 'mark_interfaces' build argument 'catkin_skip_building_tests' from command line to 'False'
[0.240s] DEBUG:colcon.colcon_core.verb:Building package 'mark_interfaces' with the following arguments: {'ament_cmake_args': None, 'build_base': '/home/saikiran335/ros2_mark_ws/build/mark_interfaces', 'catkin_cmake_args': None, 'catkin_skip_building_tests': False, 'cmake_args': None, 'cmake_clean_cache': False, 'cmake_clean_first': False, 'cmake_force_configure': False, 'cmake_target': None, 'cmake_target_skip_unavailable': False, 'install_base': '/home/saikiran335/ros2_mark_ws/install/mark_interfaces', 'merge_install': False, 'path': '/home/saikiran335/ros2_mark_ws/src/mark_interfaces', 'symlink_install': False, 'test_result_base': None}
[0.240s] Level 5:colcon.colcon_core.verb:set package 'turtlesim_catch_them_all' build argument 'cmake_args' from command line to 'None'
[0.240s] Level 5:colcon.colcon_core.verb:set package 'turtlesim_catch_them_all' build argument 'cmake_target' from command line to 'None'
[0.240s] Level 5:colcon.colcon_core.verb:set package 'turtlesim_catch_them_all' build argument 'cmake_target_skip_unavailable' from command line to 'False'
[0.240s] Level 5:colcon.colcon_core.verb:set package 'turtlesim_catch_them_all' build argument 'cmake_clean_cache' from command line to 'False'
[0.240s] Level 5:colcon.colcon_core.verb:set package 'turtlesim_catch_them_all' build argument 'cmake_clean_first' from command line to 'False'
[0.240s] Level 5:colcon.colcon_core.verb:set package 'turtlesim_catch_them_all' build argument 'cmake_force_configure' from command line to 'False'
[0.240s] Level 5:colcon.colcon_core.verb:set package 'turtlesim_catch_them_all' build argument 'ament_cmake_args' from command line to 'None'
[0.240s] Level 5:colcon.colcon_core.verb:set package 'turtlesim_catch_them_all' build argument 'catkin_cmake_args' from command line to 'None'
[0.240s] Level 5:colcon.colcon_core.verb:set package 'turtlesim_catch_them_all' build argument 'catkin_skip_building_tests' from command line to 'False'
[0.240s] DEBUG:colcon.colcon_core.verb:Building package 'turtlesim_catch_them_all' with the following arguments: {'ament_cmake_args': None, 'build_base': '/home/saikiran335/ros2_mark_ws/build/turtlesim_catch_them_all', 'catkin_cmake_args': None, 'catkin_skip_building_tests': False, 'cmake_args': None, 'cmake_clean_cache': False, 'cmake_clean_first': False, 'cmake_force_configure': False, 'cmake_target': None, 'cmake_target_skip_unavailable': False, 'install_base': '/home/saikiran335/ros2_mark_ws/install/turtlesim_catch_them_all', 'merge_install': False, 'path': '/home/saikiran335/ros2_mark_ws/src/turtlesim_catch_them_all', 'symlink_install': False, 'test_result_base': None}
[0.240s] Level 5:colcon.colcon_core.verb:set package 'mark_py_pkg' build argument 'cmake_args' from command line to 'None'
[0.240s] Level 5:colcon.colcon_core.verb:set package 'mark_py_pkg' build argument 'cmake_target' from command line to 'None'
[0.240s] Level 5:colcon.colcon_core.verb:set package 'mark_py_pkg' build argument 'cmake_target_skip_unavailable' from command line to 'False'
[0.240s] Level 5:colcon.colcon_core.verb:set package 'mark_py_pkg' build argument 'cmake_clean_cache' from command line to 'False'
[0.240s] Level 5:colcon.colcon_core.verb:set package 'mark_py_pkg' build argument 'cmake_clean_first' from command line to 'False'
[0.240s] Level 5:colcon.colcon_core.verb:set package 'mark_py_pkg' build argument 'cmake_force_configure' from command line to 'False'
[0.240s] Level 5:colcon.colcon_core.verb:set package 'mark_py_pkg' build argument 'ament_cmake_args' from command line to 'None'
[0.240s] Level 5:colcon.colcon_core.verb:set package 'mark_py_pkg' build argument 'catkin_cmake_args' from command line to 'None'
[0.240s] Level 5:colcon.colcon_core.verb:set package 'mark_py_pkg' build argument 'catkin_skip_building_tests' from command line to 'False'
[0.240s] DEBUG:colcon.colcon_core.verb:Building package 'mark_py_pkg' with the following arguments: {'ament_cmake_args': None, 'build_base': '/home/saikiran335/ros2_mark_ws/build/mark_py_pkg', 'catkin_cmake_args': None, 'catkin_skip_building_tests': False, 'cmake_args': None, 'cmake_clean_cache': False, 'cmake_clean_first': False, 'cmake_force_configure': False, 'cmake_target': None, 'cmake_target_skip_unavailable': False, 'install_base': '/home/saikiran335/ros2_mark_ws/install/mark_py_pkg', 'merge_install': False, 'path': '/home/saikiran335/ros2_mark_ws/src/mark_py_pkg', 'symlink_install': False, 'test_result_base': None}
[0.240s] Level 5:colcon.colcon_core.verb:set package 'mark_bringup' build argument 'cmake_args' from command line to 'None'
[0.240s] Level 5:colcon.colcon_core.verb:set package 'mark_bringup' build argument 'cmake_target' from command line to 'None'
[0.240s] Level 5:colcon.colcon_core.verb:set package 'mark_bringup' build argument 'cmake_target_skip_unavailable' from command line to 'False'
[0.240s] Level 5:colcon.colcon_core.verb:set package 'mark_bringup' build argument 'cmake_clean_cache' from command line to 'False'
[0.240s] Level 5:colcon.colcon_core.verb:set package 'mark_bringup' build argument 'cmake_clean_first' from command line to 'False'
[0.240s] Level 5:colcon.colcon_core.verb:set package 'mark_bringup' build argument 'cmake_force_configure' from command line to 'False'
[0.240s] Level 5:colcon.colcon_core.verb:set package 'mark_bringup' build argument 'ament_cmake_args' from command line to 'None'
[0.240s] Level 5:colcon.colcon_core.verb:set package 'mark_bringup' build argument 'catkin_cmake_args' from command line to 'None'
[0.240s] Level 5:colcon.colcon_core.verb:set package 'mark_bringup' build argument 'catkin_skip_building_tests' from command line to 'False'
[0.241s] DEBUG:colcon.colcon_core.verb:Building package 'mark_bringup' with the following arguments: {'ament_cmake_args': None, 'build_base': '/home/saikiran335/ros2_mark_ws/build/mark_bringup', 'catkin_cmake_args': None, 'catkin_skip_building_tests': False, 'cmake_args': None, 'cmake_clean_cache': False, 'cmake_clean_first': False, 'cmake_force_configure': False, 'cmake_target': None, 'cmake_target_skip_unavailable': False, 'install_base': '/home/saikiran335/ros2_mark_ws/install/mark_bringup', 'merge_install': False, 'path': '/home/saikiran335/ros2_mark_ws/src/mark_bringup', 'symlink_install': False, 'test_result_base': None}
[0.241s] INFO:colcon.colcon_core.executor:Executing jobs using 'parallel' executor
[0.242s] DEBUG:colcon.colcon_parallel_executor.executor.parallel:run_until_complete
[0.242s] INFO:colcon.colcon_ros.task.ament_cmake.build:Building ROS package in '/home/saikiran335/ros2_mark_ws/src/mark_interfaces' with build type 'ament_cmake'
[0.242s] INFO:colcon.colcon_cmake.task.cmake.build:Building CMake package in '/home/saikiran335/ros2_mark_ws/src/mark_interfaces'
[0.246s] INFO:colcon.colcon_core.plugin_system:Skipping extension 'colcon_core.shell.bat': Not used on non-Windows systems
[0.246s] INFO:colcon.colcon_core.shell:Skip shell extension 'powershell' for command environment: Not usable outside of PowerShell
[0.246s] DEBUG:colcon.colcon_core.shell:Skip shell extension 'dsv' for command environment
[0.249s] INFO:colcon.colcon_ros.task.ament_cmake.build:Building ROS package in '/home/saikiran335/ros2_mark_ws/src/mark_cpp_pkg' with build type 'ament_cmake'
[0.249s] INFO:colcon.colcon_cmake.task.cmake.build:Building CMake package in '/home/saikiran335/ros2_mark_ws/src/mark_cpp_pkg'
[0.249s] INFO:colcon.colcon_core.shell:Skip shell extension 'powershell' for command environment: Not usable outside of PowerShell
[0.249s] DEBUG:colcon.colcon_core.shell:Skip shell extension 'dsv' for command environment
[0.252s] INFO:colcon.colcon_ros.task.ament_python.build:Building ROS package in '/home/saikiran335/ros2_mark_ws/src/turtlesim_catch_them_all' with build type 'ament_python'
[0.252s] Level 1:colcon.colcon_core.shell:create_environment_hook('turtlesim_catch_them_all', 'ament_prefix_path')
[0.252s] INFO:colcon.colcon_core.shell:Creating environment hook '/home/saikiran335/ros2_mark_ws/install/turtlesim_catch_them_all/share/turtlesim_catch_them_all/hook/ament_prefix_path.ps1'
[0.253s] INFO:colcon.colcon_core.shell:Creating environment descriptor '/home/saikiran335/ros2_mark_ws/install/turtlesim_catch_them_all/share/turtlesim_catch_them_all/hook/ament_prefix_path.dsv'
[0.253s] INFO:colcon.colcon_core.shell:Creating environment hook '/home/saikiran335/ros2_mark_ws/install/turtlesim_catch_them_all/share/turtlesim_catch_them_all/hook/ament_prefix_path.sh'
[0.253s] INFO:colcon.colcon_core.shell:Skip shell extension 'powershell' for command environment: Not usable outside of PowerShell
[0.253s] DEBUG:colcon.colcon_core.shell:Skip shell extension 'dsv' for command environment
[0.259s] DEBUG:colcon.colcon_core.event_handler.log_command:Invoking command in '/home/saikiran335/ros2_mark_ws/build/mark_interfaces': CMAKE_PREFIX_PATH=${CMAKE_PREFIX_PATH}:/home/saikiran335/ros2_mark_ws/install/turtlesim_catch_them_all:/home/saikiran335/ros2_mark_ws/install/mark_py_pkg:/opt/ros/jazzy DEBUGINFOD_URLS=https://debuginfod.ubuntu.com /usr/bin/cmake /home/saikiran335/ros2_mark_ws/src/mark_interfaces -DCMAKE_INSTALL_PREFIX=/home/saikiran335/ros2_mark_ws/install/mark_interfaces
[0.261s] DEBUG:colcon.colcon_core.event_handler.log_command:Invoking command in '/home/saikiran335/ros2_mark_ws/build/mark_cpp_pkg': CMAKE_PREFIX_PATH=${CMAKE_PREFIX_PATH}:/home/saikiran335/ros2_mark_ws/install/turtlesim_catch_them_all:/home/saikiran335/ros2_mark_ws/install/mark_py_pkg:/opt/ros/jazzy DEBUGINFOD_URLS=https://debuginfod.ubuntu.com /usr/bin/cmake /home/saikiran335/ros2_mark_ws/src/mark_cpp_pkg -DCMAKE_INSTALL_PREFIX=/home/saikiran335/ros2_mark_ws/install/mark_cpp_pkg
[0.438s] INFO:colcon.colcon_core.task.python.build:Building Python package in '/home/saikiran335/ros2_mark_ws/src/turtlesim_catch_them_all'
[0.438s] INFO:colcon.colcon_core.shell:Skip shell extension 'powershell' for command environment: Not usable outside of PowerShell
[0.438s] DEBUG:colcon.colcon_core.shell:Skip shell extension 'dsv' for command environment
[0.905s] DEBUG:colcon.colcon_core.event_handler.log_command:Invoking command in '/home/saikiran335/ros2_mark_ws/src/turtlesim_catch_them_all': DEBUGINFOD_URLS=https://debuginfod.ubuntu.com PYTHONPATH=/home/saikiran335/ros2_mark_ws/build/turtlesim_catch_them_all/prefix_override:/usr/lib/python3/dist-packages/colcon_core/task/python/colcon_distutils_commands:/home/saikiran335/ros2_mark_ws/install/turtlesim_catch_them_all/lib/python3.12/site-packages:${PYTHONPATH} /usr/bin/python3 -W ignore:setup.py install is deprecated -W ignore:easy_install command is deprecated setup.py egg_info --egg-base ../../build/turtlesim_catch_them_all build --build-base /home/saikiran335/ros2_mark_ws/build/turtlesim_catch_them_all/build install --record /home/saikiran335/ros2_mark_ws/build/turtlesim_catch_them_all/install.log --single-version-externally-managed install_data
[1.286s] DEBUG:colcon.colcon_core.event_handler.log_command:Invoked command in '/home/saikiran335/ros2_mark_ws/src/turtlesim_catch_them_all' returned '0': DEBUGINFOD_URLS=https://debuginfod.ubuntu.com PYTHONPATH=/home/saikiran335/ros2_mark_ws/build/turtlesim_catch_them_all/prefix_override:/usr/lib/python3/dist-packages/colcon_core/task/python/colcon_distutils_commands:/home/saikiran335/ros2_mark_ws/install/turtlesim_catch_them_all/lib/python3.12/site-packages:${PYTHONPATH} /usr/bin/python3 -W ignore:setup.py install is deprecated -W ignore:easy_install command is deprecated setup.py egg_info --egg-base ../../build/turtlesim_catch_them_all build --build-base /home/saikiran335/ros2_mark_ws/build/turtlesim_catch_them_all/build install --record /home/saikiran335/ros2_mark_ws/build/turtlesim_catch_them_all/install.log --single-version-externally-managed install_data
[1.293s] Level 1:colcon.colcon_core.environment:checking '/home/saikiran335/ros2_mark_ws/install/turtlesim_catch_them_all' for CMake module files
[1.294s] Level 1:colcon.colcon_core.environment:checking '/home/saikiran335/ros2_mark_ws/install/turtlesim_catch_them_all' for CMake config files
[1.295s] Level 1:colcon.colcon_core.environment:checking '/home/saikiran335/ros2_mark_ws/install/turtlesim_catch_them_all/lib'
[1.295s] Level 1:colcon.colcon_core.environment:checking '/home/saikiran335/ros2_mark_ws/install/turtlesim_catch_them_all/bin'
[1.295s] Level 1:colcon.colcon_core.environment:checking '/home/saikiran335/ros2_mark_ws/install/turtlesim_catch_them_all/lib/pkgconfig/turtlesim_catch_them_all.pc'
[1.295s] Level 1:colcon.colcon_core.environment:checking '/home/saikiran335/ros2_mark_ws/install/turtlesim_catch_them_all/lib/python3.12/site-packages'
[1.295s] Level 1:colcon.colcon_core.shell:create_environment_hook('turtlesim_catch_them_all', 'pythonpath')
[1.296s] INFO:colcon.colcon_core.shell:Creating environment hook '/home/saikiran335/ros2_mark_ws/install/turtlesim_catch_them_all/share/turtlesim_catch_them_all/hook/pythonpath.ps1'
[1.296s] INFO:colcon.colcon_core.shell:Creating environment descriptor '/home/saikiran335/ros2_mark_ws/install/turtlesim_catch_them_all/share/turtlesim_catch_them_all/hook/pythonpath.dsv'
[1.297s] INFO:colcon.colcon_core.shell:Creating environment hook '/home/saikiran335/ros2_mark_ws/install/turtlesim_catch_them_all/share/turtlesim_catch_them_all/hook/pythonpath.sh'
[1.297s] Level 1:colcon.colcon_core.environment:checking '/home/saikiran335/ros2_mark_ws/install/turtlesim_catch_them_all/bin'
[1.298s] Level 1:colcon.colcon_core.environment:create_environment_scripts_only(turtlesim_catch_them_all)
[1.298s] INFO:colcon.colcon_core.shell:Creating package script '/home/saikiran335/ros2_mark_ws/install/turtlesim_catch_them_all/share/turtlesim_catch_them_all/package.ps1'
[1.299s] INFO:colcon.colcon_core.shell:Creating package descriptor '/home/saikiran335/ros2_mark_ws/install/turtlesim_catch_them_all/share/turtlesim_catch_them_all/package.dsv'
[1.299s] INFO:colcon.colcon_core.shell:Creating package script '/home/saikiran335/ros2_mark_ws/install/turtlesim_catch_them_all/share/turtlesim_catch_them_all/package.sh'
[1.300s] INFO:colcon.colcon_core.shell:Creating package script '/home/saikiran335/ros2_mark_ws/install/turtlesim_catch_them_all/share/turtlesim_catch_them_all/package.bash'
[1.301s] INFO:colcon.colcon_core.shell:Creating package script '/home/saikiran335/ros2_mark_ws/install/turtlesim_catch_them_all/share/turtlesim_catch_them_all/package.zsh'
[1.302s] Level 1:colcon.colcon_core.environment:create_file_with_runtime_dependencies(/home/saikiran335/ros2_mark_ws/install/turtlesim_catch_them_all/share/colcon-core/packages/turtlesim_catch_them_all)
[1.435s] DEBUG:colcon.colcon_core.event_handler.log_command:Invoked command in '/home/saikiran335/ros2_mark_ws/build/mark_cpp_pkg' returned '0': CMAKE_PREFIX_PATH=${CMAKE_PREFIX_PATH}:/home/saikiran335/ros2_mark_ws/install/turtlesim_catch_them_all:/home/saikiran335/ros2_mark_ws/install/mark_py_pkg:/opt/ros/jazzy DEBUGINFOD_URLS=https://debuginfod.ubuntu.com /usr/bin/cmake /home/saikiran335/ros2_mark_ws/src/mark_cpp_pkg -DCMAKE_INSTALL_PREFIX=/home/saikiran335/ros2_mark_ws/install/mark_cpp_pkg
[1.435s] DEBUG:colcon.colcon_core.event_handler.log_command:Invoking command in '/home/saikiran335/ros2_mark_ws/build/mark_cpp_pkg': CMAKE_PREFIX_PATH=${CMAKE_PREFIX_PATH}:/home/saikiran335/ros2_mark_ws/install/turtlesim_catch_them_all:/home/saikiran335/ros2_mark_ws/install/mark_py_pkg:/opt/ros/jazzy DEBUGINFOD_URLS=https://debuginfod.ubuntu.com /usr/bin/cmake --build /home/saikiran335/ros2_mark_ws/build/mark_cpp_pkg -- -j16 -l16
[1.483s] DEBUG:colcon.colcon_core.event_handler.log_command:Invoked command in '/home/saikiran335/ros2_mark_ws/build/mark_cpp_pkg' returned '0': CMAKE_PREFIX_PATH=${CMAKE_PREFIX_PATH}:/home/saikiran335/ros2_mark_ws/install/turtlesim_catch_them_all:/home/saikiran335/ros2_mark_ws/install/mark_py_pkg:/opt/ros/jazzy DEBUGINFOD_URLS=https://debuginfod.ubuntu.com /usr/bin/cmake --build /home/saikiran335/ros2_mark_ws/build/mark_cpp_pkg -- -j16 -l16
[1.494s] DEBUG:colcon.colcon_core.event_handler.log_command:Invoking command in '/home/saikiran335/ros2_mark_ws/build/mark_cpp_pkg': CMAKE_PREFIX_PATH=${CMAKE_PREFIX_PATH}:/home/saikiran335/ros2_mark_ws/install/turtlesim_catch_them_all:/home/saikiran335/ros2_mark_ws/install/mark_py_pkg:/opt/ros/jazzy DEBUGINFOD_URLS=https://debuginfod.ubuntu.com /usr/bin/cmake --install /home/saikiran335/ros2_mark_ws/build/mark_cpp_pkg
[1.505s] Level 1:colcon.colcon_core.environment:create_environment_scripts_only(mark_cpp_pkg)
[1.505s] Level 1:colcon.colcon_core.environment:checking '/home/saikiran335/ros2_mark_ws/install/mark_cpp_pkg' for CMake module files
[1.506s] DEBUG:colcon.colcon_core.event_handler.log_command:Invoked command in '/home/saikiran335/ros2_mark_ws/build/mark_cpp_pkg' returned '0': CMAKE_PREFIX_PATH=${CMAKE_PREFIX_PATH}:/home/saikiran335/ros2_mark_ws/install/turtlesim_catch_them_all:/home/saikiran335/ros2_mark_ws/install/mark_py_pkg:/opt/ros/jazzy DEBUGINFOD_URLS=https://debuginfod.ubuntu.com /usr/bin/cmake --install /home/saikiran335/ros2_mark_ws/build/mark_cpp_pkg
[1.506s] Level 1:colcon.colcon_core.environment:checking '/home/saikiran335/ros2_mark_ws/install/mark_cpp_pkg' for CMake config files
[1.506s] Level 1:colcon.colcon_core.shell:create_environment_hook('mark_cpp_pkg', 'cmake_prefix_path')
[1.507s] INFO:colcon.colcon_core.shell:Creating environment hook '/home/saikiran335/ros2_mark_ws/install/mark_cpp_pkg/share/mark_cpp_pkg/hook/cmake_prefix_path.ps1'
[1.507s] INFO:colcon.colcon_core.shell:Creating environment descriptor '/home/saikiran335/ros2_mark_ws/install/mark_cpp_pkg/share/mark_cpp_pkg/hook/cmake_prefix_path.dsv'
[1.507s] INFO:colcon.colcon_core.shell:Creating environment hook '/home/saikiran335/ros2_mark_ws/install/mark_cpp_pkg/share/mark_cpp_pkg/hook/cmake_prefix_path.sh'
[1.508s] Level 1:colcon.colcon_core.environment:checking '/home/saikiran335/ros2_mark_ws/install/mark_cpp_pkg/bin'
[1.508s] Level 1:colcon.colcon_core.environment:checking '/home/saikiran335/ros2_mark_ws/install/mark_cpp_pkg/lib/pkgconfig/mark_cpp_pkg.pc'
[1.508s] Level 1:colcon.colcon_core.environment:checking '/home/saikiran335/ros2_mark_ws/install/mark_cpp_pkg/lib/python3.12/site-packages'
[1.508s] Level 1:colcon.colcon_core.environment:checking '/home/saikiran335/ros2_mark_ws/install/mark_cpp_pkg/bin'
[1.508s] INFO:colcon.colcon_core.shell:Creating package script '/home/saikiran335/ros2_mark_ws/install/mark_cpp_pkg/share/mark_cpp_pkg/package.ps1'
[1.508s] INFO:colcon.colcon_core.shell:Creating package descriptor '/home/saikiran335/ros2_mark_ws/install/mark_cpp_pkg/share/mark_cpp_pkg/package.dsv'
[1.509s] INFO:colcon.colcon_core.shell:Creating package script '/home/saikiran335/ros2_mark_ws/install/mark_cpp_pkg/share/mark_cpp_pkg/package.sh'
[1.509s] INFO:colcon.colcon_core.shell:Creating package script '/home/saikiran335/ros2_mark_ws/install/mark_cpp_pkg/share/mark_cpp_pkg/package.bash'
[1.509s] INFO:colcon.colcon_core.shell:Creating package script '/home/saikiran335/ros2_mark_ws/install/mark_cpp_pkg/share/mark_cpp_pkg/package.zsh'
[1.509s] Level 1:colcon.colcon_core.environment:create_file_with_runtime_dependencies(/home/saikiran335/ros2_mark_ws/install/mark_cpp_pkg/share/colcon-core/packages/mark_cpp_pkg)
[1.509s] Level 1:colcon.colcon_core.environment:create_environment_scripts_only(mark_cpp_pkg)
[1.510s] Level 1:colcon.colcon_core.environment:checking '/home/saikiran335/ros2_mark_ws/install/mark_cpp_pkg' for CMake module files
[1.510s] Level 1:colcon.colcon_core.environment:checking '/home/saikiran335/ros2_mark_ws/install/mark_cpp_pkg' for CMake config files
[1.510s] Level 1:colcon.colcon_core.shell:create_environment_hook('mark_cpp_pkg', 'cmake_prefix_path')
[1.510s] INFO:colcon.colcon_core.shell:Creating environment hook '/home/saikiran335/ros2_mark_ws/install/mark_cpp_pkg/share/mark_cpp_pkg/hook/cmake_prefix_path.ps1'
[1.510s] INFO:colcon.colcon_core.shell:Creating environment descriptor '/home/saikiran335/ros2_mark_ws/install/mark_cpp_pkg/share/mark_cpp_pkg/hook/cmake_prefix_path.dsv'
[1.510s] INFO:colcon.colcon_core.shell:Creating environment hook '/home/saikiran335/ros2_mark_ws/install/mark_cpp_pkg/share/mark_cpp_pkg/hook/cmake_prefix_path.sh'
[1.511s] Level 1:colcon.colcon_core.environment:checking '/home/saikiran335/ros2_mark_ws/install/mark_cpp_pkg/bin'
[1.511s] Level 1:colcon.colcon_core.environment:checking '/home/saikiran335/ros2_mark_ws/install/mark_cpp_pkg/lib/pkgconfig/mark_cpp_pkg.pc'
[1.511s] Level 1:colcon.colcon_core.environment:checking '/home/saikiran335/ros2_mark_ws/install/mark_cpp_pkg/lib/python3.12/site-packages'
[1.511s] Level 1:colcon.colcon_core.environment:checking '/home/saikiran335/ros2_mark_ws/install/mark_cpp_pkg/bin'
[1.511s] INFO:colcon.colcon_core.shell:Creating package script '/home/saikiran335/ros2_mark_ws/install/mark_cpp_pkg/share/mark_cpp_pkg/package.ps1'
[1.511s] INFO:colcon.colcon_core.shell:Creating package descriptor '/home/saikiran335/ros2_mark_ws/install/mark_cpp_pkg/share/mark_cpp_pkg/package.dsv'
[1.525s] INFO:colcon.colcon_core.shell:Creating package script '/home/saikiran335/ros2_mark_ws/install/mark_cpp_pkg/share/mark_cpp_pkg/package.sh'
[1.526s] INFO:colcon.colcon_core.shell:Creating package script '/home/saikiran335/ros2_mark_ws/install/mark_cpp_pkg/share/mark_cpp_pkg/package.bash'
[1.526s] INFO:colcon.colcon_core.shell:Creating package script '/home/saikiran335/ros2_mark_ws/install/mark_cpp_pkg/share/mark_cpp_pkg/package.zsh'
[1.527s] Level 1:colcon.colcon_core.environment:create_file_with_runtime_dependencies(/home/saikiran335/ros2_mark_ws/install/mark_cpp_pkg/share/colcon-core/packages/mark_cpp_pkg)
[3.099s] DEBUG:colcon.colcon_core.event_handler.log_command:Invoked command in '/home/saikiran335/ros2_mark_ws/build/mark_interfaces' returned '0': CMAKE_PREFIX_PATH=${CMAKE_PREFIX_PATH}:/home/saikiran335/ros2_mark_ws/install/turtlesim_catch_them_all:/home/saikiran335/ros2_mark_ws/install/mark_py_pkg:/opt/ros/jazzy DEBUGINFOD_URLS=https://debuginfod.ubuntu.com /usr/bin/cmake /home/saikiran335/ros2_mark_ws/src/mark_interfaces -DCMAKE_INSTALL_PREFIX=/home/saikiran335/ros2_mark_ws/install/mark_interfaces
[3.101s] DEBUG:colcon.colcon_core.event_handler.log_command:Invoking command in '/home/saikiran335/ros2_mark_ws/build/mark_interfaces': CMAKE_PREFIX_PATH=${CMAKE_PREFIX_PATH}:/home/saikiran335/ros2_mark_ws/install/turtlesim_catch_them_all:/home/saikiran335/ros2_mark_ws/install/mark_py_pkg:/opt/ros/jazzy DEBUGINFOD_URLS=https://debuginfod.ubuntu.com /usr/bin/cmake --build /home/saikiran335/ros2_mark_ws/build/mark_interfaces -- -j16 -l16
[6.326s] DEBUG:colcon.colcon_core.event_handler.log_command:Invoked command in '/home/saikiran335/ros2_mark_ws/build/mark_interfaces' returned '0': CMAKE_PREFIX_PATH=${CMAKE_PREFIX_PATH}:/home/saikiran335/ros2_mark_ws/install/turtlesim_catch_them_all:/home/saikiran335/ros2_mark_ws/install/mark_py_pkg:/opt/ros/jazzy DEBUGINFOD_URLS=https://debuginfod.ubuntu.com /usr/bin/cmake --build /home/saikiran335/ros2_mark_ws/build/mark_interfaces -- -j16 -l16
[6.327s] DEBUG:colcon.colcon_core.event_handler.log_command:Invoking command in '/home/saikiran335/ros2_mark_ws/build/mark_interfaces': CMAKE_PREFIX_PATH=${CMAKE_PREFIX_PATH}:/home/saikiran335/ros2_mark_ws/install/turtlesim_catch_them_all:/home/saikiran335/ros2_mark_ws/install/mark_py_pkg:/opt/ros/jazzy DEBUGINFOD_URLS=https://debuginfod.ubuntu.com /usr/bin/cmake --install /home/saikiran335/ros2_mark_ws/build/mark_interfaces
[6.427s] Level 1:colcon.colcon_core.environment:create_environment_scripts_only(mark_interfaces)
[6.427s] Level 1:colcon.colcon_core.environment:checking '/home/saikiran335/ros2_mark_ws/install/mark_interfaces' for CMake module files
[6.428s] DEBUG:colcon.colcon_core.event_handler.log_command:Invoked command in '/home/saikiran335/ros2_mark_ws/build/mark_interfaces' returned '0': CMAKE_PREFIX_PATH=${CMAKE_PREFIX_PATH}:/home/saikiran335/ros2_mark_ws/install/turtlesim_catch_them_all:/home/saikiran335/ros2_mark_ws/install/mark_py_pkg:/opt/ros/jazzy DEBUGINFOD_URLS=https://debuginfod.ubuntu.com /usr/bin/cmake --install /home/saikiran335/ros2_mark_ws/build/mark_interfaces
[6.429s] Level 1:colcon.colcon_core.environment:checking '/home/saikiran335/ros2_mark_ws/install/mark_interfaces' for CMake config files
[6.429s] Level 1:colcon.colcon_core.shell:create_environment_hook('mark_interfaces', 'cmake_prefix_path')
[6.429s] INFO:colcon.colcon_core.shell:Creating environment hook '/home/saikiran335/ros2_mark_ws/install/mark_interfaces/share/mark_interfaces/hook/cmake_prefix_path.ps1'
[6.430s] INFO:colcon.colcon_core.shell:Creating environment descriptor '/home/saikiran335/ros2_mark_ws/install/mark_interfaces/share/mark_interfaces/hook/cmake_prefix_path.dsv'
[6.430s] INFO:colcon.colcon_core.shell:Creating environment hook '/home/saikiran335/ros2_mark_ws/install/mark_interfaces/share/mark_interfaces/hook/cmake_prefix_path.sh'
[6.431s] Level 1:colcon.colcon_core.environment:checking '/home/saikiran335/ros2_mark_ws/install/mark_interfaces/lib'
[6.431s] Level 1:colcon.colcon_core.shell:create_environment_hook('mark_interfaces', 'ld_library_path_lib')
[6.432s] INFO:colcon.colcon_core.shell:Creating environment hook '/home/saikiran335/ros2_mark_ws/install/mark_interfaces/share/mark_interfaces/hook/ld_library_path_lib.ps1'
[6.432s] INFO:colcon.colcon_core.shell:Creating environment descriptor '/home/saikiran335/ros2_mark_ws/install/mark_interfaces/share/mark_interfaces/hook/ld_library_path_lib.dsv'
[6.433s] INFO:colcon.colcon_core.shell:Creating environment hook '/home/saikiran335/ros2_mark_ws/install/mark_interfaces/share/mark_interfaces/hook/ld_library_path_lib.sh'
[6.433s] Level 1:colcon.colcon_core.environment:checking '/home/saikiran335/ros2_mark_ws/install/mark_interfaces/bin'
[6.433s] Level 1:colcon.colcon_core.environment:checking '/home/saikiran335/ros2_mark_ws/install/mark_interfaces/lib/pkgconfig/mark_interfaces.pc'
[6.434s] Level 1:colcon.colcon_core.environment:checking '/home/saikiran335/ros2_mark_ws/install/mark_interfaces/lib/python3.12/site-packages'
[6.434s] Level 1:colcon.colcon_core.shell:create_environment_hook('mark_interfaces', 'pythonpath')
[6.434s] INFO:colcon.colcon_core.shell:Creating environment hook '/home/saikiran335/ros2_mark_ws/install/mark_interfaces/share/mark_interfaces/hook/pythonpath.ps1'
[6.435s] INFO:colcon.colcon_core.shell:Creating environment descriptor '/home/saikiran335/ros2_mark_ws/install/mark_interfaces/share/mark_interfaces/hook/pythonpath.dsv'
[6.435s] INFO:colcon.colcon_core.shell:Creating environment hook '/home/saikiran335/ros2_mark_ws/install/mark_interfaces/share/mark_interfaces/hook/pythonpath.sh'
[6.436s] Level 1:colcon.colcon_core.environment:checking '/home/saikiran335/ros2_mark_ws/install/mark_interfaces/bin'
[6.437s] INFO:colcon.colcon_core.shell:Creating package script '/home/saikiran335/ros2_mark_ws/install/mark_interfaces/share/mark_interfaces/package.ps1'
[6.437s] INFO:colcon.colcon_core.shell:Creating package descriptor '/home/saikiran335/ros2_mark_ws/install/mark_interfaces/share/mark_interfaces/package.dsv'
[6.438s] INFO:colcon.colcon_core.shell:Creating package script '/home/saikiran335/ros2_mark_ws/install/mark_interfaces/share/mark_interfaces/package.sh'
[6.439s] INFO:colcon.colcon_core.shell:Creating package script '/home/saikiran335/ros2_mark_ws/install/mark_interfaces/share/mark_interfaces/package.bash'
[6.439s] INFO:colcon.colcon_core.shell:Creating package script '/home/saikiran335/ros2_mark_ws/install/mark_interfaces/share/mark_interfaces/package.zsh'
[6.440s] Level 1:colcon.colcon_core.environment:create_file_with_runtime_dependencies(/home/saikiran335/ros2_mark_ws/install/mark_interfaces/share/colcon-core/packages/mark_interfaces)
[6.441s] Level 1:colcon.colcon_core.environment:create_environment_scripts_only(mark_interfaces)
[6.441s] Level 1:colcon.colcon_core.environment:checking '/home/saikiran335/ros2_mark_ws/install/mark_interfaces' for CMake module files
[6.442s] Level 1:colcon.colcon_core.environment:checking '/home/saikiran335/ros2_mark_ws/install/mark_interfaces' for CMake config files
[6.442s] Level 1:colcon.colcon_core.shell:create_environment_hook('mark_interfaces', 'cmake_prefix_path')
[6.443s] INFO:colcon.colcon_core.shell:Creating environment hook '/home/saikiran335/ros2_mark_ws/install/mark_interfaces/share/mark_interfaces/hook/cmake_prefix_path.ps1'
[6.443s] INFO:colcon.colcon_core.shell:Creating environment descriptor '/home/saikiran335/ros2_mark_ws/install/mark_interfaces/share/mark_interfaces/hook/cmake_prefix_path.dsv'
[6.444s] INFO:colcon.colcon_core.shell:Creating environment hook '/home/saikiran335/ros2_mark_ws/install/mark_interfaces/share/mark_interfaces/hook/cmake_prefix_path.sh'
[6.445s] Level 1:colcon.colcon_core.environment:checking '/home/saikiran335/ros2_mark_ws/install/mark_interfaces/lib'
[6.445s] Level 1:colcon.colcon_core.shell:create_environment_hook('mark_interfaces', 'ld_library_path_lib')
[6.445s] INFO:colcon.colcon_core.shell:Creating environment hook '/home/saikiran335/ros2_mark_ws/install/mark_interfaces/share/mark_interfaces/hook/ld_library_path_lib.ps1'
[6.446s] INFO:colcon.colcon_core.shell:Creating environment descriptor '/home/saikiran335/ros2_mark_ws/install/mark_interfaces/share/mark_interfaces/hook/ld_library_path_lib.dsv'
[6.446s] INFO:colcon.colcon_core.shell:Creating environment hook '/home/saikiran335/ros2_mark_ws/install/mark_interfaces/share/mark_interfaces/hook/ld_library_path_lib.sh'
[6.447s] Level 1:colcon.colcon_core.environment:checking '/home/saikiran335/ros2_mark_ws/install/mark_interfaces/bin'
[6.447s] Level 1:colcon.colcon_core.environment:checking '/home/saikiran335/ros2_mark_ws/install/mark_interfaces/lib/pkgconfig/mark_interfaces.pc'
[6.447s] Level 1:colcon.colcon_core.environment:checking '/home/saikiran335/ros2_mark_ws/install/mark_interfaces/lib/python3.12/site-packages'
[6.448s] Level 1:colcon.colcon_core.shell:create_environment_hook('mark_interfaces', 'pythonpath')
[6.448s] INFO:colcon.colcon_core.shell:Creating environment hook '/home/saikiran335/ros2_mark_ws/install/mark_interfaces/share/mark_interfaces/hook/pythonpath.ps1'
[6.448s] INFO:colcon.colcon_core.shell:Creating environment descriptor '/home/saikiran335/ros2_mark_ws/install/mark_interfaces/share/mark_interfaces/hook/pythonpath.dsv'
[6.449s] INFO:colcon.colcon_core.shell:Creating environment hook '/home/saikiran335/ros2_mark_ws/install/mark_interfaces/share/mark_interfaces/hook/pythonpath.sh'
[6.450s] Level 1:colcon.colcon_core.environment:checking '/home/saikiran335/ros2_mark_ws/install/mark_interfaces/bin'
[6.450s] INFO:colcon.colcon_core.shell:Creating package script '/home/saikiran335/ros2_mark_ws/install/mark_interfaces/share/mark_interfaces/package.ps1'
[6.451s] INFO:colcon.colcon_core.shell:Creating package descriptor '/home/saikiran335/ros2_mark_ws/install/mark_interfaces/share/mark_interfaces/package.dsv'
[6.452s] INFO:colcon.colcon_core.shell:Creating package script '/home/saikiran335/ros2_mark_ws/install/mark_interfaces/share/mark_interfaces/package.sh'
[6.453s] INFO:colcon.colcon_core.shell:Creating package script '/home/saikiran335/ros2_mark_ws/install/mark_interfaces/share/mark_interfaces/package.bash'
[6.453s] INFO:colcon.colcon_core.shell:Creating package script '/home/saikiran335/ros2_mark_ws/install/mark_interfaces/share/mark_interfaces/package.zsh'
[6.454s] Level 1:colcon.colcon_core.environment:create_file_with_runtime_dependencies(/home/saikiran335/ros2_mark_ws/install/mark_interfaces/share/colcon-core/packages/mark_interfaces)
[6.454s] INFO:colcon.colcon_ros.task.ament_python.build:Building ROS package in '/home/saikiran335/ros2_mark_ws/src/mark_py_pkg' with build type 'ament_python'
[6.455s] Level 1:colcon.colcon_core.shell:create_environment_hook('mark_py_pkg', 'ament_prefix_path')
[6.455s] INFO:colcon.colcon_core.shell:Creating environment hook '/home/saikiran335/ros2_mark_ws/install/mark_py_pkg/share/mark_py_pkg/hook/ament_prefix_path.ps1'
[6.456s] INFO:colcon.colcon_core.shell:Creating environment descriptor '/home/saikiran335/ros2_mark_ws/install/mark_py_pkg/share/mark_py_pkg/hook/ament_prefix_path.dsv'
[6.457s] INFO:colcon.colcon_core.shell:Creating environment hook '/home/saikiran335/ros2_mark_ws/install/mark_py_pkg/share/mark_py_pkg/hook/ament_prefix_path.sh'
[6.457s] INFO:colcon.colcon_core.shell:Skip shell extension 'powershell' for command environment: Not usable outside of PowerShell
[6.457s] DEBUG:colcon.colcon_core.shell:Skip shell extension 'dsv' for command environment
[6.605s] INFO:colcon.colcon_core.task.python.build:Building Python package in '/home/saikiran335/ros2_mark_ws/src/mark_py_pkg'
[6.606s] INFO:colcon.colcon_core.shell:Skip shell extension 'powershell' for command environment: Not usable outside of PowerShell
[6.606s] DEBUG:colcon.colcon_core.shell:Skip shell extension 'dsv' for command environment
[6.970s] DEBUG:colcon.colcon_core.event_handler.log_command:Invoking command in '/home/saikiran335/ros2_mark_ws/src/mark_py_pkg': CMAKE_PREFIX_PATH=/home/saikiran335/ros2_mark_ws/install/mark_interfaces:/home/saikiran335/ros2_mark_ws/install/mark_bringup:/home/saikiran335/ros2_mark_ws/install/mark_cpp_pkg:/home/saikiran335/ros2_jarvis_ws/install/jarvis_bringup:/home/saikiran335/ros2_jarvis_ws/install/jarvis_description:/opt/ros/jazzy/opt/gz_math_vendor:/opt/ros/jazzy/opt/gz_utils_vendor:/opt/ros/jazzy/opt/gz_cmake_vendor DEBUGINFOD_URLS=https://debuginfod.ubuntu.com PYTHONPATH=/home/saikiran335/ros2_mark_ws/build/mark_py_pkg/prefix_override:/usr/lib/python3/dist-packages/colcon_core/task/python/colcon_distutils_commands:/home/saikiran335/ros2_mark_ws/install/mark_py_pkg/lib/python3.12/site-packages:/home/saikiran335/ros2_mark_ws/install/mark_interfaces/lib/python3.12/site-packages:/home/saikiran335/ros2_mark_ws/build/turtlesim_catch_them_all:/home/saikiran335/ros2_mark_ws/install/turtlesim_catch_them_all/lib/python3.12/site-packages:/home/saikiran335/ros2_mark_ws/install/mark_py_pkg/lib/python3.12/site-packages:/opt/ros/jazzy/lib/python3.12/site-packages /usr/bin/python3 -W ignore:setup.py install is deprecated -W ignore:easy_install command is deprecated setup.py egg_info --egg-base ../../build/mark_py_pkg build --build-base /home/saikiran335/ros2_mark_ws/build/mark_py_pkg/build install --record /home/saikiran335/ros2_mark_ws/build/mark_py_pkg/install.log --single-version-externally-managed install_data
[7.290s] Level 1:colcon.colcon_core.environment:checking '/home/saikiran335/ros2_mark_ws/install/mark_py_pkg' for CMake module files
[7.291s] DEBUG:colcon.colcon_core.event_handler.log_command:Invoked command in '/home/saikiran335/ros2_mark_ws/src/mark_py_pkg' returned '0': CMAKE_PREFIX_PATH=/home/saikiran335/ros2_mark_ws/install/mark_interfaces:/home/saikiran335/ros2_mark_ws/install/mark_bringup:/home/saikiran335/ros2_mark_ws/install/mark_cpp_pkg:/home/saikiran335/ros2_jarvis_ws/install/jarvis_bringup:/home/saikiran335/ros2_jarvis_ws/install/jarvis_description:/opt/ros/jazzy/opt/gz_math_vendor:/opt/ros/jazzy/opt/gz_utils_vendor:/opt/ros/jazzy/opt/gz_cmake_vendor DEBUGINFOD_URLS=https://debuginfod.ubuntu.com PYTHONPATH=/home/saikiran335/ros2_mark_ws/build/mark_py_pkg/prefix_override:/usr/lib/python3/dist-packages/colcon_core/task/python/colcon_distutils_commands:/home/saikiran335/ros2_mark_ws/install/mark_py_pkg/lib/python3.12/site-packages:/home/saikiran335/ros2_mark_ws/install/mark_interfaces/lib/python3.12/site-packages:/home/saikiran335/ros2_mark_ws/build/turtlesim_catch_them_all:/home/saikiran335/ros2_mark_ws/install/turtlesim_catch_them_all/lib/python3.12/site-packages:/home/saikiran335/ros2_mark_ws/install/mark_py_pkg/lib/python3.12/site-packages:/opt/ros/jazzy/lib/python3.12/site-packages /usr/bin/python3 -W ignore:setup.py install is deprecated -W ignore:easy_install command is deprecated setup.py egg_info --egg-base ../../build/mark_py_pkg build --build-base /home/saikiran335/ros2_mark_ws/build/mark_py_pkg/build install --record /home/saikiran335/ros2_mark_ws/build/mark_py_pkg/install.log --single-version-externally-managed install_data
[7.292s] Level 1:colcon.colcon_core.environment:checking '/home/saikiran335/ros2_mark_ws/install/mark_py_pkg' for CMake config files
[7.293s] Level 1:colcon.colcon_core.environment:checking '/home/saikiran335/ros2_mark_ws/install/mark_py_pkg/lib'
[7.293s] Level 1:colcon.colcon_core.environment:checking '/home/saikiran335/ros2_mark_ws/install/mark_py_pkg/bin'
[7.293s] Level 1:colcon.colcon_core.environment:checking '/home/saikiran335/ros2_mark_ws/install/mark_py_pkg/lib/pkgconfig/mark_py_pkg.pc'
[7.293s] Level 1:colcon.colcon_core.environment:checking '/home/saikiran335/ros2_mark_ws/install/mark_py_pkg/lib/python3.12/site-packages'
[7.294s] Level 1:colcon.colcon_core.shell:create_environment_hook('mark_py_pkg', 'pythonpath')
[7.294s] INFO:colcon.colcon_core.shell:Creating environment hook '/home/saikiran335/ros2_mark_ws/install/mark_py_pkg/share/mark_py_pkg/hook/pythonpath.ps1'
[7.295s] INFO:colcon.colcon_core.shell:Creating environment descriptor '/home/saikiran335/ros2_mark_ws/install/mark_py_pkg/share/mark_py_pkg/hook/pythonpath.dsv'
[7.295s] INFO:colcon.colcon_core.shell:Creating environment hook '/home/saikiran335/ros2_mark_ws/install/mark_py_pkg/share/mark_py_pkg/hook/pythonpath.sh'
[7.296s] Level 1:colcon.colcon_core.environment:checking '/home/saikiran335/ros2_mark_ws/install/mark_py_pkg/bin'
[7.296s] Level 1:colcon.colcon_core.environment:create_environment_scripts_only(mark_py_pkg)
[7.297s] INFO:colcon.colcon_core.shell:Creating package script '/home/saikiran335/ros2_mark_ws/install/mark_py_pkg/share/mark_py_pkg/package.ps1'
[7.297s] INFO:colcon.colcon_core.shell:Creating package descriptor '/home/saikiran335/ros2_mark_ws/install/mark_py_pkg/share/mark_py_pkg/package.dsv'
[7.298s] INFO:colcon.colcon_core.shell:Creating package script '/home/saikiran335/ros2_mark_ws/install/mark_py_pkg/share/mark_py_pkg/package.sh'
[7.299s] INFO:colcon.colcon_core.shell:Creating package script '/home/saikiran335/ros2_mark_ws/install/mark_py_pkg/share/mark_py_pkg/package.bash'
[7.299s] INFO:colcon.colcon_core.shell:Creating package script '/home/saikiran335/ros2_mark_ws/install/mark_py_pkg/share/mark_py_pkg/package.zsh'
[7.300s] Level 1:colcon.colcon_core.environment:create_file_with_runtime_dependencies(/home/saikiran335/ros2_mark_ws/install/mark_py_pkg/share/colcon-core/packages/mark_py_pkg)
[7.300s] INFO:colcon.colcon_ros.task.ament_cmake.build:Building ROS package in '/home/saikiran335/ros2_mark_ws/src/mark_bringup' with build type 'ament_cmake'
[7.300s] INFO:colcon.colcon_cmake.task.cmake.build:Building CMake package in '/home/saikiran335/ros2_mark_ws/src/mark_bringup'
[7.300s] INFO:colcon.colcon_core.shell:Skip shell extension 'powershell' for command environment: Not usable outside of PowerShell
[7.301s] DEBUG:colcon.colcon_core.shell:Skip shell extension 'dsv' for command environment
[7.319s] DEBUG:colcon.colcon_core.event_handler.log_command:Invoking command in '/home/saikiran335/ros2_mark_ws/build/mark_bringup': AMENT_PREFIX_PATH=/home/saikiran335/ros2_mark_ws/install/mark_py_pkg:/home/saikiran335/ros2_mark_ws/install/turtlesim_catch_them_all:/home/saikiran335/ros2_mark_ws/install/mark_bringup:/home/saikiran335/ros2_mark_ws/install/mark_interfaces:/home/saikiran335/ros2_mark_ws/install/mark_cpp_pkg:/home/saikiran335/ros2_jarvis_ws/install/jarvis_bringup:/home/saikiran335/ros2_jarvis_ws/install/jarvis_description:/opt/ros/jazzy CMAKE_PREFIX_PATH=/home/saikiran335/ros2_mark_ws/install/mark_interfaces:/home/saikiran335/ros2_mark_ws/install/mark_bringup:/home/saikiran335/ros2_mark_ws/install/mark_cpp_pkg:/home/saikiran335/ros2_jarvis_ws/install/jarvis_bringup:/home/saikiran335/ros2_jarvis_ws/install/jarvis_description:/opt/ros/jazzy/opt/gz_math_vendor:/opt/ros/jazzy/opt/gz_utils_vendor:/opt/ros/jazzy/opt/gz_cmake_vendor:/home/saikiran335/ros2_mark_ws/install/turtlesim_catch_them_all:/home/saikiran335/ros2_mark_ws/install/mark_py_pkg:/opt/ros/jazzy DEBUGINFOD_URLS=https://debuginfod.ubuntu.com PYTHONPATH=/home/saikiran335/ros2_mark_ws/install/mark_py_pkg/lib/python3.12/site-packages:/home/saikiran335/ros2_mark_ws/install/mark_interfaces/lib/python3.12/site-packages:/home/saikiran335/ros2_mark_ws/build/turtlesim_catch_them_all:/home/saikiran335/ros2_mark_ws/install/turtlesim_catch_them_all/lib/python3.12/site-packages:/opt/ros/jazzy/lib/python3.12/site-packages /usr/bin/cmake /home/saikiran335/ros2_mark_ws/src/mark_bringup -DCMAKE_INSTALL_PREFIX=/home/saikiran335/ros2_mark_ws/install/mark_bringup
[7.936s] DEBUG:colcon.colcon_core.event_handler.log_command:Invoked command in '/home/saikiran335/ros2_mark_ws/build/mark_bringup' returned '0': AMENT_PREFIX_PATH=/home/saikiran335/ros2_mark_ws/install/mark_py_pkg:/home/saikiran335/ros2_mark_ws/install/turtlesim_catch_them_all:/home/saikiran335/ros2_mark_ws/install/mark_bringup:/home/saikiran335/ros2_mark_ws/install/mark_interfaces:/home/saikiran335/ros2_mark_ws/install/mark_cpp_pkg:/home/saikiran335/ros2_jarvis_ws/install/jarvis_bringup:/home/saikiran335/ros2_jarvis_ws/install/jarvis_description:/opt/ros/jazzy CMAKE_PREFIX_PATH=/home/saikiran335/ros2_mark_ws/install/mark_interfaces:/home/saikiran335/ros2_mark_ws/install/mark_bringup:/home/saikiran335/ros2_mark_ws/install/mark_cpp_pkg:/home/saikiran335/ros2_jarvis_ws/install/jarvis_bringup:/home/saikiran335/ros2_jarvis_ws/install/jarvis_description:/opt/ros/jazzy/opt/gz_math_vendor:/opt/ros/jazzy/opt/gz_utils_vendor:/opt/ros/jazzy/opt/gz_cmake_vendor:/home/saikiran335/ros2_mark_ws/install/turtlesim_catch_them_all:/home/saikiran335/ros2_mark_ws/install/mark_py_pkg:/opt/ros/jazzy DEBUGINFOD_URLS=https://debuginfod.ubuntu.com PYTHONPATH=/home/saikiran335/ros2_mark_ws/install/mark_py_pkg/lib/python3.12/site-packages:/home/saikiran335/ros2_mark_ws/install/mark_interfaces/lib/python3.12/site-packages:/home/saikiran335/ros2_mark_ws/build/turtlesim_catch_them_all:/home/saikiran335/ros2_mark_ws/install/turtlesim_catch_them_all/lib/python3.12/site-packages:/opt/ros/jazzy/lib/python3.12/site-packages /usr/bin/cmake /home/saikiran335/ros2_mark_ws/src/mark_bringup -DCMAKE_INSTALL_PREFIX=/home/saikiran335/ros2_mark_ws/install/mark_bringup
[7.937s] DEBUG:colcon.colcon_core.event_handler.log_command:Invoking command in '/home/saikiran335/ros2_mark_ws/build/mark_bringup': AMENT_PREFIX_PATH=/home/saikiran335/ros2_mark_ws/install/mark_py_pkg:/home/saikiran335/ros2_mark_ws/install/turtlesim_catch_them_all:/home/saikiran335/ros2_mark_ws/install/mark_bringup:/home/saikiran335/ros2_mark_ws/install/mark_interfaces:/home/saikiran335/ros2_mark_ws/install/mark_cpp_pkg:/home/saikiran335/ros2_jarvis_ws/install/jarvis_bringup:/home/saikiran335/ros2_jarvis_ws/install/jarvis_description:/opt/ros/jazzy CMAKE_PREFIX_PATH=/home/saikiran335/ros2_mark_ws/install/mark_interfaces:/home/saikiran335/ros2_mark_ws/install/mark_bringup:/home/saikiran335/ros2_mark_ws/install/mark_cpp_pkg:/home/saikiran335/ros2_jarvis_ws/install/jarvis_bringup:/home/saikiran335/ros2_jarvis_ws/install/jarvis_description:/opt/ros/jazzy/opt/gz_math_vendor:/opt/ros/jazzy/opt/gz_utils_vendor:/opt/ros/jazzy/opt/gz_cmake_vendor:/home/saikiran335/ros2_mark_ws/install/turtlesim_catch_them_all:/home/saikiran335/ros2_mark_ws/install/mark_py_pkg:/opt/ros/jazzy DEBUGINFOD_URLS=https://debuginfod.ubuntu.com PYTHONPATH=/home/saikiran335/ros2_mark_ws/install/mark_py_pkg/lib/python3.12/site-packages:/home/saikiran335/ros2_mark_ws/install/mark_interfaces/lib/python3.12/site-packages:/home/saikiran335/ros2_mark_ws/build/turtlesim_catch_them_all:/home/saikiran335/ros2_mark_ws/install/turtlesim_catch_them_all/lib/python3.12/site-packages:/opt/ros/jazzy/lib/python3.12/site-packages /usr/bin/cmake --build /home/saikiran335/ros2_mark_ws/build/mark_bringup -- -j16 -l16
[7.970s] DEBUG:colcon.colcon_core.event_handler.log_command:Invoked command in '/home/saikiran335/ros2_mark_ws/build/mark_bringup' returned '0': AMENT_PREFIX_PATH=/home/saikiran335/ros2_mark_ws/install/mark_py_pkg:/home/saikiran335/ros2_mark_ws/install/turtlesim_catch_them_all:/home/saikiran335/ros2_mark_ws/install/mark_bringup:/home/saikiran335/ros2_mark_ws/install/mark_interfaces:/home/saikiran335/ros2_mark_ws/install/mark_cpp_pkg:/home/saikiran335/ros2_jarvis_ws/install/jarvis_bringup:/home/saikiran335/ros2_jarvis_ws/install/jarvis_description:/opt/ros/jazzy CMAKE_PREFIX_PATH=/home/saikiran335/ros2_mark_ws/install/mark_interfaces:/home/saikiran335/ros2_mark_ws/install/mark_bringup:/home/saikiran335/ros2_mark_ws/install/mark_cpp_pkg:/home/saikiran335/ros2_jarvis_ws/install/jarvis_bringup:/home/saikiran335/ros2_jarvis_ws/install/jarvis_description:/opt/ros/jazzy/opt/gz_math_vendor:/opt/ros/jazzy/opt/gz_utils_vendor:/opt/ros/jazzy/opt/gz_cmake_vendor:/home/saikiran335/ros2_mark_ws/install/turtlesim_catch_them_all:/home/saikiran335/ros2_mark_ws/install/mark_py_pkg:/opt/ros/jazzy DEBUGINFOD_URLS=https://debuginfod.ubuntu.com PYTHONPATH=/home/saikiran335/ros2_mark_ws/install/mark_py_pkg/lib/python3.12/site-packages:/home/saikiran335/ros2_mark_ws/install/mark_interfaces/lib/python3.12/site-packages:/home/saikiran335/ros2_mark_ws/build/turtlesim_catch_them_all:/home/saikiran335/ros2_mark_ws/install/turtlesim_catch_them_all/lib/python3.12/site-packages:/opt/ros/jazzy/lib/python3.12/site-packages /usr/bin/cmake --build /home/saikiran335/ros2_mark_ws/build/mark_bringup -- -j16 -l16
[7.972s] DEBUG:colcon.colcon_core.event_handler.log_command:Invoking command in '/home/saikiran335/ros2_mark_ws/build/mark_bringup': AMENT_PREFIX_PATH=/home/saikiran335/ros2_mark_ws/install/mark_py_pkg:/home/saikiran335/ros2_mark_ws/install/turtlesim_catch_them_all:/home/saikiran335/ros2_mark_ws/install/mark_bringup:/home/saikiran335/ros2_mark_ws/install/mark_interfaces:/home/saikiran335/ros2_mark_ws/install/mark_cpp_pkg:/home/saikiran335/ros2_jarvis_ws/install/jarvis_bringup:/home/saikiran335/ros2_jarvis_ws/install/jarvis_description:/opt/ros/jazzy CMAKE_PREFIX_PATH=/home/saikiran335/ros2_mark_ws/install/mark_interfaces:/home/saikiran335/ros2_mark_ws/install/mark_bringup:/home/saikiran335/ros2_mark_ws/install/mark_cpp_pkg:/home/saikiran335/ros2_jarvis_ws/install/jarvis_bringup:/home/saikiran335/ros2_jarvis_ws/install/jarvis_description:/opt/ros/jazzy/opt/gz_math_vendor:/opt/ros/jazzy/opt/gz_utils_vendor:/opt/ros/jazzy/opt/gz_cmake_vendor:/home/saikiran335/ros2_mark_ws/install/turtlesim_catch_them_all:/home/saikiran335/ros2_mark_ws/install/mark_py_pkg:/opt/ros/jazzy DEBUGINFOD_URLS=https://debuginfod.ubuntu.com PYTHONPATH=/home/saikiran335/ros2_mark_ws/install/mark_py_pkg/lib/python3.12/site-packages:/home/saikiran335/ros2_mark_ws/install/mark_interfaces/lib/python3.12/site-packages:/home/saikiran335/ros2_mark_ws/build/turtlesim_catch_them_all:/home/saikiran335/ros2_mark_ws/install/turtlesim_catch_them_all/lib/python3.12/site-packages:/opt/ros/jazzy/lib/python3.12/site-packages /usr/bin/cmake --install /home/saikiran335/ros2_mark_ws/build/mark_bringup
[7.997s] Level 1:colcon.colcon_core.environment:create_environment_scripts_only(mark_bringup)
[7.998s] Level 1:colcon.colcon_core.environment:checking '/home/saikiran335/ros2_mark_ws/install/mark_bringup' for CMake module files
[7.998s] DEBUG:colcon.colcon_core.event_handler.log_command:Invoked command in '/home/saikiran335/ros2_mark_ws/build/mark_bringup' returned '0': AMENT_PREFIX_PATH=/home/saikiran335/ros2_mark_ws/install/mark_py_pkg:/home/saikiran335/ros2_mark_ws/install/turtlesim_catch_them_all:/home/saikiran335/ros2_mark_ws/install/mark_bringup:/home/saikiran335/ros2_mark_ws/install/mark_interfaces:/home/saikiran335/ros2_mark_ws/install/mark_cpp_pkg:/home/saikiran335/ros2_jarvis_ws/install/jarvis_bringup:/home/saikiran335/ros2_jarvis_ws/install/jarvis_description:/opt/ros/jazzy CMAKE_PREFIX_PATH=/home/saikiran335/ros2_mark_ws/install/mark_interfaces:/home/saikiran335/ros2_mark_ws/install/mark_bringup:/home/saikiran335/ros2_mark_ws/install/mark_cpp_pkg:/home/saikiran335/ros2_jarvis_ws/install/jarvis_bringup:/home/saikiran335/ros2_jarvis_ws/install/jarvis_description:/opt/ros/jazzy/opt/gz_math_vendor:/opt/ros/jazzy/opt/gz_utils_vendor:/opt/ros/jazzy/opt/gz_cmake_vendor:/home/saikiran335/ros2_mark_ws/install/turtlesim_catch_them_all:/home/saikiran335/ros2_mark_ws/install/mark_py_pkg:/opt/ros/jazzy DEBUGINFOD_URLS=https://debuginfod.ubuntu.com PYTHONPATH=/home/saikiran335/ros2_mark_ws/install/mark_py_pkg/lib/python3.12/site-packages:/home/saikiran335/ros2_mark_ws/install/mark_interfaces/lib/python3.12/site-packages:/home/saikiran335/ros2_mark_ws/build/turtlesim_catch_them_all:/home/saikiran335/ros2_mark_ws/install/turtlesim_catch_them_all/lib/python3.12/site-packages:/opt/ros/jazzy/lib/python3.12/site-packages /usr/bin/cmake --install /home/saikiran335/ros2_mark_ws/build/mark_bringup
[7.998s] Level 1:colcon.colcon_core.environment:checking '/home/saikiran335/ros2_mark_ws/install/mark_bringup' for CMake config files
[7.998s] Level 1:colcon.colcon_core.shell:create_environment_hook('mark_bringup', 'cmake_prefix_path')
[7.999s] INFO:colcon.colcon_core.shell:Creating environment hook '/home/saikiran335/ros2_mark_ws/install/mark_bringup/share/mark_bringup/hook/cmake_prefix_path.ps1'
[7.999s] INFO:colcon.colcon_core.shell:Creating environment descriptor '/home/saikiran335/ros2_mark_ws/install/mark_bringup/share/mark_bringup/hook/cmake_prefix_path.dsv'
[7.999s] INFO:colcon.colcon_core.shell:Creating environment hook '/home/saikiran335/ros2_mark_ws/install/mark_bringup/share/mark_bringup/hook/cmake_prefix_path.sh'
[7.999s] Level 1:colcon.colcon_core.environment:checking '/home/saikiran335/ros2_mark_ws/install/mark_bringup/bin'
[7.999s] Level 1:colcon.colcon_core.environment:checking '/home/saikiran335/ros2_mark_ws/install/mark_bringup/lib/pkgconfig/mark_bringup.pc'
[8.000s] Level 1:colcon.colcon_core.environment:checking '/home/saikiran335/ros2_mark_ws/install/mark_bringup/lib/python3.12/site-packages'
[8.000s] Level 1:colcon.colcon_core.environment:checking '/home/saikiran335/ros2_mark_ws/install/mark_bringup/bin'
[8.000s] INFO:colcon.colcon_core.shell:Creating package script '/home/saikiran335/ros2_mark_ws/install/mark_bringup/share/mark_bringup/package.ps1'
[8.000s] INFO:colcon.colcon_core.shell:Creating package descriptor '/home/saikiran335/ros2_mark_ws/install/mark_bringup/share/mark_bringup/package.dsv'
[8.000s] INFO:colcon.colcon_core.shell:Creating package script '/home/saikiran335/ros2_mark_ws/install/mark_bringup/share/mark_bringup/package.sh'
[8.001s] INFO:colcon.colcon_core.shell:Creating package script '/home/saikiran335/ros2_mark_ws/install/mark_bringup/share/mark_bringup/package.bash'
[8.001s] INFO:colcon.colcon_core.shell:Creating package script '/home/saikiran335/ros2_mark_ws/install/mark_bringup/share/mark_bringup/package.zsh'
[8.001s] Level 1:colcon.colcon_core.environment:create_file_with_runtime_dependencies(/home/saikiran335/ros2_mark_ws/install/mark_bringup/share/colcon-core/packages/mark_bringup)
[8.001s] Level 1:colcon.colcon_core.environment:create_environment_scripts_only(mark_bringup)
[8.001s] Level 1:colcon.colcon_core.environment:checking '/home/saikiran335/ros2_mark_ws/install/mark_bringup' for CMake module files
[8.002s] Level 1:colcon.colcon_core.environment:checking '/home/saikiran335/ros2_mark_ws/install/mark_bringup' for CMake config files
[8.002s] Level 1:colcon.colcon_core.shell:create_environment_hook('mark_bringup', 'cmake_prefix_path')
[8.002s] INFO:colcon.colcon_core.shell:Creating environment hook '/home/saikiran335/ros2_mark_ws/install/mark_bringup/share/mark_bringup/hook/cmake_prefix_path.ps1'
[8.002s] INFO:colcon.colcon_core.shell:Creating environment descriptor '/home/saikiran335/ros2_mark_ws/install/mark_bringup/share/mark_bringup/hook/cmake_prefix_path.dsv'
[8.002s] INFO:colcon.colcon_core.shell:Creating environment hook '/home/saikiran335/ros2_mark_ws/install/mark_bringup/share/mark_bringup/hook/cmake_prefix_path.sh'
[8.002s] Level 1:colcon.colcon_core.environment:checking '/home/saikiran335/ros2_mark_ws/install/mark_bringup/bin'
[8.002s] Level 1:colcon.colcon_core.environment:checking '/home/saikiran335/ros2_mark_ws/install/mark_bringup/lib/pkgconfig/mark_bringup.pc'
[8.003s] Level 1:colcon.colcon_core.environment:checking '/home/saikiran335/ros2_mark_ws/install/mark_bringup/lib/python3.12/site-packages'
[8.003s] Level 1:colcon.colcon_core.environment:checking '/home/saikiran335/ros2_mark_ws/install/mark_bringup/bin'
[8.003s] INFO:colcon.colcon_core.shell:Creating package script '/home/saikiran335/ros2_mark_ws/install/mark_bringup/share/mark_bringup/package.ps1'
[8.004s] INFO:colcon.colcon_core.shell:Creating package descriptor '/home/saikiran335/ros2_mark_ws/install/mark_bringup/share/mark_bringup/package.dsv'
[8.005s] INFO:colcon.colcon_core.shell:Creating package script '/home/saikiran335/ros2_mark_ws/install/mark_bringup/share/mark_bringup/package.sh'
[8.005s] INFO:colcon.colcon_core.shell:Creating package script '/home/saikiran335/ros2_mark_ws/install/mark_bringup/share/mark_bringup/package.bash'
[8.006s] INFO:colcon.colcon_core.shell:Creating package script '/home/saikiran335/ros2_mark_ws/install/mark_bringup/share/mark_bringup/package.zsh'
[8.007s] Level 1:colcon.colcon_core.environment:create_file_with_runtime_dependencies(/home/saikiran335/ros2_mark_ws/install/mark_bringup/share/colcon-core/packages/mark_bringup)
[8.007s] DEBUG:colcon.colcon_parallel_executor.executor.parallel:closing loop
[8.008s] DEBUG:colcon.colcon_parallel_executor.executor.parallel:loop closed
[8.008s] DEBUG:colcon.colcon_parallel_executor.executor.parallel:run_until_complete finished with '0'
[8.008s] DEBUG:colcon.colcon_core.event_reactor:joining thread
[8.022s] INFO:colcon.colcon_core.plugin_system:Skipping extension 'colcon_notification.desktop_notification.terminal_notifier': Not used on non-Darwin systems
[8.022s] INFO:colcon.colcon_core.plugin_system:Skipping extension 'colcon_notification.desktop_notification.win32': Not used on non-Windows systems
[8.022s] INFO:colcon.colcon_notification.desktop_notification:Sending desktop notification using 'notify2'
[8.049s] DEBUG:colcon.colcon_core.event_reactor:joined thread
[8.050s] INFO:colcon.colcon_core.shell:Creating prefix script '/home/saikiran335/ros2_mark_ws/install/local_setup.ps1'
[8.051s] INFO:colcon.colcon_core.shell:Creating prefix util module '/home/saikiran335/ros2_mark_ws/install/_local_setup_util_ps1.py'
[8.053s] INFO:colcon.colcon_core.shell:Creating prefix chain script '/home/saikiran335/ros2_mark_ws/install/setup.ps1'
[8.055s] INFO:colcon.colcon_core.shell:Creating prefix script '/home/saikiran335/ros2_mark_ws/install/local_setup.sh'
[8.055s] INFO:colcon.colcon_core.shell:Creating prefix util module '/home/saikiran335/ros2_mark_ws/install/_local_setup_util_sh.py'
[8.056s] INFO:colcon.colcon_core.shell:Creating prefix chain script '/home/saikiran335/ros2_mark_ws/install/setup.sh'
[8.058s] INFO:colcon.colcon_core.shell:Creating prefix script '/home/saikiran335/ros2_mark_ws/install/local_setup.bash'
[8.060s] INFO:colcon.colcon_core.shell:Creating prefix chain script '/home/saikiran335/ros2_mark_ws/install/setup.bash'
[8.061s] INFO:colcon.colcon_core.shell:Creating prefix script '/home/saikiran335/ros2_mark_ws/install/local_setup.zsh'
[8.062s] INFO:colcon.colcon_core.shell:Creating prefix chain script '/home/saikiran335/ros2_mark_ws/install/setup.zsh'
