running egg_info
creating ../../build/mark_py_pkg/mark_py_pkg.egg-info
writing ../../build/mark_py_pkg/mark_py_pkg.egg-info/PKG-INFO
writing dependency_links to ../../build/mark_py_pkg/mark_py_pkg.egg-info/dependency_links.txt
writing entry points to ../../build/mark_py_pkg/mark_py_pkg.egg-info/entry_points.txt
writing requirements to ../../build/mark_py_pkg/mark_py_pkg.egg-info/requires.txt
writing top-level names to ../../build/mark_py_pkg/mark_py_pkg.egg-info/top_level.txt
writing manifest file '../../build/mark_py_pkg/mark_py_pkg.egg-info/SOURCES.txt'
reading manifest file '../../build/mark_py_pkg/mark_py_pkg.egg-info/SOURCES.txt'
writing manifest file '../../build/mark_py_pkg/mark_py_pkg.egg-info/SOURCES.txt'
running build
running build_py
creating /home/saikiran335/ros2_mark_ws/build/mark_py_pkg/build
creating /home/saikiran335/ros2_mark_ws/build/mark_py_pkg/build/lib
creating /home/saikiran335/ros2_mark_ws/build/mark_py_pkg/build/lib/mark_py_pkg
copying mark_py_pkg/add_two_ints_client_no_oop.py -> /home/saikiran335/ros2_mark_ws/build/mark_py_pkg/build/lib/mark_py_pkg
copying mark_py_pkg/my_first_node.py -> /home/saikiran335/ros2_mark_ws/build/mark_py_pkg/build/lib/mark_py_pkg
copying mark_py_pkg/number_counter.py -> /home/saikiran335/ros2_mark_ws/build/mark_py_pkg/build/lib/mark_py_pkg
copying mark_py_pkg/add_two_ints_client.py -> /home/saikiran335/ros2_mark_ws/build/mark_py_pkg/build/lib/mark_py_pkg
copying mark_py_pkg/reset_counter_client_oop.py -> /home/saikiran335/ros2_mark_ws/build/mark_py_pkg/build/lib/mark_py_pkg
copying mark_py_pkg/LED_panel.py -> /home/saikiran335/ros2_mark_ws/build/mark_py_pkg/build/lib/mark_py_pkg
copying mark_py_pkg/node_template.py -> /home/saikiran335/ros2_mark_ws/build/mark_py_pkg/build/lib/mark_py_pkg
copying mark_py_pkg/add_two_ints_server.py -> /home/saikiran335/ros2_mark_ws/build/mark_py_pkg/build/lib/mark_py_pkg
copying mark_py_pkg/Battery.py -> /home/saikiran335/ros2_mark_ws/build/mark_py_pkg/build/lib/mark_py_pkg
copying mark_py_pkg/number_publisher.py -> /home/saikiran335/ros2_mark_ws/build/mark_py_pkg/build/lib/mark_py_pkg
copying mark_py_pkg/reset_counter_client.py -> /home/saikiran335/ros2_mark_ws/build/mark_py_pkg/build/lib/mark_py_pkg
copying mark_py_pkg/__init__.py -> /home/saikiran335/ros2_mark_ws/build/mark_py_pkg/build/lib/mark_py_pkg
copying mark_py_pkg/smartphone.py -> /home/saikiran335/ros2_mark_ws/build/mark_py_pkg/build/lib/mark_py_pkg
copying mark_py_pkg/hardware_status_publisher.py -> /home/saikiran335/ros2_mark_ws/build/mark_py_pkg/build/lib/mark_py_pkg
copying mark_py_pkg/robot_news_station.py -> /home/saikiran335/ros2_mark_ws/build/mark_py_pkg/build/lib/mark_py_pkg
running install
running install_lib
creating /home/saikiran335/ros2_mark_ws/install/mark_py_pkg/lib/python3.12/site-packages/mark_py_pkg
copying /home/saikiran335/ros2_mark_ws/build/mark_py_pkg/build/lib/mark_py_pkg/add_two_ints_client_no_oop.py -> /home/saikiran335/ros2_mark_ws/install/mark_py_pkg/lib/python3.12/site-packages/mark_py_pkg
copying /home/saikiran335/ros2_mark_ws/build/mark_py_pkg/build/lib/mark_py_pkg/my_first_node.py -> /home/saikiran335/ros2_mark_ws/install/mark_py_pkg/lib/python3.12/site-packages/mark_py_pkg
copying /home/saikiran335/ros2_mark_ws/build/mark_py_pkg/build/lib/mark_py_pkg/number_counter.py -> /home/saikiran335/ros2_mark_ws/install/mark_py_pkg/lib/python3.12/site-packages/mark_py_pkg
copying /home/saikiran335/ros2_mark_ws/build/mark_py_pkg/build/lib/mark_py_pkg/add_two_ints_client.py -> /home/saikiran335/ros2_mark_ws/install/mark_py_pkg/lib/python3.12/site-packages/mark_py_pkg
copying /home/saikiran335/ros2_mark_ws/build/mark_py_pkg/build/lib/mark_py_pkg/reset_counter_client_oop.py -> /home/saikiran335/ros2_mark_ws/install/mark_py_pkg/lib/python3.12/site-packages/mark_py_pkg
copying /home/saikiran335/ros2_mark_ws/build/mark_py_pkg/build/lib/mark_py_pkg/LED_panel.py -> /home/saikiran335/ros2_mark_ws/install/mark_py_pkg/lib/python3.12/site-packages/mark_py_pkg
copying /home/saikiran335/ros2_mark_ws/build/mark_py_pkg/build/lib/mark_py_pkg/node_template.py -> /home/saikiran335/ros2_mark_ws/install/mark_py_pkg/lib/python3.12/site-packages/mark_py_pkg
copying /home/saikiran335/ros2_mark_ws/build/mark_py_pkg/build/lib/mark_py_pkg/add_two_ints_server.py -> /home/saikiran335/ros2_mark_ws/install/mark_py_pkg/lib/python3.12/site-packages/mark_py_pkg
copying /home/saikiran335/ros2_mark_ws/build/mark_py_pkg/build/lib/mark_py_pkg/Battery.py -> /home/saikiran335/ros2_mark_ws/install/mark_py_pkg/lib/python3.12/site-packages/mark_py_pkg
copying /home/saikiran335/ros2_mark_ws/build/mark_py_pkg/build/lib/mark_py_pkg/number_publisher.py -> /home/saikiran335/ros2_mark_ws/install/mark_py_pkg/lib/python3.12/site-packages/mark_py_pkg
copying /home/saikiran335/ros2_mark_ws/build/mark_py_pkg/build/lib/mark_py_pkg/reset_counter_client.py -> /home/saikiran335/ros2_mark_ws/install/mark_py_pkg/lib/python3.12/site-packages/mark_py_pkg
copying /home/saikiran335/ros2_mark_ws/build/mark_py_pkg/build/lib/mark_py_pkg/__init__.py -> /home/saikiran335/ros2_mark_ws/install/mark_py_pkg/lib/python3.12/site-packages/mark_py_pkg
copying /home/saikiran335/ros2_mark_ws/build/mark_py_pkg/build/lib/mark_py_pkg/smartphone.py -> /home/saikiran335/ros2_mark_ws/install/mark_py_pkg/lib/python3.12/site-packages/mark_py_pkg
copying /home/saikiran335/ros2_mark_ws/build/mark_py_pkg/build/lib/mark_py_pkg/hardware_status_publisher.py -> /home/saikiran335/ros2_mark_ws/install/mark_py_pkg/lib/python3.12/site-packages/mark_py_pkg
copying /home/saikiran335/ros2_mark_ws/build/mark_py_pkg/build/lib/mark_py_pkg/robot_news_station.py -> /home/saikiran335/ros2_mark_ws/install/mark_py_pkg/lib/python3.12/site-packages/mark_py_pkg
byte-compiling /home/saikiran335/ros2_mark_ws/install/mark_py_pkg/lib/python3.12/site-packages/mark_py_pkg/add_two_ints_client_no_oop.py to add_two_ints_client_no_oop.cpython-312.pyc
byte-compiling /home/saikiran335/ros2_mark_ws/install/mark_py_pkg/lib/python3.12/site-packages/mark_py_pkg/my_first_node.py to my_first_node.cpython-312.pyc
byte-compiling /home/saikiran335/ros2_mark_ws/install/mark_py_pkg/lib/python3.12/site-packages/mark_py_pkg/number_counter.py to number_counter.cpython-312.pyc
byte-compiling /home/saikiran335/ros2_mark_ws/install/mark_py_pkg/lib/python3.12/site-packages/mark_py_pkg/add_two_ints_client.py to add_two_ints_client.cpython-312.pyc
byte-compiling /home/saikiran335/ros2_mark_ws/install/mark_py_pkg/lib/python3.12/site-packages/mark_py_pkg/reset_counter_client_oop.py to reset_counter_client_oop.cpython-312.pyc
byte-compiling /home/saikiran335/ros2_mark_ws/install/mark_py_pkg/lib/python3.12/site-packages/mark_py_pkg/LED_panel.py to LED_panel.cpython-312.pyc
byte-compiling /home/saikiran335/ros2_mark_ws/install/mark_py_pkg/lib/python3.12/site-packages/mark_py_pkg/node_template.py to node_template.cpython-312.pyc
byte-compiling /home/saikiran335/ros2_mark_ws/install/mark_py_pkg/lib/python3.12/site-packages/mark_py_pkg/add_two_ints_server.py to add_two_ints_server.cpython-312.pyc
byte-compiling /home/saikiran335/ros2_mark_ws/install/mark_py_pkg/lib/python3.12/site-packages/mark_py_pkg/Battery.py to Battery.cpython-312.pyc
byte-compiling /home/saikiran335/ros2_mark_ws/install/mark_py_pkg/lib/python3.12/site-packages/mark_py_pkg/number_publisher.py to number_publisher.cpython-312.pyc
byte-compiling /home/saikiran335/ros2_mark_ws/install/mark_py_pkg/lib/python3.12/site-packages/mark_py_pkg/reset_counter_client.py to reset_counter_client.cpython-312.pyc
byte-compiling /home/saikiran335/ros2_mark_ws/install/mark_py_pkg/lib/python3.12/site-packages/mark_py_pkg/__init__.py to __init__.cpython-312.pyc
byte-compiling /home/saikiran335/ros2_mark_ws/install/mark_py_pkg/lib/python3.12/site-packages/mark_py_pkg/smartphone.py to smartphone.cpython-312.pyc
byte-compiling /home/saikiran335/ros2_mark_ws/install/mark_py_pkg/lib/python3.12/site-packages/mark_py_pkg/hardware_status_publisher.py to hardware_status_publisher.cpython-312.pyc
byte-compiling /home/saikiran335/ros2_mark_ws/install/mark_py_pkg/lib/python3.12/site-packages/mark_py_pkg/robot_news_station.py to robot_news_station.cpython-312.pyc
running install_data
creating /home/saikiran335/ros2_mark_ws/install/mark_py_pkg/share/ament_index
creating /home/saikiran335/ros2_mark_ws/install/mark_py_pkg/share/ament_index/resource_index
creating /home/saikiran335/ros2_mark_ws/install/mark_py_pkg/share/ament_index/resource_index/packages
copying resource/mark_py_pkg -> /home/saikiran335/ros2_mark_ws/install/mark_py_pkg/share/ament_index/resource_index/packages
copying package.xml -> /home/saikiran335/ros2_mark_ws/install/mark_py_pkg/share/mark_py_pkg
running install_egg_info
Copying ../../build/mark_py_pkg/mark_py_pkg.egg-info to /home/saikiran335/ros2_mark_ws/install/mark_py_pkg/lib/python3.12/site-packages/mark_py_pkg-0.0.0-py3.12.egg-info
running install_scripts
Installing Battery script to /home/saikiran335/ros2_mark_ws/install/mark_py_pkg/lib/mark_py_pkg
Installing LED_panel script to /home/saikiran335/ros2_mark_ws/install/mark_py_pkg/lib/mark_py_pkg
Installing add_two_ints_client script to /home/saikiran335/ros2_mark_ws/install/mark_py_pkg/lib/mark_py_pkg
Installing add_two_ints_client_no_oop script to /home/saikiran335/ros2_mark_ws/install/mark_py_pkg/lib/mark_py_pkg
Installing add_two_ints_server script to /home/saikiran335/ros2_mark_ws/install/mark_py_pkg/lib/mark_py_pkg
Installing hardware_status_publisher script to /home/saikiran335/ros2_mark_ws/install/mark_py_pkg/lib/mark_py_pkg
Installing number_counter script to /home/saikiran335/ros2_mark_ws/install/mark_py_pkg/lib/mark_py_pkg
Installing number_publisher script to /home/saikiran335/ros2_mark_ws/install/mark_py_pkg/lib/mark_py_pkg
Installing py_node script to /home/saikiran335/ros2_mark_ws/install/mark_py_pkg/lib/mark_py_pkg
Installing reset_counter_client script to /home/saikiran335/ros2_mark_ws/install/mark_py_pkg/lib/mark_py_pkg
Installing reset_counter_client_oop script to /home/saikiran335/ros2_mark_ws/install/mark_py_pkg/lib/mark_py_pkg
Installing robot_news_station script to /home/saikiran335/ros2_mark_ws/install/mark_py_pkg/lib/mark_py_pkg
Installing smartphone script to /home/saikiran335/ros2_mark_ws/install/mark_py_pkg/lib/mark_py_pkg
writing list of installed files to '/home/saikiran335/ros2_mark_ws/build/mark_py_pkg/install.log'
