[0.514s] Invoking command in '/home/saikiran335/ros2_mark_ws/src/mark_py_pkg': CMAKE_PREFIX_PATH=/home/saikiran335/ros2_mark_ws/install/mark_interfaces:/home/saikiran335/ros2_mark_ws/install/mark_bringup:/home/saikiran335/ros2_mark_ws/install/mark_cpp_pkg:/home/saikiran335/ros2_jarvis_ws/install/jarvis_bringup:/home/saikiran335/ros2_jarvis_ws/install/jarvis_description:/opt/ros/jazzy/opt/gz_math_vendor:/opt/ros/jazzy/opt/gz_utils_vendor:/opt/ros/jazzy/opt/gz_cmake_vendor DEBUGINFOD_URLS=https://debuginfod.ubuntu.com PYTHONPATH=/home/saikiran335/ros2_mark_ws/build/mark_py_pkg/prefix_override:/usr/lib/python3/dist-packages/colcon_core/task/python/colcon_distutils_commands:/home/saikiran335/ros2_mark_ws/install/mark_py_pkg/lib/python3.12/site-packages:/home/saikiran335/ros2_mark_ws/install/mark_interfaces/lib/python3.12/site-packages:/home/saikiran335/ros2_mark_ws/build/turtlesim_catch_them_all:/home/saikiran335/ros2_mark_ws/install/turtlesim_catch_them_all/lib/python3.12/site-packages:/home/saikiran335/ros2_mark_ws/install/mark_py_pkg/lib/python3.12/site-packages:/opt/ros/jazzy/lib/python3.12/site-packages /usr/bin/python3 -W ignore:setup.py install is deprecated -W ignore:easy_install command is deprecated setup.py egg_info --egg-base ../../build/mark_py_pkg build --build-base /home/saikiran335/ros2_mark_ws/build/mark_py_pkg/build install --record /home/saikiran335/ros2_mark_ws/build/mark_py_pkg/install.log --single-version-externally-managed install_data
[0.668s] running egg_info
[0.668s] creating ../../build/mark_py_pkg/mark_py_pkg.egg-info
[0.678s] writing ../../build/mark_py_pkg/mark_py_pkg.egg-info/PKG-INFO
[0.678s] writing dependency_links to ../../build/mark_py_pkg/mark_py_pkg.egg-info/dependency_links.txt
[0.678s] writing entry points to ../../build/mark_py_pkg/mark_py_pkg.egg-info/entry_points.txt
[0.678s] writing requirements to ../../build/mark_py_pkg/mark_py_pkg.egg-info/requires.txt
[0.679s] writing top-level names to ../../build/mark_py_pkg/mark_py_pkg.egg-info/top_level.txt
[0.679s] writing manifest file '../../build/mark_py_pkg/mark_py_pkg.egg-info/SOURCES.txt'
[0.698s] reading manifest file '../../build/mark_py_pkg/mark_py_pkg.egg-info/SOURCES.txt'
[0.699s] writing manifest file '../../build/mark_py_pkg/mark_py_pkg.egg-info/SOURCES.txt'
[0.699s] running build
[0.699s] running build_py
[0.699s] creating /home/saikiran335/ros2_mark_ws/build/mark_py_pkg/build
[0.699s] creating /home/saikiran335/ros2_mark_ws/build/mark_py_pkg/build/lib
[0.700s] creating /home/saikiran335/ros2_mark_ws/build/mark_py_pkg/build/lib/mark_py_pkg
[0.700s] copying mark_py_pkg/add_two_ints_client_no_oop.py -> /home/saikiran335/ros2_mark_ws/build/mark_py_pkg/build/lib/mark_py_pkg
[0.700s] copying mark_py_pkg/my_first_node.py -> /home/saikiran335/ros2_mark_ws/build/mark_py_pkg/build/lib/mark_py_pkg
[0.700s] copying mark_py_pkg/number_counter.py -> /home/saikiran335/ros2_mark_ws/build/mark_py_pkg/build/lib/mark_py_pkg
[0.700s] copying mark_py_pkg/add_two_ints_client.py -> /home/saikiran335/ros2_mark_ws/build/mark_py_pkg/build/lib/mark_py_pkg
[0.701s] copying mark_py_pkg/reset_counter_client_oop.py -> /home/saikiran335/ros2_mark_ws/build/mark_py_pkg/build/lib/mark_py_pkg
[0.701s] copying mark_py_pkg/LED_panel.py -> /home/saikiran335/ros2_mark_ws/build/mark_py_pkg/build/lib/mark_py_pkg
[0.702s] copying mark_py_pkg/node_template.py -> /home/saikiran335/ros2_mark_ws/build/mark_py_pkg/build/lib/mark_py_pkg
[0.702s] copying mark_py_pkg/add_two_ints_server.py -> /home/saikiran335/ros2_mark_ws/build/mark_py_pkg/build/lib/mark_py_pkg
[0.702s] copying mark_py_pkg/Battery.py -> /home/saikiran335/ros2_mark_ws/build/mark_py_pkg/build/lib/mark_py_pkg
[0.702s] copying mark_py_pkg/number_publisher.py -> /home/saikiran335/ros2_mark_ws/build/mark_py_pkg/build/lib/mark_py_pkg
[0.702s] copying mark_py_pkg/reset_counter_client.py -> /home/saikiran335/ros2_mark_ws/build/mark_py_pkg/build/lib/mark_py_pkg
[0.702s] copying mark_py_pkg/__init__.py -> /home/saikiran335/ros2_mark_ws/build/mark_py_pkg/build/lib/mark_py_pkg
[0.703s] copying mark_py_pkg/smartphone.py -> /home/saikiran335/ros2_mark_ws/build/mark_py_pkg/build/lib/mark_py_pkg
[0.703s] copying mark_py_pkg/hardware_status_publisher.py -> /home/saikiran335/ros2_mark_ws/build/mark_py_pkg/build/lib/mark_py_pkg
[0.703s] copying mark_py_pkg/robot_news_station.py -> /home/saikiran335/ros2_mark_ws/build/mark_py_pkg/build/lib/mark_py_pkg
[0.703s] running install
[0.706s] running install_lib
[0.716s] creating /home/saikiran335/ros2_mark_ws/install/mark_py_pkg/lib/python3.12/site-packages/mark_py_pkg
[0.716s] copying /home/saikiran335/ros2_mark_ws/build/mark_py_pkg/build/lib/mark_py_pkg/add_two_ints_client_no_oop.py -> /home/saikiran335/ros2_mark_ws/install/mark_py_pkg/lib/python3.12/site-packages/mark_py_pkg
[0.716s] copying /home/saikiran335/ros2_mark_ws/build/mark_py_pkg/build/lib/mark_py_pkg/my_first_node.py -> /home/saikiran335/ros2_mark_ws/install/mark_py_pkg/lib/python3.12/site-packages/mark_py_pkg
[0.716s] copying /home/saikiran335/ros2_mark_ws/build/mark_py_pkg/build/lib/mark_py_pkg/number_counter.py -> /home/saikiran335/ros2_mark_ws/install/mark_py_pkg/lib/python3.12/site-packages/mark_py_pkg
[0.716s] copying /home/saikiran335/ros2_mark_ws/build/mark_py_pkg/build/lib/mark_py_pkg/add_two_ints_client.py -> /home/saikiran335/ros2_mark_ws/install/mark_py_pkg/lib/python3.12/site-packages/mark_py_pkg
[0.717s] copying /home/saikiran335/ros2_mark_ws/build/mark_py_pkg/build/lib/mark_py_pkg/reset_counter_client_oop.py -> /home/saikiran335/ros2_mark_ws/install/mark_py_pkg/lib/python3.12/site-packages/mark_py_pkg
[0.717s] copying /home/saikiran335/ros2_mark_ws/build/mark_py_pkg/build/lib/mark_py_pkg/LED_panel.py -> /home/saikiran335/ros2_mark_ws/install/mark_py_pkg/lib/python3.12/site-packages/mark_py_pkg
[0.717s] copying /home/saikiran335/ros2_mark_ws/build/mark_py_pkg/build/lib/mark_py_pkg/node_template.py -> /home/saikiran335/ros2_mark_ws/install/mark_py_pkg/lib/python3.12/site-packages/mark_py_pkg
[0.717s] copying /home/saikiran335/ros2_mark_ws/build/mark_py_pkg/build/lib/mark_py_pkg/add_two_ints_server.py -> /home/saikiran335/ros2_mark_ws/install/mark_py_pkg/lib/python3.12/site-packages/mark_py_pkg
[0.717s] copying /home/saikiran335/ros2_mark_ws/build/mark_py_pkg/build/lib/mark_py_pkg/Battery.py -> /home/saikiran335/ros2_mark_ws/install/mark_py_pkg/lib/python3.12/site-packages/mark_py_pkg
[0.717s] copying /home/saikiran335/ros2_mark_ws/build/mark_py_pkg/build/lib/mark_py_pkg/number_publisher.py -> /home/saikiran335/ros2_mark_ws/install/mark_py_pkg/lib/python3.12/site-packages/mark_py_pkg
[0.717s] copying /home/saikiran335/ros2_mark_ws/build/mark_py_pkg/build/lib/mark_py_pkg/reset_counter_client.py -> /home/saikiran335/ros2_mark_ws/install/mark_py_pkg/lib/python3.12/site-packages/mark_py_pkg
[0.718s] copying /home/saikiran335/ros2_mark_ws/build/mark_py_pkg/build/lib/mark_py_pkg/__init__.py -> /home/saikiran335/ros2_mark_ws/install/mark_py_pkg/lib/python3.12/site-packages/mark_py_pkg
[0.718s] copying /home/saikiran335/ros2_mark_ws/build/mark_py_pkg/build/lib/mark_py_pkg/smartphone.py -> /home/saikiran335/ros2_mark_ws/install/mark_py_pkg/lib/python3.12/site-packages/mark_py_pkg
[0.718s] copying /home/saikiran335/ros2_mark_ws/build/mark_py_pkg/build/lib/mark_py_pkg/hardware_status_publisher.py -> /home/saikiran335/ros2_mark_ws/install/mark_py_pkg/lib/python3.12/site-packages/mark_py_pkg
[0.718s] copying /home/saikiran335/ros2_mark_ws/build/mark_py_pkg/build/lib/mark_py_pkg/robot_news_station.py -> /home/saikiran335/ros2_mark_ws/install/mark_py_pkg/lib/python3.12/site-packages/mark_py_pkg
[0.718s] byte-compiling /home/saikiran335/ros2_mark_ws/install/mark_py_pkg/lib/python3.12/site-packages/mark_py_pkg/add_two_ints_client_no_oop.py to add_two_ints_client_no_oop.cpython-312.pyc
[0.718s] byte-compiling /home/saikiran335/ros2_mark_ws/install/mark_py_pkg/lib/python3.12/site-packages/mark_py_pkg/my_first_node.py to my_first_node.cpython-312.pyc
[0.718s] byte-compiling /home/saikiran335/ros2_mark_ws/install/mark_py_pkg/lib/python3.12/site-packages/mark_py_pkg/number_counter.py to number_counter.cpython-312.pyc
[0.718s] byte-compiling /home/saikiran335/ros2_mark_ws/install/mark_py_pkg/lib/python3.12/site-packages/mark_py_pkg/add_two_ints_client.py to add_two_ints_client.cpython-312.pyc
[0.719s] byte-compiling /home/saikiran335/ros2_mark_ws/install/mark_py_pkg/lib/python3.12/site-packages/mark_py_pkg/reset_counter_client_oop.py to reset_counter_client_oop.cpython-312.pyc
[0.719s] byte-compiling /home/saikiran335/ros2_mark_ws/install/mark_py_pkg/lib/python3.12/site-packages/mark_py_pkg/LED_panel.py to LED_panel.cpython-312.pyc
[0.720s] byte-compiling /home/saikiran335/ros2_mark_ws/install/mark_py_pkg/lib/python3.12/site-packages/mark_py_pkg/node_template.py to node_template.cpython-312.pyc
[0.720s] byte-compiling /home/saikiran335/ros2_mark_ws/install/mark_py_pkg/lib/python3.12/site-packages/mark_py_pkg/add_two_ints_server.py to add_two_ints_server.cpython-312.pyc
[0.720s] byte-compiling /home/saikiran335/ros2_mark_ws/install/mark_py_pkg/lib/python3.12/site-packages/mark_py_pkg/Battery.py to Battery.cpython-312.pyc
[0.721s] byte-compiling /home/saikiran335/ros2_mark_ws/install/mark_py_pkg/lib/python3.12/site-packages/mark_py_pkg/number_publisher.py to number_publisher.cpython-312.pyc
[0.721s] byte-compiling /home/saikiran335/ros2_mark_ws/install/mark_py_pkg/lib/python3.12/site-packages/mark_py_pkg/reset_counter_client.py to reset_counter_client.cpython-312.pyc
[0.721s] byte-compiling /home/saikiran335/ros2_mark_ws/install/mark_py_pkg/lib/python3.12/site-packages/mark_py_pkg/__init__.py to __init__.cpython-312.pyc
[0.721s] byte-compiling /home/saikiran335/ros2_mark_ws/install/mark_py_pkg/lib/python3.12/site-packages/mark_py_pkg/smartphone.py to smartphone.cpython-312.pyc
[0.721s] byte-compiling /home/saikiran335/ros2_mark_ws/install/mark_py_pkg/lib/python3.12/site-packages/mark_py_pkg/hardware_status_publisher.py to hardware_status_publisher.cpython-312.pyc
[0.722s] byte-compiling /home/saikiran335/ros2_mark_ws/install/mark_py_pkg/lib/python3.12/site-packages/mark_py_pkg/robot_news_station.py to robot_news_station.cpython-312.pyc
[0.722s] running install_data
[0.722s] creating /home/saikiran335/ros2_mark_ws/install/mark_py_pkg/share/ament_index
[0.722s] creating /home/saikiran335/ros2_mark_ws/install/mark_py_pkg/share/ament_index/resource_index
[0.722s] creating /home/saikiran335/ros2_mark_ws/install/mark_py_pkg/share/ament_index/resource_index/packages
[0.722s] copying resource/mark_py_pkg -> /home/saikiran335/ros2_mark_ws/install/mark_py_pkg/share/ament_index/resource_index/packages
[0.722s] copying package.xml -> /home/saikiran335/ros2_mark_ws/install/mark_py_pkg/share/mark_py_pkg
[0.723s] running install_egg_info
[0.734s] Copying ../../build/mark_py_pkg/mark_py_pkg.egg-info to /home/saikiran335/ros2_mark_ws/install/mark_py_pkg/lib/python3.12/site-packages/mark_py_pkg-0.0.0-py3.12.egg-info
[0.734s] running install_scripts
[0.812s] Installing Battery script to /home/saikiran335/ros2_mark_ws/install/mark_py_pkg/lib/mark_py_pkg
[0.812s] Installing LED_panel script to /home/saikiran335/ros2_mark_ws/install/mark_py_pkg/lib/mark_py_pkg
[0.812s] Installing add_two_ints_client script to /home/saikiran335/ros2_mark_ws/install/mark_py_pkg/lib/mark_py_pkg
[0.812s] Installing add_two_ints_client_no_oop script to /home/saikiran335/ros2_mark_ws/install/mark_py_pkg/lib/mark_py_pkg
[0.813s] Installing add_two_ints_server script to /home/saikiran335/ros2_mark_ws/install/mark_py_pkg/lib/mark_py_pkg
[0.813s] Installing hardware_status_publisher script to /home/saikiran335/ros2_mark_ws/install/mark_py_pkg/lib/mark_py_pkg
[0.813s] Installing number_counter script to /home/saikiran335/ros2_mark_ws/install/mark_py_pkg/lib/mark_py_pkg
[0.813s] Installing number_publisher script to /home/saikiran335/ros2_mark_ws/install/mark_py_pkg/lib/mark_py_pkg
[0.813s] Installing py_node script to /home/saikiran335/ros2_mark_ws/install/mark_py_pkg/lib/mark_py_pkg
[0.813s] Installing reset_counter_client script to /home/saikiran335/ros2_mark_ws/install/mark_py_pkg/lib/mark_py_pkg
[0.813s] Installing reset_counter_client_oop script to /home/saikiran335/ros2_mark_ws/install/mark_py_pkg/lib/mark_py_pkg
[0.813s] Installing robot_news_station script to /home/saikiran335/ros2_mark_ws/install/mark_py_pkg/lib/mark_py_pkg
[0.814s] Installing smartphone script to /home/saikiran335/ros2_mark_ws/install/mark_py_pkg/lib/mark_py_pkg
[0.814s] writing list of installed files to '/home/saikiran335/ros2_mark_ws/build/mark_py_pkg/install.log'
[0.835s] Invoked command in '/home/saikiran335/ros2_mark_ws/src/mark_py_pkg' returned '0': CMAKE_PREFIX_PATH=/home/saikiran335/ros2_mark_ws/install/mark_interfaces:/home/saikiran335/ros2_mark_ws/install/mark_bringup:/home/saikiran335/ros2_mark_ws/install/mark_cpp_pkg:/home/saikiran335/ros2_jarvis_ws/install/jarvis_bringup:/home/saikiran335/ros2_jarvis_ws/install/jarvis_description:/opt/ros/jazzy/opt/gz_math_vendor:/opt/ros/jazzy/opt/gz_utils_vendor:/opt/ros/jazzy/opt/gz_cmake_vendor DEBUGINFOD_URLS=https://debuginfod.ubuntu.com PYTHONPATH=/home/saikiran335/ros2_mark_ws/build/mark_py_pkg/prefix_override:/usr/lib/python3/dist-packages/colcon_core/task/python/colcon_distutils_commands:/home/saikiran335/ros2_mark_ws/install/mark_py_pkg/lib/python3.12/site-packages:/home/saikiran335/ros2_mark_ws/install/mark_interfaces/lib/python3.12/site-packages:/home/saikiran335/ros2_mark_ws/build/turtlesim_catch_them_all:/home/saikiran335/ros2_mark_ws/install/turtlesim_catch_them_all/lib/python3.12/site-packages:/home/saikiran335/ros2_mark_ws/install/mark_py_pkg/lib/python3.12/site-packages:/opt/ros/jazzy/lib/python3.12/site-packages /usr/bin/python3 -W ignore:setup.py install is deprecated -W ignore:easy_install command is deprecated setup.py egg_info --egg-base ../../build/mark_py_pkg build --build-base /home/saikiran335/ros2_mark_ws/build/mark_py_pkg/build install --record /home/saikiran335/ros2_mark_ws/build/mark_py_pkg/install.log --single-version-externally-managed install_data
