[0.011s] Invoking command in '/home/saikiran335/ros2_mark_ws/build/mark_cpp_pkg': CMAKE_PREFIX_PATH=${CMAKE_PREFIX_PATH}:/home/saikiran335/ros2_mark_ws/install/turtlesim_catch_them_all:/home/saikiran335/ros2_mark_ws/install/mark_py_pkg:/opt/ros/jazzy DEBUGINFOD_URLS=https://debuginfod.ubuntu.com /usr/bin/cmake /home/saikiran335/ros2_mark_ws/src/mark_cpp_pkg -DCMAKE_INSTALL_PREFIX=/home/saikiran335/ros2_mark_ws/install/mark_cpp_pkg
[0.103s] -- The C compiler identification is GNU 13.3.0
[0.168s] -- The CXX compiler identification is GNU 13.3.0
[0.185s] -- Detecting C compiler ABI info
[0.360s] -- Detecting C compiler ABI info - done
[0.365s] -- Check for working C compiler: /usr/bin/cc - skipped
[0.367s] -- Detecting C compile features
[0.368s] -- Detecting C compile features - done
[0.378s] -- Detecting CXX compiler ABI info
[0.479s] -- Detecting CXX compiler ABI info - done
[0.484s] -- Check for working CXX compiler: /usr/bin/c++ - skipped
[0.485s] -- Detecting CXX compile features
[0.485s] -- Detecting CXX compile features - done
[0.490s] -- Found ament_cmake: 2.5.3 (/opt/ros/jazzy/share/ament_cmake/cmake)
[0.621s] -- Found Python3: /usr/bin/python3 (found version "3.12.3") found components: Interpreter 
[0.729s] -- Found rclcpp: 28.1.6 (/opt/ros/jazzy/share/rclcpp/cmake)
[0.757s] -- Found rosidl_generator_c: 4.6.5 (/opt/ros/jazzy/share/rosidl_generator_c/cmake)
[0.765s] -- Found rosidl_generator_cpp: 4.6.5 (/opt/ros/jazzy/share/rosidl_generator_cpp/cmake)
[0.784s] -- Using all available rosidl_typesupport_c: rosidl_typesupport_fastrtps_c;rosidl_typesupport_introspection_c
[0.795s] -- Using all available rosidl_typesupport_cpp: rosidl_typesupport_fastrtps_cpp;rosidl_typesupport_introspection_cpp
[0.857s] -- Found rmw_implementation_cmake: 7.3.1 (/opt/ros/jazzy/share/rmw_implementation_cmake/cmake)
[0.860s] -- Found rmw_fastrtps_cpp: 8.4.1 (/opt/ros/jazzy/share/rmw_fastrtps_cpp/cmake)
[0.949s] -- Found OpenSSL: /usr/lib/x86_64-linux-gnu/libcrypto.so (found version "3.0.13")  
[0.968s] -- Found FastRTPS: /opt/ros/jazzy/include (Required is at least version "2.13") 
[0.989s] -- Using RMW implementation 'rmw_fastrtps_cpp' as default
[1.056s] -- Found ament_lint_auto: 0.17.1 (/opt/ros/jazzy/share/ament_lint_auto/cmake)
[1.164s] -- Added test 'lint_cmake' to check CMake code style
[1.165s] -- Added test 'xmllint' to check XML markup files
[1.166s] -- Configuring done (1.1s)
[1.170s] -- Generating done (0.0s)
[1.172s] -- Build files have been written to: /home/saikiran335/ros2_mark_ws/build/mark_cpp_pkg
[1.185s] Invoked command in '/home/saikiran335/ros2_mark_ws/build/mark_cpp_pkg' returned '0': CMAKE_PREFIX_PATH=${CMAKE_PREFIX_PATH}:/home/saikiran335/ros2_mark_ws/install/turtlesim_catch_them_all:/home/saikiran335/ros2_mark_ws/install/mark_py_pkg:/opt/ros/jazzy DEBUGINFOD_URLS=https://debuginfod.ubuntu.com /usr/bin/cmake /home/saikiran335/ros2_mark_ws/src/mark_cpp_pkg -DCMAKE_INSTALL_PREFIX=/home/saikiran335/ros2_mark_ws/install/mark_cpp_pkg
[1.185s] Invoking command in '/home/saikiran335/ros2_mark_ws/build/mark_cpp_pkg': CMAKE_PREFIX_PATH=${CMAKE_PREFIX_PATH}:/home/saikiran335/ros2_mark_ws/install/turtlesim_catch_them_all:/home/saikiran335/ros2_mark_ws/install/mark_py_pkg:/opt/ros/jazzy DEBUGINFOD_URLS=https://debuginfod.ubuntu.com /usr/bin/cmake --build /home/saikiran335/ros2_mark_ws/build/mark_cpp_pkg -- -j16 -l16
[1.234s] Invoked command in '/home/saikiran335/ros2_mark_ws/build/mark_cpp_pkg' returned '0': CMAKE_PREFIX_PATH=${CMAKE_PREFIX_PATH}:/home/saikiran335/ros2_mark_ws/install/turtlesim_catch_them_all:/home/saikiran335/ros2_mark_ws/install/mark_py_pkg:/opt/ros/jazzy DEBUGINFOD_URLS=https://debuginfod.ubuntu.com /usr/bin/cmake --build /home/saikiran335/ros2_mark_ws/build/mark_cpp_pkg -- -j16 -l16
[1.244s] Invoking command in '/home/saikiran335/ros2_mark_ws/build/mark_cpp_pkg': CMAKE_PREFIX_PATH=${CMAKE_PREFIX_PATH}:/home/saikiran335/ros2_mark_ws/install/turtlesim_catch_them_all:/home/saikiran335/ros2_mark_ws/install/mark_py_pkg:/opt/ros/jazzy DEBUGINFOD_URLS=https://debuginfod.ubuntu.com /usr/bin/cmake --install /home/saikiran335/ros2_mark_ws/build/mark_cpp_pkg
[1.252s] -- Install configuration: ""
[1.253s] -- Installing: /home/saikiran335/ros2_mark_ws/install/mark_cpp_pkg/share/ament_index/resource_index/package_run_dependencies/mark_cpp_pkg
[1.253s] -- Installing: /home/saikiran335/ros2_mark_ws/install/mark_cpp_pkg/share/ament_index/resource_index/parent_prefix_path/mark_cpp_pkg
[1.253s] -- Installing: /home/saikiran335/ros2_mark_ws/install/mark_cpp_pkg/share/mark_cpp_pkg/environment/ament_prefix_path.sh
[1.253s] -- Installing: /home/saikiran335/ros2_mark_ws/install/mark_cpp_pkg/share/mark_cpp_pkg/environment/ament_prefix_path.dsv
[1.253s] -- Installing: /home/saikiran335/ros2_mark_ws/install/mark_cpp_pkg/share/mark_cpp_pkg/environment/path.sh
[1.253s] -- Installing: /home/saikiran335/ros2_mark_ws/install/mark_cpp_pkg/share/mark_cpp_pkg/environment/path.dsv
[1.253s] -- Installing: /home/saikiran335/ros2_mark_ws/install/mark_cpp_pkg/share/mark_cpp_pkg/local_setup.bash
[1.254s] -- Installing: /home/saikiran335/ros2_mark_ws/install/mark_cpp_pkg/share/mark_cpp_pkg/local_setup.sh
[1.254s] -- Installing: /home/saikiran335/ros2_mark_ws/install/mark_cpp_pkg/share/mark_cpp_pkg/local_setup.zsh
[1.254s] -- Installing: /home/saikiran335/ros2_mark_ws/install/mark_cpp_pkg/share/mark_cpp_pkg/local_setup.dsv
[1.254s] -- Installing: /home/saikiran335/ros2_mark_ws/install/mark_cpp_pkg/share/mark_cpp_pkg/package.dsv
[1.254s] -- Installing: /home/saikiran335/ros2_mark_ws/install/mark_cpp_pkg/share/ament_index/resource_index/packages/mark_cpp_pkg
[1.254s] -- Installing: /home/saikiran335/ros2_mark_ws/install/mark_cpp_pkg/share/mark_cpp_pkg/cmake/mark_cpp_pkgConfig.cmake
[1.254s] -- Installing: /home/saikiran335/ros2_mark_ws/install/mark_cpp_pkg/share/mark_cpp_pkg/cmake/mark_cpp_pkgConfig-version.cmake
[1.254s] -- Installing: /home/saikiran335/ros2_mark_ws/install/mark_cpp_pkg/share/mark_cpp_pkg/package.xml
[1.256s] Invoked command in '/home/saikiran335/ros2_mark_ws/build/mark_cpp_pkg' returned '0': CMAKE_PREFIX_PATH=${CMAKE_PREFIX_PATH}:/home/saikiran335/ros2_mark_ws/install/turtlesim_catch_them_all:/home/saikiran335/ros2_mark_ws/install/mark_py_pkg:/opt/ros/jazzy DEBUGINFOD_URLS=https://debuginfod.ubuntu.com /usr/bin/cmake --install /home/saikiran335/ros2_mark_ws/build/mark_cpp_pkg
