[0.653s] Invoking command in '/home/saikiran335/ros2_mark_ws/src/turtlesim_catch_them_all': DEBUGINFOD_URLS=https://debuginfod.ubuntu.com PYTHONPATH=/home/saikiran335/ros2_mark_ws/build/turtlesim_catch_them_all/prefix_override:/usr/lib/python3/dist-packages/colcon_core/task/python/colcon_distutils_commands:/home/saikiran335/ros2_mark_ws/install/turtlesim_catch_them_all/lib/python3.12/site-packages:${PYTHONPATH} /usr/bin/python3 -W ignore:setup.py install is deprecated -W ignore:easy_install command is deprecated setup.py egg_info --egg-base ../../build/turtlesim_catch_them_all build --build-base /home/saikiran335/ros2_mark_ws/build/turtlesim_catch_them_all/build install --record /home/saikiran335/ros2_mark_ws/build/turtlesim_catch_them_all/install.log --single-version-externally-managed install_data
[0.823s] running egg_info
[0.823s] creating ../../build/turtlesim_catch_them_all/turtlesim_catch_them_all.egg-info
[0.834s] writing ../../build/turtlesim_catch_them_all/turtlesim_catch_them_all.egg-info/PKG-INFO
[0.834s] writing dependency_links to ../../build/turtlesim_catch_them_all/turtlesim_catch_them_all.egg-info/dependency_links.txt
[0.834s] writing entry points to ../../build/turtlesim_catch_them_all/turtlesim_catch_them_all.egg-info/entry_points.txt
[0.835s] writing requirements to ../../build/turtlesim_catch_them_all/turtlesim_catch_them_all.egg-info/requires.txt
[0.835s] writing top-level names to ../../build/turtlesim_catch_them_all/turtlesim_catch_them_all.egg-info/top_level.txt
[0.835s] writing manifest file '../../build/turtlesim_catch_them_all/turtlesim_catch_them_all.egg-info/SOURCES.txt'
[0.857s] reading manifest file '../../build/turtlesim_catch_them_all/turtlesim_catch_them_all.egg-info/SOURCES.txt'
[0.858s] writing manifest file '../../build/turtlesim_catch_them_all/turtlesim_catch_them_all.egg-info/SOURCES.txt'
[0.858s] running build
[0.858s] running build_py
[0.858s] creating /home/saikiran335/ros2_mark_ws/build/turtlesim_catch_them_all/build
[0.858s] creating /home/saikiran335/ros2_mark_ws/build/turtlesim_catch_them_all/build/lib
[0.858s] creating /home/saikiran335/ros2_mark_ws/build/turtlesim_catch_them_all/build/lib/turtlesim_catch_them_all
[0.859s] copying turtlesim_catch_them_all/turtle_spawner.py -> /home/saikiran335/ros2_mark_ws/build/turtlesim_catch_them_all/build/lib/turtlesim_catch_them_all
[0.859s] copying turtlesim_catch_them_all/__init__.py -> /home/saikiran335/ros2_mark_ws/build/turtlesim_catch_them_all/build/lib/turtlesim_catch_them_all
[0.859s] copying turtlesim_catch_them_all/turtle_controller.py -> /home/saikiran335/ros2_mark_ws/build/turtlesim_catch_them_all/build/lib/turtlesim_catch_them_all
[0.859s] running install
[0.863s] running install_lib
[0.875s] creating /home/saikiran335/ros2_mark_ws/install/turtlesim_catch_them_all/lib/python3.12/site-packages/turtlesim_catch_them_all
[0.875s] copying /home/saikiran335/ros2_mark_ws/build/turtlesim_catch_them_all/build/lib/turtlesim_catch_them_all/turtle_spawner.py -> /home/saikiran335/ros2_mark_ws/install/turtlesim_catch_them_all/lib/python3.12/site-packages/turtlesim_catch_them_all
[0.875s] copying /home/saikiran335/ros2_mark_ws/build/turtlesim_catch_them_all/build/lib/turtlesim_catch_them_all/__init__.py -> /home/saikiran335/ros2_mark_ws/install/turtlesim_catch_them_all/lib/python3.12/site-packages/turtlesim_catch_them_all
[0.876s] copying /home/saikiran335/ros2_mark_ws/build/turtlesim_catch_them_all/build/lib/turtlesim_catch_them_all/turtle_controller.py -> /home/saikiran335/ros2_mark_ws/install/turtlesim_catch_them_all/lib/python3.12/site-packages/turtlesim_catch_them_all
[0.876s] byte-compiling /home/saikiran335/ros2_mark_ws/install/turtlesim_catch_them_all/lib/python3.12/site-packages/turtlesim_catch_them_all/turtle_spawner.py to turtle_spawner.cpython-312.pyc
[0.877s] byte-compiling /home/saikiran335/ros2_mark_ws/install/turtlesim_catch_them_all/lib/python3.12/site-packages/turtlesim_catch_them_all/__init__.py to __init__.cpython-312.pyc
[0.877s] byte-compiling /home/saikiran335/ros2_mark_ws/install/turtlesim_catch_them_all/lib/python3.12/site-packages/turtlesim_catch_them_all/turtle_controller.py to turtle_controller.cpython-312.pyc
[0.877s] running install_data
[0.877s] creating /home/saikiran335/ros2_mark_ws/install/turtlesim_catch_them_all/share/ament_index
[0.877s] creating /home/saikiran335/ros2_mark_ws/install/turtlesim_catch_them_all/share/ament_index/resource_index
[0.877s] creating /home/saikiran335/ros2_mark_ws/install/turtlesim_catch_them_all/share/ament_index/resource_index/packages
[0.877s] copying resource/turtlesim_catch_them_all -> /home/saikiran335/ros2_mark_ws/install/turtlesim_catch_them_all/share/ament_index/resource_index/packages
[0.878s] copying package.xml -> /home/saikiran335/ros2_mark_ws/install/turtlesim_catch_them_all/share/turtlesim_catch_them_all
[0.878s] running install_egg_info
[0.891s] Copying ../../build/turtlesim_catch_them_all/turtlesim_catch_them_all.egg-info to /home/saikiran335/ros2_mark_ws/install/turtlesim_catch_them_all/lib/python3.12/site-packages/turtlesim_catch_them_all-0.0.0-py3.12.egg-info
[0.891s] running install_scripts
[0.988s] Installing turtle_controller script to /home/saikiran335/ros2_mark_ws/install/turtlesim_catch_them_all/lib/turtlesim_catch_them_all
[0.988s] Installing turtle_spawner script to /home/saikiran335/ros2_mark_ws/install/turtlesim_catch_them_all/lib/turtlesim_catch_them_all
[0.988s] writing list of installed files to '/home/saikiran335/ros2_mark_ws/build/turtlesim_catch_them_all/install.log'
[1.033s] Invoked command in '/home/saikiran335/ros2_mark_ws/src/turtlesim_catch_them_all' returned '0': DEBUGINFOD_URLS=https://debuginfod.ubuntu.com PYTHONPATH=/home/saikiran335/ros2_mark_ws/build/turtlesim_catch_them_all/prefix_override:/usr/lib/python3/dist-packages/colcon_core/task/python/colcon_distutils_commands:/home/saikiran335/ros2_mark_ws/install/turtlesim_catch_them_all/lib/python3.12/site-packages:${PYTHONPATH} /usr/bin/python3 -W ignore:setup.py install is deprecated -W ignore:easy_install command is deprecated setup.py egg_info --egg-base ../../build/turtlesim_catch_them_all build --build-base /home/saikiran335/ros2_mark_ws/build/turtlesim_catch_them_all/build install --record /home/saikiran335/ros2_mark_ws/build/turtlesim_catch_them_all/install.log --single-version-externally-managed install_data
