[0.595s] Invoking command in '/home/saikiran335/ros2_mark_ws/build/actions_py': DEBUGINFOD_URLS=https://debuginfod.ubuntu.com PYTHONPATH=/home/saikiran335/ros2_mark_ws/build/actions_py/prefix_override:/usr/lib/python3/dist-packages/colcon_core/task/python/colcon_distutils_commands:/home/saikiran335/ros2_mark_ws/install/actions_py/lib/python3.12/site-packages:${PYTHONPATH} /usr/bin/python3 -W ignore:setup.py install is deprecated -W ignore:easy_install command is deprecated setup.py develop --editable --build-directory /home/saikiran335/ros2_mark_ws/build/actions_py/build --no-deps symlink_data --force
[0.815s] running develop
[0.935s] running egg_info
[0.946s] writing actions_py.egg-info/PKG-INFO
[0.946s] writing dependency_links to actions_py.egg-info/dependency_links.txt
[0.947s] writing entry points to actions_py.egg-info/entry_points.txt
[0.947s] writing requirements to actions_py.egg-info/requires.txt
[0.947s] writing top-level names to actions_py.egg-info/top_level.txt
[0.968s] reading manifest file 'actions_py.egg-info/SOURCES.txt'
[0.968s] writing manifest file 'actions_py.egg-info/SOURCES.txt'
[0.979s] running build_ext
[0.979s] Creating /home/saikiran335/ros2_mark_ws/install/actions_py/lib/python3.12/site-packages/actions-py.egg-link (link to .)
[0.980s] Installing count_until_client script to /home/saikiran335/ros2_mark_ws/install/actions_py/lib/actions_py
[0.980s] Installing count_until_server script to /home/saikiran335/ros2_mark_ws/install/actions_py/lib/actions_py
[0.980s] 
[0.980s] Installed /home/saikiran335/ros2_mark_ws/build/actions_py
[0.981s] running symlink_data
[0.981s] symbolically linking /home/saikiran335/ros2_mark_ws/build/actions_py/resource/actions_py -> /home/saikiran335/ros2_mark_ws/install/actions_py/share/ament_index/resource_index/packages
[0.981s] symbolically linking /home/saikiran335/ros2_mark_ws/build/actions_py/package.xml -> /home/saikiran335/ros2_mark_ws/install/actions_py/share/actions_py
[1.030s] Invoked command in '/home/saikiran335/ros2_mark_ws/build/actions_py' returned '0': DEBUGINFOD_URLS=https://debuginfod.ubuntu.com PYTHONPATH=/home/saikiran335/ros2_mark_ws/build/actions_py/prefix_override:/usr/lib/python3/dist-packages/colcon_core/task/python/colcon_distutils_commands:/home/saikiran335/ros2_mark_ws/install/actions_py/lib/python3.12/site-packages:${PYTHONPATH} /usr/bin/python3 -W ignore:setup.py install is deprecated -W ignore:easy_install command is deprecated setup.py develop --editable --build-directory /home/saikiran335/ros2_mark_ws/build/actions_py/build --no-deps symlink_data --force
