[0.620s] Invoking command in '/home/saikiran335/ros2_mark_ws/build/actions_py': DEBUGINFOD_URLS=https://debuginfod.ubuntu.com PYTHONPATH=/home/saikiran335/ros2_mark_ws/build/actions_py/prefix_override:/usr/lib/python3/dist-packages/colcon_core/task/python/colcon_distutils_commands:/home/saikiran335/ros2_mark_ws/install/actions_py/lib/python3.12/site-packages:${PYTHONPATH} /usr/bin/python3 -W ignore:setup.py install is deprecated -W ignore:easy_install command is deprecated setup.py develop --editable --build-directory /home/saikiran335/ros2_mark_ws/build/actions_py/build --no-deps symlink_data
[0.845s] running develop
[0.968s] running egg_info
[0.979s] writing actions_py.egg-info/PKG-INFO
[0.979s] writing dependency_links to actions_py.egg-info/dependency_links.txt
[0.980s] writing entry points to actions_py.egg-info/entry_points.txt
[0.980s] writing requirements to actions_py.egg-info/requires.txt
[0.980s] writing top-level names to actions_py.egg-info/top_level.txt
[1.001s] reading manifest file 'actions_py.egg-info/SOURCES.txt'
[1.002s] writing manifest file 'actions_py.egg-info/SOURCES.txt'
[1.020s] running build_ext
[1.020s] Creating /home/saikiran335/ros2_mark_ws/install/actions_py/lib/python3.12/site-packages/actions-py.egg-link (link to .)
[1.021s] Installing count_until_client script to /home/saikiran335/ros2_mark_ws/install/actions_py/lib/actions_py
[1.021s] Installing count_until_server script to /home/saikiran335/ros2_mark_ws/install/actions_py/lib/actions_py
[1.021s] Installing robot_distance_client script to /home/saikiran335/ros2_mark_ws/install/actions_py/lib/actions_py
[1.021s] Installing robot_distance_server script to /home/saikiran335/ros2_mark_ws/install/actions_py/lib/actions_py
[1.021s] 
[1.022s] Installed /home/saikiran335/ros2_mark_ws/build/actions_py
[1.022s] running symlink_data
[1.068s] Invoked command in '/home/saikiran335/ros2_mark_ws/build/actions_py' returned '0': DEBUGINFOD_URLS=https://debuginfod.ubuntu.com PYTHONPATH=/home/saikiran335/ros2_mark_ws/build/actions_py/prefix_override:/usr/lib/python3/dist-packages/colcon_core/task/python/colcon_distutils_commands:/home/saikiran335/ros2_mark_ws/install/actions_py/lib/python3.12/site-packages:${PYTHONPATH} /usr/bin/python3 -W ignore:setup.py install is deprecated -W ignore:easy_install command is deprecated setup.py develop --editable --build-directory /home/saikiran335/ros2_mark_ws/build/actions_py/build --no-deps symlink_data
