[0.008s] Invoking command in '/home/saikiran335/ros2_jarvis_ws/build/jarvis_bringup': CMAKE_PREFIX_PATH=/home/saikiran335/ros2_jarvis_ws/install/jarvis_description:/home/saikiran335/ros2_jarvis_ws/install/jarvis_bringup:/opt/ros/humble /usr/bin/cmake --build /home/saikiran335/ros2_jarvis_ws/build/jarvis_bringup -- -j16 -l16
[0.049s] Invoked command in '/home/saikiran335/ros2_jarvis_ws/build/jarvis_bringup' returned '0': CMAKE_PREFIX_PATH=/home/saikiran335/ros2_jarvis_ws/install/jarvis_description:/home/saikiran335/ros2_jarvis_ws/install/jarvis_bringup:/opt/ros/humble /usr/bin/cmake --build /home/saikiran335/ros2_jarvis_ws/build/jarvis_bringup -- -j16 -l16
[0.051s] Invoking command in '/home/saikiran335/ros2_jarvis_ws/build/jarvis_bringup': CMAKE_PREFIX_PATH=/home/saikiran335/ros2_jarvis_ws/install/jarvis_description:/home/saikiran335/ros2_jarvis_ws/install/jarvis_bringup:/opt/ros/humble /usr/bin/cmake --install /home/saikiran335/ros2_jarvis_ws/build/jarvis_bringup
[0.058s] -- Install configuration: ""
[0.058s] -- Execute custom install script
[0.058s] -- Up-to-date symlink: /home/saikiran335/ros2_jarvis_ws/install/jarvis_bringup/share/jarvis_bringup//launch/jarvis_gazebo.launch.xml
[0.058s] -- Up-to-date symlink: /home/saikiran335/ros2_jarvis_ws/install/jarvis_bringup/share/jarvis_bringup//rviz/arm_config.rviz
[0.059s] -- Up-to-date symlink: /home/saikiran335/ros2_jarvis_ws/install/jarvis_bringup/share/jarvis_bringup//rviz/jarvis_config.rviz
[0.059s] -- Up-to-date symlink: /home/saikiran335/ros2_jarvis_ws/install/jarvis_bringup/share/jarvis_bringup//worlds/test_world.world
[0.059s] -- Up-to-date symlink: /home/saikiran335/ros2_jarvis_ws/install/jarvis_bringup/share/ament_index/resource_index/package_run_dependencies/jarvis_bringup
[0.059s] -- Up-to-date symlink: /home/saikiran335/ros2_jarvis_ws/install/jarvis_bringup/share/ament_index/resource_index/parent_prefix_path/jarvis_bringup
[0.059s] -- Up-to-date symlink: /home/saikiran335/ros2_jarvis_ws/install/jarvis_bringup/share/jarvis_bringup/environment/ament_prefix_path.sh
[0.059s] -- Up-to-date symlink: /home/saikiran335/ros2_jarvis_ws/install/jarvis_bringup/share/jarvis_bringup/environment/ament_prefix_path.dsv
[0.059s] -- Up-to-date symlink: /home/saikiran335/ros2_jarvis_ws/install/jarvis_bringup/share/jarvis_bringup/environment/path.sh
[0.059s] -- Up-to-date symlink: /home/saikiran335/ros2_jarvis_ws/install/jarvis_bringup/share/jarvis_bringup/environment/path.dsv
[0.059s] -- Up-to-date symlink: /home/saikiran335/ros2_jarvis_ws/install/jarvis_bringup/share/jarvis_bringup/local_setup.bash
[0.059s] -- Up-to-date symlink: /home/saikiran335/ros2_jarvis_ws/install/jarvis_bringup/share/jarvis_bringup/local_setup.sh
[0.059s] -- Up-to-date symlink: /home/saikiran335/ros2_jarvis_ws/install/jarvis_bringup/share/jarvis_bringup/local_setup.zsh
[0.060s] -- Up-to-date symlink: /home/saikiran335/ros2_jarvis_ws/install/jarvis_bringup/share/jarvis_bringup/local_setup.dsv
[0.060s] -- Symlinking: /home/saikiran335/ros2_jarvis_ws/install/jarvis_bringup/share/jarvis_bringup/package.dsv
[0.068s] -- Up-to-date symlink: /home/saikiran335/ros2_jarvis_ws/install/jarvis_bringup/share/ament_index/resource_index/packages/jarvis_bringup
[0.068s] -- Up-to-date symlink: /home/saikiran335/ros2_jarvis_ws/install/jarvis_bringup/share/jarvis_bringup/cmake/jarvis_bringupConfig.cmake
[0.068s] -- Up-to-date symlink: /home/saikiran335/ros2_jarvis_ws/install/jarvis_bringup/share/jarvis_bringup/cmake/jarvis_bringupConfig-version.cmake
[0.068s] -- Up-to-date symlink: /home/saikiran335/ros2_jarvis_ws/install/jarvis_bringup/share/jarvis_bringup/package.xml
[0.071s] Invoked command in '/home/saikiran335/ros2_jarvis_ws/build/jarvis_bringup' returned '0': CMAKE_PREFIX_PATH=/home/saikiran335/ros2_jarvis_ws/install/jarvis_description:/home/saikiran335/ros2_jarvis_ws/install/jarvis_bringup:/opt/ros/humble /usr/bin/cmake --install /home/saikiran335/ros2_jarvis_ws/build/jarvis_bringup
