[0.010s] Invoking command in '/home/saikiran335/ros2_jarvis_ws/build/jarvis_description': /usr/bin/cmake /home/saikiran335/ros2_jarvis_ws/src/jarvis_description -DCMAKE_INSTALL_PREFIX=/home/saikiran335/ros2_jarvis_ws/install/jarvis_description
[0.021s] -- Found ament_cmake: 1.3.11 (/opt/ros/humble/share/ament_cmake/cmake)
[0.102s] -- Override CMake install command with custom implementation using symlinks instead of copying resources
[0.141s] Error parsing '/home/saikiran335/ros2_jarvis_ws/src/jarvis_description/package.xml':
[0.171s] Traceback (most recent call last):
[0.172s]   File "/opt/ros/humble/share/ament_cmake_core/cmake/core/package_xml_2_cmake.py", line 150, in <module>
[0.172s]     main()
[0.172s]   File "/opt/ros/humble/share/ament_cmake_core/cmake/core/package_xml_2_cmake.py", line 53, in main
[0.172s]     raise e
[0.172s]   File "/opt/ros/humble/share/ament_cmake_core/cmake/core/package_xml_2_cmake.py", line 49, in main
[0.172s]     package = parse_package_string(
[0.172s]   File "/usr/lib/python3/dist-packages/catkin_pkg/package.py", line 788, in parse_package_string
[0.173s]     pkg.validate(warnings=warnings)
[0.173s]   File "/usr/lib/python3/dist-packages/catkin_pkg/package.py", line 330, in validate
[0.173s]     raise InvalidPackage('\n'.join(errors), self.filename)
[0.173s] catkin_pkg.package.InvalidPackage: Error(s) in package '/home/saikiran335/ros2_jarvis_ws/src/jarvis_description/package.xml':
[0.173s] The package "jarvis_description" must not "exec_depend" on a package with the same name as this package
[0.186s] [31mCMake Error at /opt/ros/humble/share/ament_cmake_core/cmake/core/ament_package_xml.cmake:95 (message):
[0.186s]   execute_process(/usr/bin/python3
[0.186s]   /opt/ros/humble/share/ament_cmake_core/cmake/core/package_xml_2_cmake.py
[0.186s]   /home/saikiran335/ros2_jarvis_ws/src/jarvis_description/package.xml
[0.186s]   /home/saikiran335/ros2_jarvis_ws/build/jarvis_description/ament_cmake_core/package.cmake)
[0.187s]   returned error code 1
[0.187s] Call Stack (most recent call first):
[0.187s]   /opt/ros/humble/share/ament_cmake_core/cmake/core/ament_package_xml.cmake:49 (_ament_package_xml)
[0.187s]   /opt/ros/humble/share/ament_cmake_core/cmake/core/ament_package.cmake:63 (ament_package_xml)
[0.187s]   CMakeLists.txt:19 (ament_package)
[0.187s] 
[0.187s] [0m
[0.187s] -- Configuring incomplete, errors occurred!
[0.187s] See also "/home/saikiran335/ros2_jarvis_ws/build/jarvis_description/CMakeFiles/CMakeOutput.log".
[0.193s] Invoked command in '/home/saikiran335/ros2_jarvis_ws/build/jarvis_description' returned '1': /usr/bin/cmake /home/saikiran335/ros2_jarvis_ws/src/jarvis_description -DCMAKE_INSTALL_PREFIX=/home/saikiran335/ros2_jarvis_ws/install/jarvis_description
