[0.586s] Invoking command in '/home/saikiran335/ros2_mark_ws/build/turtlesim_catch_them_all': DEBUGINFOD_URLS=https://debuginfod.ubuntu.com PYTHONPATH=/home/saikiran335/ros2_mark_ws/build/turtlesim_catch_them_all/prefix_override:/usr/lib/python3/dist-packages/colcon_core/task/python/colcon_distutils_commands:/home/saikiran335/ros2_mark_ws/install/turtlesim_catch_them_all/lib/python3.12/site-packages:${PYTHONPATH} /usr/bin/python3 -W ignore:setup.py install is deprecated -W ignore:easy_install command is deprecated setup.py develop --editable --build-directory /home/saikiran335/ros2_mark_ws/build/turtlesim_catch_them_all/build --no-deps symlink_data --force
[0.803s] running develop
[0.925s] running egg_info
[0.936s] writing turtlesim_catch_them_all.egg-info/PKG-INFO
[0.936s] writing dependency_links to turtlesim_catch_them_all.egg-info/dependency_links.txt
[0.937s] writing entry points to turtlesim_catch_them_all.egg-info/entry_points.txt
[0.937s] writing requirements to turtlesim_catch_them_all.egg-info/requires.txt
[0.937s] writing top-level names to turtlesim_catch_them_all.egg-info/top_level.txt
[0.958s] reading manifest file 'turtlesim_catch_them_all.egg-info/SOURCES.txt'
[0.958s] writing manifest file 'turtlesim_catch_them_all.egg-info/SOURCES.txt'
[0.969s] running build_ext
[0.970s] Creating /home/saikiran335/ros2_mark_ws/install/turtlesim_catch_them_all/lib/python3.12/site-packages/turtlesim-catch-them-all.egg-link (link to .)
[0.970s] Installing turtle_controller script to /home/saikiran335/ros2_mark_ws/install/turtlesim_catch_them_all/lib/turtlesim_catch_them_all
[0.970s] Installing turtle_spawner script to /home/saikiran335/ros2_mark_ws/install/turtlesim_catch_them_all/lib/turtlesim_catch_them_all
[0.971s] 
[0.971s] Installed /home/saikiran335/ros2_mark_ws/build/turtlesim_catch_them_all
[0.971s] running symlink_data
[0.971s] symbolically linking /home/saikiran335/ros2_mark_ws/build/turtlesim_catch_them_all/resource/turtlesim_catch_them_all -> /home/saikiran335/ros2_mark_ws/install/turtlesim_catch_them_all/share/ament_index/resource_index/packages
[0.971s] symbolically linking /home/saikiran335/ros2_mark_ws/build/turtlesim_catch_them_all/package.xml -> /home/saikiran335/ros2_mark_ws/install/turtlesim_catch_them_all/share/turtlesim_catch_them_all
[1.015s] Invoked command in '/home/saikiran335/ros2_mark_ws/build/turtlesim_catch_them_all' returned '0': DEBUGINFOD_URLS=https://debuginfod.ubuntu.com PYTHONPATH=/home/saikiran335/ros2_mark_ws/build/turtlesim_catch_them_all/prefix_override:/usr/lib/python3/dist-packages/colcon_core/task/python/colcon_distutils_commands:/home/saikiran335/ros2_mark_ws/install/turtlesim_catch_them_all/lib/python3.12/site-packages:${PYTHONPATH} /usr/bin/python3 -W ignore:setup.py install is deprecated -W ignore:easy_install command is deprecated setup.py develop --editable --build-directory /home/saikiran335/ros2_mark_ws/build/turtlesim_catch_them_all/build --no-deps symlink_data --force
