[0.582s] Invoking command in '/home/saikiran335/ros2_mark_ws/build/actions_py': DEBUGINFOD_URLS=https://debuginfod.ubuntu.com PYTHONPATH=/home/saikiran335/ros2_mark_ws/build/actions_py/prefix_override:/usr/lib/python3/dist-packages/colcon_core/task/python/colcon_distutils_commands:/home/saikiran335/ros2_mark_ws/install/actions_py/lib/python3.12/site-packages:${PYTHONPATH} /usr/bin/python3 -W ignore:setup.py install is deprecated -W ignore:easy_install command is deprecated setup.py develop --editable --build-directory /home/saikiran335/ros2_mark_ws/build/actions_py/build --no-deps symlink_data
[0.808s] running develop
[0.936s] running egg_info
[0.947s] writing actions_py.egg-info/PKG-INFO
[0.948s] writing dependency_links to actions_py.egg-info/dependency_links.txt
[0.948s] writing entry points to actions_py.egg-info/entry_points.txt
[0.948s] writing requirements to actions_py.egg-info/requires.txt
[0.948s] writing top-level names to actions_py.egg-info/top_level.txt
[0.970s] reading manifest file 'actions_py.egg-info/SOURCES.txt'
[0.970s] writing manifest file 'actions_py.egg-info/SOURCES.txt'
[0.982s] running build_ext
[0.982s] Creating /home/saikiran335/ros2_mark_ws/install/actions_py/lib/python3.12/site-packages/actions-py.egg-link (link to .)
[0.983s] Installing count_until_client script to /home/saikiran335/ros2_mark_ws/install/actions_py/lib/actions_py
[0.983s] Installing count_until_server script to /home/saikiran335/ros2_mark_ws/install/actions_py/lib/actions_py
[0.983s] Installing robot_distance_client script to /home/saikiran335/ros2_mark_ws/install/actions_py/lib/actions_py
[0.983s] Installing robot_distance_server script to /home/saikiran335/ros2_mark_ws/install/actions_py/lib/actions_py
[0.983s] 
[0.983s] Installed /home/saikiran335/ros2_mark_ws/build/actions_py
[0.984s] running symlink_data
[1.041s] Invoked command in '/home/saikiran335/ros2_mark_ws/build/actions_py' returned '0': DEBUGINFOD_URLS=https://debuginfod.ubuntu.com PYTHONPATH=/home/saikiran335/ros2_mark_ws/build/actions_py/prefix_override:/usr/lib/python3/dist-packages/colcon_core/task/python/colcon_distutils_commands:/home/saikiran335/ros2_mark_ws/install/actions_py/lib/python3.12/site-packages:${PYTHONPATH} /usr/bin/python3 -W ignore:setup.py install is deprecated -W ignore:easy_install command is deprecated setup.py develop --editable --build-directory /home/saikiran335/ros2_mark_ws/build/actions_py/build --no-deps symlink_data
