[0.737s] Invoking command in '/home/saikiran335/ros2_mark_ws/build/actions_py': DEBUGINFOD_URLS=https://debuginfod.ubuntu.com PYTHONPATH=/home/saikiran335/ros2_mark_ws/build/actions_py/prefix_override:/usr/lib/python3/dist-packages/colcon_core/task/python/colcon_distutils_commands:/home/saikiran335/ros2_mark_ws/install/actions_py/lib/python3.12/site-packages:${PYTHONPATH} /usr/bin/python3 -W ignore:setup.py install is deprecated -W ignore:easy_install command is deprecated setup.py develop --editable --build-directory /home/saikiran335/ros2_mark_ws/build/actions_py/build --no-deps symlink_data
[0.946s] running develop
[1.068s] running egg_info
[1.068s] creating actions_py.egg-info
[1.078s] writing actions_py.egg-info/PKG-INFO
[1.079s] writing dependency_links to actions_py.egg-info/dependency_links.txt
[1.079s] writing entry points to actions_py.egg-info/entry_points.txt
[1.079s] writing requirements to actions_py.egg-info/requires.txt
[1.079s] writing top-level names to actions_py.egg-info/top_level.txt
[1.079s] writing manifest file 'actions_py.egg-info/SOURCES.txt'
[1.101s] reading manifest file 'actions_py.egg-info/SOURCES.txt'
[1.101s] writing manifest file 'actions_py.egg-info/SOURCES.txt'
[1.113s] running build_ext
[1.113s] Creating /home/saikiran335/ros2_mark_ws/install/actions_py/lib/python3.12/site-packages/actions-py.egg-link (link to .)
[1.114s] Installing count_until_server script to /home/saikiran335/ros2_mark_ws/install/actions_py/lib/actions_py
[1.114s] 
[1.114s] Installed /home/saikiran335/ros2_mark_ws/build/actions_py
[1.114s] running symlink_data
[1.114s] creating /home/saikiran335/ros2_mark_ws/install/actions_py/share/ament_index
[1.114s] creating /home/saikiran335/ros2_mark_ws/install/actions_py/share/ament_index/resource_index
[1.115s] creating /home/saikiran335/ros2_mark_ws/install/actions_py/share/ament_index/resource_index/packages
[1.115s] symbolically linking /home/saikiran335/ros2_mark_ws/build/actions_py/resource/actions_py -> /home/saikiran335/ros2_mark_ws/install/actions_py/share/ament_index/resource_index/packages
[1.115s] symbolically linking /home/saikiran335/ros2_mark_ws/build/actions_py/package.xml -> /home/saikiran335/ros2_mark_ws/install/actions_py/share/actions_py
[1.140s] Invoked command in '/home/saikiran335/ros2_mark_ws/build/actions_py' returned '0': DEBUGINFOD_URLS=https://debuginfod.ubuntu.com PYTHONPATH=/home/saikiran335/ros2_mark_ws/build/actions_py/prefix_override:/usr/lib/python3/dist-packages/colcon_core/task/python/colcon_distutils_commands:/home/saikiran335/ros2_mark_ws/install/actions_py/lib/python3.12/site-packages:${PYTHONPATH} /usr/bin/python3 -W ignore:setup.py install is deprecated -W ignore:easy_install command is deprecated setup.py develop --editable --build-directory /home/saikiran335/ros2_mark_ws/build/actions_py/build --no-deps symlink_data
