[0.011s] Invoking command in '/home/saikiran335/ros2_mark_ws/build/mark_interfaces': CMAKE_PREFIX_PATH=${CMAKE_PREFIX_PATH}:/home/saikiran335/ros2_mark_ws/install/turtlesim_catch_them_all:/home/saikiran335/ros2_mark_ws/install/mark_py_pkg:/opt/ros/jazzy DEBUGINFOD_URLS=https://debuginfod.ubuntu.com /usr/bin/cmake --build /home/saikiran335/ros2_mark_ws/build/mark_interfaces -- -j16 -l16
[0.035s] -- Found ament_cmake: 2.5.3 (/opt/ros/jazzy/share/ament_cmake/cmake)
[0.056s] -- Found Python3: /usr/bin/python3 (found version "3.12.3") found components: Interpreter 
[0.116s] -- Found rosidl_default_generators: 1.6.0 (/opt/ros/jazzy/share/rosidl_default_generators/cmake)
[0.118s] -- Using all available rosidl_typesupport_c: rosidl_typesupport_fastrtps_c;rosidl_typesupport_introspection_c
[0.140s] -- Using all available rosidl_typesupport_cpp: rosidl_typesupport_fastrtps_cpp;rosidl_typesupport_introspection_cpp
[0.157s] -- Found rosidl_adapter: 4.6.5 (/opt/ros/jazzy/share/rosidl_adapter/cmake)
[0.391s] -- Found ament_cmake_ros: 0.12.0 (/opt/ros/jazzy/share/ament_cmake_ros/cmake)
[0.462s] -- Using all available rosidl_typesupport_c: rosidl_typesupport_fastrtps_c;rosidl_typesupport_introspection_c
[0.555s] -- Using all available rosidl_typesupport_cpp: rosidl_typesupport_fastrtps_cpp;rosidl_typesupport_introspection_cpp
[0.556s] -- Found python_cmake_module: 0.11.1 (/opt/ros/jazzy/share/python_cmake_module/cmake)
[0.762s] -- Found Python3: /usr/bin/python3 (found version "3.12.3") found components: Interpreter Development NumPy Development.Module Development.Embed 
[0.791s] -- Configuring done (0.8s)
[0.829s] -- Generating done (0.0s)
[0.837s] -- Build files have been written to: /home/saikiran335/ros2_mark_ws/build/mark_interfaces
[0.873s] [  1%] [34m[1mGenerating type hashes for ROS interfaces[0m
[0.882s] [  1%] Built target ament_cmake_python_copy_mark_interfaces
[1.025s] running egg_info
[1.032s] [  1%] Built target mark_interfaces__rosidl_generator_type_description
[1.036s] writing mark_interfaces.egg-info/PKG-INFO
[1.036s] writing dependency_links to mark_interfaces.egg-info/dependency_links.txt
[1.036s] writing top-level names to mark_interfaces.egg-info/top_level.txt
[1.042s] [  2%] [34m[1mGenerating C code for ROS interfaces[0m
[1.052s] [  3%] [34m[1mGenerating C++ code for ROS interfaces[0m
[1.068s] reading manifest file 'mark_interfaces.egg-info/SOURCES.txt'
[1.069s] writing manifest file 'mark_interfaces.egg-info/SOURCES.txt'
[1.096s] [  3%] Built target ament_cmake_python_build_mark_interfaces_egg
[1.430s] [  3%] Built target mark_interfaces__cpp
[1.516s] [ 10%] [32mBuilding C object CMakeFiles/mark_interfaces__rosidl_generator_c.dir/rosidl_generator_c/mark_interfaces/msg/detail/turtle__functions.c.o[0m
[1.516s] [ 10%] [32mBuilding C object CMakeFiles/mark_interfaces__rosidl_generator_c.dir/rosidl_generator_c/mark_interfaces/msg/detail/hardware_status__type_support.c.o[0m
[1.516s] [ 10%] [32mBuilding C object CMakeFiles/mark_interfaces__rosidl_generator_c.dir/rosidl_generator_c/mark_interfaces/msg/detail/turtle__description.c.o[0m
[1.516s] [ 10%] [32mBuilding C object CMakeFiles/mark_interfaces__rosidl_generator_c.dir/rosidl_generator_c/mark_interfaces/msg/detail/ledpanel_state__functions.c.o[0m
[1.516s] [ 10%] [32mBuilding C object CMakeFiles/mark_interfaces__rosidl_generator_c.dir/rosidl_generator_c/mark_interfaces/msg/detail/ledpanel_state__type_support.c.o[0m
[1.516s] [ 11%] [32mBuilding C object CMakeFiles/mark_interfaces__rosidl_generator_c.dir/rosidl_generator_c/mark_interfaces/msg/detail/hardware_status__description.c.o[0m
[1.516s] [ 11%] [32mBuilding C object CMakeFiles/mark_interfaces__rosidl_generator_c.dir/rosidl_generator_c/mark_interfaces/msg/detail/ledpanel_state__description.c.o[0m
[1.517s] [ 10%] [32mBuilding C object CMakeFiles/mark_interfaces__rosidl_generator_c.dir/rosidl_generator_c/mark_interfaces/msg/detail/hardware_status__functions.c.o[0m
[1.517s] [ 13%] [32mBuilding C object CMakeFiles/mark_interfaces__rosidl_generator_c.dir/rosidl_generator_c/mark_interfaces/msg/detail/turtle__type_support.c.o[0m
[1.517s] [ 13%] [32mBuilding C object CMakeFiles/mark_interfaces__rosidl_generator_c.dir/rosidl_generator_c/mark_interfaces/msg/detail/turtle_array__description.c.o[0m
[1.517s] [ 14%] [32mBuilding C object CMakeFiles/mark_interfaces__rosidl_generator_c.dir/rosidl_generator_c/mark_interfaces/msg/detail/turtle_array__type_support.c.o[0m
[1.517s] [ 15%] [32mBuilding C object CMakeFiles/mark_interfaces__rosidl_generator_c.dir/rosidl_generator_c/mark_interfaces/srv/detail/rectangle_area__description.c.o[0m
[1.517s] [ 18%] [32mBuilding C object CMakeFiles/mark_interfaces__rosidl_generator_c.dir/rosidl_generator_c/mark_interfaces/srv/detail/rectangle_area__functions.c.o[0m
[1.517s] [ 18%] [32mBuilding C object CMakeFiles/mark_interfaces__rosidl_generator_c.dir/rosidl_generator_c/mark_interfaces/srv/detail/rectangle_area__type_support.c.o[0m
[1.517s] [ 19%] [32mBuilding C object CMakeFiles/mark_interfaces__rosidl_generator_c.dir/rosidl_generator_c/mark_interfaces/msg/detail/turtle_array__functions.c.o[0m
[1.517s] [ 20%] [32mBuilding C object CMakeFiles/mark_interfaces__rosidl_generator_c.dir/rosidl_generator_c/mark_interfaces/srv/detail/battery_life_state__description.c.o[0m
[1.562s] [ 25%] [32mBuilding C object CMakeFiles/mark_interfaces__rosidl_generator_c.dir/rosidl_generator_c/mark_interfaces/srv/detail/catch_turtle__description.c.o[0m
[1.562s] [ 25%] [32mBuilding C object CMakeFiles/mark_interfaces__rosidl_generator_c.dir/rosidl_generator_c/mark_interfaces/srv/detail/battery_life_state__functions.c.o[0m
[1.562s] [ 25%] [32mBuilding C object CMakeFiles/mark_interfaces__rosidl_generator_c.dir/rosidl_generator_c/mark_interfaces/srv/detail/catch_turtle__type_support.c.o[0m
[1.562s] [ 25%] [32mBuilding C object CMakeFiles/mark_interfaces__rosidl_generator_c.dir/rosidl_generator_c/mark_interfaces/srv/detail/catch_turtle__functions.c.o[0m
[1.562s] [ 25%] [32mBuilding C object CMakeFiles/mark_interfaces__rosidl_generator_c.dir/rosidl_generator_c/mark_interfaces/srv/detail/battery_life_state__type_support.c.o[0m
[1.614s] [ 26%] [32m[1mLinking C shared library libmark_interfaces__rosidl_generator_c.so[0m
[1.653s] [ 26%] Built target mark_interfaces__rosidl_generator_c
[1.662s] [ 30%] [34m[1mGenerating C type support for eProsima Fast-RTPS[0m
[1.663s] [ 30%] [34m[1mGenerating C++ type support dispatch for ROS interfaces[0m
[1.663s] [ 30%] [34m[1mGenerating C type support dispatch for ROS interfaces[0m
[1.663s] [ 30%] [34m[1mGenerating C introspection for ROS interfaces[0m
[1.663s] [ 31%] [34m[1mGenerating C++ introspection for ROS interfaces[0m
[1.663s] [ 32%] [34m[1mGenerating C++ type support for eProsima Fast-RTPS[0m
[1.923s] [ 34%] [32mBuilding CXX object CMakeFiles/mark_interfaces__rosidl_typesupport_c.dir/rosidl_typesupport_c/mark_interfaces/msg/hardware_status__type_support.cpp.o[0m
[1.923s] [ 37%] [32mBuilding CXX object CMakeFiles/mark_interfaces__rosidl_typesupport_c.dir/rosidl_typesupport_c/mark_interfaces/msg/turtle__type_support.cpp.o[0m
[1.923s] [ 37%] [32mBuilding CXX object CMakeFiles/mark_interfaces__rosidl_typesupport_c.dir/rosidl_typesupport_c/mark_interfaces/srv/rectangle_area__type_support.cpp.o[0m
[1.923s] [ 38%] [32mBuilding CXX object CMakeFiles/mark_interfaces__rosidl_typesupport_c.dir/rosidl_typesupport_c/mark_interfaces/srv/catch_turtle__type_support.cpp.o[0m
[1.923s] [ 38%] [32mBuilding CXX object CMakeFiles/mark_interfaces__rosidl_typesupport_c.dir/rosidl_typesupport_c/mark_interfaces/msg/turtle_array__type_support.cpp.o[0m
[1.923s] [ 40%] [32mBuilding CXX object CMakeFiles/mark_interfaces__rosidl_typesupport_c.dir/rosidl_typesupport_c/mark_interfaces/srv/battery_life_state__type_support.cpp.o[0m
[1.923s] [ 40%] [32mBuilding CXX object CMakeFiles/mark_interfaces__rosidl_typesupport_c.dir/rosidl_typesupport_c/mark_interfaces/msg/ledpanel_state__type_support.cpp.o[0m
[1.934s] [ 42%] [32mBuilding CXX object CMakeFiles/mark_interfaces__rosidl_typesupport_cpp.dir/rosidl_typesupport_cpp/mark_interfaces/msg/ledpanel_state__type_support.cpp.o[0m
[1.934s] [ 42%] [32mBuilding CXX object CMakeFiles/mark_interfaces__rosidl_typesupport_cpp.dir/rosidl_typesupport_cpp/mark_interfaces/msg/hardware_status__type_support.cpp.o[0m
[1.934s] [ 43%] [32mBuilding CXX object CMakeFiles/mark_interfaces__rosidl_typesupport_cpp.dir/rosidl_typesupport_cpp/mark_interfaces/srv/rectangle_area__type_support.cpp.o[0m
[1.938s] [ 44%] [32mBuilding CXX object CMakeFiles/mark_interfaces__rosidl_typesupport_cpp.dir/rosidl_typesupport_cpp/mark_interfaces/msg/turtle__type_support.cpp.o[0m
[1.939s] [ 45%] [32mBuilding CXX object CMakeFiles/mark_interfaces__rosidl_typesupport_cpp.dir/rosidl_typesupport_cpp/mark_interfaces/msg/turtle_array__type_support.cpp.o[0m
[2.059s] [ 46%] [32mBuilding CXX object CMakeFiles/mark_interfaces__rosidl_typesupport_cpp.dir/rosidl_typesupport_cpp/mark_interfaces/srv/battery_life_state__type_support.cpp.o[0m
[2.059s] [ 47%] [32m[1mLinking CXX shared library libmark_interfaces__rosidl_typesupport_c.so[0m
[2.064s] [ 48%] [32mBuilding CXX object CMakeFiles/mark_interfaces__rosidl_typesupport_cpp.dir/rosidl_typesupport_cpp/mark_interfaces/srv/catch_turtle__type_support.cpp.o[0m
[2.091s] [ 51%] [32mBuilding C object CMakeFiles/mark_interfaces__rosidl_typesupport_introspection_c.dir/rosidl_typesupport_introspection_c/mark_interfaces/msg/detail/hardware_status__type_support.c.o[0m
[2.091s] [ 51%] [32mBuilding C object CMakeFiles/mark_interfaces__rosidl_typesupport_introspection_c.dir/rosidl_typesupport_introspection_c/mark_interfaces/msg/detail/turtle__type_support.c.o[0m
[2.092s] [ 52%] [32mBuilding C object CMakeFiles/mark_interfaces__rosidl_typesupport_introspection_c.dir/rosidl_typesupport_introspection_c/mark_interfaces/msg/detail/turtle_array__type_support.c.o[0m
[2.092s] [ 53%] [32mBuilding C object CMakeFiles/mark_interfaces__rosidl_typesupport_introspection_c.dir/rosidl_typesupport_introspection_c/mark_interfaces/msg/detail/ledpanel_state__type_support.c.o[0m
[2.093s] [ 54%] [32mBuilding C object CMakeFiles/mark_interfaces__rosidl_typesupport_introspection_c.dir/rosidl_typesupport_introspection_c/mark_interfaces/srv/detail/rectangle_area__type_support.c.o[0m
[2.101s] [ 55%] [32mBuilding CXX object CMakeFiles/mark_interfaces__rosidl_typesupport_introspection_cpp.dir/rosidl_typesupport_introspection_cpp/mark_interfaces/msg/detail/hardware_status__type_support.cpp.o[0m
[2.104s] [ 55%] Built target mark_interfaces__rosidl_typesupport_c
[2.116s] [ 56%] [32mBuilding C object CMakeFiles/mark_interfaces__rosidl_typesupport_introspection_c.dir/rosidl_typesupport_introspection_c/mark_interfaces/srv/detail/battery_life_state__type_support.c.o[0m
[2.132s] [ 57%] [32mBuilding C object CMakeFiles/mark_interfaces__rosidl_typesupport_introspection_c.dir/rosidl_typesupport_introspection_c/mark_interfaces/srv/detail/catch_turtle__type_support.c.o[0m
[2.143s] [ 58%] [32mBuilding CXX object CMakeFiles/mark_interfaces__rosidl_typesupport_introspection_cpp.dir/rosidl_typesupport_introspection_cpp/mark_interfaces/msg/detail/ledpanel_state__type_support.cpp.o[0m
[2.145s] [ 59%] [32mBuilding CXX object CMakeFiles/mark_interfaces__rosidl_typesupport_introspection_cpp.dir/rosidl_typesupport_introspection_cpp/mark_interfaces/msg/detail/turtle__type_support.cpp.o[0m
[2.157s] [ 60%] [32mBuilding CXX object CMakeFiles/mark_interfaces__rosidl_typesupport_introspection_cpp.dir/rosidl_typesupport_introspection_cpp/mark_interfaces/msg/detail/turtle_array__type_support.cpp.o[0m
[2.177s] [ 61%] [32mBuilding CXX object CMakeFiles/mark_interfaces__rosidl_typesupport_introspection_cpp.dir/rosidl_typesupport_introspection_cpp/mark_interfaces/srv/detail/rectangle_area__type_support.cpp.o[0m
[2.182s] [ 62%] [32mBuilding CXX object CMakeFiles/mark_interfaces__rosidl_typesupport_introspection_cpp.dir/rosidl_typesupport_introspection_cpp/mark_interfaces/srv/detail/battery_life_state__type_support.cpp.o[0m
[2.206s] [ 63%] [32m[1mLinking C shared library libmark_interfaces__rosidl_typesupport_introspection_c.so[0m
[2.234s] [ 64%] [32mBuilding CXX object CMakeFiles/mark_interfaces__rosidl_typesupport_fastrtps_cpp.dir/rosidl_typesupport_fastrtps_cpp/mark_interfaces/msg/detail/dds_fastrtps/hardware_status__type_support.cpp.o[0m
[2.243s] [ 64%] Built target mark_interfaces__rosidl_typesupport_introspection_c
[2.251s] [ 65%] [32mBuilding CXX object CMakeFiles/mark_interfaces__rosidl_typesupport_introspection_cpp.dir/rosidl_typesupport_introspection_cpp/mark_interfaces/srv/detail/catch_turtle__type_support.cpp.o[0m
[2.301s] [ 70%] [32mBuilding CXX object CMakeFiles/mark_interfaces__rosidl_typesupport_fastrtps_cpp.dir/rosidl_typesupport_fastrtps_cpp/mark_interfaces/msg/detail/dds_fastrtps/turtle__type_support.cpp.o[0m
[2.301s] [ 70%] [32mBuilding CXX object CMakeFiles/mark_interfaces__rosidl_typesupport_fastrtps_cpp.dir/rosidl_typesupport_fastrtps_cpp/mark_interfaces/msg/detail/dds_fastrtps/ledpanel_state__type_support.cpp.o[0m
[2.301s] [ 70%] [32mBuilding CXX object CMakeFiles/mark_interfaces__rosidl_typesupport_fastrtps_cpp.dir/rosidl_typesupport_fastrtps_cpp/mark_interfaces/srv/detail/dds_fastrtps/rectangle_area__type_support.cpp.o[0m
[2.301s] [ 70%] [32mBuilding CXX object CMakeFiles/mark_interfaces__rosidl_typesupport_fastrtps_cpp.dir/rosidl_typesupport_fastrtps_cpp/mark_interfaces/msg/detail/dds_fastrtps/turtle_array__type_support.cpp.o[0m
[2.307s] [ 71%] [32mBuilding CXX object CMakeFiles/mark_interfaces__rosidl_typesupport_fastrtps_c.dir/rosidl_typesupport_fastrtps_c/mark_interfaces/msg/detail/hardware_status__type_support_c.cpp.o[0m
[2.357s] [ 72%] [32mBuilding CXX object CMakeFiles/mark_interfaces__rosidl_typesupport_fastrtps_c.dir/rosidl_typesupport_fastrtps_c/mark_interfaces/msg/detail/ledpanel_state__type_support_c.cpp.o[0m
[2.459s] [ 73%] [32mBuilding CXX object CMakeFiles/mark_interfaces__rosidl_typesupport_fastrtps_cpp.dir/rosidl_typesupport_fastrtps_cpp/mark_interfaces/srv/detail/dds_fastrtps/battery_life_state__type_support.cpp.o[0m
[2.572s] [ 75%] [32mBuilding CXX object CMakeFiles/mark_interfaces__rosidl_typesupport_fastrtps_c.dir/rosidl_typesupport_fastrtps_c/mark_interfaces/msg/detail/turtle_array__type_support_c.cpp.o[0m
[2.573s] [ 76%] [32m[1mLinking CXX shared library libmark_interfaces__rosidl_typesupport_cpp.so[0m
[2.573s] [ 77%] [32mBuilding CXX object CMakeFiles/mark_interfaces__rosidl_typesupport_fastrtps_c.dir/rosidl_typesupport_fastrtps_c/mark_interfaces/srv/detail/rectangle_area__type_support_c.cpp.o[0m
[2.573s] [ 78%] [32mBuilding CXX object CMakeFiles/mark_interfaces__rosidl_typesupport_fastrtps_c.dir/rosidl_typesupport_fastrtps_c/mark_interfaces/msg/detail/turtle__type_support_c.cpp.o[0m
[2.574s] [ 75%] [32mBuilding CXX object CMakeFiles/mark_interfaces__rosidl_typesupport_fastrtps_cpp.dir/rosidl_typesupport_fastrtps_cpp/mark_interfaces/srv/detail/dds_fastrtps/catch_turtle__type_support.cpp.o[0m
[2.709s] [ 79%] [32m[1mLinking CXX shared library libmark_interfaces__rosidl_typesupport_introspection_cpp.so[0m
[2.710s] [ 80%] [32mBuilding CXX object CMakeFiles/mark_interfaces__rosidl_typesupport_fastrtps_c.dir/rosidl_typesupport_fastrtps_c/mark_interfaces/srv/detail/catch_turtle__type_support_c.cpp.o[0m
[2.715s] [ 81%] [32mBuilding CXX object CMakeFiles/mark_interfaces__rosidl_typesupport_fastrtps_c.dir/rosidl_typesupport_fastrtps_c/mark_interfaces/srv/detail/battery_life_state__type_support_c.cpp.o[0m
[2.755s] [ 81%] Built target mark_interfaces__rosidl_typesupport_cpp
[2.849s] [ 81%] Built target mark_interfaces__rosidl_typesupport_introspection_cpp
[3.159s] [ 84%] [32m[1mLinking CXX shared library libmark_interfaces__rosidl_typesupport_fastrtps_c.so[0m
[3.159s] [ 84%] [32m[1mLinking CXX shared library libmark_interfaces__rosidl_typesupport_fastrtps_cpp.so[0m
[3.224s] [ 84%] Built target mark_interfaces__rosidl_typesupport_fastrtps_c
[3.229s] [ 84%] Built target mark_interfaces__rosidl_typesupport_fastrtps_cpp
[3.247s] [ 84%] Built target mark_interfaces
[3.268s] [ 85%] [34m[1mGenerating Python code for ROS interfaces[0m
[3.822s] [ 85%] Built target mark_interfaces__py
[3.849s] [ 91%] [32mBuilding C object CMakeFiles/mark_interfaces__rosidl_generator_py.dir/rosidl_generator_py/mark_interfaces/msg/_turtle_array_s.c.o[0m
[3.849s] [ 91%] [32mBuilding C object CMakeFiles/mark_interfaces__rosidl_generator_py.dir/rosidl_generator_py/mark_interfaces/msg/_hardware_status_s.c.o[0m
[3.849s] [ 91%] [32mBuilding C object CMakeFiles/mark_interfaces__rosidl_generator_py.dir/rosidl_generator_py/mark_interfaces/srv/_catch_turtle_s.c.o[0m
[3.849s] [ 91%] [32mBuilding C object CMakeFiles/mark_interfaces__rosidl_generator_py.dir/rosidl_generator_py/mark_interfaces/srv/_battery_life_state_s.c.o[0m
[3.849s] [ 91%] [32mBuilding C object CMakeFiles/mark_interfaces__rosidl_generator_py.dir/rosidl_generator_py/mark_interfaces/msg/_turtle_s.c.o[0m
[3.850s] [ 91%] [32mBuilding C object CMakeFiles/mark_interfaces__rosidl_generator_py.dir/rosidl_generator_py/mark_interfaces/msg/_ledpanel_state_s.c.o[0m
[3.850s] [ 92%] [32mBuilding C object CMakeFiles/mark_interfaces__rosidl_generator_py.dir/rosidl_generator_py/mark_interfaces/srv/_rectangle_area_s.c.o[0m
[4.026s] [ 93%] [32m[1mLinking C shared library libmark_interfaces__rosidl_generator_py.so[0m
[4.066s] [ 93%] Built target mark_interfaces__rosidl_generator_py
[4.088s] [ 96%] [32mBuilding C object CMakeFiles/mark_interfaces_s__rosidl_typesupport_introspection_c.dir/rosidl_generator_py/mark_interfaces/_mark_interfaces_s.ep.rosidl_typesupport_introspection_c.c.o[0m
[4.088s] [ 96%] [32mBuilding C object CMakeFiles/mark_interfaces_s__rosidl_typesupport_fastrtps_c.dir/rosidl_generator_py/mark_interfaces/_mark_interfaces_s.ep.rosidl_typesupport_fastrtps_c.c.o[0m
[4.088s] [ 96%] [32mBuilding C object CMakeFiles/mark_interfaces_s__rosidl_typesupport_c.dir/rosidl_generator_py/mark_interfaces/_mark_interfaces_s.ep.rosidl_typesupport_c.c.o[0m
[4.259s] [ 98%] [32m[1mLinking C shared module rosidl_generator_py/mark_interfaces/mark_interfaces_s__rosidl_typesupport_fastrtps_c.so[0m
[4.259s] [ 98%] [32m[1mLinking C shared module rosidl_generator_py/mark_interfaces/mark_interfaces_s__rosidl_typesupport_introspection_c.so[0m
[4.260s] [100%] [32m[1mLinking C shared module rosidl_generator_py/mark_interfaces/mark_interfaces_s__rosidl_typesupport_c.so[0m
[4.286s] [100%] Built target mark_interfaces_s__rosidl_typesupport_fastrtps_c
[4.286s] [100%] Built target mark_interfaces_s__rosidl_typesupport_introspection_c
[4.286s] [100%] Built target mark_interfaces_s__rosidl_typesupport_c
[4.407s] Invoked command in '/home/saikiran335/ros2_mark_ws/build/mark_interfaces' returned '0': CMAKE_PREFIX_PATH=${CMAKE_PREFIX_PATH}:/home/saikiran335/ros2_mark_ws/install/turtlesim_catch_them_all:/home/saikiran335/ros2_mark_ws/install/mark_py_pkg:/opt/ros/jazzy DEBUGINFOD_URLS=https://debuginfod.ubuntu.com /usr/bin/cmake --build /home/saikiran335/ros2_mark_ws/build/mark_interfaces -- -j16 -l16
[4.418s] Invoking command in '/home/saikiran335/ros2_mark_ws/build/mark_interfaces': CMAKE_PREFIX_PATH=${CMAKE_PREFIX_PATH}:/home/saikiran335/ros2_mark_ws/install/turtlesim_catch_them_all:/home/saikiran335/ros2_mark_ws/install/mark_py_pkg:/opt/ros/jazzy DEBUGINFOD_URLS=https://debuginfod.ubuntu.com /usr/bin/cmake --install /home/saikiran335/ros2_mark_ws/build/mark_interfaces
[4.425s] -- Install configuration: ""
[4.426s] -- Installing: /home/saikiran335/ros2_mark_ws/install/mark_interfaces/share/ament_index/resource_index/rosidl_interfaces/mark_interfaces
[4.426s] -- Installing: /home/saikiran335/ros2_mark_ws/install/mark_interfaces/share/mark_interfaces/msg/HardwareStatus.json
[4.426s] -- Installing: /home/saikiran335/ros2_mark_ws/install/mark_interfaces/share/mark_interfaces/msg/LedpanelState.json
[4.426s] -- Installing: /home/saikiran335/ros2_mark_ws/install/mark_interfaces/share/mark_interfaces/msg/Turtle.json
[4.426s] -- Installing: /home/saikiran335/ros2_mark_ws/install/mark_interfaces/share/mark_interfaces/msg/TurtleArray.json
[4.426s] -- Installing: /home/saikiran335/ros2_mark_ws/install/mark_interfaces/share/mark_interfaces/srv/RectangleArea.json
[4.426s] -- Installing: /home/saikiran335/ros2_mark_ws/install/mark_interfaces/share/mark_interfaces/srv/BatteryLifeState.json
[4.427s] -- Installing: /home/saikiran335/ros2_mark_ws/install/mark_interfaces/share/mark_interfaces/srv/CatchTurtle.json
[4.427s] -- Up-to-date: /home/saikiran335/ros2_mark_ws/install/mark_interfaces/include/mark_interfaces/mark_interfaces
[4.427s] -- Up-to-date: /home/saikiran335/ros2_mark_ws/install/mark_interfaces/include/mark_interfaces/mark_interfaces/msg
[4.427s] -- Up-to-date: /home/saikiran335/ros2_mark_ws/install/mark_interfaces/include/mark_interfaces/mark_interfaces/msg/detail
[4.427s] -- Installing: /home/saikiran335/ros2_mark_ws/install/mark_interfaces/include/mark_interfaces/mark_interfaces/msg/detail/hardware_status__functions.h
[4.427s] -- Installing: /home/saikiran335/ros2_mark_ws/install/mark_interfaces/include/mark_interfaces/mark_interfaces/msg/detail/turtle__description.c
[4.427s] -- Installing: /home/saikiran335/ros2_mark_ws/install/mark_interfaces/include/mark_interfaces/mark_interfaces/msg/detail/hardware_status__struct.h
[4.427s] -- Installing: /home/saikiran335/ros2_mark_ws/install/mark_interfaces/include/mark_interfaces/mark_interfaces/msg/detail/turtle_array__type_support.h
[4.427s] -- Installing: /home/saikiran335/ros2_mark_ws/install/mark_interfaces/include/mark_interfaces/mark_interfaces/msg/detail/turtle__type_support.h
[4.428s] -- Installing: /home/saikiran335/ros2_mark_ws/install/mark_interfaces/include/mark_interfaces/mark_interfaces/msg/detail/turtle_array__description.c
[4.428s] -- Installing: /home/saikiran335/ros2_mark_ws/install/mark_interfaces/include/mark_interfaces/mark_interfaces/msg/detail/turtle__functions.c
[4.428s] -- Installing: /home/saikiran335/ros2_mark_ws/install/mark_interfaces/include/mark_interfaces/mark_interfaces/msg/detail/turtle_array__functions.c
[4.428s] -- Installing: /home/saikiran335/ros2_mark_ws/install/mark_interfaces/include/mark_interfaces/mark_interfaces/msg/detail/hardware_status__description.c
[4.428s] -- Installing: /home/saikiran335/ros2_mark_ws/install/mark_interfaces/include/mark_interfaces/mark_interfaces/msg/detail/turtle_array__type_support.c
[4.428s] -- Installing: /home/saikiran335/ros2_mark_ws/install/mark_interfaces/include/mark_interfaces/mark_interfaces/msg/detail/turtle__functions.h
[4.428s] -- Installing: /home/saikiran335/ros2_mark_ws/install/mark_interfaces/include/mark_interfaces/mark_interfaces/msg/detail/turtle__struct.h
[4.428s] -- Installing: /home/saikiran335/ros2_mark_ws/install/mark_interfaces/include/mark_interfaces/mark_interfaces/msg/detail/ledpanel_state__type_support.h
[4.428s] -- Installing: /home/saikiran335/ros2_mark_ws/install/mark_interfaces/include/mark_interfaces/mark_interfaces/msg/detail/ledpanel_state__functions.c
[4.429s] -- Installing: /home/saikiran335/ros2_mark_ws/install/mark_interfaces/include/mark_interfaces/mark_interfaces/msg/detail/hardware_status__type_support.h
[4.429s] -- Installing: /home/saikiran335/ros2_mark_ws/install/mark_interfaces/include/mark_interfaces/mark_interfaces/msg/detail/ledpanel_state__description.c
[4.429s] -- Installing: /home/saikiran335/ros2_mark_ws/install/mark_interfaces/include/mark_interfaces/mark_interfaces/msg/detail/ledpanel_state__type_support.c
[4.429s] -- Installing: /home/saikiran335/ros2_mark_ws/install/mark_interfaces/include/mark_interfaces/mark_interfaces/msg/detail/hardware_status__functions.c
[4.429s] -- Installing: /home/saikiran335/ros2_mark_ws/install/mark_interfaces/include/mark_interfaces/mark_interfaces/msg/detail/turtle_array__struct.h
[4.429s] -- Installing: /home/saikiran335/ros2_mark_ws/install/mark_interfaces/include/mark_interfaces/mark_interfaces/msg/detail/ledpanel_state__functions.h
[4.429s] -- Installing: /home/saikiran335/ros2_mark_ws/install/mark_interfaces/include/mark_interfaces/mark_interfaces/msg/detail/ledpanel_state__struct.h
[4.430s] -- Installing: /home/saikiran335/ros2_mark_ws/install/mark_interfaces/include/mark_interfaces/mark_interfaces/msg/detail/hardware_status__type_support.c
[4.430s] -- Installing: /home/saikiran335/ros2_mark_ws/install/mark_interfaces/include/mark_interfaces/mark_interfaces/msg/detail/turtle_array__functions.h
[4.430s] -- Installing: /home/saikiran335/ros2_mark_ws/install/mark_interfaces/include/mark_interfaces/mark_interfaces/msg/detail/turtle__type_support.c
[4.430s] -- Installing: /home/saikiran335/ros2_mark_ws/install/mark_interfaces/include/mark_interfaces/mark_interfaces/msg/ledpanel_state.h
[4.430s] -- Installing: /home/saikiran335/ros2_mark_ws/install/mark_interfaces/include/mark_interfaces/mark_interfaces/msg/hardware_status.h
[4.430s] -- Up-to-date: /home/saikiran335/ros2_mark_ws/install/mark_interfaces/include/mark_interfaces/mark_interfaces/msg/rosidl_generator_c__visibility_control.h
[4.430s] -- Installing: /home/saikiran335/ros2_mark_ws/install/mark_interfaces/include/mark_interfaces/mark_interfaces/msg/turtle_array.h
[4.430s] -- Installing: /home/saikiran335/ros2_mark_ws/install/mark_interfaces/include/mark_interfaces/mark_interfaces/msg/turtle.h
[4.430s] -- Up-to-date: /home/saikiran335/ros2_mark_ws/install/mark_interfaces/include/mark_interfaces/mark_interfaces/srv
[4.431s] -- Up-to-date: /home/saikiran335/ros2_mark_ws/install/mark_interfaces/include/mark_interfaces/mark_interfaces/srv/detail
[4.431s] -- Installing: /home/saikiran335/ros2_mark_ws/install/mark_interfaces/include/mark_interfaces/mark_interfaces/srv/detail/catch_turtle__type_support.h
[4.431s] -- Installing: /home/saikiran335/ros2_mark_ws/install/mark_interfaces/include/mark_interfaces/mark_interfaces/srv/detail/catch_turtle__functions.c
[4.431s] -- Installing: /home/saikiran335/ros2_mark_ws/install/mark_interfaces/include/mark_interfaces/mark_interfaces/srv/detail/battery_life_state__type_support.c
[4.431s] -- Installing: /home/saikiran335/ros2_mark_ws/install/mark_interfaces/include/mark_interfaces/mark_interfaces/srv/detail/rectangle_area__type_support.c
[4.431s] -- Installing: /home/saikiran335/ros2_mark_ws/install/mark_interfaces/include/mark_interfaces/mark_interfaces/srv/detail/rectangle_area__functions.c
[4.431s] -- Installing: /home/saikiran335/ros2_mark_ws/install/mark_interfaces/include/mark_interfaces/mark_interfaces/srv/detail/battery_life_state__functions.h
[4.432s] -- Installing: /home/saikiran335/ros2_mark_ws/install/mark_interfaces/include/mark_interfaces/mark_interfaces/srv/detail/catch_turtle__struct.h
[4.432s] -- Installing: /home/saikiran335/ros2_mark_ws/install/mark_interfaces/include/mark_interfaces/mark_interfaces/srv/detail/battery_life_state__struct.h
[4.432s] -- Installing: /home/saikiran335/ros2_mark_ws/install/mark_interfaces/include/mark_interfaces/mark_interfaces/srv/detail/rectangle_area__type_support.h
[4.432s] -- Installing: /home/saikiran335/ros2_mark_ws/install/mark_interfaces/include/mark_interfaces/mark_interfaces/srv/detail/rectangle_area__description.c
[4.432s] -- Installing: /home/saikiran335/ros2_mark_ws/install/mark_interfaces/include/mark_interfaces/mark_interfaces/srv/detail/catch_turtle__description.c
[4.432s] -- Installing: /home/saikiran335/ros2_mark_ws/install/mark_interfaces/include/mark_interfaces/mark_interfaces/srv/detail/catch_turtle__type_support.c
[4.432s] -- Installing: /home/saikiran335/ros2_mark_ws/install/mark_interfaces/include/mark_interfaces/mark_interfaces/srv/detail/catch_turtle__functions.h
[4.432s] -- Installing: /home/saikiran335/ros2_mark_ws/install/mark_interfaces/include/mark_interfaces/mark_interfaces/srv/detail/rectangle_area__functions.h
[4.432s] -- Installing: /home/saikiran335/ros2_mark_ws/install/mark_interfaces/include/mark_interfaces/mark_interfaces/srv/detail/battery_life_state__description.c
[4.433s] -- Installing: /home/saikiran335/ros2_mark_ws/install/mark_interfaces/include/mark_interfaces/mark_interfaces/srv/detail/rectangle_area__struct.h
[4.433s] -- Installing: /home/saikiran335/ros2_mark_ws/install/mark_interfaces/include/mark_interfaces/mark_interfaces/srv/detail/battery_life_state__type_support.h
[4.433s] -- Installing: /home/saikiran335/ros2_mark_ws/install/mark_interfaces/include/mark_interfaces/mark_interfaces/srv/detail/battery_life_state__functions.c
[4.433s] -- Installing: /home/saikiran335/ros2_mark_ws/install/mark_interfaces/include/mark_interfaces/mark_interfaces/srv/catch_turtle.h
[4.433s] -- Installing: /home/saikiran335/ros2_mark_ws/install/mark_interfaces/include/mark_interfaces/mark_interfaces/srv/rectangle_area.h
[4.433s] -- Installing: /home/saikiran335/ros2_mark_ws/install/mark_interfaces/include/mark_interfaces/mark_interfaces/srv/battery_life_state.h
[4.433s] -- Up-to-date: /home/saikiran335/ros2_mark_ws/install/mark_interfaces/share/mark_interfaces/environment/library_path.sh
[4.434s] -- Up-to-date: /home/saikiran335/ros2_mark_ws/install/mark_interfaces/share/mark_interfaces/environment/library_path.dsv
[4.434s] -- Installing: /home/saikiran335/ros2_mark_ws/install/mark_interfaces/lib/libmark_interfaces__rosidl_generator_c.so
[4.434s] -- Set non-toolchain portion of runtime path of "/home/saikiran335/ros2_mark_ws/install/mark_interfaces/lib/libmark_interfaces__rosidl_generator_c.so" to ""
[4.434s] -- Up-to-date: /home/saikiran335/ros2_mark_ws/install/mark_interfaces/include/mark_interfaces/mark_interfaces
[4.434s] -- Up-to-date: /home/saikiran335/ros2_mark_ws/install/mark_interfaces/include/mark_interfaces/mark_interfaces/msg
[4.435s] -- Up-to-date: /home/saikiran335/ros2_mark_ws/install/mark_interfaces/include/mark_interfaces/mark_interfaces/msg/rosidl_typesupport_fastrtps_c__visibility_control.h
[4.435s] -- Up-to-date: /home/saikiran335/ros2_mark_ws/install/mark_interfaces/include/mark_interfaces/mark_interfaces/msg/detail
[4.435s] -- Installing: /home/saikiran335/ros2_mark_ws/install/mark_interfaces/include/mark_interfaces/mark_interfaces/msg/detail/turtle__rosidl_typesupport_fastrtps_c.h
[4.435s] -- Installing: /home/saikiran335/ros2_mark_ws/install/mark_interfaces/include/mark_interfaces/mark_interfaces/msg/detail/hardware_status__rosidl_typesupport_fastrtps_c.h
[4.435s] -- Installing: /home/saikiran335/ros2_mark_ws/install/mark_interfaces/include/mark_interfaces/mark_interfaces/msg/detail/turtle_array__rosidl_typesupport_fastrtps_c.h
[4.435s] -- Installing: /home/saikiran335/ros2_mark_ws/install/mark_interfaces/include/mark_interfaces/mark_interfaces/msg/detail/ledpanel_state__rosidl_typesupport_fastrtps_c.h
[4.435s] -- Up-to-date: /home/saikiran335/ros2_mark_ws/install/mark_interfaces/include/mark_interfaces/mark_interfaces/srv
[4.435s] -- Up-to-date: /home/saikiran335/ros2_mark_ws/install/mark_interfaces/include/mark_interfaces/mark_interfaces/srv/detail
[4.435s] -- Installing: /home/saikiran335/ros2_mark_ws/install/mark_interfaces/include/mark_interfaces/mark_interfaces/srv/detail/battery_life_state__rosidl_typesupport_fastrtps_c.h
[4.436s] -- Installing: /home/saikiran335/ros2_mark_ws/install/mark_interfaces/include/mark_interfaces/mark_interfaces/srv/detail/catch_turtle__rosidl_typesupport_fastrtps_c.h
[4.436s] -- Installing: /home/saikiran335/ros2_mark_ws/install/mark_interfaces/include/mark_interfaces/mark_interfaces/srv/detail/rectangle_area__rosidl_typesupport_fastrtps_c.h
[4.436s] -- Installing: /home/saikiran335/ros2_mark_ws/install/mark_interfaces/lib/libmark_interfaces__rosidl_typesupport_fastrtps_c.so
[4.436s] -- Set non-toolchain portion of runtime path of "/home/saikiran335/ros2_mark_ws/install/mark_interfaces/lib/libmark_interfaces__rosidl_typesupport_fastrtps_c.so" to ""
[4.436s] -- Up-to-date: /home/saikiran335/ros2_mark_ws/install/mark_interfaces/include/mark_interfaces/mark_interfaces
[4.436s] -- Up-to-date: /home/saikiran335/ros2_mark_ws/install/mark_interfaces/include/mark_interfaces/mark_interfaces/msg
[4.436s] -- Up-to-date: /home/saikiran335/ros2_mark_ws/install/mark_interfaces/include/mark_interfaces/mark_interfaces/msg/detail
[4.436s] -- Installing: /home/saikiran335/ros2_mark_ws/install/mark_interfaces/include/mark_interfaces/mark_interfaces/msg/detail/ledpanel_state__rosidl_typesupport_introspection_c.h
[4.437s] -- Installing: /home/saikiran335/ros2_mark_ws/install/mark_interfaces/include/mark_interfaces/mark_interfaces/msg/detail/turtle__rosidl_typesupport_introspection_c.h
[4.437s] -- Installing: /home/saikiran335/ros2_mark_ws/install/mark_interfaces/include/mark_interfaces/mark_interfaces/msg/detail/turtle_array__rosidl_typesupport_introspection_c.h
[4.437s] -- Up-to-date: /home/saikiran335/ros2_mark_ws/install/mark_interfaces/include/mark_interfaces/mark_interfaces/msg/detail/turtle_array__type_support.c
[4.437s] -- Installing: /home/saikiran335/ros2_mark_ws/install/mark_interfaces/include/mark_interfaces/mark_interfaces/msg/detail/hardware_status__rosidl_typesupport_introspection_c.h
[4.437s] -- Up-to-date: /home/saikiran335/ros2_mark_ws/install/mark_interfaces/include/mark_interfaces/mark_interfaces/msg/detail/ledpanel_state__type_support.c
[4.437s] -- Up-to-date: /home/saikiran335/ros2_mark_ws/install/mark_interfaces/include/mark_interfaces/mark_interfaces/msg/detail/hardware_status__type_support.c
[4.437s] -- Up-to-date: /home/saikiran335/ros2_mark_ws/install/mark_interfaces/include/mark_interfaces/mark_interfaces/msg/detail/turtle__type_support.c
[4.437s] -- Up-to-date: /home/saikiran335/ros2_mark_ws/install/mark_interfaces/include/mark_interfaces/mark_interfaces/msg/rosidl_typesupport_introspection_c__visibility_control.h
[4.437s] -- Up-to-date: /home/saikiran335/ros2_mark_ws/install/mark_interfaces/include/mark_interfaces/mark_interfaces/srv
[4.437s] -- Up-to-date: /home/saikiran335/ros2_mark_ws/install/mark_interfaces/include/mark_interfaces/mark_interfaces/srv/detail
[4.438s] -- Up-to-date: /home/saikiran335/ros2_mark_ws/install/mark_interfaces/include/mark_interfaces/mark_interfaces/srv/detail/battery_life_state__type_support.c
[4.438s] -- Up-to-date: /home/saikiran335/ros2_mark_ws/install/mark_interfaces/include/mark_interfaces/mark_interfaces/srv/detail/rectangle_area__type_support.c
[4.438s] -- Installing: /home/saikiran335/ros2_mark_ws/install/mark_interfaces/include/mark_interfaces/mark_interfaces/srv/detail/battery_life_state__rosidl_typesupport_introspection_c.h
[4.438s] -- Installing: /home/saikiran335/ros2_mark_ws/install/mark_interfaces/include/mark_interfaces/mark_interfaces/srv/detail/catch_turtle__rosidl_typesupport_introspection_c.h
[4.438s] -- Up-to-date: /home/saikiran335/ros2_mark_ws/install/mark_interfaces/include/mark_interfaces/mark_interfaces/srv/detail/catch_turtle__type_support.c
[4.438s] -- Installing: /home/saikiran335/ros2_mark_ws/install/mark_interfaces/include/mark_interfaces/mark_interfaces/srv/detail/rectangle_area__rosidl_typesupport_introspection_c.h
[4.438s] -- Installing: /home/saikiran335/ros2_mark_ws/install/mark_interfaces/lib/libmark_interfaces__rosidl_typesupport_introspection_c.so
[4.438s] -- Set non-toolchain portion of runtime path of "/home/saikiran335/ros2_mark_ws/install/mark_interfaces/lib/libmark_interfaces__rosidl_typesupport_introspection_c.so" to ""
[4.438s] -- Installing: /home/saikiran335/ros2_mark_ws/install/mark_interfaces/lib/libmark_interfaces__rosidl_typesupport_c.so
[4.438s] -- Set non-toolchain portion of runtime path of "/home/saikiran335/ros2_mark_ws/install/mark_interfaces/lib/libmark_interfaces__rosidl_typesupport_c.so" to ""
[4.439s] -- Up-to-date: /home/saikiran335/ros2_mark_ws/install/mark_interfaces/include/mark_interfaces/mark_interfaces
[4.439s] -- Up-to-date: /home/saikiran335/ros2_mark_ws/install/mark_interfaces/include/mark_interfaces/mark_interfaces/msg
[4.439s] -- Up-to-date: /home/saikiran335/ros2_mark_ws/install/mark_interfaces/include/mark_interfaces/mark_interfaces/msg/detail
[4.439s] -- Installing: /home/saikiran335/ros2_mark_ws/install/mark_interfaces/include/mark_interfaces/mark_interfaces/msg/detail/turtle_array__struct.hpp
[4.439s] -- Installing: /home/saikiran335/ros2_mark_ws/install/mark_interfaces/include/mark_interfaces/mark_interfaces/msg/detail/ledpanel_state__traits.hpp
[4.439s] -- Installing: /home/saikiran335/ros2_mark_ws/install/mark_interfaces/include/mark_interfaces/mark_interfaces/msg/detail/ledpanel_state__builder.hpp
[4.439s] -- Installing: /home/saikiran335/ros2_mark_ws/install/mark_interfaces/include/mark_interfaces/mark_interfaces/msg/detail/turtle_array__type_support.hpp
[4.439s] -- Installing: /home/saikiran335/ros2_mark_ws/install/mark_interfaces/include/mark_interfaces/mark_interfaces/msg/detail/hardware_status__traits.hpp
[4.440s] -- Installing: /home/saikiran335/ros2_mark_ws/install/mark_interfaces/include/mark_interfaces/mark_interfaces/msg/detail/turtle_array__builder.hpp
[4.440s] -- Installing: /home/saikiran335/ros2_mark_ws/install/mark_interfaces/include/mark_interfaces/mark_interfaces/msg/detail/turtle__traits.hpp
[4.440s] -- Installing: /home/saikiran335/ros2_mark_ws/install/mark_interfaces/include/mark_interfaces/mark_interfaces/msg/detail/hardware_status__struct.hpp
[4.440s] -- Installing: /home/saikiran335/ros2_mark_ws/install/mark_interfaces/include/mark_interfaces/mark_interfaces/msg/detail/ledpanel_state__struct.hpp
[4.440s] -- Installing: /home/saikiran335/ros2_mark_ws/install/mark_interfaces/include/mark_interfaces/mark_interfaces/msg/detail/turtle__type_support.hpp
[4.440s] -- Installing: /home/saikiran335/ros2_mark_ws/install/mark_interfaces/include/mark_interfaces/mark_interfaces/msg/detail/hardware_status__builder.hpp
[4.440s] -- Installing: /home/saikiran335/ros2_mark_ws/install/mark_interfaces/include/mark_interfaces/mark_interfaces/msg/detail/turtle__struct.hpp
[4.440s] -- Installing: /home/saikiran335/ros2_mark_ws/install/mark_interfaces/include/mark_interfaces/mark_interfaces/msg/detail/turtle_array__traits.hpp
[4.440s] -- Installing: /home/saikiran335/ros2_mark_ws/install/mark_interfaces/include/mark_interfaces/mark_interfaces/msg/detail/ledpanel_state__type_support.hpp
[4.440s] -- Installing: /home/saikiran335/ros2_mark_ws/install/mark_interfaces/include/mark_interfaces/mark_interfaces/msg/detail/turtle__builder.hpp
[4.441s] -- Installing: /home/saikiran335/ros2_mark_ws/install/mark_interfaces/include/mark_interfaces/mark_interfaces/msg/detail/hardware_status__type_support.hpp
[4.441s] -- Installing: /home/saikiran335/ros2_mark_ws/install/mark_interfaces/include/mark_interfaces/mark_interfaces/msg/turtle_array.hpp
[4.441s] -- Installing: /home/saikiran335/ros2_mark_ws/install/mark_interfaces/include/mark_interfaces/mark_interfaces/msg/rosidl_generator_cpp__visibility_control.hpp
[4.441s] -- Installing: /home/saikiran335/ros2_mark_ws/install/mark_interfaces/include/mark_interfaces/mark_interfaces/msg/hardware_status.hpp
[4.441s] -- Installing: /home/saikiran335/ros2_mark_ws/install/mark_interfaces/include/mark_interfaces/mark_interfaces/msg/ledpanel_state.hpp
[4.441s] -- Installing: /home/saikiran335/ros2_mark_ws/install/mark_interfaces/include/mark_interfaces/mark_interfaces/msg/turtle.hpp
[4.441s] -- Up-to-date: /home/saikiran335/ros2_mark_ws/install/mark_interfaces/include/mark_interfaces/mark_interfaces/srv
[4.441s] -- Installing: /home/saikiran335/ros2_mark_ws/install/mark_interfaces/include/mark_interfaces/mark_interfaces/srv/rectangle_area.hpp
[4.442s] -- Up-to-date: /home/saikiran335/ros2_mark_ws/install/mark_interfaces/include/mark_interfaces/mark_interfaces/srv/detail
[4.442s] -- Installing: /home/saikiran335/ros2_mark_ws/install/mark_interfaces/include/mark_interfaces/mark_interfaces/srv/detail/rectangle_area__builder.hpp
[4.442s] -- Installing: /home/saikiran335/ros2_mark_ws/install/mark_interfaces/include/mark_interfaces/mark_interfaces/srv/detail/catch_turtle__type_support.hpp
[4.442s] -- Installing: /home/saikiran335/ros2_mark_ws/install/mark_interfaces/include/mark_interfaces/mark_interfaces/srv/detail/catch_turtle__struct.hpp
[4.442s] -- Installing: /home/saikiran335/ros2_mark_ws/install/mark_interfaces/include/mark_interfaces/mark_interfaces/srv/detail/catch_turtle__traits.hpp
[4.442s] -- Installing: /home/saikiran335/ros2_mark_ws/install/mark_interfaces/include/mark_interfaces/mark_interfaces/srv/detail/rectangle_area__struct.hpp
[4.442s] -- Installing: /home/saikiran335/ros2_mark_ws/install/mark_interfaces/include/mark_interfaces/mark_interfaces/srv/detail/rectangle_area__type_support.hpp
[4.442s] -- Installing: /home/saikiran335/ros2_mark_ws/install/mark_interfaces/include/mark_interfaces/mark_interfaces/srv/detail/catch_turtle__builder.hpp
[4.442s] -- Installing: /home/saikiran335/ros2_mark_ws/install/mark_interfaces/include/mark_interfaces/mark_interfaces/srv/detail/rectangle_area__traits.hpp
[4.442s] -- Installing: /home/saikiran335/ros2_mark_ws/install/mark_interfaces/include/mark_interfaces/mark_interfaces/srv/detail/battery_life_state__type_support.hpp
[4.443s] -- Installing: /home/saikiran335/ros2_mark_ws/install/mark_interfaces/include/mark_interfaces/mark_interfaces/srv/detail/battery_life_state__builder.hpp
[4.443s] -- Installing: /home/saikiran335/ros2_mark_ws/install/mark_interfaces/include/mark_interfaces/mark_interfaces/srv/detail/battery_life_state__traits.hpp
[4.443s] -- Installing: /home/saikiran335/ros2_mark_ws/install/mark_interfaces/include/mark_interfaces/mark_interfaces/srv/detail/battery_life_state__struct.hpp
[4.443s] -- Installing: /home/saikiran335/ros2_mark_ws/install/mark_interfaces/include/mark_interfaces/mark_interfaces/srv/catch_turtle.hpp
[4.443s] -- Installing: /home/saikiran335/ros2_mark_ws/install/mark_interfaces/include/mark_interfaces/mark_interfaces/srv/battery_life_state.hpp
[4.443s] -- Up-to-date: /home/saikiran335/ros2_mark_ws/install/mark_interfaces/include/mark_interfaces/mark_interfaces
[4.443s] -- Up-to-date: /home/saikiran335/ros2_mark_ws/install/mark_interfaces/include/mark_interfaces/mark_interfaces/msg
[4.443s] -- Up-to-date: /home/saikiran335/ros2_mark_ws/install/mark_interfaces/include/mark_interfaces/mark_interfaces/msg/detail
[4.443s] -- Up-to-date: /home/saikiran335/ros2_mark_ws/install/mark_interfaces/include/mark_interfaces/mark_interfaces/msg/detail/dds_fastrtps
[4.443s] -- Installing: /home/saikiran335/ros2_mark_ws/install/mark_interfaces/include/mark_interfaces/mark_interfaces/msg/detail/hardware_status__rosidl_typesupport_fastrtps_cpp.hpp
[4.444s] -- Installing: /home/saikiran335/ros2_mark_ws/install/mark_interfaces/include/mark_interfaces/mark_interfaces/msg/detail/turtle__rosidl_typesupport_fastrtps_cpp.hpp
[4.444s] -- Installing: /home/saikiran335/ros2_mark_ws/install/mark_interfaces/include/mark_interfaces/mark_interfaces/msg/detail/ledpanel_state__rosidl_typesupport_fastrtps_cpp.hpp
[4.444s] -- Installing: /home/saikiran335/ros2_mark_ws/install/mark_interfaces/include/mark_interfaces/mark_interfaces/msg/detail/turtle_array__rosidl_typesupport_fastrtps_cpp.hpp
[4.444s] -- Up-to-date: /home/saikiran335/ros2_mark_ws/install/mark_interfaces/include/mark_interfaces/mark_interfaces/msg/rosidl_typesupport_fastrtps_cpp__visibility_control.h
[4.444s] -- Up-to-date: /home/saikiran335/ros2_mark_ws/install/mark_interfaces/include/mark_interfaces/mark_interfaces/srv
[4.444s] -- Up-to-date: /home/saikiran335/ros2_mark_ws/install/mark_interfaces/include/mark_interfaces/mark_interfaces/srv/detail
[4.444s] -- Installing: /home/saikiran335/ros2_mark_ws/install/mark_interfaces/include/mark_interfaces/mark_interfaces/srv/detail/rectangle_area__rosidl_typesupport_fastrtps_cpp.hpp
[4.445s] -- Up-to-date: /home/saikiran335/ros2_mark_ws/install/mark_interfaces/include/mark_interfaces/mark_interfaces/srv/detail/dds_fastrtps
[4.445s] -- Installing: /home/saikiran335/ros2_mark_ws/install/mark_interfaces/include/mark_interfaces/mark_interfaces/srv/detail/battery_life_state__rosidl_typesupport_fastrtps_cpp.hpp
[4.445s] -- Installing: /home/saikiran335/ros2_mark_ws/install/mark_interfaces/include/mark_interfaces/mark_interfaces/srv/detail/catch_turtle__rosidl_typesupport_fastrtps_cpp.hpp
[4.445s] -- Installing: /home/saikiran335/ros2_mark_ws/install/mark_interfaces/lib/libmark_interfaces__rosidl_typesupport_fastrtps_cpp.so
[4.445s] -- Set non-toolchain portion of runtime path of "/home/saikiran335/ros2_mark_ws/install/mark_interfaces/lib/libmark_interfaces__rosidl_typesupport_fastrtps_cpp.so" to ""
[4.445s] -- Up-to-date: /home/saikiran335/ros2_mark_ws/install/mark_interfaces/include/mark_interfaces/mark_interfaces
[4.445s] -- Up-to-date: /home/saikiran335/ros2_mark_ws/install/mark_interfaces/include/mark_interfaces/mark_interfaces/msg
[4.445s] -- Up-to-date: /home/saikiran335/ros2_mark_ws/install/mark_interfaces/include/mark_interfaces/mark_interfaces/msg/detail
[4.445s] -- Installing: /home/saikiran335/ros2_mark_ws/install/mark_interfaces/include/mark_interfaces/mark_interfaces/msg/detail/turtle_array__type_support.cpp
[4.446s] -- Installing: /home/saikiran335/ros2_mark_ws/install/mark_interfaces/include/mark_interfaces/mark_interfaces/msg/detail/turtle__rosidl_typesupport_introspection_cpp.hpp
[4.446s] -- Installing: /home/saikiran335/ros2_mark_ws/install/mark_interfaces/include/mark_interfaces/mark_interfaces/msg/detail/turtle__type_support.cpp
[4.446s] -- Installing: /home/saikiran335/ros2_mark_ws/install/mark_interfaces/include/mark_interfaces/mark_interfaces/msg/detail/hardware_status__type_support.cpp
[4.446s] -- Installing: /home/saikiran335/ros2_mark_ws/install/mark_interfaces/include/mark_interfaces/mark_interfaces/msg/detail/turtle_array__rosidl_typesupport_introspection_cpp.hpp
[4.446s] -- Installing: /home/saikiran335/ros2_mark_ws/install/mark_interfaces/include/mark_interfaces/mark_interfaces/msg/detail/hardware_status__rosidl_typesupport_introspection_cpp.hpp
[4.446s] -- Installing: /home/saikiran335/ros2_mark_ws/install/mark_interfaces/include/mark_interfaces/mark_interfaces/msg/detail/ledpanel_state__rosidl_typesupport_introspection_cpp.hpp
[4.446s] -- Installing: /home/saikiran335/ros2_mark_ws/install/mark_interfaces/include/mark_interfaces/mark_interfaces/msg/detail/ledpanel_state__type_support.cpp
[4.447s] -- Up-to-date: /home/saikiran335/ros2_mark_ws/install/mark_interfaces/include/mark_interfaces/mark_interfaces/srv
[4.447s] -- Up-to-date: /home/saikiran335/ros2_mark_ws/install/mark_interfaces/include/mark_interfaces/mark_interfaces/srv/detail
[4.447s] -- Installing: /home/saikiran335/ros2_mark_ws/install/mark_interfaces/include/mark_interfaces/mark_interfaces/srv/detail/catch_turtle__type_support.cpp
[4.447s] -- Installing: /home/saikiran335/ros2_mark_ws/install/mark_interfaces/include/mark_interfaces/mark_interfaces/srv/detail/rectangle_area__type_support.cpp
[4.447s] -- Installing: /home/saikiran335/ros2_mark_ws/install/mark_interfaces/include/mark_interfaces/mark_interfaces/srv/detail/rectangle_area__rosidl_typesupport_introspection_cpp.hpp
[4.447s] -- Installing: /home/saikiran335/ros2_mark_ws/install/mark_interfaces/include/mark_interfaces/mark_interfaces/srv/detail/battery_life_state__type_support.cpp
[4.447s] -- Installing: /home/saikiran335/ros2_mark_ws/install/mark_interfaces/include/mark_interfaces/mark_interfaces/srv/detail/battery_life_state__rosidl_typesupport_introspection_cpp.hpp
[4.447s] -- Installing: /home/saikiran335/ros2_mark_ws/install/mark_interfaces/include/mark_interfaces/mark_interfaces/srv/detail/catch_turtle__rosidl_typesupport_introspection_cpp.hpp
[4.448s] -- Installing: /home/saikiran335/ros2_mark_ws/install/mark_interfaces/lib/libmark_interfaces__rosidl_typesupport_introspection_cpp.so
[4.448s] -- Set non-toolchain portion of runtime path of "/home/saikiran335/ros2_mark_ws/install/mark_interfaces/lib/libmark_interfaces__rosidl_typesupport_introspection_cpp.so" to ""
[4.448s] -- Installing: /home/saikiran335/ros2_mark_ws/install/mark_interfaces/lib/libmark_interfaces__rosidl_typesupport_cpp.so
[4.448s] -- Set non-toolchain portion of runtime path of "/home/saikiran335/ros2_mark_ws/install/mark_interfaces/lib/libmark_interfaces__rosidl_typesupport_cpp.so" to ""
[4.448s] -- Up-to-date: /home/saikiran335/ros2_mark_ws/install/mark_interfaces/share/mark_interfaces/environment/pythonpath.sh
[4.448s] -- Up-to-date: /home/saikiran335/ros2_mark_ws/install/mark_interfaces/share/mark_interfaces/environment/pythonpath.dsv
[4.448s] -- Up-to-date: /home/saikiran335/ros2_mark_ws/install/mark_interfaces/lib/python3.12/site-packages/mark_interfaces-0.0.0-py3.12.egg-info
[4.448s] -- Installing: /home/saikiran335/ros2_mark_ws/install/mark_interfaces/lib/python3.12/site-packages/mark_interfaces-0.0.0-py3.12.egg-info/PKG-INFO
[4.449s] -- Installing: /home/saikiran335/ros2_mark_ws/install/mark_interfaces/lib/python3.12/site-packages/mark_interfaces-0.0.0-py3.12.egg-info/SOURCES.txt
[4.449s] -- Installing: /home/saikiran335/ros2_mark_ws/install/mark_interfaces/lib/python3.12/site-packages/mark_interfaces-0.0.0-py3.12.egg-info/top_level.txt
[4.449s] -- Installing: /home/saikiran335/ros2_mark_ws/install/mark_interfaces/lib/python3.12/site-packages/mark_interfaces-0.0.0-py3.12.egg-info/dependency_links.txt
[4.449s] -- Up-to-date: /home/saikiran335/ros2_mark_ws/install/mark_interfaces/lib/python3.12/site-packages/mark_interfaces
[4.449s] -- Up-to-date: /home/saikiran335/ros2_mark_ws/install/mark_interfaces/lib/python3.12/site-packages/mark_interfaces/msg
[4.449s] -- Installing: /home/saikiran335/ros2_mark_ws/install/mark_interfaces/lib/python3.12/site-packages/mark_interfaces/msg/_turtle_array.py
[4.449s] -- Installing: /home/saikiran335/ros2_mark_ws/install/mark_interfaces/lib/python3.12/site-packages/mark_interfaces/msg/_turtle_array_s.c
[4.449s] -- Installing: /home/saikiran335/ros2_mark_ws/install/mark_interfaces/lib/python3.12/site-packages/mark_interfaces/msg/_turtle_s.c
[4.449s] -- Installing: /home/saikiran335/ros2_mark_ws/install/mark_interfaces/lib/python3.12/site-packages/mark_interfaces/msg/_ledpanel_state.py
[4.449s] -- Installing: /home/saikiran335/ros2_mark_ws/install/mark_interfaces/lib/python3.12/site-packages/mark_interfaces/msg/_hardware_status_s.c
[4.449s] -- Installing: /home/saikiran335/ros2_mark_ws/install/mark_interfaces/lib/python3.12/site-packages/mark_interfaces/msg/__init__.py
[4.450s] -- Installing: /home/saikiran335/ros2_mark_ws/install/mark_interfaces/lib/python3.12/site-packages/mark_interfaces/msg/_ledpanel_state_s.c
[4.450s] -- Installing: /home/saikiran335/ros2_mark_ws/install/mark_interfaces/lib/python3.12/site-packages/mark_interfaces/msg/_hardware_status.py
[4.450s] -- Installing: /home/saikiran335/ros2_mark_ws/install/mark_interfaces/lib/python3.12/site-packages/mark_interfaces/msg/_turtle.py
[4.450s] -- Up-to-date: /home/saikiran335/ros2_mark_ws/install/mark_interfaces/lib/python3.12/site-packages/mark_interfaces/srv
[4.450s] -- Installing: /home/saikiran335/ros2_mark_ws/install/mark_interfaces/lib/python3.12/site-packages/mark_interfaces/srv/_catch_turtle_s.c
[4.450s] -- Installing: /home/saikiran335/ros2_mark_ws/install/mark_interfaces/lib/python3.12/site-packages/mark_interfaces/srv/_battery_life_state_s.c
[4.450s] -- Installing: /home/saikiran335/ros2_mark_ws/install/mark_interfaces/lib/python3.12/site-packages/mark_interfaces/srv/_battery_life_state.py
[4.450s] -- Installing: /home/saikiran335/ros2_mark_ws/install/mark_interfaces/lib/python3.12/site-packages/mark_interfaces/srv/_rectangle_area_s.c
[4.450s] -- Installing: /home/saikiran335/ros2_mark_ws/install/mark_interfaces/lib/python3.12/site-packages/mark_interfaces/srv/__init__.py
[4.450s] -- Installing: /home/saikiran335/ros2_mark_ws/install/mark_interfaces/lib/python3.12/site-packages/mark_interfaces/srv/_catch_turtle.py
[4.451s] -- Installing: /home/saikiran335/ros2_mark_ws/install/mark_interfaces/lib/python3.12/site-packages/mark_interfaces/srv/_rectangle_area.py
[4.451s] -- Installing: /home/saikiran335/ros2_mark_ws/install/mark_interfaces/lib/python3.12/site-packages/mark_interfaces/mark_interfaces_s__rosidl_typesupport_fastrtps_c.so
[4.451s] -- Installing: /home/saikiran335/ros2_mark_ws/install/mark_interfaces/lib/python3.12/site-packages/mark_interfaces/_mark_interfaces_s.ep.rosidl_typesupport_fastrtps_c.c
[4.451s] -- Installing: /home/saikiran335/ros2_mark_ws/install/mark_interfaces/lib/python3.12/site-packages/mark_interfaces/_mark_interfaces_s.ep.rosidl_typesupport_c.c
[4.451s] -- Installing: /home/saikiran335/ros2_mark_ws/install/mark_interfaces/lib/python3.12/site-packages/mark_interfaces/__init__.py
[4.451s] -- Installing: /home/saikiran335/ros2_mark_ws/install/mark_interfaces/lib/python3.12/site-packages/mark_interfaces/_mark_interfaces_s.ep.rosidl_typesupport_introspection_c.c
[4.451s] -- Installing: /home/saikiran335/ros2_mark_ws/install/mark_interfaces/lib/python3.12/site-packages/mark_interfaces/mark_interfaces_s__rosidl_typesupport_introspection_c.so
[4.451s] -- Installing: /home/saikiran335/ros2_mark_ws/install/mark_interfaces/lib/python3.12/site-packages/mark_interfaces/mark_interfaces_s__rosidl_typesupport_c.so
[4.485s] Listing '/home/saikiran335/ros2_mark_ws/install/mark_interfaces/lib/python3.12/site-packages/mark_interfaces'...
[4.486s] Compiling '/home/saikiran335/ros2_mark_ws/install/mark_interfaces/lib/python3.12/site-packages/mark_interfaces/__init__.py'...
[4.486s] Listing '/home/saikiran335/ros2_mark_ws/install/mark_interfaces/lib/python3.12/site-packages/mark_interfaces/msg'...
[4.486s] Compiling '/home/saikiran335/ros2_mark_ws/install/mark_interfaces/lib/python3.12/site-packages/mark_interfaces/msg/__init__.py'...
[4.486s] Compiling '/home/saikiran335/ros2_mark_ws/install/mark_interfaces/lib/python3.12/site-packages/mark_interfaces/msg/_hardware_status.py'...
[4.486s] Compiling '/home/saikiran335/ros2_mark_ws/install/mark_interfaces/lib/python3.12/site-packages/mark_interfaces/msg/_ledpanel_state.py'...
[4.487s] Compiling '/home/saikiran335/ros2_mark_ws/install/mark_interfaces/lib/python3.12/site-packages/mark_interfaces/msg/_turtle.py'...
[4.487s] Compiling '/home/saikiran335/ros2_mark_ws/install/mark_interfaces/lib/python3.12/site-packages/mark_interfaces/msg/_turtle_array.py'...
[4.487s] Listing '/home/saikiran335/ros2_mark_ws/install/mark_interfaces/lib/python3.12/site-packages/mark_interfaces/srv'...
[4.487s] Compiling '/home/saikiran335/ros2_mark_ws/install/mark_interfaces/lib/python3.12/site-packages/mark_interfaces/srv/__init__.py'...
[4.487s] Compiling '/home/saikiran335/ros2_mark_ws/install/mark_interfaces/lib/python3.12/site-packages/mark_interfaces/srv/_battery_life_state.py'...
[4.487s] Compiling '/home/saikiran335/ros2_mark_ws/install/mark_interfaces/lib/python3.12/site-packages/mark_interfaces/srv/_catch_turtle.py'...
[4.487s] Compiling '/home/saikiran335/ros2_mark_ws/install/mark_interfaces/lib/python3.12/site-packages/mark_interfaces/srv/_rectangle_area.py'...
[4.491s] -- Installing: /home/saikiran335/ros2_mark_ws/install/mark_interfaces/lib/python3.12/site-packages/mark_interfaces/mark_interfaces_s__rosidl_typesupport_fastrtps_c.so
[4.492s] -- Set non-toolchain portion of runtime path of "/home/saikiran335/ros2_mark_ws/install/mark_interfaces/lib/python3.12/site-packages/mark_interfaces/mark_interfaces_s__rosidl_typesupport_fastrtps_c.so" to ""
[4.492s] -- Installing: /home/saikiran335/ros2_mark_ws/install/mark_interfaces/lib/python3.12/site-packages/mark_interfaces/mark_interfaces_s__rosidl_typesupport_introspection_c.so
[4.492s] -- Set non-toolchain portion of runtime path of "/home/saikiran335/ros2_mark_ws/install/mark_interfaces/lib/python3.12/site-packages/mark_interfaces/mark_interfaces_s__rosidl_typesupport_introspection_c.so" to ""
[4.492s] -- Installing: /home/saikiran335/ros2_mark_ws/install/mark_interfaces/lib/python3.12/site-packages/mark_interfaces/mark_interfaces_s__rosidl_typesupport_c.so
[4.492s] -- Set non-toolchain portion of runtime path of "/home/saikiran335/ros2_mark_ws/install/mark_interfaces/lib/python3.12/site-packages/mark_interfaces/mark_interfaces_s__rosidl_typesupport_c.so" to ""
[4.492s] -- Installing: /home/saikiran335/ros2_mark_ws/install/mark_interfaces/lib/libmark_interfaces__rosidl_generator_py.so
[4.493s] -- Set non-toolchain portion of runtime path of "/home/saikiran335/ros2_mark_ws/install/mark_interfaces/lib/libmark_interfaces__rosidl_generator_py.so" to ""
[4.493s] -- Up-to-date: /home/saikiran335/ros2_mark_ws/install/mark_interfaces/share/mark_interfaces/msg/HardwareStatus.idl
[4.493s] -- Up-to-date: /home/saikiran335/ros2_mark_ws/install/mark_interfaces/share/mark_interfaces/msg/LedpanelState.idl
[4.493s] -- Up-to-date: /home/saikiran335/ros2_mark_ws/install/mark_interfaces/share/mark_interfaces/msg/Turtle.idl
[4.494s] -- Up-to-date: /home/saikiran335/ros2_mark_ws/install/mark_interfaces/share/mark_interfaces/msg/TurtleArray.idl
[4.494s] -- Up-to-date: /home/saikiran335/ros2_mark_ws/install/mark_interfaces/share/mark_interfaces/srv/RectangleArea.idl
[4.494s] -- Up-to-date: /home/saikiran335/ros2_mark_ws/install/mark_interfaces/share/mark_interfaces/srv/BatteryLifeState.idl
[4.494s] -- Installing: /home/saikiran335/ros2_mark_ws/install/mark_interfaces/share/mark_interfaces/srv/CatchTurtle.idl
[4.494s] -- Up-to-date: /home/saikiran335/ros2_mark_ws/install/mark_interfaces/share/mark_interfaces/msg/HardwareStatus.msg
[4.494s] -- Up-to-date: /home/saikiran335/ros2_mark_ws/install/mark_interfaces/share/mark_interfaces/msg/LedpanelState.msg
[4.494s] -- Up-to-date: /home/saikiran335/ros2_mark_ws/install/mark_interfaces/share/mark_interfaces/msg/Turtle.msg
[4.495s] -- Up-to-date: /home/saikiran335/ros2_mark_ws/install/mark_interfaces/share/mark_interfaces/msg/TurtleArray.msg
[4.495s] -- Up-to-date: /home/saikiran335/ros2_mark_ws/install/mark_interfaces/share/mark_interfaces/srv/RectangleArea.srv
[4.495s] -- Up-to-date: /home/saikiran335/ros2_mark_ws/install/mark_interfaces/share/mark_interfaces/srv/BatteryLifeState.srv
[4.495s] -- Installing: /home/saikiran335/ros2_mark_ws/install/mark_interfaces/share/mark_interfaces/srv/CatchTurtle.srv
[4.495s] -- Up-to-date: /home/saikiran335/ros2_mark_ws/install/mark_interfaces/share/ament_index/resource_index/package_run_dependencies/mark_interfaces
[4.495s] -- Up-to-date: /home/saikiran335/ros2_mark_ws/install/mark_interfaces/share/ament_index/resource_index/parent_prefix_path/mark_interfaces
[4.495s] -- Up-to-date: /home/saikiran335/ros2_mark_ws/install/mark_interfaces/share/mark_interfaces/environment/ament_prefix_path.sh
[4.495s] -- Up-to-date: /home/saikiran335/ros2_mark_ws/install/mark_interfaces/share/mark_interfaces/environment/ament_prefix_path.dsv
[4.495s] -- Up-to-date: /home/saikiran335/ros2_mark_ws/install/mark_interfaces/share/mark_interfaces/environment/path.sh
[4.495s] -- Up-to-date: /home/saikiran335/ros2_mark_ws/install/mark_interfaces/share/mark_interfaces/environment/path.dsv
[4.496s] -- Up-to-date: /home/saikiran335/ros2_mark_ws/install/mark_interfaces/share/mark_interfaces/local_setup.bash
[4.496s] -- Up-to-date: /home/saikiran335/ros2_mark_ws/install/mark_interfaces/share/mark_interfaces/local_setup.sh
[4.496s] -- Up-to-date: /home/saikiran335/ros2_mark_ws/install/mark_interfaces/share/mark_interfaces/local_setup.zsh
[4.496s] -- Up-to-date: /home/saikiran335/ros2_mark_ws/install/mark_interfaces/share/mark_interfaces/local_setup.dsv
[4.496s] -- Installing: /home/saikiran335/ros2_mark_ws/install/mark_interfaces/share/mark_interfaces/package.dsv
[4.496s] -- Up-to-date: /home/saikiran335/ros2_mark_ws/install/mark_interfaces/share/ament_index/resource_index/packages/mark_interfaces
[4.496s] -- Up-to-date: /home/saikiran335/ros2_mark_ws/install/mark_interfaces/share/mark_interfaces/cmake/export_mark_interfaces__rosidl_generator_cExport.cmake
[4.496s] -- Up-to-date: /home/saikiran335/ros2_mark_ws/install/mark_interfaces/share/mark_interfaces/cmake/export_mark_interfaces__rosidl_generator_cExport-noconfig.cmake
[4.496s] -- Up-to-date: /home/saikiran335/ros2_mark_ws/install/mark_interfaces/share/mark_interfaces/cmake/export_mark_interfaces__rosidl_typesupport_fastrtps_cExport.cmake
[4.496s] -- Up-to-date: /home/saikiran335/ros2_mark_ws/install/mark_interfaces/share/mark_interfaces/cmake/export_mark_interfaces__rosidl_typesupport_fastrtps_cExport-noconfig.cmake
[4.497s] -- Up-to-date: /home/saikiran335/ros2_mark_ws/install/mark_interfaces/share/mark_interfaces/cmake/mark_interfaces__rosidl_typesupport_introspection_cExport.cmake
[4.497s] -- Up-to-date: /home/saikiran335/ros2_mark_ws/install/mark_interfaces/share/mark_interfaces/cmake/mark_interfaces__rosidl_typesupport_introspection_cExport-noconfig.cmake
[4.497s] -- Up-to-date: /home/saikiran335/ros2_mark_ws/install/mark_interfaces/share/mark_interfaces/cmake/mark_interfaces__rosidl_typesupport_cExport.cmake
[4.497s] -- Up-to-date: /home/saikiran335/ros2_mark_ws/install/mark_interfaces/share/mark_interfaces/cmake/mark_interfaces__rosidl_typesupport_cExport-noconfig.cmake
[4.497s] -- Up-to-date: /home/saikiran335/ros2_mark_ws/install/mark_interfaces/share/mark_interfaces/cmake/export_mark_interfaces__rosidl_generator_cppExport.cmake
[4.498s] -- Up-to-date: /home/saikiran335/ros2_mark_ws/install/mark_interfaces/share/mark_interfaces/cmake/export_mark_interfaces__rosidl_typesupport_fastrtps_cppExport.cmake
[4.498s] -- Up-to-date: /home/saikiran335/ros2_mark_ws/install/mark_interfaces/share/mark_interfaces/cmake/export_mark_interfaces__rosidl_typesupport_fastrtps_cppExport-noconfig.cmake
[4.498s] -- Up-to-date: /home/saikiran335/ros2_mark_ws/install/mark_interfaces/share/mark_interfaces/cmake/mark_interfaces__rosidl_typesupport_introspection_cppExport.cmake
[4.498s] -- Up-to-date: /home/saikiran335/ros2_mark_ws/install/mark_interfaces/share/mark_interfaces/cmake/mark_interfaces__rosidl_typesupport_introspection_cppExport-noconfig.cmake
[4.498s] -- Up-to-date: /home/saikiran335/ros2_mark_ws/install/mark_interfaces/share/mark_interfaces/cmake/mark_interfaces__rosidl_typesupport_cppExport.cmake
[4.499s] -- Up-to-date: /home/saikiran335/ros2_mark_ws/install/mark_interfaces/share/mark_interfaces/cmake/mark_interfaces__rosidl_typesupport_cppExport-noconfig.cmake
[4.499s] -- Up-to-date: /home/saikiran335/ros2_mark_ws/install/mark_interfaces/share/mark_interfaces/cmake/export_mark_interfaces__rosidl_generator_pyExport.cmake
[4.499s] -- Up-to-date: /home/saikiran335/ros2_mark_ws/install/mark_interfaces/share/mark_interfaces/cmake/export_mark_interfaces__rosidl_generator_pyExport-noconfig.cmake
[4.499s] -- Installing: /home/saikiran335/ros2_mark_ws/install/mark_interfaces/share/mark_interfaces/cmake/rosidl_cmake-extras.cmake
[4.500s] -- Installing: /home/saikiran335/ros2_mark_ws/install/mark_interfaces/share/mark_interfaces/cmake/ament_cmake_export_dependencies-extras.cmake
[4.500s] -- Up-to-date: /home/saikiran335/ros2_mark_ws/install/mark_interfaces/share/mark_interfaces/cmake/ament_cmake_export_include_directories-extras.cmake
[4.500s] -- Up-to-date: /home/saikiran335/ros2_mark_ws/install/mark_interfaces/share/mark_interfaces/cmake/ament_cmake_export_libraries-extras.cmake
[4.500s] -- Up-to-date: /home/saikiran335/ros2_mark_ws/install/mark_interfaces/share/mark_interfaces/cmake/ament_cmake_export_targets-extras.cmake
[4.500s] -- Up-to-date: /home/saikiran335/ros2_mark_ws/install/mark_interfaces/share/mark_interfaces/cmake/rosidl_cmake_export_typesupport_targets-extras.cmake
[4.500s] -- Up-to-date: /home/saikiran335/ros2_mark_ws/install/mark_interfaces/share/mark_interfaces/cmake/rosidl_cmake_export_typesupport_libraries-extras.cmake
[4.500s] -- Up-to-date: /home/saikiran335/ros2_mark_ws/install/mark_interfaces/share/mark_interfaces/cmake/mark_interfacesConfig.cmake
[4.500s] -- Up-to-date: /home/saikiran335/ros2_mark_ws/install/mark_interfaces/share/mark_interfaces/cmake/mark_interfacesConfig-version.cmake
[4.501s] -- Up-to-date: /home/saikiran335/ros2_mark_ws/install/mark_interfaces/share/mark_interfaces/package.xml
[4.501s] Invoked command in '/home/saikiran335/ros2_mark_ws/build/mark_interfaces' returned '0': CMAKE_PREFIX_PATH=${CMAKE_PREFIX_PATH}:/home/saikiran335/ros2_mark_ws/install/turtlesim_catch_them_all:/home/saikiran335/ros2_mark_ws/install/mark_py_pkg:/opt/ros/jazzy DEBUGINFOD_URLS=https://debuginfod.ubuntu.com /usr/bin/cmake --install /home/saikiran335/ros2_mark_ws/build/mark_interfaces
