-- Install configuration: ""
-- Execute custom install script
-- Up-to-date symlink: /home/saikiran335/ros2_mark_ws/install/mark_bringup/share/mark_bringup/launch/lifecycle_test.launch.py
-- Up-to-date symlink: /home/saikiran335/ros2_mark_ws/install/mark_bringup/share/mark_bringup/launch/lifecycle_test.launch.xml
-- Up-to-date symlink: /home/saikiran335/ros2_mark_ws/install/mark_bringup/share/mark_bringup/launch/number_app.launch.py
-- Up-to-date symlink: /home/saikiran335/ros2_mark_ws/install/mark_bringup/share/mark_bringup/launch/number_app.launch.xml
-- Up-to-date symlink: /home/saikiran335/ros2_mark_ws/install/mark_bringup/share/mark_bringup/launch/number_app_from_python.launch.xml
-- Up-to-date symlink: /home/saikiran335/ros2_mark_ws/install/mark_bringup/share/mark_bringup/launch/robot_news.launch.xml
-- Up-to-date symlink: /home/saikiran335/ros2_mark_ws/install/mark_bringup/share/mark_bringup/launch/turtle_catch_them_all.launch.xml
-- Up-to-date symlink: /home/saikiran335/ros2_mark_ws/install/mark_bringup/share/mark_bringup/config/number_app.yaml
-- Up-to-date symlink: /home/saikiran335/ros2_mark_ws/install/mark_bringup/share/mark_bringup/config/robot_news_station.yaml
-- Up-to-date symlink: /home/saikiran335/ros2_mark_ws/install/mark_bringup/share/ament_index/resource_index/package_run_dependencies/mark_bringup
-- Up-to-date symlink: /home/saikiran335/ros2_mark_ws/install/mark_bringup/share/ament_index/resource_index/parent_prefix_path/mark_bringup
-- Up-to-date symlink: /home/saikiran335/ros2_mark_ws/install/mark_bringup/share/mark_bringup/environment/ament_prefix_path.sh
-- Up-to-date symlink: /home/saikiran335/ros2_mark_ws/install/mark_bringup/share/mark_bringup/environment/ament_prefix_path.dsv
-- Up-to-date symlink: /home/saikiran335/ros2_mark_ws/install/mark_bringup/share/mark_bringup/environment/path.sh
-- Up-to-date symlink: /home/saikiran335/ros2_mark_ws/install/mark_bringup/share/mark_bringup/environment/path.dsv
-- Up-to-date symlink: /home/saikiran335/ros2_mark_ws/install/mark_bringup/share/mark_bringup/local_setup.bash
-- Up-to-date symlink: /home/saikiran335/ros2_mark_ws/install/mark_bringup/share/mark_bringup/local_setup.sh
-- Up-to-date symlink: /home/saikiran335/ros2_mark_ws/install/mark_bringup/share/mark_bringup/local_setup.zsh
-- Up-to-date symlink: /home/saikiran335/ros2_mark_ws/install/mark_bringup/share/mark_bringup/local_setup.dsv
-- Symlinking: /home/saikiran335/ros2_mark_ws/install/mark_bringup/share/mark_bringup/package.dsv
-- Up-to-date symlink: /home/saikiran335/ros2_mark_ws/install/mark_bringup/share/ament_index/resource_index/packages/mark_bringup
-- Up-to-date symlink: /home/saikiran335/ros2_mark_ws/install/mark_bringup/share/mark_bringup/cmake/mark_bringupConfig.cmake
-- Up-to-date symlink: /home/saikiran335/ros2_mark_ws/install/mark_bringup/share/mark_bringup/cmake/mark_bringupConfig-version.cmake
-- Up-to-date symlink: /home/saikiran335/ros2_mark_ws/install/mark_bringup/share/mark_bringup/package.xml
