[0.023s] Invoking command in '/home/saikiran335/ros2_mark_ws/build/mark_bringup': AMENT_PREFIX_PATH=/home/saikiran335/ros2_mark_ws/install/turtlesim_catch_them_all:/home/saikiran335/ros2_mark_ws/install/mark_py_pkg:/home/saikiran335/ros2_mark_ws/install/lifecycle_py:/home/saikiran335/ros2_mark_ws/install/mark_bringup:/home/saikiran335/ros2_mark_ws/install/mark_interfaces:/home/saikiran335/ros2_mark_ws/install/mark_cpp_pkg:/home/saikiran335/ros2_mark_ws/install/actions_py:/home/saikiran335/ros2_jarvis_ws/install/jarvis_bringup:/home/saikiran335/ros2_jarvis_ws/install/jarvis_description:/opt/ros/jazzy CMAKE_PREFIX_PATH=/home/saikiran335/ros2_mark_ws/install/mark_interfaces:/home/saikiran335/ros2_mark_ws/install/mark_bringup:/home/saikiran335/ros2_mark_ws/install/mark_cpp_pkg:/home/saikiran335/ros2_jarvis_ws/install/jarvis_bringup:/home/saikiran335/ros2_jarvis_ws/install/jarvis_description:/opt/ros/jazzy/opt/gz_math_vendor:/opt/ros/jazzy/opt/gz_utils_vendor:/opt/ros/jazzy/opt/gz_cmake_vendor:/home/saikiran335/ros2_mark_ws/install/turtlesim_catch_them_all:/home/saikiran335/ros2_mark_ws/install/mark_py_pkg:/home/saikiran335/ros2_mark_ws/install/lifecycle_py:/home/saikiran335/ros2_mark_ws/install/actions_py:/opt/ros/jazzy DEBUGINFOD_URLS=https://debuginfod.ubuntu.com /usr/bin/cmake --build /home/saikiran335/ros2_mark_ws/build/mark_bringup -- -j16 -l16
[0.063s] Invoked command in '/home/saikiran335/ros2_mark_ws/build/mark_bringup' returned '0': AMENT_PREFIX_PATH=/home/saikiran335/ros2_mark_ws/install/turtlesim_catch_them_all:/home/saikiran335/ros2_mark_ws/install/mark_py_pkg:/home/saikiran335/ros2_mark_ws/install/lifecycle_py:/home/saikiran335/ros2_mark_ws/install/mark_bringup:/home/saikiran335/ros2_mark_ws/install/mark_interfaces:/home/saikiran335/ros2_mark_ws/install/mark_cpp_pkg:/home/saikiran335/ros2_mark_ws/install/actions_py:/home/saikiran335/ros2_jarvis_ws/install/jarvis_bringup:/home/saikiran335/ros2_jarvis_ws/install/jarvis_description:/opt/ros/jazzy CMAKE_PREFIX_PATH=/home/saikiran335/ros2_mark_ws/install/mark_interfaces:/home/saikiran335/ros2_mark_ws/install/mark_bringup:/home/saikiran335/ros2_mark_ws/install/mark_cpp_pkg:/home/saikiran335/ros2_jarvis_ws/install/jarvis_bringup:/home/saikiran335/ros2_jarvis_ws/install/jarvis_description:/opt/ros/jazzy/opt/gz_math_vendor:/opt/ros/jazzy/opt/gz_utils_vendor:/opt/ros/jazzy/opt/gz_cmake_vendor:/home/saikiran335/ros2_mark_ws/install/turtlesim_catch_them_all:/home/saikiran335/ros2_mark_ws/install/mark_py_pkg:/home/saikiran335/ros2_mark_ws/install/lifecycle_py:/home/saikiran335/ros2_mark_ws/install/actions_py:/opt/ros/jazzy DEBUGINFOD_URLS=https://debuginfod.ubuntu.com /usr/bin/cmake --build /home/saikiran335/ros2_mark_ws/build/mark_bringup -- -j16 -l16
[0.072s] Invoking command in '/home/saikiran335/ros2_mark_ws/build/mark_bringup': AMENT_PREFIX_PATH=/home/saikiran335/ros2_mark_ws/install/turtlesim_catch_them_all:/home/saikiran335/ros2_mark_ws/install/mark_py_pkg:/home/saikiran335/ros2_mark_ws/install/lifecycle_py:/home/saikiran335/ros2_mark_ws/install/mark_bringup:/home/saikiran335/ros2_mark_ws/install/mark_interfaces:/home/saikiran335/ros2_mark_ws/install/mark_cpp_pkg:/home/saikiran335/ros2_mark_ws/install/actions_py:/home/saikiran335/ros2_jarvis_ws/install/jarvis_bringup:/home/saikiran335/ros2_jarvis_ws/install/jarvis_description:/opt/ros/jazzy CMAKE_PREFIX_PATH=/home/saikiran335/ros2_mark_ws/install/mark_interfaces:/home/saikiran335/ros2_mark_ws/install/mark_bringup:/home/saikiran335/ros2_mark_ws/install/mark_cpp_pkg:/home/saikiran335/ros2_jarvis_ws/install/jarvis_bringup:/home/saikiran335/ros2_jarvis_ws/install/jarvis_description:/opt/ros/jazzy/opt/gz_math_vendor:/opt/ros/jazzy/opt/gz_utils_vendor:/opt/ros/jazzy/opt/gz_cmake_vendor:/home/saikiran335/ros2_mark_ws/install/turtlesim_catch_them_all:/home/saikiran335/ros2_mark_ws/install/mark_py_pkg:/home/saikiran335/ros2_mark_ws/install/lifecycle_py:/home/saikiran335/ros2_mark_ws/install/actions_py:/opt/ros/jazzy DEBUGINFOD_URLS=https://debuginfod.ubuntu.com /usr/bin/cmake --install /home/saikiran335/ros2_mark_ws/build/mark_bringup
[0.080s] -- Install configuration: ""
[0.080s] -- Execute custom install script
[0.080s] -- Up-to-date symlink: /home/saikiran335/ros2_mark_ws/install/mark_bringup/share/mark_bringup/launch/lifecycle_test.launch.py
[0.080s] -- Up-to-date symlink: /home/saikiran335/ros2_mark_ws/install/mark_bringup/share/mark_bringup/launch/lifecycle_test.launch.xml
[0.080s] -- Up-to-date symlink: /home/saikiran335/ros2_mark_ws/install/mark_bringup/share/mark_bringup/launch/number_app.launch.py
[0.080s] -- Up-to-date symlink: /home/saikiran335/ros2_mark_ws/install/mark_bringup/share/mark_bringup/launch/number_app.launch.xml
[0.080s] -- Up-to-date symlink: /home/saikiran335/ros2_mark_ws/install/mark_bringup/share/mark_bringup/launch/number_app_from_python.launch.xml
[0.080s] -- Up-to-date symlink: /home/saikiran335/ros2_mark_ws/install/mark_bringup/share/mark_bringup/launch/robot_news.launch.xml
[0.081s] -- Up-to-date symlink: /home/saikiran335/ros2_mark_ws/install/mark_bringup/share/mark_bringup/launch/turtle_catch_them_all.launch.xml
[0.081s] -- Up-to-date symlink: /home/saikiran335/ros2_mark_ws/install/mark_bringup/share/mark_bringup/config/number_app.yaml
[0.081s] -- Up-to-date symlink: /home/saikiran335/ros2_mark_ws/install/mark_bringup/share/mark_bringup/config/robot_news_station.yaml
[0.081s] -- Up-to-date symlink: /home/saikiran335/ros2_mark_ws/install/mark_bringup/share/ament_index/resource_index/package_run_dependencies/mark_bringup
[0.081s] -- Up-to-date symlink: /home/saikiran335/ros2_mark_ws/install/mark_bringup/share/ament_index/resource_index/parent_prefix_path/mark_bringup
[0.081s] -- Up-to-date symlink: /home/saikiran335/ros2_mark_ws/install/mark_bringup/share/mark_bringup/environment/ament_prefix_path.sh
[0.081s] -- Up-to-date symlink: /home/saikiran335/ros2_mark_ws/install/mark_bringup/share/mark_bringup/environment/ament_prefix_path.dsv
[0.081s] -- Up-to-date symlink: /home/saikiran335/ros2_mark_ws/install/mark_bringup/share/mark_bringup/environment/path.sh
[0.081s] -- Up-to-date symlink: /home/saikiran335/ros2_mark_ws/install/mark_bringup/share/mark_bringup/environment/path.dsv
[0.081s] -- Up-to-date symlink: /home/saikiran335/ros2_mark_ws/install/mark_bringup/share/mark_bringup/local_setup.bash
[0.081s] -- Up-to-date symlink: /home/saikiran335/ros2_mark_ws/install/mark_bringup/share/mark_bringup/local_setup.sh
[0.081s] -- Up-to-date symlink: /home/saikiran335/ros2_mark_ws/install/mark_bringup/share/mark_bringup/local_setup.zsh
[0.081s] -- Up-to-date symlink: /home/saikiran335/ros2_mark_ws/install/mark_bringup/share/mark_bringup/local_setup.dsv
[0.081s] -- Symlinking: /home/saikiran335/ros2_mark_ws/install/mark_bringup/share/mark_bringup/package.dsv
[0.099s] -- Up-to-date symlink: /home/saikiran335/ros2_mark_ws/install/mark_bringup/share/ament_index/resource_index/packages/mark_bringup
[0.099s] -- Up-to-date symlink: /home/saikiran335/ros2_mark_ws/install/mark_bringup/share/mark_bringup/cmake/mark_bringupConfig.cmake
[0.099s] -- Up-to-date symlink: /home/saikiran335/ros2_mark_ws/install/mark_bringup/share/mark_bringup/cmake/mark_bringupConfig-version.cmake
[0.099s] -- Up-to-date symlink: /home/saikiran335/ros2_mark_ws/install/mark_bringup/share/mark_bringup/package.xml
[0.104s] Invoked command in '/home/saikiran335/ros2_mark_ws/build/mark_bringup' returned '0': AMENT_PREFIX_PATH=/home/saikiran335/ros2_mark_ws/install/turtlesim_catch_them_all:/home/saikiran335/ros2_mark_ws/install/mark_py_pkg:/home/saikiran335/ros2_mark_ws/install/lifecycle_py:/home/saikiran335/ros2_mark_ws/install/mark_bringup:/home/saikiran335/ros2_mark_ws/install/mark_interfaces:/home/saikiran335/ros2_mark_ws/install/mark_cpp_pkg:/home/saikiran335/ros2_mark_ws/install/actions_py:/home/saikiran335/ros2_jarvis_ws/install/jarvis_bringup:/home/saikiran335/ros2_jarvis_ws/install/jarvis_description:/opt/ros/jazzy CMAKE_PREFIX_PATH=/home/saikiran335/ros2_mark_ws/install/mark_interfaces:/home/saikiran335/ros2_mark_ws/install/mark_bringup:/home/saikiran335/ros2_mark_ws/install/mark_cpp_pkg:/home/saikiran335/ros2_jarvis_ws/install/jarvis_bringup:/home/saikiran335/ros2_jarvis_ws/install/jarvis_description:/opt/ros/jazzy/opt/gz_math_vendor:/opt/ros/jazzy/opt/gz_utils_vendor:/opt/ros/jazzy/opt/gz_cmake_vendor:/home/saikiran335/ros2_mark_ws/install/turtlesim_catch_them_all:/home/saikiran335/ros2_mark_ws/install/mark_py_pkg:/home/saikiran335/ros2_mark_ws/install/lifecycle_py:/home/saikiran335/ros2_mark_ws/install/actions_py:/opt/ros/jazzy DEBUGINFOD_URLS=https://debuginfod.ubuntu.com /usr/bin/cmake --install /home/saikiran335/ros2_mark_ws/build/mark_bringup
