[0.016s] Invoking command in '/home/saikiran335/ros2_mark_ws/build/mark_interfaces': CMAKE_PREFIX_PATH=${CMAKE_PREFIX_PATH}:/home/saikiran335/ros2_mark_ws/install/turtlesim_catch_them_all:/home/saikiran335/ros2_mark_ws/install/mark_py_pkg:/opt/ros/jazzy DEBUGINFOD_URLS=https://debuginfod.ubuntu.com /usr/bin/cmake --build /home/saikiran335/ros2_mark_ws/build/mark_interfaces -- -j16 -l16
[0.063s] -- Found ament_cmake: 2.5.3 (/opt/ros/jazzy/share/ament_cmake/cmake)
[0.088s] -- Found Python3: /usr/bin/python3 (found version "3.12.3") found components: Interpreter 
[0.165s] -- Found rosidl_default_generators: 1.6.0 (/opt/ros/jazzy/share/rosidl_default_generators/cmake)
[0.167s] -- Using all available rosidl_typesupport_c: rosidl_typesupport_fastrtps_c;rosidl_typesupport_introspection_c
[0.196s] -- Using all available rosidl_typesupport_cpp: rosidl_typesupport_fastrtps_cpp;rosidl_typesupport_introspection_cpp
[0.221s] -- Found rosidl_adapter: 4.6.5 (/opt/ros/jazzy/share/rosidl_adapter/cmake)
[0.685s] -- Found ament_cmake_ros: 0.12.0 (/opt/ros/jazzy/share/ament_cmake_ros/cmake)
[0.805s] -- Using all available rosidl_typesupport_c: rosidl_typesupport_fastrtps_c;rosidl_typesupport_introspection_c
[1.212s] -- Using all available rosidl_typesupport_cpp: rosidl_typesupport_fastrtps_cpp;rosidl_typesupport_introspection_cpp
[1.218s] -- Found python_cmake_module: 0.11.1 (/opt/ros/jazzy/share/python_cmake_module/cmake)
[1.524s] -- Found Python3: /usr/bin/python3 (found version "3.12.3") found components: Interpreter Development NumPy Development.Module Development.Embed 
[1.635s] -- Configuring done (1.6s)
[1.682s] -- Generating done (0.0s)
[1.690s] -- Build files have been written to: /home/saikiran335/ros2_mark_ws/build/mark_interfaces
[1.825s] [  1%] [34m[1mGenerating type hashes for ROS interfaces[0m
[1.843s] [  1%] Built target ament_cmake_python_copy_mark_interfaces
[1.986s] running egg_info
[1.997s] writing mark_interfaces.egg-info/PKG-INFO
[1.998s] writing dependency_links to mark_interfaces.egg-info/dependency_links.txt
[1.998s] writing top-level names to mark_interfaces.egg-info/top_level.txt
[2.013s] [  1%] Built target mark_interfaces__rosidl_generator_type_description
[2.023s] [  2%] [34m[1mGenerating C code for ROS interfaces[0m
[2.037s] [  2%] [34m[1mGenerating C++ code for ROS interfaces[0m
[2.038s] reading manifest file 'mark_interfaces.egg-info/SOURCES.txt'
[2.038s] writing manifest file 'mark_interfaces.egg-info/SOURCES.txt'
[2.072s] [  2%] Built target ament_cmake_python_build_mark_interfaces_egg
[2.711s] [ 11%] [32mBuilding C object CMakeFiles/mark_interfaces__rosidl_generator_c.dir/rosidl_generator_c/mark_interfaces/msg/detail/ledpanel_state__functions.c.o[0m
[2.711s] [ 11%] [32mBuilding C object CMakeFiles/mark_interfaces__rosidl_generator_c.dir/rosidl_generator_c/mark_interfaces/msg/detail/ledpanel_state__description.c.o[0m
[2.711s] [ 11%] [32mBuilding C object CMakeFiles/mark_interfaces__rosidl_generator_c.dir/rosidl_generator_c/mark_interfaces/msg/detail/turtle__type_support.c.o[0m
[2.711s] [ 11%] [32mBuilding C object CMakeFiles/mark_interfaces__rosidl_generator_c.dir/rosidl_generator_c/mark_interfaces/msg/detail/ledpanel_state__type_support.c.o[0m
[2.711s] [ 11%] [32mBuilding C object CMakeFiles/mark_interfaces__rosidl_generator_c.dir/rosidl_generator_c/mark_interfaces/msg/detail/turtle__description.c.o[0m
[2.712s] [ 11%] [32mBuilding C object CMakeFiles/mark_interfaces__rosidl_generator_c.dir/rosidl_generator_c/mark_interfaces/msg/detail/hardware_status__functions.c.o[0m
[2.712s] [ 11%] [32mBuilding C object CMakeFiles/mark_interfaces__rosidl_generator_c.dir/rosidl_generator_c/mark_interfaces/msg/detail/hardware_status__type_support.c.o[0m
[2.712s] [ 11%] [32mBuilding C object CMakeFiles/mark_interfaces__rosidl_generator_c.dir/rosidl_generator_c/mark_interfaces/msg/detail/hardware_status__description.c.o[0m
[2.713s] [ 11%] [32mBuilding C object CMakeFiles/mark_interfaces__rosidl_generator_c.dir/rosidl_generator_c/mark_interfaces/msg/detail/turtle__functions.c.o[0m
[2.722s] [ 12%] [32mBuilding C object CMakeFiles/mark_interfaces__rosidl_generator_c.dir/rosidl_generator_c/mark_interfaces/msg/detail/turtle_array__description.c.o[0m
[2.732s] [ 14%] [32mBuilding C object CMakeFiles/mark_interfaces__rosidl_generator_c.dir/rosidl_generator_c/mark_interfaces/msg/detail/turtle_array__functions.c.o[0m
[2.732s] [ 14%] [32mBuilding C object CMakeFiles/mark_interfaces__rosidl_generator_c.dir/rosidl_generator_c/mark_interfaces/msg/detail/turtle_array__type_support.c.o[0m
[2.740s] [ 15%] [32mBuilding C object CMakeFiles/mark_interfaces__rosidl_generator_c.dir/rosidl_generator_c/mark_interfaces/srv/detail/rectangle_area__description.c.o[0m
[2.749s] [ 16%] [32mBuilding C object CMakeFiles/mark_interfaces__rosidl_generator_c.dir/rosidl_generator_c/mark_interfaces/srv/detail/rectangle_area__functions.c.o[0m
[2.763s] [ 17%] [32mBuilding C object CMakeFiles/mark_interfaces__rosidl_generator_c.dir/rosidl_generator_c/mark_interfaces/srv/detail/rectangle_area__type_support.c.o[0m
[2.771s] [ 17%] Built target mark_interfaces__cpp
[2.779s] [ 18%] [32mBuilding C object CMakeFiles/mark_interfaces__rosidl_generator_c.dir/rosidl_generator_c/mark_interfaces/srv/detail/battery_life_state__description.c.o[0m
[2.849s] [ 22%] [32mBuilding C object CMakeFiles/mark_interfaces__rosidl_generator_c.dir/rosidl_generator_c/mark_interfaces/srv/detail/battery_life_state__type_support.c.o[0m
[2.850s] [ 22%] [32mBuilding C object CMakeFiles/mark_interfaces__rosidl_generator_c.dir/rosidl_generator_c/mark_interfaces/srv/detail/catch_turtle__description.c.o[0m
[2.850s] [ 22%] [32mBuilding C object CMakeFiles/mark_interfaces__rosidl_generator_c.dir/rosidl_generator_c/mark_interfaces/srv/detail/battery_life_state__functions.c.o[0m
[2.850s] [ 22%] [32mBuilding C object CMakeFiles/mark_interfaces__rosidl_generator_c.dir/rosidl_generator_c/mark_interfaces/srv/detail/catch_turtle__functions.c.o[0m
[2.861s] [ 25%] [32mBuilding C object CMakeFiles/mark_interfaces__rosidl_generator_c.dir/rosidl_generator_c/mark_interfaces/srv/detail/catch_turtle__type_support.c.o[0m
[2.861s] [ 25%] [32mBuilding C object CMakeFiles/mark_interfaces__rosidl_generator_c.dir/rosidl_generator_c/mark_interfaces/action/detail/count_until__functions.c.o[0m
[2.861s] [ 25%] [32mBuilding C object CMakeFiles/mark_interfaces__rosidl_generator_c.dir/rosidl_generator_c/mark_interfaces/action/detail/count_until__type_support.c.o[0m
[2.861s] [ 25%] [32mBuilding C object CMakeFiles/mark_interfaces__rosidl_generator_c.dir/rosidl_generator_c/mark_interfaces/action/detail/count_until__description.c.o[0m
[2.976s] [ 26%] [32m[1mLinking C shared library libmark_interfaces__rosidl_generator_c.so[0m
[3.107s] [ 26%] Built target mark_interfaces__rosidl_generator_c
[3.121s] [ 31%] [34m[1mGenerating C++ type support for eProsima Fast-RTPS[0m
[3.121s] [ 31%] [34m[1mGenerating C type support for eProsima Fast-RTPS[0m
[3.121s] [ 31%] [34m[1mGenerating C++ introspection for ROS interfaces[0m
[3.122s] [ 31%] [34m[1mGenerating C++ type support dispatch for ROS interfaces[0m
[3.122s] [ 31%] [34m[1mGenerating C type support dispatch for ROS interfaces[0m
[3.122s] [ 31%] [34m[1mGenerating C introspection for ROS interfaces[0m
[3.510s] [ 39%] [32mBuilding CXX object CMakeFiles/mark_interfaces__rosidl_typesupport_cpp.dir/rosidl_typesupport_cpp/mark_interfaces/msg/turtle__type_support.cpp.o[0m
[3.510s] [ 39%] [32mBuilding CXX object CMakeFiles/mark_interfaces__rosidl_typesupport_c.dir/rosidl_typesupport_c/mark_interfaces/msg/turtle_array__type_support.cpp.o[0m
[3.510s] [ 39%] [32mBuilding CXX object CMakeFiles/mark_interfaces__rosidl_typesupport_cpp.dir/rosidl_typesupport_cpp/mark_interfaces/msg/hardware_status__type_support.cpp.o[0m
[3.510s] [ 39%] [32mBuilding CXX object CMakeFiles/mark_interfaces__rosidl_typesupport_cpp.dir/rosidl_typesupport_cpp/mark_interfaces/msg/ledpanel_state__type_support.cpp.o[0m
[3.510s] [ 39%] [32mBuilding CXX object CMakeFiles/mark_interfaces__rosidl_typesupport_cpp.dir/rosidl_typesupport_cpp/mark_interfaces/srv/rectangle_area__type_support.cpp.o[0m
[3.510s] [ 39%] [32mBuilding CXX object CMakeFiles/mark_interfaces__rosidl_typesupport_cpp.dir/rosidl_typesupport_cpp/mark_interfaces/msg/turtle_array__type_support.cpp.o[0m
[3.510s] [ 39%] [32mBuilding CXX object CMakeFiles/mark_interfaces__rosidl_typesupport_c.dir/rosidl_typesupport_c/mark_interfaces/msg/hardware_status__type_support.cpp.o[0m
[3.510s] [ 41%] [32mBuilding CXX object CMakeFiles/mark_interfaces__rosidl_typesupport_c.dir/rosidl_typesupport_c/mark_interfaces/srv/rectangle_area__type_support.cpp.o[0m
[3.511s] [ 42%] [32mBuilding CXX object CMakeFiles/mark_interfaces__rosidl_typesupport_c.dir/rosidl_typesupport_c/mark_interfaces/msg/ledpanel_state__type_support.cpp.o[0m
[3.511s] [ 42%] [32mBuilding CXX object CMakeFiles/mark_interfaces__rosidl_typesupport_c.dir/rosidl_typesupport_c/mark_interfaces/srv/catch_turtle__type_support.cpp.o[0m
[3.511s] [ 42%] [32mBuilding CXX object CMakeFiles/mark_interfaces__rosidl_typesupport_c.dir/rosidl_typesupport_c/mark_interfaces/srv/battery_life_state__type_support.cpp.o[0m
[3.512s] [ 41%] [32mBuilding CXX object CMakeFiles/mark_interfaces__rosidl_typesupport_c.dir/rosidl_typesupport_c/mark_interfaces/msg/turtle__type_support.cpp.o[0m
[3.588s] [ 46%] [32mBuilding CXX object CMakeFiles/mark_interfaces__rosidl_typesupport_cpp.dir/rosidl_typesupport_cpp/mark_interfaces/srv/catch_turtle__type_support.cpp.o[0m
[3.588s] [ 46%] [32mBuilding CXX object CMakeFiles/mark_interfaces__rosidl_typesupport_c.dir/rosidl_typesupport_c/mark_interfaces/action/count_until__type_support.cpp.o[0m
[3.588s] [ 46%] [32mBuilding CXX object CMakeFiles/mark_interfaces__rosidl_typesupport_cpp.dir/rosidl_typesupport_cpp/mark_interfaces/srv/battery_life_state__type_support.cpp.o[0m
[3.588s] [ 46%] [32mBuilding CXX object CMakeFiles/mark_interfaces__rosidl_typesupport_cpp.dir/rosidl_typesupport_cpp/mark_interfaces/action/count_until__type_support.cpp.o[0m
[3.739s] [ 47%] [32m[1mLinking CXX shared library libmark_interfaces__rosidl_typesupport_c.so[0m
[3.754s] [ 52%] [32mBuilding C object CMakeFiles/mark_interfaces__rosidl_typesupport_introspection_c.dir/rosidl_typesupport_introspection_c/mark_interfaces/msg/detail/hardware_status__type_support.c.o[0m
[3.754s] [ 52%] [32mBuilding C object CMakeFiles/mark_interfaces__rosidl_typesupport_introspection_c.dir/rosidl_typesupport_introspection_c/mark_interfaces/msg/detail/turtle_array__type_support.c.o[0m
[3.754s] [ 52%] [32mBuilding C object CMakeFiles/mark_interfaces__rosidl_typesupport_introspection_c.dir/rosidl_typesupport_introspection_c/mark_interfaces/msg/detail/ledpanel_state__type_support.c.o[0m
[3.754s] [ 52%] [32mBuilding C object CMakeFiles/mark_interfaces__rosidl_typesupport_introspection_c.dir/rosidl_typesupport_introspection_c/mark_interfaces/msg/detail/turtle__type_support.c.o[0m
[3.754s] [ 52%] [32mBuilding CXX object CMakeFiles/mark_interfaces__rosidl_typesupport_introspection_cpp.dir/rosidl_typesupport_introspection_cpp/mark_interfaces/msg/detail/hardware_status__type_support.cpp.o[0m
[3.802s] [ 55%] [32mBuilding C object CMakeFiles/mark_interfaces__rosidl_typesupport_introspection_c.dir/rosidl_typesupport_introspection_c/mark_interfaces/srv/detail/rectangle_area__type_support.c.o[0m
[3.803s] [ 55%] [32mBuilding C object CMakeFiles/mark_interfaces__rosidl_typesupport_introspection_c.dir/rosidl_typesupport_introspection_c/mark_interfaces/srv/detail/battery_life_state__type_support.c.o[0m
[3.803s] [ 55%] [32mBuilding CXX object CMakeFiles/mark_interfaces__rosidl_typesupport_introspection_cpp.dir/rosidl_typesupport_introspection_cpp/mark_interfaces/msg/detail/ledpanel_state__type_support.cpp.o[0m
[3.803s] [ 55%] Built target mark_interfaces__rosidl_typesupport_c
[3.804s] [ 56%] [32mBuilding C object CMakeFiles/mark_interfaces__rosidl_typesupport_introspection_c.dir/rosidl_typesupport_introspection_c/mark_interfaces/srv/detail/catch_turtle__type_support.c.o[0m
[3.820s] [ 57%] [32mBuilding CXX object CMakeFiles/mark_interfaces__rosidl_typesupport_introspection_cpp.dir/rosidl_typesupport_introspection_cpp/mark_interfaces/msg/detail/turtle__type_support.cpp.o[0m
[3.868s] [ 59%] [32mBuilding C object CMakeFiles/mark_interfaces__rosidl_typesupport_introspection_c.dir/rosidl_typesupport_introspection_c/mark_interfaces/action/detail/count_until__type_support.c.o[0m
[3.868s] [ 59%] [32mBuilding CXX object CMakeFiles/mark_interfaces__rosidl_typesupport_introspection_cpp.dir/rosidl_typesupport_introspection_cpp/mark_interfaces/msg/detail/turtle_array__type_support.cpp.o[0m
[3.888s] [ 60%] [32mBuilding CXX object CMakeFiles/mark_interfaces__rosidl_typesupport_introspection_cpp.dir/rosidl_typesupport_introspection_cpp/mark_interfaces/srv/detail/rectangle_area__type_support.cpp.o[0m
[3.993s] [ 61%] [32m[1mLinking C shared library libmark_interfaces__rosidl_typesupport_introspection_c.so[0m
[4.037s] [ 63%] [32mBuilding CXX object CMakeFiles/mark_interfaces__rosidl_typesupport_introspection_cpp.dir/rosidl_typesupport_introspection_cpp/mark_interfaces/srv/detail/catch_turtle__type_support.cpp.o[0m
[4.038s] [ 63%] [32mBuilding CXX object CMakeFiles/mark_interfaces__rosidl_typesupport_introspection_cpp.dir/rosidl_typesupport_introspection_cpp/mark_interfaces/srv/detail/battery_life_state__type_support.cpp.o[0m
[4.052s] [ 64%] [32mBuilding CXX object CMakeFiles/mark_interfaces__rosidl_typesupport_introspection_cpp.dir/rosidl_typesupport_introspection_cpp/mark_interfaces/action/detail/count_until__type_support.cpp.o[0m
[4.060s] [ 64%] Built target mark_interfaces__rosidl_typesupport_introspection_c
[4.144s] [ 66%] [32mBuilding CXX object CMakeFiles/mark_interfaces__rosidl_typesupport_fastrtps_c.dir/rosidl_typesupport_fastrtps_c/mark_interfaces/msg/detail/turtle__type_support_c.cpp.o[0m
[4.145s] [ 67%] [32mBuilding CXX object CMakeFiles/mark_interfaces__rosidl_typesupport_fastrtps_cpp.dir/rosidl_typesupport_fastrtps_cpp/mark_interfaces/msg/detail/dds_fastrtps/hardware_status__type_support.cpp.o[0m
[4.145s] [ 67%] [32mBuilding CXX object CMakeFiles/mark_interfaces__rosidl_typesupport_fastrtps_c.dir/rosidl_typesupport_fastrtps_c/mark_interfaces/msg/detail/ledpanel_state__type_support_c.cpp.o[0m
[4.147s] [ 68%] [32mBuilding CXX object CMakeFiles/mark_interfaces__rosidl_typesupport_fastrtps_c.dir/rosidl_typesupport_fastrtps_c/mark_interfaces/msg/detail/hardware_status__type_support_c.cpp.o[0m
[4.147s] [ 69%] [32mBuilding CXX object CMakeFiles/mark_interfaces__rosidl_typesupport_fastrtps_c.dir/rosidl_typesupport_fastrtps_c/mark_interfaces/msg/detail/turtle_array__type_support_c.cpp.o[0m
[4.190s] [ 70%] [32mBuilding CXX object CMakeFiles/mark_interfaces__rosidl_typesupport_fastrtps_c.dir/rosidl_typesupport_fastrtps_c/mark_interfaces/srv/detail/rectangle_area__type_support_c.cpp.o[0m
[4.198s] [ 71%] [32mBuilding CXX object CMakeFiles/mark_interfaces__rosidl_typesupport_fastrtps_c.dir/rosidl_typesupport_fastrtps_c/mark_interfaces/srv/detail/battery_life_state__type_support_c.cpp.o[0m
[4.204s] [ 72%] [32mBuilding CXX object CMakeFiles/mark_interfaces__rosidl_typesupport_fastrtps_c.dir/rosidl_typesupport_fastrtps_c/mark_interfaces/srv/detail/catch_turtle__type_support_c.cpp.o[0m
[4.204s] [ 74%] [32mBuilding CXX object CMakeFiles/mark_interfaces__rosidl_typesupport_fastrtps_c.dir/rosidl_typesupport_fastrtps_c/mark_interfaces/action/detail/count_until__type_support_c.cpp.o[0m
[4.204s] [ 74%] [32mBuilding CXX object CMakeFiles/mark_interfaces__rosidl_typesupport_fastrtps_cpp.dir/rosidl_typesupport_fastrtps_cpp/mark_interfaces/msg/detail/dds_fastrtps/ledpanel_state__type_support.cpp.o[0m
[4.244s] [ 75%] [32mBuilding CXX object CMakeFiles/mark_interfaces__rosidl_typesupport_fastrtps_cpp.dir/rosidl_typesupport_fastrtps_cpp/mark_interfaces/msg/detail/dds_fastrtps/turtle__type_support.cpp.o[0m
[4.329s] [ 76%] [32mBuilding CXX object CMakeFiles/mark_interfaces__rosidl_typesupport_fastrtps_cpp.dir/rosidl_typesupport_fastrtps_cpp/mark_interfaces/msg/detail/dds_fastrtps/turtle_array__type_support.cpp.o[0m
[4.482s] [ 78%] [32mBuilding CXX object CMakeFiles/mark_interfaces__rosidl_typesupport_fastrtps_cpp.dir/rosidl_typesupport_fastrtps_cpp/mark_interfaces/srv/detail/dds_fastrtps/rectangle_area__type_support.cpp.o[0m
[4.483s] [ 78%] [32m[1mLinking CXX shared library libmark_interfaces__rosidl_typesupport_cpp.so[0m
[4.501s] [ 79%] [32mBuilding CXX object CMakeFiles/mark_interfaces__rosidl_typesupport_fastrtps_cpp.dir/rosidl_typesupport_fastrtps_cpp/mark_interfaces/srv/detail/dds_fastrtps/battery_life_state__type_support.cpp.o[0m
[4.651s] [ 80%] [32mBuilding CXX object CMakeFiles/mark_interfaces__rosidl_typesupport_fastrtps_cpp.dir/rosidl_typesupport_fastrtps_cpp/mark_interfaces/srv/detail/dds_fastrtps/catch_turtle__type_support.cpp.o[0m
[4.651s] [ 81%] [32mBuilding CXX object CMakeFiles/mark_interfaces__rosidl_typesupport_fastrtps_cpp.dir/rosidl_typesupport_fastrtps_cpp/mark_interfaces/action/detail/dds_fastrtps/count_until__type_support.cpp.o[0m
[4.662s] [ 81%] Built target mark_interfaces__rosidl_typesupport_cpp
[4.836s] [ 83%] [32m[1mLinking CXX shared library libmark_interfaces__rosidl_typesupport_fastrtps_c.so[0m
[4.836s] [ 83%] [32m[1mLinking CXX shared library libmark_interfaces__rosidl_typesupport_introspection_cpp.so[0m
[4.910s] [ 83%] Built target mark_interfaces__rosidl_typesupport_fastrtps_c
[4.912s] [ 83%] Built target mark_interfaces__rosidl_typesupport_introspection_cpp
[5.304s] [ 84%] [32m[1mLinking CXX shared library libmark_interfaces__rosidl_typesupport_fastrtps_cpp.so[0m
[5.373s] [ 84%] Built target mark_interfaces__rosidl_typesupport_fastrtps_cpp
[5.417s] [ 84%] Built target mark_interfaces
[5.439s] [ 85%] [34m[1mGenerating Python code for ROS interfaces[0m
[6.292s] [ 85%] Built target mark_interfaces__py
[6.322s] [ 93%] [32mBuilding C object CMakeFiles/mark_interfaces__rosidl_generator_py.dir/rosidl_generator_py/mark_interfaces/msg/_turtle_s.c.o[0m
[6.322s] [ 93%] [32mBuilding C object CMakeFiles/mark_interfaces__rosidl_generator_py.dir/rosidl_generator_py/mark_interfaces/msg/_ledpanel_state_s.c.o[0m
[6.322s] [ 93%] [32mBuilding C object CMakeFiles/mark_interfaces__rosidl_generator_py.dir/rosidl_generator_py/mark_interfaces/action/_count_until_s.c.o[0m
[6.322s] [ 93%] [32mBuilding C object CMakeFiles/mark_interfaces__rosidl_generator_py.dir/rosidl_generator_py/mark_interfaces/srv/_rectangle_area_s.c.o[0m
[6.322s] [ 93%] [32mBuilding C object CMakeFiles/mark_interfaces__rosidl_generator_py.dir/rosidl_generator_py/mark_interfaces/msg/_hardware_status_s.c.o[0m
[6.322s] [ 93%] [32mBuilding C object CMakeFiles/mark_interfaces__rosidl_generator_py.dir/rosidl_generator_py/mark_interfaces/msg/_turtle_array_s.c.o[0m
[6.322s] [ 93%] [32mBuilding C object CMakeFiles/mark_interfaces__rosidl_generator_py.dir/rosidl_generator_py/mark_interfaces/srv/_catch_turtle_s.c.o[0m
[6.322s] [ 93%] [32mBuilding C object CMakeFiles/mark_interfaces__rosidl_generator_py.dir/rosidl_generator_py/mark_interfaces/srv/_battery_life_state_s.c.o[0m
[6.537s] [ 94%] [32m[1mLinking C shared library libmark_interfaces__rosidl_generator_py.so[0m
[6.660s] [ 94%] Built target mark_interfaces__rosidl_generator_py
[6.701s] [ 97%] [32mBuilding C object CMakeFiles/mark_interfaces_s__rosidl_typesupport_fastrtps_c.dir/rosidl_generator_py/mark_interfaces/_mark_interfaces_s.ep.rosidl_typesupport_fastrtps_c.c.o[0m
[6.701s] [ 97%] [32mBuilding C object CMakeFiles/mark_interfaces_s__rosidl_typesupport_c.dir/rosidl_generator_py/mark_interfaces/_mark_interfaces_s.ep.rosidl_typesupport_c.c.o[0m
[6.701s] [ 97%] [32mBuilding C object CMakeFiles/mark_interfaces_s__rosidl_typesupport_introspection_c.dir/rosidl_generator_py/mark_interfaces/_mark_interfaces_s.ep.rosidl_typesupport_introspection_c.c.o[0m
[6.827s] [100%] [32m[1mLinking C shared module rosidl_generator_py/mark_interfaces/mark_interfaces_s__rosidl_typesupport_introspection_c.so[0m
[6.827s] [100%] [32m[1mLinking C shared module rosidl_generator_py/mark_interfaces/mark_interfaces_s__rosidl_typesupport_fastrtps_c.so[0m
[6.827s] [100%] [32m[1mLinking C shared module rosidl_generator_py/mark_interfaces/mark_interfaces_s__rosidl_typesupport_c.so[0m
[6.862s] [100%] Built target mark_interfaces_s__rosidl_typesupport_c
[6.862s] [100%] Built target mark_interfaces_s__rosidl_typesupport_introspection_c
[6.862s] [100%] Built target mark_interfaces_s__rosidl_typesupport_fastrtps_c
[6.917s] Invoked command in '/home/saikiran335/ros2_mark_ws/build/mark_interfaces' returned '0': CMAKE_PREFIX_PATH=${CMAKE_PREFIX_PATH}:/home/saikiran335/ros2_mark_ws/install/turtlesim_catch_them_all:/home/saikiran335/ros2_mark_ws/install/mark_py_pkg:/opt/ros/jazzy DEBUGINFOD_URLS=https://debuginfod.ubuntu.com /usr/bin/cmake --build /home/saikiran335/ros2_mark_ws/build/mark_interfaces -- -j16 -l16
[6.929s] Invoking command in '/home/saikiran335/ros2_mark_ws/build/mark_interfaces': CMAKE_PREFIX_PATH=${CMAKE_PREFIX_PATH}:/home/saikiran335/ros2_mark_ws/install/turtlesim_catch_them_all:/home/saikiran335/ros2_mark_ws/install/mark_py_pkg:/opt/ros/jazzy DEBUGINFOD_URLS=https://debuginfod.ubuntu.com /usr/bin/cmake --install /home/saikiran335/ros2_mark_ws/build/mark_interfaces
[6.938s] -- Install configuration: ""
[7.001s] -- Installing: /home/saikiran335/ros2_mark_ws/install/mark_interfaces/share/ament_index/resource_index/rosidl_interfaces/mark_interfaces
[7.002s] -- Installing: /home/saikiran335/ros2_mark_ws/install/mark_interfaces/share/mark_interfaces/msg/HardwareStatus.json
[7.002s] -- Installing: /home/saikiran335/ros2_mark_ws/install/mark_interfaces/share/mark_interfaces/msg/LedpanelState.json
[7.002s] -- Installing: /home/saikiran335/ros2_mark_ws/install/mark_interfaces/share/mark_interfaces/msg/Turtle.json
[7.002s] -- Installing: /home/saikiran335/ros2_mark_ws/install/mark_interfaces/share/mark_interfaces/msg/TurtleArray.json
[7.002s] -- Installing: /home/saikiran335/ros2_mark_ws/install/mark_interfaces/share/mark_interfaces/srv/RectangleArea.json
[7.003s] -- Installing: /home/saikiran335/ros2_mark_ws/install/mark_interfaces/share/mark_interfaces/srv/BatteryLifeState.json
[7.003s] -- Installing: /home/saikiran335/ros2_mark_ws/install/mark_interfaces/share/mark_interfaces/srv/CatchTurtle.json
[7.003s] -- Installing: /home/saikiran335/ros2_mark_ws/install/mark_interfaces/share/mark_interfaces/action/CountUntil.json
[7.003s] -- Up-to-date: /home/saikiran335/ros2_mark_ws/install/mark_interfaces/include/mark_interfaces/mark_interfaces
[7.003s] -- Up-to-date: /home/saikiran335/ros2_mark_ws/install/mark_interfaces/include/mark_interfaces/mark_interfaces/msg
[7.004s] -- Up-to-date: /home/saikiran335/ros2_mark_ws/install/mark_interfaces/include/mark_interfaces/mark_interfaces/msg/detail
[7.004s] -- Installing: /home/saikiran335/ros2_mark_ws/install/mark_interfaces/include/mark_interfaces/mark_interfaces/msg/detail/hardware_status__functions.h
[7.004s] -- Installing: /home/saikiran335/ros2_mark_ws/install/mark_interfaces/include/mark_interfaces/mark_interfaces/msg/detail/turtle__description.c
[7.004s] -- Installing: /home/saikiran335/ros2_mark_ws/install/mark_interfaces/include/mark_interfaces/mark_interfaces/msg/detail/hardware_status__struct.h
[7.004s] -- Installing: /home/saikiran335/ros2_mark_ws/install/mark_interfaces/include/mark_interfaces/mark_interfaces/msg/detail/turtle_array__type_support.h
[7.004s] -- Installing: /home/saikiran335/ros2_mark_ws/install/mark_interfaces/include/mark_interfaces/mark_interfaces/msg/detail/turtle__type_support.h
[7.005s] -- Installing: /home/saikiran335/ros2_mark_ws/install/mark_interfaces/include/mark_interfaces/mark_interfaces/msg/detail/turtle_array__description.c
[7.005s] -- Installing: /home/saikiran335/ros2_mark_ws/install/mark_interfaces/include/mark_interfaces/mark_interfaces/msg/detail/turtle__functions.c
[7.005s] -- Installing: /home/saikiran335/ros2_mark_ws/install/mark_interfaces/include/mark_interfaces/mark_interfaces/msg/detail/turtle_array__functions.c
[7.005s] -- Installing: /home/saikiran335/ros2_mark_ws/install/mark_interfaces/include/mark_interfaces/mark_interfaces/msg/detail/hardware_status__description.c
[7.005s] -- Installing: /home/saikiran335/ros2_mark_ws/install/mark_interfaces/include/mark_interfaces/mark_interfaces/msg/detail/turtle_array__type_support.c
[7.005s] -- Installing: /home/saikiran335/ros2_mark_ws/install/mark_interfaces/include/mark_interfaces/mark_interfaces/msg/detail/turtle__functions.h
[7.005s] -- Installing: /home/saikiran335/ros2_mark_ws/install/mark_interfaces/include/mark_interfaces/mark_interfaces/msg/detail/turtle__struct.h
[7.006s] -- Installing: /home/saikiran335/ros2_mark_ws/install/mark_interfaces/include/mark_interfaces/mark_interfaces/msg/detail/ledpanel_state__type_support.h
[7.006s] -- Installing: /home/saikiran335/ros2_mark_ws/install/mark_interfaces/include/mark_interfaces/mark_interfaces/msg/detail/ledpanel_state__functions.c
[7.006s] -- Installing: /home/saikiran335/ros2_mark_ws/install/mark_interfaces/include/mark_interfaces/mark_interfaces/msg/detail/hardware_status__type_support.h
[7.006s] -- Installing: /home/saikiran335/ros2_mark_ws/install/mark_interfaces/include/mark_interfaces/mark_interfaces/msg/detail/ledpanel_state__description.c
[7.006s] -- Installing: /home/saikiran335/ros2_mark_ws/install/mark_interfaces/include/mark_interfaces/mark_interfaces/msg/detail/ledpanel_state__type_support.c
[7.006s] -- Installing: /home/saikiran335/ros2_mark_ws/install/mark_interfaces/include/mark_interfaces/mark_interfaces/msg/detail/hardware_status__functions.c
[7.006s] -- Installing: /home/saikiran335/ros2_mark_ws/install/mark_interfaces/include/mark_interfaces/mark_interfaces/msg/detail/turtle_array__struct.h
[7.007s] -- Installing: /home/saikiran335/ros2_mark_ws/install/mark_interfaces/include/mark_interfaces/mark_interfaces/msg/detail/ledpanel_state__functions.h
[7.007s] -- Installing: /home/saikiran335/ros2_mark_ws/install/mark_interfaces/include/mark_interfaces/mark_interfaces/msg/detail/ledpanel_state__struct.h
[7.007s] -- Installing: /home/saikiran335/ros2_mark_ws/install/mark_interfaces/include/mark_interfaces/mark_interfaces/msg/detail/hardware_status__type_support.c
[7.007s] -- Installing: /home/saikiran335/ros2_mark_ws/install/mark_interfaces/include/mark_interfaces/mark_interfaces/msg/detail/turtle_array__functions.h
[7.007s] -- Installing: /home/saikiran335/ros2_mark_ws/install/mark_interfaces/include/mark_interfaces/mark_interfaces/msg/detail/turtle__type_support.c
[7.007s] -- Installing: /home/saikiran335/ros2_mark_ws/install/mark_interfaces/include/mark_interfaces/mark_interfaces/msg/ledpanel_state.h
[7.008s] -- Installing: /home/saikiran335/ros2_mark_ws/install/mark_interfaces/include/mark_interfaces/mark_interfaces/msg/hardware_status.h
[7.008s] -- Up-to-date: /home/saikiran335/ros2_mark_ws/install/mark_interfaces/include/mark_interfaces/mark_interfaces/msg/rosidl_generator_c__visibility_control.h
[7.008s] -- Installing: /home/saikiran335/ros2_mark_ws/install/mark_interfaces/include/mark_interfaces/mark_interfaces/msg/turtle_array.h
[7.008s] -- Installing: /home/saikiran335/ros2_mark_ws/install/mark_interfaces/include/mark_interfaces/mark_interfaces/msg/turtle.h
[7.008s] -- Up-to-date: /home/saikiran335/ros2_mark_ws/install/mark_interfaces/include/mark_interfaces/mark_interfaces/srv
[7.008s] -- Up-to-date: /home/saikiran335/ros2_mark_ws/install/mark_interfaces/include/mark_interfaces/mark_interfaces/srv/detail
[7.009s] -- Installing: /home/saikiran335/ros2_mark_ws/install/mark_interfaces/include/mark_interfaces/mark_interfaces/srv/detail/catch_turtle__type_support.h
[7.009s] -- Installing: /home/saikiran335/ros2_mark_ws/install/mark_interfaces/include/mark_interfaces/mark_interfaces/srv/detail/catch_turtle__functions.c
[7.009s] -- Installing: /home/saikiran335/ros2_mark_ws/install/mark_interfaces/include/mark_interfaces/mark_interfaces/srv/detail/battery_life_state__type_support.c
[7.009s] -- Installing: /home/saikiran335/ros2_mark_ws/install/mark_interfaces/include/mark_interfaces/mark_interfaces/srv/detail/rectangle_area__type_support.c
[7.009s] -- Installing: /home/saikiran335/ros2_mark_ws/install/mark_interfaces/include/mark_interfaces/mark_interfaces/srv/detail/rectangle_area__functions.c
[7.009s] -- Installing: /home/saikiran335/ros2_mark_ws/install/mark_interfaces/include/mark_interfaces/mark_interfaces/srv/detail/battery_life_state__functions.h
[7.009s] -- Installing: /home/saikiran335/ros2_mark_ws/install/mark_interfaces/include/mark_interfaces/mark_interfaces/srv/detail/catch_turtle__struct.h
[7.010s] -- Installing: /home/saikiran335/ros2_mark_ws/install/mark_interfaces/include/mark_interfaces/mark_interfaces/srv/detail/battery_life_state__struct.h
[7.010s] -- Installing: /home/saikiran335/ros2_mark_ws/install/mark_interfaces/include/mark_interfaces/mark_interfaces/srv/detail/rectangle_area__type_support.h
[7.010s] -- Installing: /home/saikiran335/ros2_mark_ws/install/mark_interfaces/include/mark_interfaces/mark_interfaces/srv/detail/rectangle_area__description.c
[7.010s] -- Installing: /home/saikiran335/ros2_mark_ws/install/mark_interfaces/include/mark_interfaces/mark_interfaces/srv/detail/catch_turtle__description.c
[7.010s] -- Installing: /home/saikiran335/ros2_mark_ws/install/mark_interfaces/include/mark_interfaces/mark_interfaces/srv/detail/catch_turtle__type_support.c
[7.010s] -- Installing: /home/saikiran335/ros2_mark_ws/install/mark_interfaces/include/mark_interfaces/mark_interfaces/srv/detail/catch_turtle__functions.h
[7.010s] -- Installing: /home/saikiran335/ros2_mark_ws/install/mark_interfaces/include/mark_interfaces/mark_interfaces/srv/detail/rectangle_area__functions.h
[7.011s] -- Installing: /home/saikiran335/ros2_mark_ws/install/mark_interfaces/include/mark_interfaces/mark_interfaces/srv/detail/battery_life_state__description.c
[7.011s] -- Installing: /home/saikiran335/ros2_mark_ws/install/mark_interfaces/include/mark_interfaces/mark_interfaces/srv/detail/rectangle_area__struct.h
[7.011s] -- Installing: /home/saikiran335/ros2_mark_ws/install/mark_interfaces/include/mark_interfaces/mark_interfaces/srv/detail/battery_life_state__type_support.h
[7.011s] -- Installing: /home/saikiran335/ros2_mark_ws/install/mark_interfaces/include/mark_interfaces/mark_interfaces/srv/detail/battery_life_state__functions.c
[7.011s] -- Installing: /home/saikiran335/ros2_mark_ws/install/mark_interfaces/include/mark_interfaces/mark_interfaces/srv/catch_turtle.h
[7.011s] -- Installing: /home/saikiran335/ros2_mark_ws/install/mark_interfaces/include/mark_interfaces/mark_interfaces/srv/rectangle_area.h
[7.011s] -- Installing: /home/saikiran335/ros2_mark_ws/install/mark_interfaces/include/mark_interfaces/mark_interfaces/srv/battery_life_state.h
[7.011s] -- Installing: /home/saikiran335/ros2_mark_ws/install/mark_interfaces/include/mark_interfaces/mark_interfaces/action
[7.012s] -- Installing: /home/saikiran335/ros2_mark_ws/install/mark_interfaces/include/mark_interfaces/mark_interfaces/action/detail
[7.012s] -- Installing: /home/saikiran335/ros2_mark_ws/install/mark_interfaces/include/mark_interfaces/mark_interfaces/action/detail/count_until__description.c
[7.012s] -- Installing: /home/saikiran335/ros2_mark_ws/install/mark_interfaces/include/mark_interfaces/mark_interfaces/action/detail/count_until__functions.h
[7.012s] -- Installing: /home/saikiran335/ros2_mark_ws/install/mark_interfaces/include/mark_interfaces/mark_interfaces/action/detail/count_until__struct.h
[7.012s] -- Installing: /home/saikiran335/ros2_mark_ws/install/mark_interfaces/include/mark_interfaces/mark_interfaces/action/detail/count_until__functions.c
[7.012s] -- Installing: /home/saikiran335/ros2_mark_ws/install/mark_interfaces/include/mark_interfaces/mark_interfaces/action/detail/count_until__type_support.c
[7.012s] -- Installing: /home/saikiran335/ros2_mark_ws/install/mark_interfaces/include/mark_interfaces/mark_interfaces/action/detail/count_until__type_support.h
[7.013s] -- Installing: /home/saikiran335/ros2_mark_ws/install/mark_interfaces/include/mark_interfaces/mark_interfaces/action/count_until.h
[7.013s] -- Up-to-date: /home/saikiran335/ros2_mark_ws/install/mark_interfaces/share/mark_interfaces/environment/library_path.sh
[7.013s] -- Up-to-date: /home/saikiran335/ros2_mark_ws/install/mark_interfaces/share/mark_interfaces/environment/library_path.dsv
[7.013s] -- Installing: /home/saikiran335/ros2_mark_ws/install/mark_interfaces/lib/libmark_interfaces__rosidl_generator_c.so
[7.013s] -- Set non-toolchain portion of runtime path of "/home/saikiran335/ros2_mark_ws/install/mark_interfaces/lib/libmark_interfaces__rosidl_generator_c.so" to ""
[7.014s] -- Up-to-date: /home/saikiran335/ros2_mark_ws/install/mark_interfaces/include/mark_interfaces/mark_interfaces
[7.014s] -- Up-to-date: /home/saikiran335/ros2_mark_ws/install/mark_interfaces/include/mark_interfaces/mark_interfaces/msg
[7.014s] -- Up-to-date: /home/saikiran335/ros2_mark_ws/install/mark_interfaces/include/mark_interfaces/mark_interfaces/msg/rosidl_typesupport_fastrtps_c__visibility_control.h
[7.014s] -- Up-to-date: /home/saikiran335/ros2_mark_ws/install/mark_interfaces/include/mark_interfaces/mark_interfaces/msg/detail
[7.014s] -- Installing: /home/saikiran335/ros2_mark_ws/install/mark_interfaces/include/mark_interfaces/mark_interfaces/msg/detail/turtle__rosidl_typesupport_fastrtps_c.h
[7.014s] -- Installing: /home/saikiran335/ros2_mark_ws/install/mark_interfaces/include/mark_interfaces/mark_interfaces/msg/detail/hardware_status__rosidl_typesupport_fastrtps_c.h
[7.014s] -- Installing: /home/saikiran335/ros2_mark_ws/install/mark_interfaces/include/mark_interfaces/mark_interfaces/msg/detail/turtle_array__rosidl_typesupport_fastrtps_c.h
[7.015s] -- Installing: /home/saikiran335/ros2_mark_ws/install/mark_interfaces/include/mark_interfaces/mark_interfaces/msg/detail/ledpanel_state__rosidl_typesupport_fastrtps_c.h
[7.015s] -- Up-to-date: /home/saikiran335/ros2_mark_ws/install/mark_interfaces/include/mark_interfaces/mark_interfaces/srv
[7.015s] -- Up-to-date: /home/saikiran335/ros2_mark_ws/install/mark_interfaces/include/mark_interfaces/mark_interfaces/srv/detail
[7.015s] -- Installing: /home/saikiran335/ros2_mark_ws/install/mark_interfaces/include/mark_interfaces/mark_interfaces/srv/detail/battery_life_state__rosidl_typesupport_fastrtps_c.h
[7.015s] -- Installing: /home/saikiran335/ros2_mark_ws/install/mark_interfaces/include/mark_interfaces/mark_interfaces/srv/detail/catch_turtle__rosidl_typesupport_fastrtps_c.h
[7.015s] -- Installing: /home/saikiran335/ros2_mark_ws/install/mark_interfaces/include/mark_interfaces/mark_interfaces/srv/detail/rectangle_area__rosidl_typesupport_fastrtps_c.h
[7.015s] -- Up-to-date: /home/saikiran335/ros2_mark_ws/install/mark_interfaces/include/mark_interfaces/mark_interfaces/action
[7.015s] -- Up-to-date: /home/saikiran335/ros2_mark_ws/install/mark_interfaces/include/mark_interfaces/mark_interfaces/action/detail
[7.016s] -- Installing: /home/saikiran335/ros2_mark_ws/install/mark_interfaces/include/mark_interfaces/mark_interfaces/action/detail/count_until__rosidl_typesupport_fastrtps_c.h
[7.016s] -- Installing: /home/saikiran335/ros2_mark_ws/install/mark_interfaces/lib/libmark_interfaces__rosidl_typesupport_fastrtps_c.so
[7.016s] -- Set non-toolchain portion of runtime path of "/home/saikiran335/ros2_mark_ws/install/mark_interfaces/lib/libmark_interfaces__rosidl_typesupport_fastrtps_c.so" to ""
[7.016s] -- Up-to-date: /home/saikiran335/ros2_mark_ws/install/mark_interfaces/include/mark_interfaces/mark_interfaces
[7.016s] -- Up-to-date: /home/saikiran335/ros2_mark_ws/install/mark_interfaces/include/mark_interfaces/mark_interfaces/msg
[7.016s] -- Up-to-date: /home/saikiran335/ros2_mark_ws/install/mark_interfaces/include/mark_interfaces/mark_interfaces/msg/detail
[7.017s] -- Installing: /home/saikiran335/ros2_mark_ws/install/mark_interfaces/include/mark_interfaces/mark_interfaces/msg/detail/ledpanel_state__rosidl_typesupport_introspection_c.h
[7.017s] -- Installing: /home/saikiran335/ros2_mark_ws/install/mark_interfaces/include/mark_interfaces/mark_interfaces/msg/detail/turtle__rosidl_typesupport_introspection_c.h
[7.017s] -- Installing: /home/saikiran335/ros2_mark_ws/install/mark_interfaces/include/mark_interfaces/mark_interfaces/msg/detail/turtle_array__rosidl_typesupport_introspection_c.h
[7.017s] -- Installing: /home/saikiran335/ros2_mark_ws/install/mark_interfaces/include/mark_interfaces/mark_interfaces/msg/detail/turtle_array__type_support.c
[7.017s] -- Installing: /home/saikiran335/ros2_mark_ws/install/mark_interfaces/include/mark_interfaces/mark_interfaces/msg/detail/hardware_status__rosidl_typesupport_introspection_c.h
[7.017s] -- Installing: /home/saikiran335/ros2_mark_ws/install/mark_interfaces/include/mark_interfaces/mark_interfaces/msg/detail/ledpanel_state__type_support.c
[7.017s] -- Installing: /home/saikiran335/ros2_mark_ws/install/mark_interfaces/include/mark_interfaces/mark_interfaces/msg/detail/hardware_status__type_support.c
[7.017s] -- Installing: /home/saikiran335/ros2_mark_ws/install/mark_interfaces/include/mark_interfaces/mark_interfaces/msg/detail/turtle__type_support.c
[7.018s] -- Up-to-date: /home/saikiran335/ros2_mark_ws/install/mark_interfaces/include/mark_interfaces/mark_interfaces/msg/rosidl_typesupport_introspection_c__visibility_control.h
[7.018s] -- Up-to-date: /home/saikiran335/ros2_mark_ws/install/mark_interfaces/include/mark_interfaces/mark_interfaces/srv
[7.018s] -- Up-to-date: /home/saikiran335/ros2_mark_ws/install/mark_interfaces/include/mark_interfaces/mark_interfaces/srv/detail
[7.018s] -- Installing: /home/saikiran335/ros2_mark_ws/install/mark_interfaces/include/mark_interfaces/mark_interfaces/srv/detail/battery_life_state__type_support.c
[7.018s] -- Installing: /home/saikiran335/ros2_mark_ws/install/mark_interfaces/include/mark_interfaces/mark_interfaces/srv/detail/rectangle_area__type_support.c
[7.018s] -- Installing: /home/saikiran335/ros2_mark_ws/install/mark_interfaces/include/mark_interfaces/mark_interfaces/srv/detail/battery_life_state__rosidl_typesupport_introspection_c.h
[7.019s] -- Installing: /home/saikiran335/ros2_mark_ws/install/mark_interfaces/include/mark_interfaces/mark_interfaces/srv/detail/catch_turtle__rosidl_typesupport_introspection_c.h
[7.019s] -- Installing: /home/saikiran335/ros2_mark_ws/install/mark_interfaces/include/mark_interfaces/mark_interfaces/srv/detail/catch_turtle__type_support.c
[7.019s] -- Installing: /home/saikiran335/ros2_mark_ws/install/mark_interfaces/include/mark_interfaces/mark_interfaces/srv/detail/rectangle_area__rosidl_typesupport_introspection_c.h
[7.019s] -- Up-to-date: /home/saikiran335/ros2_mark_ws/install/mark_interfaces/include/mark_interfaces/mark_interfaces/action
[7.019s] -- Up-to-date: /home/saikiran335/ros2_mark_ws/install/mark_interfaces/include/mark_interfaces/mark_interfaces/action/detail
[7.019s] -- Installing: /home/saikiran335/ros2_mark_ws/install/mark_interfaces/include/mark_interfaces/mark_interfaces/action/detail/count_until__rosidl_typesupport_introspection_c.h
[7.019s] -- Installing: /home/saikiran335/ros2_mark_ws/install/mark_interfaces/include/mark_interfaces/mark_interfaces/action/detail/count_until__type_support.c
[7.020s] -- Installing: /home/saikiran335/ros2_mark_ws/install/mark_interfaces/lib/libmark_interfaces__rosidl_typesupport_introspection_c.so
[7.020s] -- Set non-toolchain portion of runtime path of "/home/saikiran335/ros2_mark_ws/install/mark_interfaces/lib/libmark_interfaces__rosidl_typesupport_introspection_c.so" to ""
[7.020s] -- Installing: /home/saikiran335/ros2_mark_ws/install/mark_interfaces/lib/libmark_interfaces__rosidl_typesupport_c.so
[7.020s] -- Set non-toolchain portion of runtime path of "/home/saikiran335/ros2_mark_ws/install/mark_interfaces/lib/libmark_interfaces__rosidl_typesupport_c.so" to ""
[7.020s] -- Up-to-date: /home/saikiran335/ros2_mark_ws/install/mark_interfaces/include/mark_interfaces/mark_interfaces
[7.020s] -- Up-to-date: /home/saikiran335/ros2_mark_ws/install/mark_interfaces/include/mark_interfaces/mark_interfaces/msg
[7.020s] -- Up-to-date: /home/saikiran335/ros2_mark_ws/install/mark_interfaces/include/mark_interfaces/mark_interfaces/msg/detail
[7.020s] -- Installing: /home/saikiran335/ros2_mark_ws/install/mark_interfaces/include/mark_interfaces/mark_interfaces/msg/detail/turtle_array__struct.hpp
[7.021s] -- Installing: /home/saikiran335/ros2_mark_ws/install/mark_interfaces/include/mark_interfaces/mark_interfaces/msg/detail/ledpanel_state__traits.hpp
[7.021s] -- Installing: /home/saikiran335/ros2_mark_ws/install/mark_interfaces/include/mark_interfaces/mark_interfaces/msg/detail/ledpanel_state__builder.hpp
[7.021s] -- Installing: /home/saikiran335/ros2_mark_ws/install/mark_interfaces/include/mark_interfaces/mark_interfaces/msg/detail/turtle_array__type_support.hpp
[7.021s] -- Installing: /home/saikiran335/ros2_mark_ws/install/mark_interfaces/include/mark_interfaces/mark_interfaces/msg/detail/hardware_status__traits.hpp
[7.021s] -- Installing: /home/saikiran335/ros2_mark_ws/install/mark_interfaces/include/mark_interfaces/mark_interfaces/msg/detail/turtle_array__builder.hpp
[7.022s] -- Installing: /home/saikiran335/ros2_mark_ws/install/mark_interfaces/include/mark_interfaces/mark_interfaces/msg/detail/turtle__traits.hpp
[7.022s] -- Installing: /home/saikiran335/ros2_mark_ws/install/mark_interfaces/include/mark_interfaces/mark_interfaces/msg/detail/hardware_status__struct.hpp
[7.022s] -- Installing: /home/saikiran335/ros2_mark_ws/install/mark_interfaces/include/mark_interfaces/mark_interfaces/msg/detail/ledpanel_state__struct.hpp
[7.022s] -- Installing: /home/saikiran335/ros2_mark_ws/install/mark_interfaces/include/mark_interfaces/mark_interfaces/msg/detail/turtle__type_support.hpp
[7.022s] -- Installing: /home/saikiran335/ros2_mark_ws/install/mark_interfaces/include/mark_interfaces/mark_interfaces/msg/detail/hardware_status__builder.hpp
[7.022s] -- Installing: /home/saikiran335/ros2_mark_ws/install/mark_interfaces/include/mark_interfaces/mark_interfaces/msg/detail/turtle__struct.hpp
[7.022s] -- Installing: /home/saikiran335/ros2_mark_ws/install/mark_interfaces/include/mark_interfaces/mark_interfaces/msg/detail/turtle_array__traits.hpp
[7.022s] -- Installing: /home/saikiran335/ros2_mark_ws/install/mark_interfaces/include/mark_interfaces/mark_interfaces/msg/detail/ledpanel_state__type_support.hpp
[7.023s] -- Installing: /home/saikiran335/ros2_mark_ws/install/mark_interfaces/include/mark_interfaces/mark_interfaces/msg/detail/turtle__builder.hpp
[7.023s] -- Installing: /home/saikiran335/ros2_mark_ws/install/mark_interfaces/include/mark_interfaces/mark_interfaces/msg/detail/hardware_status__type_support.hpp
[7.023s] -- Installing: /home/saikiran335/ros2_mark_ws/install/mark_interfaces/include/mark_interfaces/mark_interfaces/msg/turtle_array.hpp
[7.023s] -- Installing: /home/saikiran335/ros2_mark_ws/install/mark_interfaces/include/mark_interfaces/mark_interfaces/msg/rosidl_generator_cpp__visibility_control.hpp
[7.023s] -- Installing: /home/saikiran335/ros2_mark_ws/install/mark_interfaces/include/mark_interfaces/mark_interfaces/msg/hardware_status.hpp
[7.023s] -- Installing: /home/saikiran335/ros2_mark_ws/install/mark_interfaces/include/mark_interfaces/mark_interfaces/msg/ledpanel_state.hpp
[7.023s] -- Installing: /home/saikiran335/ros2_mark_ws/install/mark_interfaces/include/mark_interfaces/mark_interfaces/msg/turtle.hpp
[7.024s] -- Up-to-date: /home/saikiran335/ros2_mark_ws/install/mark_interfaces/include/mark_interfaces/mark_interfaces/srv
[7.024s] -- Installing: /home/saikiran335/ros2_mark_ws/install/mark_interfaces/include/mark_interfaces/mark_interfaces/srv/rectangle_area.hpp
[7.024s] -- Up-to-date: /home/saikiran335/ros2_mark_ws/install/mark_interfaces/include/mark_interfaces/mark_interfaces/srv/detail
[7.024s] -- Installing: /home/saikiran335/ros2_mark_ws/install/mark_interfaces/include/mark_interfaces/mark_interfaces/srv/detail/rectangle_area__builder.hpp
[7.024s] -- Installing: /home/saikiran335/ros2_mark_ws/install/mark_interfaces/include/mark_interfaces/mark_interfaces/srv/detail/catch_turtle__type_support.hpp
[7.024s] -- Installing: /home/saikiran335/ros2_mark_ws/install/mark_interfaces/include/mark_interfaces/mark_interfaces/srv/detail/catch_turtle__struct.hpp
[7.025s] -- Installing: /home/saikiran335/ros2_mark_ws/install/mark_interfaces/include/mark_interfaces/mark_interfaces/srv/detail/catch_turtle__traits.hpp
[7.025s] -- Installing: /home/saikiran335/ros2_mark_ws/install/mark_interfaces/include/mark_interfaces/mark_interfaces/srv/detail/rectangle_area__struct.hpp
[7.025s] -- Installing: /home/saikiran335/ros2_mark_ws/install/mark_interfaces/include/mark_interfaces/mark_interfaces/srv/detail/rectangle_area__type_support.hpp
[7.025s] -- Installing: /home/saikiran335/ros2_mark_ws/install/mark_interfaces/include/mark_interfaces/mark_interfaces/srv/detail/catch_turtle__builder.hpp
[7.025s] -- Installing: /home/saikiran335/ros2_mark_ws/install/mark_interfaces/include/mark_interfaces/mark_interfaces/srv/detail/rectangle_area__traits.hpp
[7.025s] -- Installing: /home/saikiran335/ros2_mark_ws/install/mark_interfaces/include/mark_interfaces/mark_interfaces/srv/detail/battery_life_state__type_support.hpp
[7.025s] -- Installing: /home/saikiran335/ros2_mark_ws/install/mark_interfaces/include/mark_interfaces/mark_interfaces/srv/detail/battery_life_state__builder.hpp
[7.025s] -- Installing: /home/saikiran335/ros2_mark_ws/install/mark_interfaces/include/mark_interfaces/mark_interfaces/srv/detail/battery_life_state__traits.hpp
[7.026s] -- Installing: /home/saikiran335/ros2_mark_ws/install/mark_interfaces/include/mark_interfaces/mark_interfaces/srv/detail/battery_life_state__struct.hpp
[7.026s] -- Installing: /home/saikiran335/ros2_mark_ws/install/mark_interfaces/include/mark_interfaces/mark_interfaces/srv/catch_turtle.hpp
[7.026s] -- Installing: /home/saikiran335/ros2_mark_ws/install/mark_interfaces/include/mark_interfaces/mark_interfaces/srv/battery_life_state.hpp
[7.026s] -- Up-to-date: /home/saikiran335/ros2_mark_ws/install/mark_interfaces/include/mark_interfaces/mark_interfaces/action
[7.026s] -- Up-to-date: /home/saikiran335/ros2_mark_ws/install/mark_interfaces/include/mark_interfaces/mark_interfaces/action/detail
[7.026s] -- Installing: /home/saikiran335/ros2_mark_ws/install/mark_interfaces/include/mark_interfaces/mark_interfaces/action/detail/count_until__struct.hpp
[7.027s] -- Installing: /home/saikiran335/ros2_mark_ws/install/mark_interfaces/include/mark_interfaces/mark_interfaces/action/detail/count_until__type_support.hpp
[7.027s] -- Installing: /home/saikiran335/ros2_mark_ws/install/mark_interfaces/include/mark_interfaces/mark_interfaces/action/detail/count_until__traits.hpp
[7.027s] -- Installing: /home/saikiran335/ros2_mark_ws/install/mark_interfaces/include/mark_interfaces/mark_interfaces/action/detail/count_until__builder.hpp
[7.027s] -- Installing: /home/saikiran335/ros2_mark_ws/install/mark_interfaces/include/mark_interfaces/mark_interfaces/action/count_until.hpp
[7.027s] -- Up-to-date: /home/saikiran335/ros2_mark_ws/install/mark_interfaces/include/mark_interfaces/mark_interfaces
[7.027s] -- Up-to-date: /home/saikiran335/ros2_mark_ws/install/mark_interfaces/include/mark_interfaces/mark_interfaces/msg
[7.027s] -- Up-to-date: /home/saikiran335/ros2_mark_ws/install/mark_interfaces/include/mark_interfaces/mark_interfaces/msg/detail
[7.027s] -- Up-to-date: /home/saikiran335/ros2_mark_ws/install/mark_interfaces/include/mark_interfaces/mark_interfaces/msg/detail/dds_fastrtps
[7.028s] -- Installing: /home/saikiran335/ros2_mark_ws/install/mark_interfaces/include/mark_interfaces/mark_interfaces/msg/detail/hardware_status__rosidl_typesupport_fastrtps_cpp.hpp
[7.028s] -- Installing: /home/saikiran335/ros2_mark_ws/install/mark_interfaces/include/mark_interfaces/mark_interfaces/msg/detail/turtle__rosidl_typesupport_fastrtps_cpp.hpp
[7.028s] -- Installing: /home/saikiran335/ros2_mark_ws/install/mark_interfaces/include/mark_interfaces/mark_interfaces/msg/detail/ledpanel_state__rosidl_typesupport_fastrtps_cpp.hpp
[7.028s] -- Installing: /home/saikiran335/ros2_mark_ws/install/mark_interfaces/include/mark_interfaces/mark_interfaces/msg/detail/turtle_array__rosidl_typesupport_fastrtps_cpp.hpp
[7.028s] -- Up-to-date: /home/saikiran335/ros2_mark_ws/install/mark_interfaces/include/mark_interfaces/mark_interfaces/msg/rosidl_typesupport_fastrtps_cpp__visibility_control.h
[7.028s] -- Up-to-date: /home/saikiran335/ros2_mark_ws/install/mark_interfaces/include/mark_interfaces/mark_interfaces/srv
[7.028s] -- Up-to-date: /home/saikiran335/ros2_mark_ws/install/mark_interfaces/include/mark_interfaces/mark_interfaces/srv/detail
[7.029s] -- Installing: /home/saikiran335/ros2_mark_ws/install/mark_interfaces/include/mark_interfaces/mark_interfaces/srv/detail/rectangle_area__rosidl_typesupport_fastrtps_cpp.hpp
[7.029s] -- Up-to-date: /home/saikiran335/ros2_mark_ws/install/mark_interfaces/include/mark_interfaces/mark_interfaces/srv/detail/dds_fastrtps
[7.029s] -- Installing: /home/saikiran335/ros2_mark_ws/install/mark_interfaces/include/mark_interfaces/mark_interfaces/srv/detail/battery_life_state__rosidl_typesupport_fastrtps_cpp.hpp
[7.029s] -- Installing: /home/saikiran335/ros2_mark_ws/install/mark_interfaces/include/mark_interfaces/mark_interfaces/srv/detail/catch_turtle__rosidl_typesupport_fastrtps_cpp.hpp
[7.029s] -- Up-to-date: /home/saikiran335/ros2_mark_ws/install/mark_interfaces/include/mark_interfaces/mark_interfaces/action
[7.030s] -- Up-to-date: /home/saikiran335/ros2_mark_ws/install/mark_interfaces/include/mark_interfaces/mark_interfaces/action/detail
[7.030s] -- Installing: /home/saikiran335/ros2_mark_ws/install/mark_interfaces/include/mark_interfaces/mark_interfaces/action/detail/dds_fastrtps
[7.031s] -- Installing: /home/saikiran335/ros2_mark_ws/install/mark_interfaces/include/mark_interfaces/mark_interfaces/action/detail/count_until__rosidl_typesupport_fastrtps_cpp.hpp
[7.031s] -- Installing: /home/saikiran335/ros2_mark_ws/install/mark_interfaces/lib/libmark_interfaces__rosidl_typesupport_fastrtps_cpp.so
[7.031s] -- Set non-toolchain portion of runtime path of "/home/saikiran335/ros2_mark_ws/install/mark_interfaces/lib/libmark_interfaces__rosidl_typesupport_fastrtps_cpp.so" to ""
[7.032s] -- Up-to-date: /home/saikiran335/ros2_mark_ws/install/mark_interfaces/include/mark_interfaces/mark_interfaces
[7.032s] -- Up-to-date: /home/saikiran335/ros2_mark_ws/install/mark_interfaces/include/mark_interfaces/mark_interfaces/msg
[7.032s] -- Up-to-date: /home/saikiran335/ros2_mark_ws/install/mark_interfaces/include/mark_interfaces/mark_interfaces/msg/detail
[7.032s] -- Installing: /home/saikiran335/ros2_mark_ws/install/mark_interfaces/include/mark_interfaces/mark_interfaces/msg/detail/turtle_array__type_support.cpp
[7.032s] -- Installing: /home/saikiran335/ros2_mark_ws/install/mark_interfaces/include/mark_interfaces/mark_interfaces/msg/detail/turtle__rosidl_typesupport_introspection_cpp.hpp
[7.032s] -- Installing: /home/saikiran335/ros2_mark_ws/install/mark_interfaces/include/mark_interfaces/mark_interfaces/msg/detail/turtle__type_support.cpp
[7.032s] -- Installing: /home/saikiran335/ros2_mark_ws/install/mark_interfaces/include/mark_interfaces/mark_interfaces/msg/detail/hardware_status__type_support.cpp
[7.033s] -- Installing: /home/saikiran335/ros2_mark_ws/install/mark_interfaces/include/mark_interfaces/mark_interfaces/msg/detail/turtle_array__rosidl_typesupport_introspection_cpp.hpp
[7.033s] -- Installing: /home/saikiran335/ros2_mark_ws/install/mark_interfaces/include/mark_interfaces/mark_interfaces/msg/detail/hardware_status__rosidl_typesupport_introspection_cpp.hpp
[7.033s] -- Installing: /home/saikiran335/ros2_mark_ws/install/mark_interfaces/include/mark_interfaces/mark_interfaces/msg/detail/ledpanel_state__rosidl_typesupport_introspection_cpp.hpp
[7.033s] -- Installing: /home/saikiran335/ros2_mark_ws/install/mark_interfaces/include/mark_interfaces/mark_interfaces/msg/detail/ledpanel_state__type_support.cpp
[7.033s] -- Up-to-date: /home/saikiran335/ros2_mark_ws/install/mark_interfaces/include/mark_interfaces/mark_interfaces/srv
[7.033s] -- Up-to-date: /home/saikiran335/ros2_mark_ws/install/mark_interfaces/include/mark_interfaces/mark_interfaces/srv/detail
[7.033s] -- Installing: /home/saikiran335/ros2_mark_ws/install/mark_interfaces/include/mark_interfaces/mark_interfaces/srv/detail/catch_turtle__type_support.cpp
[7.033s] -- Installing: /home/saikiran335/ros2_mark_ws/install/mark_interfaces/include/mark_interfaces/mark_interfaces/srv/detail/rectangle_area__type_support.cpp
[7.034s] -- Installing: /home/saikiran335/ros2_mark_ws/install/mark_interfaces/include/mark_interfaces/mark_interfaces/srv/detail/rectangle_area__rosidl_typesupport_introspection_cpp.hpp
[7.034s] -- Installing: /home/saikiran335/ros2_mark_ws/install/mark_interfaces/include/mark_interfaces/mark_interfaces/srv/detail/battery_life_state__type_support.cpp
[7.034s] -- Installing: /home/saikiran335/ros2_mark_ws/install/mark_interfaces/include/mark_interfaces/mark_interfaces/srv/detail/battery_life_state__rosidl_typesupport_introspection_cpp.hpp
[7.034s] -- Installing: /home/saikiran335/ros2_mark_ws/install/mark_interfaces/include/mark_interfaces/mark_interfaces/srv/detail/catch_turtle__rosidl_typesupport_introspection_cpp.hpp
[7.034s] -- Up-to-date: /home/saikiran335/ros2_mark_ws/install/mark_interfaces/include/mark_interfaces/mark_interfaces/action
[7.034s] -- Up-to-date: /home/saikiran335/ros2_mark_ws/install/mark_interfaces/include/mark_interfaces/mark_interfaces/action/detail
[7.034s] -- Installing: /home/saikiran335/ros2_mark_ws/install/mark_interfaces/include/mark_interfaces/mark_interfaces/action/detail/count_until__type_support.cpp
[7.035s] -- Installing: /home/saikiran335/ros2_mark_ws/install/mark_interfaces/include/mark_interfaces/mark_interfaces/action/detail/count_until__rosidl_typesupport_introspection_cpp.hpp
[7.035s] -- Installing: /home/saikiran335/ros2_mark_ws/install/mark_interfaces/lib/libmark_interfaces__rosidl_typesupport_introspection_cpp.so
[7.035s] -- Set non-toolchain portion of runtime path of "/home/saikiran335/ros2_mark_ws/install/mark_interfaces/lib/libmark_interfaces__rosidl_typesupport_introspection_cpp.so" to ""
[7.036s] -- Installing: /home/saikiran335/ros2_mark_ws/install/mark_interfaces/lib/libmark_interfaces__rosidl_typesupport_cpp.so
[7.036s] -- Set non-toolchain portion of runtime path of "/home/saikiran335/ros2_mark_ws/install/mark_interfaces/lib/libmark_interfaces__rosidl_typesupport_cpp.so" to ""
[7.036s] -- Up-to-date: /home/saikiran335/ros2_mark_ws/install/mark_interfaces/share/mark_interfaces/environment/pythonpath.sh
[7.036s] -- Up-to-date: /home/saikiran335/ros2_mark_ws/install/mark_interfaces/share/mark_interfaces/environment/pythonpath.dsv
[7.036s] -- Up-to-date: /home/saikiran335/ros2_mark_ws/install/mark_interfaces/lib/python3.12/site-packages/mark_interfaces-0.0.0-py3.12.egg-info
[7.036s] -- Installing: /home/saikiran335/ros2_mark_ws/install/mark_interfaces/lib/python3.12/site-packages/mark_interfaces-0.0.0-py3.12.egg-info/PKG-INFO
[7.036s] -- Installing: /home/saikiran335/ros2_mark_ws/install/mark_interfaces/lib/python3.12/site-packages/mark_interfaces-0.0.0-py3.12.egg-info/SOURCES.txt
[7.036s] -- Installing: /home/saikiran335/ros2_mark_ws/install/mark_interfaces/lib/python3.12/site-packages/mark_interfaces-0.0.0-py3.12.egg-info/top_level.txt
[7.036s] -- Installing: /home/saikiran335/ros2_mark_ws/install/mark_interfaces/lib/python3.12/site-packages/mark_interfaces-0.0.0-py3.12.egg-info/dependency_links.txt
[7.036s] -- Up-to-date: /home/saikiran335/ros2_mark_ws/install/mark_interfaces/lib/python3.12/site-packages/mark_interfaces
[7.037s] -- Up-to-date: /home/saikiran335/ros2_mark_ws/install/mark_interfaces/lib/python3.12/site-packages/mark_interfaces/msg
[7.037s] -- Installing: /home/saikiran335/ros2_mark_ws/install/mark_interfaces/lib/python3.12/site-packages/mark_interfaces/msg/_turtle_array.py
[7.037s] -- Installing: /home/saikiran335/ros2_mark_ws/install/mark_interfaces/lib/python3.12/site-packages/mark_interfaces/msg/_turtle_array_s.c
[7.037s] -- Installing: /home/saikiran335/ros2_mark_ws/install/mark_interfaces/lib/python3.12/site-packages/mark_interfaces/msg/_turtle_s.c
[7.037s] -- Installing: /home/saikiran335/ros2_mark_ws/install/mark_interfaces/lib/python3.12/site-packages/mark_interfaces/msg/_ledpanel_state.py
[7.037s] -- Installing: /home/saikiran335/ros2_mark_ws/install/mark_interfaces/lib/python3.12/site-packages/mark_interfaces/msg/_hardware_status_s.c
[7.037s] -- Installing: /home/saikiran335/ros2_mark_ws/install/mark_interfaces/lib/python3.12/site-packages/mark_interfaces/msg/__init__.py
[7.037s] -- Installing: /home/saikiran335/ros2_mark_ws/install/mark_interfaces/lib/python3.12/site-packages/mark_interfaces/msg/_ledpanel_state_s.c
[7.037s] -- Installing: /home/saikiran335/ros2_mark_ws/install/mark_interfaces/lib/python3.12/site-packages/mark_interfaces/msg/_hardware_status.py
[7.038s] -- Installing: /home/saikiran335/ros2_mark_ws/install/mark_interfaces/lib/python3.12/site-packages/mark_interfaces/msg/_turtle.py
[7.038s] -- Up-to-date: /home/saikiran335/ros2_mark_ws/install/mark_interfaces/lib/python3.12/site-packages/mark_interfaces/srv
[7.038s] -- Installing: /home/saikiran335/ros2_mark_ws/install/mark_interfaces/lib/python3.12/site-packages/mark_interfaces/srv/_catch_turtle_s.c
[7.038s] -- Installing: /home/saikiran335/ros2_mark_ws/install/mark_interfaces/lib/python3.12/site-packages/mark_interfaces/srv/_battery_life_state_s.c
[7.038s] -- Installing: /home/saikiran335/ros2_mark_ws/install/mark_interfaces/lib/python3.12/site-packages/mark_interfaces/srv/_battery_life_state.py
[7.038s] -- Installing: /home/saikiran335/ros2_mark_ws/install/mark_interfaces/lib/python3.12/site-packages/mark_interfaces/srv/_rectangle_area_s.c
[7.038s] -- Installing: /home/saikiran335/ros2_mark_ws/install/mark_interfaces/lib/python3.12/site-packages/mark_interfaces/srv/__init__.py
[7.038s] -- Installing: /home/saikiran335/ros2_mark_ws/install/mark_interfaces/lib/python3.12/site-packages/mark_interfaces/srv/_catch_turtle.py
[7.038s] -- Installing: /home/saikiran335/ros2_mark_ws/install/mark_interfaces/lib/python3.12/site-packages/mark_interfaces/srv/_rectangle_area.py
[7.038s] -- Installing: /home/saikiran335/ros2_mark_ws/install/mark_interfaces/lib/python3.12/site-packages/mark_interfaces/action
[7.039s] -- Installing: /home/saikiran335/ros2_mark_ws/install/mark_interfaces/lib/python3.12/site-packages/mark_interfaces/action/_count_until.py
[7.039s] -- Installing: /home/saikiran335/ros2_mark_ws/install/mark_interfaces/lib/python3.12/site-packages/mark_interfaces/action/_count_until_s.c
[7.039s] -- Installing: /home/saikiran335/ros2_mark_ws/install/mark_interfaces/lib/python3.12/site-packages/mark_interfaces/action/__init__.py
[7.039s] -- Installing: /home/saikiran335/ros2_mark_ws/install/mark_interfaces/lib/python3.12/site-packages/mark_interfaces/mark_interfaces_s__rosidl_typesupport_fastrtps_c.so
[7.039s] -- Installing: /home/saikiran335/ros2_mark_ws/install/mark_interfaces/lib/python3.12/site-packages/mark_interfaces/_mark_interfaces_s.ep.rosidl_typesupport_fastrtps_c.c
[7.039s] -- Installing: /home/saikiran335/ros2_mark_ws/install/mark_interfaces/lib/python3.12/site-packages/mark_interfaces/_mark_interfaces_s.ep.rosidl_typesupport_c.c
[7.039s] -- Installing: /home/saikiran335/ros2_mark_ws/install/mark_interfaces/lib/python3.12/site-packages/mark_interfaces/__init__.py
[7.039s] -- Installing: /home/saikiran335/ros2_mark_ws/install/mark_interfaces/lib/python3.12/site-packages/mark_interfaces/_mark_interfaces_s.ep.rosidl_typesupport_introspection_c.c
[7.039s] -- Installing: /home/saikiran335/ros2_mark_ws/install/mark_interfaces/lib/python3.12/site-packages/mark_interfaces/mark_interfaces_s__rosidl_typesupport_introspection_c.so
[7.039s] -- Installing: /home/saikiran335/ros2_mark_ws/install/mark_interfaces/lib/python3.12/site-packages/mark_interfaces/mark_interfaces_s__rosidl_typesupport_c.so
[7.091s] Listing '/home/saikiran335/ros2_mark_ws/install/mark_interfaces/lib/python3.12/site-packages/mark_interfaces'...
[7.091s] Compiling '/home/saikiran335/ros2_mark_ws/install/mark_interfaces/lib/python3.12/site-packages/mark_interfaces/__init__.py'...
[7.091s] Listing '/home/saikiran335/ros2_mark_ws/install/mark_interfaces/lib/python3.12/site-packages/mark_interfaces/action'...
[7.091s] Compiling '/home/saikiran335/ros2_mark_ws/install/mark_interfaces/lib/python3.12/site-packages/mark_interfaces/action/__init__.py'...
[7.091s] Compiling '/home/saikiran335/ros2_mark_ws/install/mark_interfaces/lib/python3.12/site-packages/mark_interfaces/action/_count_until.py'...
[7.092s] Listing '/home/saikiran335/ros2_mark_ws/install/mark_interfaces/lib/python3.12/site-packages/mark_interfaces/msg'...
[7.092s] Compiling '/home/saikiran335/ros2_mark_ws/install/mark_interfaces/lib/python3.12/site-packages/mark_interfaces/msg/__init__.py'...
[7.092s] Compiling '/home/saikiran335/ros2_mark_ws/install/mark_interfaces/lib/python3.12/site-packages/mark_interfaces/msg/_hardware_status.py'...
[7.092s] Compiling '/home/saikiran335/ros2_mark_ws/install/mark_interfaces/lib/python3.12/site-packages/mark_interfaces/msg/_ledpanel_state.py'...
[7.092s] Compiling '/home/saikiran335/ros2_mark_ws/install/mark_interfaces/lib/python3.12/site-packages/mark_interfaces/msg/_turtle.py'...
[7.092s] Compiling '/home/saikiran335/ros2_mark_ws/install/mark_interfaces/lib/python3.12/site-packages/mark_interfaces/msg/_turtle_array.py'...
[7.092s] Listing '/home/saikiran335/ros2_mark_ws/install/mark_interfaces/lib/python3.12/site-packages/mark_interfaces/srv'...
[7.092s] Compiling '/home/saikiran335/ros2_mark_ws/install/mark_interfaces/lib/python3.12/site-packages/mark_interfaces/srv/__init__.py'...
[7.092s] Compiling '/home/saikiran335/ros2_mark_ws/install/mark_interfaces/lib/python3.12/site-packages/mark_interfaces/srv/_battery_life_state.py'...
[7.092s] Compiling '/home/saikiran335/ros2_mark_ws/install/mark_interfaces/lib/python3.12/site-packages/mark_interfaces/srv/_catch_turtle.py'...
[7.093s] Compiling '/home/saikiran335/ros2_mark_ws/install/mark_interfaces/lib/python3.12/site-packages/mark_interfaces/srv/_rectangle_area.py'...
[7.097s] -- Installing: /home/saikiran335/ros2_mark_ws/install/mark_interfaces/lib/python3.12/site-packages/mark_interfaces/mark_interfaces_s__rosidl_typesupport_fastrtps_c.so
[7.098s] -- Set non-toolchain portion of runtime path of "/home/saikiran335/ros2_mark_ws/install/mark_interfaces/lib/python3.12/site-packages/mark_interfaces/mark_interfaces_s__rosidl_typesupport_fastrtps_c.so" to ""
[7.098s] -- Installing: /home/saikiran335/ros2_mark_ws/install/mark_interfaces/lib/python3.12/site-packages/mark_interfaces/mark_interfaces_s__rosidl_typesupport_introspection_c.so
[7.098s] -- Set non-toolchain portion of runtime path of "/home/saikiran335/ros2_mark_ws/install/mark_interfaces/lib/python3.12/site-packages/mark_interfaces/mark_interfaces_s__rosidl_typesupport_introspection_c.so" to ""
[7.098s] -- Installing: /home/saikiran335/ros2_mark_ws/install/mark_interfaces/lib/python3.12/site-packages/mark_interfaces/mark_interfaces_s__rosidl_typesupport_c.so
[7.099s] -- Set non-toolchain portion of runtime path of "/home/saikiran335/ros2_mark_ws/install/mark_interfaces/lib/python3.12/site-packages/mark_interfaces/mark_interfaces_s__rosidl_typesupport_c.so" to ""
[7.099s] -- Installing: /home/saikiran335/ros2_mark_ws/install/mark_interfaces/lib/libmark_interfaces__rosidl_generator_py.so
[7.100s] -- Set non-toolchain portion of runtime path of "/home/saikiran335/ros2_mark_ws/install/mark_interfaces/lib/libmark_interfaces__rosidl_generator_py.so" to ""
[7.100s] -- Up-to-date: /home/saikiran335/ros2_mark_ws/install/mark_interfaces/share/mark_interfaces/msg/HardwareStatus.idl
[7.100s] -- Up-to-date: /home/saikiran335/ros2_mark_ws/install/mark_interfaces/share/mark_interfaces/msg/LedpanelState.idl
[7.100s] -- Up-to-date: /home/saikiran335/ros2_mark_ws/install/mark_interfaces/share/mark_interfaces/msg/Turtle.idl
[7.100s] -- Up-to-date: /home/saikiran335/ros2_mark_ws/install/mark_interfaces/share/mark_interfaces/msg/TurtleArray.idl
[7.100s] -- Up-to-date: /home/saikiran335/ros2_mark_ws/install/mark_interfaces/share/mark_interfaces/srv/RectangleArea.idl
[7.101s] -- Up-to-date: /home/saikiran335/ros2_mark_ws/install/mark_interfaces/share/mark_interfaces/srv/BatteryLifeState.idl
[7.101s] -- Up-to-date: /home/saikiran335/ros2_mark_ws/install/mark_interfaces/share/mark_interfaces/srv/CatchTurtle.idl
[7.101s] -- Installing: /home/saikiran335/ros2_mark_ws/install/mark_interfaces/share/mark_interfaces/action/CountUntil.idl
[7.101s] -- Up-to-date: /home/saikiran335/ros2_mark_ws/install/mark_interfaces/share/mark_interfaces/msg/HardwareStatus.msg
[7.101s] -- Up-to-date: /home/saikiran335/ros2_mark_ws/install/mark_interfaces/share/mark_interfaces/msg/LedpanelState.msg
[7.101s] -- Up-to-date: /home/saikiran335/ros2_mark_ws/install/mark_interfaces/share/mark_interfaces/msg/Turtle.msg
[7.101s] -- Up-to-date: /home/saikiran335/ros2_mark_ws/install/mark_interfaces/share/mark_interfaces/msg/TurtleArray.msg
[7.101s] -- Up-to-date: /home/saikiran335/ros2_mark_ws/install/mark_interfaces/share/mark_interfaces/srv/RectangleArea.srv
[7.102s] -- Up-to-date: /home/saikiran335/ros2_mark_ws/install/mark_interfaces/share/mark_interfaces/srv/BatteryLifeState.srv
[7.102s] -- Up-to-date: /home/saikiran335/ros2_mark_ws/install/mark_interfaces/share/mark_interfaces/srv/CatchTurtle.srv
[7.102s] -- Installing: /home/saikiran335/ros2_mark_ws/install/mark_interfaces/share/mark_interfaces/action/CountUntil.action
[7.102s] -- Up-to-date: /home/saikiran335/ros2_mark_ws/install/mark_interfaces/share/ament_index/resource_index/package_run_dependencies/mark_interfaces
[7.102s] -- Up-to-date: /home/saikiran335/ros2_mark_ws/install/mark_interfaces/share/ament_index/resource_index/parent_prefix_path/mark_interfaces
[7.102s] -- Up-to-date: /home/saikiran335/ros2_mark_ws/install/mark_interfaces/share/mark_interfaces/environment/ament_prefix_path.sh
[7.102s] -- Up-to-date: /home/saikiran335/ros2_mark_ws/install/mark_interfaces/share/mark_interfaces/environment/ament_prefix_path.dsv
[7.102s] -- Up-to-date: /home/saikiran335/ros2_mark_ws/install/mark_interfaces/share/mark_interfaces/environment/path.sh
[7.102s] -- Up-to-date: /home/saikiran335/ros2_mark_ws/install/mark_interfaces/share/mark_interfaces/environment/path.dsv
[7.103s] -- Up-to-date: /home/saikiran335/ros2_mark_ws/install/mark_interfaces/share/mark_interfaces/local_setup.bash
[7.103s] -- Up-to-date: /home/saikiran335/ros2_mark_ws/install/mark_interfaces/share/mark_interfaces/local_setup.sh
[7.103s] -- Up-to-date: /home/saikiran335/ros2_mark_ws/install/mark_interfaces/share/mark_interfaces/local_setup.zsh
[7.103s] -- Up-to-date: /home/saikiran335/ros2_mark_ws/install/mark_interfaces/share/mark_interfaces/local_setup.dsv
[7.103s] -- Installing: /home/saikiran335/ros2_mark_ws/install/mark_interfaces/share/mark_interfaces/package.dsv
[7.103s] -- Up-to-date: /home/saikiran335/ros2_mark_ws/install/mark_interfaces/share/ament_index/resource_index/packages/mark_interfaces
[7.103s] -- Old export file "/home/saikiran335/ros2_mark_ws/install/mark_interfaces/share/mark_interfaces/cmake/export_mark_interfaces__rosidl_generator_cExport.cmake" will be replaced.  Removing files [/home/saikiran335/ros2_mark_ws/install/mark_interfaces/share/mark_interfaces/cmake/export_mark_interfaces__rosidl_generator_cExport-noconfig.cmake].
[7.103s] -- Installing: /home/saikiran335/ros2_mark_ws/install/mark_interfaces/share/mark_interfaces/cmake/export_mark_interfaces__rosidl_generator_cExport.cmake
[7.103s] -- Installing: /home/saikiran335/ros2_mark_ws/install/mark_interfaces/share/mark_interfaces/cmake/export_mark_interfaces__rosidl_generator_cExport-noconfig.cmake
[7.104s] -- Old export file "/home/saikiran335/ros2_mark_ws/install/mark_interfaces/share/mark_interfaces/cmake/export_mark_interfaces__rosidl_typesupport_fastrtps_cExport.cmake" will be replaced.  Removing files [/home/saikiran335/ros2_mark_ws/install/mark_interfaces/share/mark_interfaces/cmake/export_mark_interfaces__rosidl_typesupport_fastrtps_cExport-noconfig.cmake].
[7.104s] -- Installing: /home/saikiran335/ros2_mark_ws/install/mark_interfaces/share/mark_interfaces/cmake/export_mark_interfaces__rosidl_typesupport_fastrtps_cExport.cmake
[7.104s] -- Installing: /home/saikiran335/ros2_mark_ws/install/mark_interfaces/share/mark_interfaces/cmake/export_mark_interfaces__rosidl_typesupport_fastrtps_cExport-noconfig.cmake
[7.104s] -- Old export file "/home/saikiran335/ros2_mark_ws/install/mark_interfaces/share/mark_interfaces/cmake/mark_interfaces__rosidl_typesupport_introspection_cExport.cmake" will be replaced.  Removing files [/home/saikiran335/ros2_mark_ws/install/mark_interfaces/share/mark_interfaces/cmake/mark_interfaces__rosidl_typesupport_introspection_cExport-noconfig.cmake].
[7.104s] -- Installing: /home/saikiran335/ros2_mark_ws/install/mark_interfaces/share/mark_interfaces/cmake/mark_interfaces__rosidl_typesupport_introspection_cExport.cmake
[7.104s] -- Installing: /home/saikiran335/ros2_mark_ws/install/mark_interfaces/share/mark_interfaces/cmake/mark_interfaces__rosidl_typesupport_introspection_cExport-noconfig.cmake
[7.104s] -- Old export file "/home/saikiran335/ros2_mark_ws/install/mark_interfaces/share/mark_interfaces/cmake/mark_interfaces__rosidl_typesupport_cExport.cmake" will be replaced.  Removing files [/home/saikiran335/ros2_mark_ws/install/mark_interfaces/share/mark_interfaces/cmake/mark_interfaces__rosidl_typesupport_cExport-noconfig.cmake].
[7.105s] -- Installing: /home/saikiran335/ros2_mark_ws/install/mark_interfaces/share/mark_interfaces/cmake/mark_interfaces__rosidl_typesupport_cExport.cmake
[7.105s] -- Installing: /home/saikiran335/ros2_mark_ws/install/mark_interfaces/share/mark_interfaces/cmake/mark_interfaces__rosidl_typesupport_cExport-noconfig.cmake
[7.105s] -- Installing: /home/saikiran335/ros2_mark_ws/install/mark_interfaces/share/mark_interfaces/cmake/export_mark_interfaces__rosidl_generator_cppExport.cmake
[7.105s] -- Old export file "/home/saikiran335/ros2_mark_ws/install/mark_interfaces/share/mark_interfaces/cmake/export_mark_interfaces__rosidl_typesupport_fastrtps_cppExport.cmake" will be replaced.  Removing files [/home/saikiran335/ros2_mark_ws/install/mark_interfaces/share/mark_interfaces/cmake/export_mark_interfaces__rosidl_typesupport_fastrtps_cppExport-noconfig.cmake].
[7.105s] -- Installing: /home/saikiran335/ros2_mark_ws/install/mark_interfaces/share/mark_interfaces/cmake/export_mark_interfaces__rosidl_typesupport_fastrtps_cppExport.cmake
[7.105s] -- Installing: /home/saikiran335/ros2_mark_ws/install/mark_interfaces/share/mark_interfaces/cmake/export_mark_interfaces__rosidl_typesupport_fastrtps_cppExport-noconfig.cmake
[7.105s] -- Old export file "/home/saikiran335/ros2_mark_ws/install/mark_interfaces/share/mark_interfaces/cmake/mark_interfaces__rosidl_typesupport_introspection_cppExport.cmake" will be replaced.  Removing files [/home/saikiran335/ros2_mark_ws/install/mark_interfaces/share/mark_interfaces/cmake/mark_interfaces__rosidl_typesupport_introspection_cppExport-noconfig.cmake].
[7.105s] -- Installing: /home/saikiran335/ros2_mark_ws/install/mark_interfaces/share/mark_interfaces/cmake/mark_interfaces__rosidl_typesupport_introspection_cppExport.cmake
[7.106s] -- Installing: /home/saikiran335/ros2_mark_ws/install/mark_interfaces/share/mark_interfaces/cmake/mark_interfaces__rosidl_typesupport_introspection_cppExport-noconfig.cmake
[7.106s] -- Old export file "/home/saikiran335/ros2_mark_ws/install/mark_interfaces/share/mark_interfaces/cmake/mark_interfaces__rosidl_typesupport_cppExport.cmake" will be replaced.  Removing files [/home/saikiran335/ros2_mark_ws/install/mark_interfaces/share/mark_interfaces/cmake/mark_interfaces__rosidl_typesupport_cppExport-noconfig.cmake].
[7.106s] -- Installing: /home/saikiran335/ros2_mark_ws/install/mark_interfaces/share/mark_interfaces/cmake/mark_interfaces__rosidl_typesupport_cppExport.cmake
[7.106s] -- Installing: /home/saikiran335/ros2_mark_ws/install/mark_interfaces/share/mark_interfaces/cmake/mark_interfaces__rosidl_typesupport_cppExport-noconfig.cmake
[7.106s] -- Up-to-date: /home/saikiran335/ros2_mark_ws/install/mark_interfaces/share/mark_interfaces/cmake/export_mark_interfaces__rosidl_generator_pyExport.cmake
[7.106s] -- Installing: /home/saikiran335/ros2_mark_ws/install/mark_interfaces/share/mark_interfaces/cmake/export_mark_interfaces__rosidl_generator_pyExport-noconfig.cmake
[7.106s] -- Installing: /home/saikiran335/ros2_mark_ws/install/mark_interfaces/share/mark_interfaces/cmake/rosidl_cmake-extras.cmake
[7.106s] -- Installing: /home/saikiran335/ros2_mark_ws/install/mark_interfaces/share/mark_interfaces/cmake/ament_cmake_export_dependencies-extras.cmake
[7.106s] -- Up-to-date: /home/saikiran335/ros2_mark_ws/install/mark_interfaces/share/mark_interfaces/cmake/ament_cmake_export_include_directories-extras.cmake
[7.106s] -- Up-to-date: /home/saikiran335/ros2_mark_ws/install/mark_interfaces/share/mark_interfaces/cmake/ament_cmake_export_libraries-extras.cmake
[7.107s] -- Up-to-date: /home/saikiran335/ros2_mark_ws/install/mark_interfaces/share/mark_interfaces/cmake/ament_cmake_export_targets-extras.cmake
[7.107s] -- Up-to-date: /home/saikiran335/ros2_mark_ws/install/mark_interfaces/share/mark_interfaces/cmake/rosidl_cmake_export_typesupport_targets-extras.cmake
[7.107s] -- Up-to-date: /home/saikiran335/ros2_mark_ws/install/mark_interfaces/share/mark_interfaces/cmake/rosidl_cmake_export_typesupport_libraries-extras.cmake
[7.107s] -- Up-to-date: /home/saikiran335/ros2_mark_ws/install/mark_interfaces/share/mark_interfaces/cmake/mark_interfacesConfig.cmake
[7.108s] -- Up-to-date: /home/saikiran335/ros2_mark_ws/install/mark_interfaces/share/mark_interfaces/cmake/mark_interfacesConfig-version.cmake
[7.108s] -- Up-to-date: /home/saikiran335/ros2_mark_ws/install/mark_interfaces/share/mark_interfaces/package.xml
[7.109s] Invoked command in '/home/saikiran335/ros2_mark_ws/build/mark_interfaces' returned '0': CMAKE_PREFIX_PATH=${CMAKE_PREFIX_PATH}:/home/saikiran335/ros2_mark_ws/install/turtlesim_catch_them_all:/home/saikiran335/ros2_mark_ws/install/mark_py_pkg:/opt/ros/jazzy DEBUGINFOD_URLS=https://debuginfod.ubuntu.com /usr/bin/cmake --install /home/saikiran335/ros2_mark_ws/build/mark_interfaces
