[0.018s] Invoking command in '/home/saikiran335/ros2_mark_ws/build/mark_interfaces': CMAKE_PREFIX_PATH=${CMAKE_PREFIX_PATH}:/home/saikiran335/ros2_mark_ws/install/turtlesim_catch_them_all:/home/saikiran335/ros2_mark_ws/install/mark_py_pkg:/home/saikiran335/ros2_mark_ws/install/actions_py:/opt/ros/jazzy DEBUGINFOD_URLS=https://debuginfod.ubuntu.com /usr/bin/cmake --build /home/saikiran335/ros2_mark_ws/build/mark_interfaces -- -j16 -l16
[0.070s] -- Found ament_cmake: 2.5.3 (/opt/ros/jazzy/share/ament_cmake/cmake)
[0.097s] -- Found Python3: /usr/bin/python3 (found version "3.12.3") found components: Interpreter 
[0.190s] -- Found rosidl_default_generators: 1.6.0 (/opt/ros/jazzy/share/rosidl_default_generators/cmake)
[0.193s] -- Using all available rosidl_typesupport_c: rosidl_typesupport_fastrtps_c;rosidl_typesupport_introspection_c
[0.228s] -- Using all available rosidl_typesupport_cpp: rosidl_typesupport_fastrtps_cpp;rosidl_typesupport_introspection_cpp
[0.253s] -- Found rosidl_adapter: 4.6.5 (/opt/ros/jazzy/share/rosidl_adapter/cmake)
[0.664s] -- Found ament_cmake_ros: 0.12.0 (/opt/ros/jazzy/share/ament_cmake_ros/cmake)
[0.776s] -- Using all available rosidl_typesupport_c: rosidl_typesupport_fastrtps_c;rosidl_typesupport_introspection_c
[0.928s] -- Using all available rosidl_typesupport_cpp: rosidl_typesupport_fastrtps_cpp;rosidl_typesupport_introspection_cpp
[1.030s] -- Found python_cmake_module: 0.11.1 (/opt/ros/jazzy/share/python_cmake_module/cmake)
[1.346s] -- Found Python3: /usr/bin/python3 (found version "3.12.3") found components: Interpreter Development NumPy Development.Module Development.Embed 
[1.379s] -- Configuring done (1.3s)
[1.437s] -- Generating done (0.0s)
[1.448s] -- Build files have been written to: /home/saikiran335/ros2_mark_ws/build/mark_interfaces
[1.502s] [  1%] [34m[1mGenerating type hashes for ROS interfaces[0m
[1.524s] [  1%] Built target ament_cmake_python_copy_mark_interfaces
[1.685s] running egg_info
[1.695s] writing mark_interfaces.egg-info/PKG-INFO
[1.695s] writing dependency_links to mark_interfaces.egg-info/dependency_links.txt
[1.695s] writing top-level names to mark_interfaces.egg-info/top_level.txt
[1.729s] [  1%] Built target mark_interfaces__rosidl_generator_type_description
[1.735s] reading manifest file 'mark_interfaces.egg-info/SOURCES.txt'
[1.736s] writing manifest file 'mark_interfaces.egg-info/SOURCES.txt'
[1.741s] [  2%] [34m[1mGenerating C code for ROS interfaces[0m
[1.754s] [  2%] [34m[1mGenerating C++ code for ROS interfaces[0m
[1.770s] [  2%] Built target ament_cmake_python_build_mark_interfaces_egg
[2.435s] [  2%] Built target mark_interfaces__cpp
[2.617s] [  7%] [32mBuilding C object CMakeFiles/mark_interfaces__rosidl_generator_c.dir/rosidl_generator_c/mark_interfaces/msg/detail/turtle_array__description.c.o[0m
[2.617s] [  7%] [32mBuilding C object CMakeFiles/mark_interfaces__rosidl_generator_c.dir/rosidl_generator_c/mark_interfaces/srv/detail/rectangle_area__functions.c.o[0m
[2.617s] [  7%] [32mBuilding C object CMakeFiles/mark_interfaces__rosidl_generator_c.dir/rosidl_generator_c/mark_interfaces/msg/detail/hardware_status__type_support.c.o[0m
[2.618s] [ 14%] [32mBuilding C object CMakeFiles/mark_interfaces__rosidl_generator_c.dir/rosidl_generator_c/mark_interfaces/srv/detail/rectangle_area__type_support.c.o[0m
[2.618s] [ 14%] [32mBuilding C object CMakeFiles/mark_interfaces__rosidl_generator_c.dir/rosidl_generator_c/mark_interfaces/msg/detail/ledpanel_state__functions.c.o[0m
[2.618s] [  7%] [32mBuilding C object CMakeFiles/mark_interfaces__rosidl_generator_c.dir/rosidl_generator_c/mark_interfaces/msg/detail/ledpanel_state__type_support.c.o[0m
[2.618s] [ 10%] [32mBuilding C object CMakeFiles/mark_interfaces__rosidl_generator_c.dir/rosidl_generator_c/mark_interfaces/msg/detail/ledpanel_state__description.c.o[0m
[2.618s] [ 14%] [32mBuilding C object CMakeFiles/mark_interfaces__rosidl_generator_c.dir/rosidl_generator_c/mark_interfaces/msg/detail/turtle_array__functions.c.o[0m
[2.618s] [ 14%] [32mBuilding C object CMakeFiles/mark_interfaces__rosidl_generator_c.dir/rosidl_generator_c/mark_interfaces/msg/detail/turtle__description.c.o[0m
[2.618s] [ 14%] [32mBuilding C object CMakeFiles/mark_interfaces__rosidl_generator_c.dir/rosidl_generator_c/mark_interfaces/srv/detail/rectangle_area__description.c.o[0m
[2.618s] [ 14%] [32mBuilding C object CMakeFiles/mark_interfaces__rosidl_generator_c.dir/rosidl_generator_c/mark_interfaces/msg/detail/turtle__type_support.c.o[0m
[2.619s] [ 14%] [32mBuilding C object CMakeFiles/mark_interfaces__rosidl_generator_c.dir/rosidl_generator_c/mark_interfaces/srv/detail/battery_life_state__description.c.o[0m
[2.619s] [ 14%] [32mBuilding C object CMakeFiles/mark_interfaces__rosidl_generator_c.dir/rosidl_generator_c/mark_interfaces/msg/detail/hardware_status__description.c.o[0m
[2.619s] [ 14%] [32mBuilding C object CMakeFiles/mark_interfaces__rosidl_generator_c.dir/rosidl_generator_c/mark_interfaces/msg/detail/turtle__functions.c.o[0m
[2.619s] [ 16%] [32mBuilding C object CMakeFiles/mark_interfaces__rosidl_generator_c.dir/rosidl_generator_c/mark_interfaces/msg/detail/turtle_array__type_support.c.o[0m
[2.619s] [ 16%] [32mBuilding C object CMakeFiles/mark_interfaces__rosidl_generator_c.dir/rosidl_generator_c/mark_interfaces/msg/detail/hardware_status__functions.c.o[0m
[2.680s] [ 17%] [32mBuilding C object CMakeFiles/mark_interfaces__rosidl_generator_c.dir/rosidl_generator_c/mark_interfaces/srv/detail/battery_life_state__type_support.c.o[0m
[2.682s] [ 18%] [32mBuilding C object CMakeFiles/mark_interfaces__rosidl_generator_c.dir/rosidl_generator_c/mark_interfaces/srv/detail/battery_life_state__functions.c.o[0m
[2.682s] [ 19%] [32mBuilding C object CMakeFiles/mark_interfaces__rosidl_generator_c.dir/rosidl_generator_c/mark_interfaces/srv/detail/catch_turtle__description.c.o[0m
[2.683s] [ 20%] [32mBuilding C object CMakeFiles/mark_interfaces__rosidl_generator_c.dir/rosidl_generator_c/mark_interfaces/srv/detail/catch_turtle__functions.c.o[0m
[2.698s] [ 24%] [32mBuilding C object CMakeFiles/mark_interfaces__rosidl_generator_c.dir/rosidl_generator_c/mark_interfaces/action/detail/count_until__description.c.o[0m
[2.698s] [ 24%] [32mBuilding C object CMakeFiles/mark_interfaces__rosidl_generator_c.dir/rosidl_generator_c/mark_interfaces/action/detail/count_until__functions.c.o[0m
[2.698s] [ 24%] [32mBuilding C object CMakeFiles/mark_interfaces__rosidl_generator_c.dir/rosidl_generator_c/mark_interfaces/action/detail/reach_distance__description.c.o[0m
[2.698s] [ 24%] [32mBuilding C object CMakeFiles/mark_interfaces__rosidl_generator_c.dir/rosidl_generator_c/mark_interfaces/srv/detail/catch_turtle__type_support.c.o[0m
[2.698s] [ 24%] [32mBuilding C object CMakeFiles/mark_interfaces__rosidl_generator_c.dir/rosidl_generator_c/mark_interfaces/action/detail/count_until__type_support.c.o[0m
[2.705s] [ 25%] [32mBuilding C object CMakeFiles/mark_interfaces__rosidl_generator_c.dir/rosidl_generator_c/mark_interfaces/action/detail/reach_distance__functions.c.o[0m
[2.712s] [ 26%] [32mBuilding C object CMakeFiles/mark_interfaces__rosidl_generator_c.dir/rosidl_generator_c/mark_interfaces/action/detail/reach_distance__type_support.c.o[0m
[2.911s] [ 27%] [32m[1mLinking C shared library libmark_interfaces__rosidl_generator_c.so[0m
[2.968s] [ 27%] Built target mark_interfaces__rosidl_generator_c
[2.982s] [ 30%] [34m[1mGenerating C type support dispatch for ROS interfaces[0m
[2.982s] [ 31%] [34m[1mGenerating C introspection for ROS interfaces[0m
[2.982s] [ 31%] [34m[1mGenerating C type support for eProsima Fast-RTPS[0m
[2.982s] [ 32%] [34m[1mGenerating C++ introspection for ROS interfaces[0m
[2.982s] [ 32%] [34m[1mGenerating C++ type support for eProsima Fast-RTPS[0m
[2.982s] [ 32%] [34m[1mGenerating C++ type support dispatch for ROS interfaces[0m
[3.475s] [ 36%] [32mBuilding CXX object CMakeFiles/mark_interfaces__rosidl_typesupport_c.dir/rosidl_typesupport_c/mark_interfaces/srv/rectangle_area__type_support.cpp.o[0m
[3.475s] [ 36%] [32mBuilding CXX object CMakeFiles/mark_interfaces__rosidl_typesupport_c.dir/rosidl_typesupport_c/mark_interfaces/msg/hardware_status__type_support.cpp.o[0m
[3.476s] [ 36%] [32mBuilding CXX object CMakeFiles/mark_interfaces__rosidl_typesupport_c.dir/rosidl_typesupport_c/mark_interfaces/msg/ledpanel_state__type_support.cpp.o[0m
[3.476s] [ 36%] [32mBuilding CXX object CMakeFiles/mark_interfaces__rosidl_typesupport_c.dir/rosidl_typesupport_c/mark_interfaces/msg/turtle_array__type_support.cpp.o[0m
[3.476s] [ 37%] [32mBuilding CXX object CMakeFiles/mark_interfaces__rosidl_typesupport_c.dir/rosidl_typesupport_c/mark_interfaces/msg/turtle__type_support.cpp.o[0m
[3.476s] [ 38%] [32mBuilding CXX object CMakeFiles/mark_interfaces__rosidl_typesupport_c.dir/rosidl_typesupport_c/mark_interfaces/srv/catch_turtle__type_support.cpp.o[0m
[3.476s] [ 38%] [32mBuilding CXX object CMakeFiles/mark_interfaces__rosidl_typesupport_c.dir/rosidl_typesupport_c/mark_interfaces/srv/battery_life_state__type_support.cpp.o[0m
[3.477s] [ 39%] [32mBuilding CXX object CMakeFiles/mark_interfaces__rosidl_typesupport_c.dir/rosidl_typesupport_c/mark_interfaces/action/count_until__type_support.cpp.o[0m
[3.477s] [ 40%] [32mBuilding CXX object CMakeFiles/mark_interfaces__rosidl_typesupport_c.dir/rosidl_typesupport_c/mark_interfaces/action/reach_distance__type_support.cpp.o[0m
[3.541s] [ 43%] [32mBuilding CXX object CMakeFiles/mark_interfaces__rosidl_typesupport_cpp.dir/rosidl_typesupport_cpp/mark_interfaces/msg/hardware_status__type_support.cpp.o[0m
[3.541s] [ 43%] [32mBuilding CXX object CMakeFiles/mark_interfaces__rosidl_typesupport_cpp.dir/rosidl_typesupport_cpp/mark_interfaces/msg/turtle_array__type_support.cpp.o[0m
[3.541s] [ 43%] [32mBuilding CXX object CMakeFiles/mark_interfaces__rosidl_typesupport_cpp.dir/rosidl_typesupport_cpp/mark_interfaces/msg/ledpanel_state__type_support.cpp.o[0m
[3.541s] [ 43%] [32mBuilding CXX object CMakeFiles/mark_interfaces__rosidl_typesupport_cpp.dir/rosidl_typesupport_cpp/mark_interfaces/msg/turtle__type_support.cpp.o[0m
[3.541s] [ 44%] [32mBuilding CXX object CMakeFiles/mark_interfaces__rosidl_typesupport_cpp.dir/rosidl_typesupport_cpp/mark_interfaces/srv/rectangle_area__type_support.cpp.o[0m
[3.541s] [ 45%] [32mBuilding CXX object CMakeFiles/mark_interfaces__rosidl_typesupport_cpp.dir/rosidl_typesupport_cpp/mark_interfaces/srv/catch_turtle__type_support.cpp.o[0m
[3.542s] [ 46%] [32mBuilding CXX object CMakeFiles/mark_interfaces__rosidl_typesupport_cpp.dir/rosidl_typesupport_cpp/mark_interfaces/srv/battery_life_state__type_support.cpp.o[0m
[3.542s] [ 47%] [32mBuilding CXX object CMakeFiles/mark_interfaces__rosidl_typesupport_cpp.dir/rosidl_typesupport_cpp/mark_interfaces/action/reach_distance__type_support.cpp.o[0m
[3.542s] [ 48%] [32mBuilding CXX object CMakeFiles/mark_interfaces__rosidl_typesupport_cpp.dir/rosidl_typesupport_cpp/mark_interfaces/action/count_until__type_support.cpp.o[0m
[3.546s] [ 49%] [32m[1mLinking CXX shared library libmark_interfaces__rosidl_typesupport_c.so[0m
[3.692s] [ 51%] [32mBuilding CXX object CMakeFiles/mark_interfaces__rosidl_typesupport_introspection_cpp.dir/rosidl_typesupport_introspection_cpp/mark_interfaces/msg/detail/hardware_status__type_support.cpp.o[0m
[3.692s] [ 51%] [32mBuilding CXX object CMakeFiles/mark_interfaces__rosidl_typesupport_introspection_cpp.dir/rosidl_typesupport_introspection_cpp/mark_interfaces/msg/detail/ledpanel_state__type_support.cpp.o[0m
[3.699s] [ 52%] [32mBuilding CXX object CMakeFiles/mark_interfaces__rosidl_typesupport_introspection_cpp.dir/rosidl_typesupport_introspection_cpp/mark_interfaces/msg/detail/turtle__type_support.cpp.o[0m
[3.703s] [ 52%] Built target mark_interfaces__rosidl_typesupport_c
[3.715s] [ 53%] [32mBuilding CXX object CMakeFiles/mark_interfaces__rosidl_typesupport_introspection_cpp.dir/rosidl_typesupport_introspection_cpp/mark_interfaces/msg/detail/turtle_array__type_support.cpp.o[0m
[3.717s] [ 54%] [32mBuilding C object CMakeFiles/mark_interfaces__rosidl_typesupport_introspection_c.dir/rosidl_typesupport_introspection_c/mark_interfaces/msg/detail/hardware_status__type_support.c.o[0m
[3.762s] [ 55%] [32mBuilding C object CMakeFiles/mark_interfaces__rosidl_typesupport_introspection_c.dir/rosidl_typesupport_introspection_c/mark_interfaces/msg/detail/ledpanel_state__type_support.c.o[0m
[3.817s] [ 55%] [32mBuilding C object CMakeFiles/mark_interfaces__rosidl_typesupport_introspection_c.dir/rosidl_typesupport_introspection_c/mark_interfaces/msg/detail/turtle__type_support.c.o[0m
[3.948s] [ 56%] [32mBuilding C object CMakeFiles/mark_interfaces__rosidl_typesupport_introspection_c.dir/rosidl_typesupport_introspection_c/mark_interfaces/msg/detail/turtle_array__type_support.c.o[0m
[3.996s] [ 57%] [32mBuilding C object CMakeFiles/mark_interfaces__rosidl_typesupport_introspection_c.dir/rosidl_typesupport_introspection_c/mark_interfaces/srv/detail/rectangle_area__type_support.c.o[0m
[4.062s] [ 58%] [32mBuilding C object CMakeFiles/mark_interfaces__rosidl_typesupport_introspection_c.dir/rosidl_typesupport_introspection_c/mark_interfaces/srv/detail/battery_life_state__type_support.c.o[0m
[4.098s] [ 59%] [32mBuilding C object CMakeFiles/mark_interfaces__rosidl_typesupport_introspection_c.dir/rosidl_typesupport_introspection_c/mark_interfaces/srv/detail/catch_turtle__type_support.c.o[0m
[4.100s] [ 60%] [32mBuilding C object CMakeFiles/mark_interfaces__rosidl_typesupport_introspection_c.dir/rosidl_typesupport_introspection_c/mark_interfaces/action/detail/count_until__type_support.c.o[0m
[4.103s] [ 61%] [32mBuilding CXX object CMakeFiles/mark_interfaces__rosidl_typesupport_introspection_cpp.dir/rosidl_typesupport_introspection_cpp/mark_interfaces/srv/detail/rectangle_area__type_support.cpp.o[0m
[4.115s] [ 62%] [32mBuilding C object CMakeFiles/mark_interfaces__rosidl_typesupport_introspection_c.dir/rosidl_typesupport_introspection_c/mark_interfaces/action/detail/reach_distance__type_support.c.o[0m
[4.122s] [ 63%] [32mBuilding CXX object CMakeFiles/mark_interfaces__rosidl_typesupport_introspection_cpp.dir/rosidl_typesupport_introspection_cpp/mark_interfaces/srv/detail/battery_life_state__type_support.cpp.o[0m
[4.145s] [ 63%] [32mBuilding CXX object CMakeFiles/mark_interfaces__rosidl_typesupport_introspection_cpp.dir/rosidl_typesupport_introspection_cpp/mark_interfaces/action/detail/count_until__type_support.cpp.o[0m
[4.148s] [ 64%] [32mBuilding CXX object CMakeFiles/mark_interfaces__rosidl_typesupport_introspection_cpp.dir/rosidl_typesupport_introspection_cpp/mark_interfaces/srv/detail/catch_turtle__type_support.cpp.o[0m
[4.157s] [ 65%] [32mBuilding CXX object CMakeFiles/mark_interfaces__rosidl_typesupport_fastrtps_cpp.dir/rosidl_typesupport_fastrtps_cpp/mark_interfaces/msg/detail/dds_fastrtps/hardware_status__type_support.cpp.o[0m
[4.168s] [ 66%] [32mBuilding CXX object CMakeFiles/mark_interfaces__rosidl_typesupport_fastrtps_cpp.dir/rosidl_typesupport_fastrtps_cpp/mark_interfaces/msg/detail/dds_fastrtps/ledpanel_state__type_support.cpp.o[0m
[4.178s] [ 67%] [32mBuilding CXX object CMakeFiles/mark_interfaces__rosidl_typesupport_introspection_cpp.dir/rosidl_typesupport_introspection_cpp/mark_interfaces/action/detail/reach_distance__type_support.cpp.o[0m
[4.189s] [ 68%] [32m[1mLinking C shared library libmark_interfaces__rosidl_typesupport_introspection_c.so[0m
[4.189s] [ 69%] [32mBuilding CXX object CMakeFiles/mark_interfaces__rosidl_typesupport_fastrtps_cpp.dir/rosidl_typesupport_fastrtps_cpp/mark_interfaces/msg/detail/dds_fastrtps/turtle__type_support.cpp.o[0m
[4.195s] [ 70%] [32mBuilding CXX object CMakeFiles/mark_interfaces__rosidl_typesupport_fastrtps_cpp.dir/rosidl_typesupport_fastrtps_cpp/mark_interfaces/msg/detail/dds_fastrtps/turtle_array__type_support.cpp.o[0m
[4.198s] [ 71%] [32mBuilding CXX object CMakeFiles/mark_interfaces__rosidl_typesupport_fastrtps_cpp.dir/rosidl_typesupport_fastrtps_cpp/mark_interfaces/srv/detail/dds_fastrtps/catch_turtle__type_support.cpp.o[0m
[4.199s] [ 71%] [32mBuilding CXX object CMakeFiles/mark_interfaces__rosidl_typesupport_fastrtps_cpp.dir/rosidl_typesupport_fastrtps_cpp/mark_interfaces/srv/detail/dds_fastrtps/battery_life_state__type_support.cpp.o[0m
[4.199s] [ 72%] [32mBuilding CXX object CMakeFiles/mark_interfaces__rosidl_typesupport_fastrtps_cpp.dir/rosidl_typesupport_fastrtps_cpp/mark_interfaces/srv/detail/dds_fastrtps/rectangle_area__type_support.cpp.o[0m
[4.239s] [ 72%] [32mBuilding CXX object CMakeFiles/mark_interfaces__rosidl_typesupport_fastrtps_c.dir/rosidl_typesupport_fastrtps_c/mark_interfaces/msg/detail/hardware_status__type_support_c.cpp.o[0m
[4.245s] [ 72%] Built target mark_interfaces__rosidl_typesupport_introspection_c
[4.257s] [ 73%] [32mBuilding CXX object CMakeFiles/mark_interfaces__rosidl_typesupport_fastrtps_c.dir/rosidl_typesupport_fastrtps_c/mark_interfaces/msg/detail/ledpanel_state__type_support_c.cpp.o[0m
[4.494s] [ 74%] [32mBuilding CXX object CMakeFiles/mark_interfaces__rosidl_typesupport_fastrtps_c.dir/rosidl_typesupport_fastrtps_c/mark_interfaces/msg/detail/turtle__type_support_c.cpp.o[0m
[4.518s] [ 75%] [32m[1mLinking CXX shared library libmark_interfaces__rosidl_typesupport_cpp.so[0m
[4.644s] [ 78%] [32mBuilding CXX object CMakeFiles/mark_interfaces__rosidl_typesupport_fastrtps_c.dir/rosidl_typesupport_fastrtps_c/mark_interfaces/msg/detail/turtle_array__type_support_c.cpp.o[0m
[4.644s] [ 78%] [32mBuilding CXX object CMakeFiles/mark_interfaces__rosidl_typesupport_fastrtps_cpp.dir/rosidl_typesupport_fastrtps_cpp/mark_interfaces/action/detail/dds_fastrtps/reach_distance__type_support.cpp.o[0m
[4.644s] [ 78%] [32mBuilding CXX object CMakeFiles/mark_interfaces__rosidl_typesupport_fastrtps_cpp.dir/rosidl_typesupport_fastrtps_cpp/mark_interfaces/action/detail/dds_fastrtps/count_until__type_support.cpp.o[0m
[4.680s] [ 79%] [32mBuilding CXX object CMakeFiles/mark_interfaces__rosidl_typesupport_fastrtps_c.dir/rosidl_typesupport_fastrtps_c/mark_interfaces/srv/detail/rectangle_area__type_support_c.cpp.o[0m
[4.692s] [ 80%] [32mBuilding CXX object CMakeFiles/mark_interfaces__rosidl_typesupport_fastrtps_c.dir/rosidl_typesupport_fastrtps_c/mark_interfaces/srv/detail/battery_life_state__type_support_c.cpp.o[0m
[4.695s] [ 81%] [32mBuilding CXX object CMakeFiles/mark_interfaces__rosidl_typesupport_fastrtps_c.dir/rosidl_typesupport_fastrtps_c/mark_interfaces/srv/detail/catch_turtle__type_support_c.cpp.o[0m
[4.753s] [ 82%] [32mBuilding CXX object CMakeFiles/mark_interfaces__rosidl_typesupport_fastrtps_c.dir/rosidl_typesupport_fastrtps_c/mark_interfaces/action/detail/count_until__type_support_c.cpp.o[0m
[4.755s] [ 82%] Built target mark_interfaces__rosidl_typesupport_cpp
[4.767s] [ 82%] [32mBuilding CXX object CMakeFiles/mark_interfaces__rosidl_typesupport_fastrtps_c.dir/rosidl_typesupport_fastrtps_c/mark_interfaces/action/detail/reach_distance__type_support_c.cpp.o[0m
[4.970s] [ 83%] [32m[1mLinking CXX shared library libmark_interfaces__rosidl_typesupport_introspection_cpp.so[0m
[5.063s] [ 83%] Built target mark_interfaces__rosidl_typesupport_introspection_cpp
[5.294s] [ 84%] [32m[1mLinking CXX shared library libmark_interfaces__rosidl_typesupport_fastrtps_c.so[0m
[5.452s] [ 84%] Built target mark_interfaces__rosidl_typesupport_fastrtps_c
[5.490s] [ 85%] [32m[1mLinking CXX shared library libmark_interfaces__rosidl_typesupport_fastrtps_cpp.so[0m
[5.562s] [ 85%] Built target mark_interfaces__rosidl_typesupport_fastrtps_cpp
[5.582s] [ 85%] Built target mark_interfaces
[5.601s] [ 86%] [34m[1mGenerating Python code for ROS interfaces[0m
[6.835s] [ 86%] Built target mark_interfaces__py
[6.948s] [ 92%] [32mBuilding C object CMakeFiles/mark_interfaces__rosidl_generator_py.dir/rosidl_generator_py/mark_interfaces/msg/_turtle_array_s.c.o[0m
[6.948s] [ 92%] [32mBuilding C object CMakeFiles/mark_interfaces__rosidl_generator_py.dir/rosidl_generator_py/mark_interfaces/action/_count_until_s.c.o[0m
[6.948s] [ 92%] [32mBuilding C object CMakeFiles/mark_interfaces__rosidl_generator_py.dir/rosidl_generator_py/mark_interfaces/srv/_battery_life_state_s.c.o[0m
[6.948s] [ 92%] [32mBuilding C object CMakeFiles/mark_interfaces__rosidl_generator_py.dir/rosidl_generator_py/mark_interfaces/action/_reach_distance_s.c.o[0m
[6.948s] [ 92%] [32mBuilding C object CMakeFiles/mark_interfaces__rosidl_generator_py.dir/rosidl_generator_py/mark_interfaces/msg/_turtle_s.c.o[0m
[6.948s] [ 92%] [32mBuilding C object CMakeFiles/mark_interfaces__rosidl_generator_py.dir/rosidl_generator_py/mark_interfaces/srv/_rectangle_area_s.c.o[0m
[6.948s] [ 92%] [32mBuilding C object CMakeFiles/mark_interfaces__rosidl_generator_py.dir/rosidl_generator_py/mark_interfaces/msg/_ledpanel_state_s.c.o[0m
[6.948s] [ 93%] [32mBuilding C object CMakeFiles/mark_interfaces__rosidl_generator_py.dir/rosidl_generator_py/mark_interfaces/msg/_hardware_status_s.c.o[0m
[6.949s] [ 94%] [32mBuilding C object CMakeFiles/mark_interfaces__rosidl_generator_py.dir/rosidl_generator_py/mark_interfaces/srv/_catch_turtle_s.c.o[0m
[7.120s] [ 94%] [32m[1mLinking C shared library libmark_interfaces__rosidl_generator_py.so[0m
[7.276s] [ 94%] Built target mark_interfaces__rosidl_generator_py
[7.302s] [ 97%] [32mBuilding C object CMakeFiles/mark_interfaces_s__rosidl_typesupport_introspection_c.dir/rosidl_generator_py/mark_interfaces/_mark_interfaces_s.ep.rosidl_typesupport_introspection_c.c.o[0m
[7.302s] [ 97%] [32mBuilding C object CMakeFiles/mark_interfaces_s__rosidl_typesupport_c.dir/rosidl_generator_py/mark_interfaces/_mark_interfaces_s.ep.rosidl_typesupport_c.c.o[0m
[7.303s] [ 97%] [32mBuilding C object CMakeFiles/mark_interfaces_s__rosidl_typesupport_fastrtps_c.dir/rosidl_generator_py/mark_interfaces/_mark_interfaces_s.ep.rosidl_typesupport_fastrtps_c.c.o[0m
[7.448s] [ 99%] [32m[1mLinking C shared module rosidl_generator_py/mark_interfaces/mark_interfaces_s__rosidl_typesupport_introspection_c.so[0m
[7.448s] [ 99%] [32m[1mLinking C shared module rosidl_generator_py/mark_interfaces/mark_interfaces_s__rosidl_typesupport_c.so[0m
[7.450s] [100%] [32m[1mLinking C shared module rosidl_generator_py/mark_interfaces/mark_interfaces_s__rosidl_typesupport_fastrtps_c.so[0m
[7.481s] [100%] Built target mark_interfaces_s__rosidl_typesupport_introspection_c
[7.481s] [100%] Built target mark_interfaces_s__rosidl_typesupport_c
[7.481s] [100%] Built target mark_interfaces_s__rosidl_typesupport_fastrtps_c
[7.495s] Invoked command in '/home/saikiran335/ros2_mark_ws/build/mark_interfaces' returned '0': CMAKE_PREFIX_PATH=${CMAKE_PREFIX_PATH}:/home/saikiran335/ros2_mark_ws/install/turtlesim_catch_them_all:/home/saikiran335/ros2_mark_ws/install/mark_py_pkg:/home/saikiran335/ros2_mark_ws/install/actions_py:/opt/ros/jazzy DEBUGINFOD_URLS=https://debuginfod.ubuntu.com /usr/bin/cmake --build /home/saikiran335/ros2_mark_ws/build/mark_interfaces -- -j16 -l16
[7.506s] Invoking command in '/home/saikiran335/ros2_mark_ws/build/mark_interfaces': CMAKE_PREFIX_PATH=${CMAKE_PREFIX_PATH}:/home/saikiran335/ros2_mark_ws/install/turtlesim_catch_them_all:/home/saikiran335/ros2_mark_ws/install/mark_py_pkg:/home/saikiran335/ros2_mark_ws/install/actions_py:/opt/ros/jazzy DEBUGINFOD_URLS=https://debuginfod.ubuntu.com /usr/bin/cmake --install /home/saikiran335/ros2_mark_ws/build/mark_interfaces
[7.513s] -- Install configuration: ""
[7.613s] -- Installing: /home/saikiran335/ros2_mark_ws/install/mark_interfaces/share/ament_index/resource_index/rosidl_interfaces/mark_interfaces
[7.614s] -- Installing: /home/saikiran335/ros2_mark_ws/install/mark_interfaces/share/mark_interfaces/msg/HardwareStatus.json
[7.614s] -- Installing: /home/saikiran335/ros2_mark_ws/install/mark_interfaces/share/mark_interfaces/msg/LedpanelState.json
[7.614s] -- Installing: /home/saikiran335/ros2_mark_ws/install/mark_interfaces/share/mark_interfaces/msg/Turtle.json
[7.614s] -- Installing: /home/saikiran335/ros2_mark_ws/install/mark_interfaces/share/mark_interfaces/msg/TurtleArray.json
[7.615s] -- Installing: /home/saikiran335/ros2_mark_ws/install/mark_interfaces/share/mark_interfaces/srv/RectangleArea.json
[7.615s] -- Installing: /home/saikiran335/ros2_mark_ws/install/mark_interfaces/share/mark_interfaces/srv/BatteryLifeState.json
[7.615s] -- Installing: /home/saikiran335/ros2_mark_ws/install/mark_interfaces/share/mark_interfaces/srv/CatchTurtle.json
[7.615s] -- Installing: /home/saikiran335/ros2_mark_ws/install/mark_interfaces/share/mark_interfaces/action/CountUntil.json
[7.615s] -- Installing: /home/saikiran335/ros2_mark_ws/install/mark_interfaces/share/mark_interfaces/action/ReachDistance.json
[7.615s] -- Up-to-date: /home/saikiran335/ros2_mark_ws/install/mark_interfaces/include/mark_interfaces/mark_interfaces
[7.615s] -- Up-to-date: /home/saikiran335/ros2_mark_ws/install/mark_interfaces/include/mark_interfaces/mark_interfaces/msg
[7.616s] -- Up-to-date: /home/saikiran335/ros2_mark_ws/install/mark_interfaces/include/mark_interfaces/mark_interfaces/msg/detail
[7.616s] -- Installing: /home/saikiran335/ros2_mark_ws/install/mark_interfaces/include/mark_interfaces/mark_interfaces/msg/detail/hardware_status__functions.h
[7.616s] -- Installing: /home/saikiran335/ros2_mark_ws/install/mark_interfaces/include/mark_interfaces/mark_interfaces/msg/detail/turtle__description.c
[7.616s] -- Installing: /home/saikiran335/ros2_mark_ws/install/mark_interfaces/include/mark_interfaces/mark_interfaces/msg/detail/hardware_status__struct.h
[7.616s] -- Installing: /home/saikiran335/ros2_mark_ws/install/mark_interfaces/include/mark_interfaces/mark_interfaces/msg/detail/turtle_array__type_support.h
[7.617s] -- Installing: /home/saikiran335/ros2_mark_ws/install/mark_interfaces/include/mark_interfaces/mark_interfaces/msg/detail/turtle__type_support.h
[7.617s] -- Installing: /home/saikiran335/ros2_mark_ws/install/mark_interfaces/include/mark_interfaces/mark_interfaces/msg/detail/turtle_array__description.c
[7.617s] -- Installing: /home/saikiran335/ros2_mark_ws/install/mark_interfaces/include/mark_interfaces/mark_interfaces/msg/detail/turtle__functions.c
[7.617s] -- Installing: /home/saikiran335/ros2_mark_ws/install/mark_interfaces/include/mark_interfaces/mark_interfaces/msg/detail/turtle_array__functions.c
[7.617s] -- Installing: /home/saikiran335/ros2_mark_ws/install/mark_interfaces/include/mark_interfaces/mark_interfaces/msg/detail/hardware_status__description.c
[7.617s] -- Installing: /home/saikiran335/ros2_mark_ws/install/mark_interfaces/include/mark_interfaces/mark_interfaces/msg/detail/turtle_array__type_support.c
[7.617s] -- Installing: /home/saikiran335/ros2_mark_ws/install/mark_interfaces/include/mark_interfaces/mark_interfaces/msg/detail/turtle__functions.h
[7.618s] -- Installing: /home/saikiran335/ros2_mark_ws/install/mark_interfaces/include/mark_interfaces/mark_interfaces/msg/detail/turtle__struct.h
[7.618s] -- Installing: /home/saikiran335/ros2_mark_ws/install/mark_interfaces/include/mark_interfaces/mark_interfaces/msg/detail/ledpanel_state__type_support.h
[7.618s] -- Installing: /home/saikiran335/ros2_mark_ws/install/mark_interfaces/include/mark_interfaces/mark_interfaces/msg/detail/ledpanel_state__functions.c
[7.618s] -- Installing: /home/saikiran335/ros2_mark_ws/install/mark_interfaces/include/mark_interfaces/mark_interfaces/msg/detail/hardware_status__type_support.h
[7.618s] -- Installing: /home/saikiran335/ros2_mark_ws/install/mark_interfaces/include/mark_interfaces/mark_interfaces/msg/detail/ledpanel_state__description.c
[7.618s] -- Installing: /home/saikiran335/ros2_mark_ws/install/mark_interfaces/include/mark_interfaces/mark_interfaces/msg/detail/ledpanel_state__type_support.c
[7.618s] -- Installing: /home/saikiran335/ros2_mark_ws/install/mark_interfaces/include/mark_interfaces/mark_interfaces/msg/detail/hardware_status__functions.c
[7.619s] -- Installing: /home/saikiran335/ros2_mark_ws/install/mark_interfaces/include/mark_interfaces/mark_interfaces/msg/detail/turtle_array__struct.h
[7.619s] -- Installing: /home/saikiran335/ros2_mark_ws/install/mark_interfaces/include/mark_interfaces/mark_interfaces/msg/detail/ledpanel_state__functions.h
[7.619s] -- Installing: /home/saikiran335/ros2_mark_ws/install/mark_interfaces/include/mark_interfaces/mark_interfaces/msg/detail/ledpanel_state__struct.h
[7.619s] -- Installing: /home/saikiran335/ros2_mark_ws/install/mark_interfaces/include/mark_interfaces/mark_interfaces/msg/detail/hardware_status__type_support.c
[7.619s] -- Installing: /home/saikiran335/ros2_mark_ws/install/mark_interfaces/include/mark_interfaces/mark_interfaces/msg/detail/turtle_array__functions.h
[7.620s] -- Installing: /home/saikiran335/ros2_mark_ws/install/mark_interfaces/include/mark_interfaces/mark_interfaces/msg/detail/turtle__type_support.c
[7.620s] -- Installing: /home/saikiran335/ros2_mark_ws/install/mark_interfaces/include/mark_interfaces/mark_interfaces/msg/ledpanel_state.h
[7.620s] -- Installing: /home/saikiran335/ros2_mark_ws/install/mark_interfaces/include/mark_interfaces/mark_interfaces/msg/hardware_status.h
[7.620s] -- Up-to-date: /home/saikiran335/ros2_mark_ws/install/mark_interfaces/include/mark_interfaces/mark_interfaces/msg/rosidl_generator_c__visibility_control.h
[7.620s] -- Installing: /home/saikiran335/ros2_mark_ws/install/mark_interfaces/include/mark_interfaces/mark_interfaces/msg/turtle_array.h
[7.620s] -- Installing: /home/saikiran335/ros2_mark_ws/install/mark_interfaces/include/mark_interfaces/mark_interfaces/msg/turtle.h
[7.620s] -- Up-to-date: /home/saikiran335/ros2_mark_ws/install/mark_interfaces/include/mark_interfaces/mark_interfaces/srv
[7.620s] -- Up-to-date: /home/saikiran335/ros2_mark_ws/install/mark_interfaces/include/mark_interfaces/mark_interfaces/srv/detail
[7.621s] -- Installing: /home/saikiran335/ros2_mark_ws/install/mark_interfaces/include/mark_interfaces/mark_interfaces/srv/detail/catch_turtle__type_support.h
[7.621s] -- Installing: /home/saikiran335/ros2_mark_ws/install/mark_interfaces/include/mark_interfaces/mark_interfaces/srv/detail/catch_turtle__functions.c
[7.621s] -- Installing: /home/saikiran335/ros2_mark_ws/install/mark_interfaces/include/mark_interfaces/mark_interfaces/srv/detail/battery_life_state__type_support.c
[7.621s] -- Installing: /home/saikiran335/ros2_mark_ws/install/mark_interfaces/include/mark_interfaces/mark_interfaces/srv/detail/rectangle_area__type_support.c
[7.621s] -- Installing: /home/saikiran335/ros2_mark_ws/install/mark_interfaces/include/mark_interfaces/mark_interfaces/srv/detail/rectangle_area__functions.c
[7.621s] -- Installing: /home/saikiran335/ros2_mark_ws/install/mark_interfaces/include/mark_interfaces/mark_interfaces/srv/detail/battery_life_state__functions.h
[7.621s] -- Installing: /home/saikiran335/ros2_mark_ws/install/mark_interfaces/include/mark_interfaces/mark_interfaces/srv/detail/catch_turtle__struct.h
[7.622s] -- Installing: /home/saikiran335/ros2_mark_ws/install/mark_interfaces/include/mark_interfaces/mark_interfaces/srv/detail/battery_life_state__struct.h
[7.622s] -- Installing: /home/saikiran335/ros2_mark_ws/install/mark_interfaces/include/mark_interfaces/mark_interfaces/srv/detail/rectangle_area__type_support.h
[7.622s] -- Installing: /home/saikiran335/ros2_mark_ws/install/mark_interfaces/include/mark_interfaces/mark_interfaces/srv/detail/rectangle_area__description.c
[7.622s] -- Installing: /home/saikiran335/ros2_mark_ws/install/mark_interfaces/include/mark_interfaces/mark_interfaces/srv/detail/catch_turtle__description.c
[7.622s] -- Installing: /home/saikiran335/ros2_mark_ws/install/mark_interfaces/include/mark_interfaces/mark_interfaces/srv/detail/catch_turtle__type_support.c
[7.622s] -- Installing: /home/saikiran335/ros2_mark_ws/install/mark_interfaces/include/mark_interfaces/mark_interfaces/srv/detail/catch_turtle__functions.h
[7.622s] -- Installing: /home/saikiran335/ros2_mark_ws/install/mark_interfaces/include/mark_interfaces/mark_interfaces/srv/detail/rectangle_area__functions.h
[7.623s] -- Installing: /home/saikiran335/ros2_mark_ws/install/mark_interfaces/include/mark_interfaces/mark_interfaces/srv/detail/battery_life_state__description.c
[7.623s] -- Installing: /home/saikiran335/ros2_mark_ws/install/mark_interfaces/include/mark_interfaces/mark_interfaces/srv/detail/rectangle_area__struct.h
[7.623s] -- Installing: /home/saikiran335/ros2_mark_ws/install/mark_interfaces/include/mark_interfaces/mark_interfaces/srv/detail/battery_life_state__type_support.h
[7.623s] -- Installing: /home/saikiran335/ros2_mark_ws/install/mark_interfaces/include/mark_interfaces/mark_interfaces/srv/detail/battery_life_state__functions.c
[7.623s] -- Installing: /home/saikiran335/ros2_mark_ws/install/mark_interfaces/include/mark_interfaces/mark_interfaces/srv/catch_turtle.h
[7.623s] -- Installing: /home/saikiran335/ros2_mark_ws/install/mark_interfaces/include/mark_interfaces/mark_interfaces/srv/rectangle_area.h
[7.623s] -- Installing: /home/saikiran335/ros2_mark_ws/install/mark_interfaces/include/mark_interfaces/mark_interfaces/srv/battery_life_state.h
[7.623s] -- Up-to-date: /home/saikiran335/ros2_mark_ws/install/mark_interfaces/include/mark_interfaces/mark_interfaces/action
[7.624s] -- Up-to-date: /home/saikiran335/ros2_mark_ws/install/mark_interfaces/include/mark_interfaces/mark_interfaces/action/detail
[7.624s] -- Installing: /home/saikiran335/ros2_mark_ws/install/mark_interfaces/include/mark_interfaces/mark_interfaces/action/detail/reach_distance__functions.c
[7.624s] -- Installing: /home/saikiran335/ros2_mark_ws/install/mark_interfaces/include/mark_interfaces/mark_interfaces/action/detail/count_until__description.c
[7.624s] -- Installing: /home/saikiran335/ros2_mark_ws/install/mark_interfaces/include/mark_interfaces/mark_interfaces/action/detail/count_until__functions.h
[7.624s] -- Installing: /home/saikiran335/ros2_mark_ws/install/mark_interfaces/include/mark_interfaces/mark_interfaces/action/detail/reach_distance__type_support.h
[7.625s] -- Installing: /home/saikiran335/ros2_mark_ws/install/mark_interfaces/include/mark_interfaces/mark_interfaces/action/detail/reach_distance__struct.h
[7.625s] -- Installing: /home/saikiran335/ros2_mark_ws/install/mark_interfaces/include/mark_interfaces/mark_interfaces/action/detail/count_until__struct.h
[7.625s] -- Installing: /home/saikiran335/ros2_mark_ws/install/mark_interfaces/include/mark_interfaces/mark_interfaces/action/detail/reach_distance__type_support.c
[7.625s] -- Installing: /home/saikiran335/ros2_mark_ws/install/mark_interfaces/include/mark_interfaces/mark_interfaces/action/detail/reach_distance__description.c
[7.625s] -- Installing: /home/saikiran335/ros2_mark_ws/install/mark_interfaces/include/mark_interfaces/mark_interfaces/action/detail/reach_distance__functions.h
[7.625s] -- Installing: /home/saikiran335/ros2_mark_ws/install/mark_interfaces/include/mark_interfaces/mark_interfaces/action/detail/count_until__functions.c
[7.625s] -- Installing: /home/saikiran335/ros2_mark_ws/install/mark_interfaces/include/mark_interfaces/mark_interfaces/action/detail/count_until__type_support.c
[7.625s] -- Installing: /home/saikiran335/ros2_mark_ws/install/mark_interfaces/include/mark_interfaces/mark_interfaces/action/detail/count_until__type_support.h
[7.626s] -- Installing: /home/saikiran335/ros2_mark_ws/install/mark_interfaces/include/mark_interfaces/mark_interfaces/action/count_until.h
[7.626s] -- Installing: /home/saikiran335/ros2_mark_ws/install/mark_interfaces/include/mark_interfaces/mark_interfaces/action/reach_distance.h
[7.626s] -- Installing: /home/saikiran335/ros2_mark_ws/install/mark_interfaces/share/mark_interfaces/environment/library_path.sh
[7.626s] -- Up-to-date: /home/saikiran335/ros2_mark_ws/install/mark_interfaces/share/mark_interfaces/environment/library_path.dsv
[7.626s] -- Installing: /home/saikiran335/ros2_mark_ws/install/mark_interfaces/lib/libmark_interfaces__rosidl_generator_c.so
[7.626s] -- Set non-toolchain portion of runtime path of "/home/saikiran335/ros2_mark_ws/install/mark_interfaces/lib/libmark_interfaces__rosidl_generator_c.so" to ""
[7.626s] -- Up-to-date: /home/saikiran335/ros2_mark_ws/install/mark_interfaces/include/mark_interfaces/mark_interfaces
[7.627s] -- Up-to-date: /home/saikiran335/ros2_mark_ws/install/mark_interfaces/include/mark_interfaces/mark_interfaces/msg
[7.627s] -- Up-to-date: /home/saikiran335/ros2_mark_ws/install/mark_interfaces/include/mark_interfaces/mark_interfaces/msg/rosidl_typesupport_fastrtps_c__visibility_control.h
[7.627s] -- Up-to-date: /home/saikiran335/ros2_mark_ws/install/mark_interfaces/include/mark_interfaces/mark_interfaces/msg/detail
[7.627s] -- Installing: /home/saikiran335/ros2_mark_ws/install/mark_interfaces/include/mark_interfaces/mark_interfaces/msg/detail/turtle__rosidl_typesupport_fastrtps_c.h
[7.627s] -- Installing: /home/saikiran335/ros2_mark_ws/install/mark_interfaces/include/mark_interfaces/mark_interfaces/msg/detail/hardware_status__rosidl_typesupport_fastrtps_c.h
[7.627s] -- Installing: /home/saikiran335/ros2_mark_ws/install/mark_interfaces/include/mark_interfaces/mark_interfaces/msg/detail/turtle_array__rosidl_typesupport_fastrtps_c.h
[7.628s] -- Installing: /home/saikiran335/ros2_mark_ws/install/mark_interfaces/include/mark_interfaces/mark_interfaces/msg/detail/ledpanel_state__rosidl_typesupport_fastrtps_c.h
[7.628s] -- Up-to-date: /home/saikiran335/ros2_mark_ws/install/mark_interfaces/include/mark_interfaces/mark_interfaces/srv
[7.628s] -- Up-to-date: /home/saikiran335/ros2_mark_ws/install/mark_interfaces/include/mark_interfaces/mark_interfaces/srv/detail
[7.628s] -- Installing: /home/saikiran335/ros2_mark_ws/install/mark_interfaces/include/mark_interfaces/mark_interfaces/srv/detail/battery_life_state__rosidl_typesupport_fastrtps_c.h
[7.628s] -- Installing: /home/saikiran335/ros2_mark_ws/install/mark_interfaces/include/mark_interfaces/mark_interfaces/srv/detail/catch_turtle__rosidl_typesupport_fastrtps_c.h
[7.628s] -- Installing: /home/saikiran335/ros2_mark_ws/install/mark_interfaces/include/mark_interfaces/mark_interfaces/srv/detail/rectangle_area__rosidl_typesupport_fastrtps_c.h
[7.628s] -- Up-to-date: /home/saikiran335/ros2_mark_ws/install/mark_interfaces/include/mark_interfaces/mark_interfaces/action
[7.629s] -- Up-to-date: /home/saikiran335/ros2_mark_ws/install/mark_interfaces/include/mark_interfaces/mark_interfaces/action/detail
[7.629s] -- Installing: /home/saikiran335/ros2_mark_ws/install/mark_interfaces/include/mark_interfaces/mark_interfaces/action/detail/reach_distance__rosidl_typesupport_fastrtps_c.h
[7.629s] -- Installing: /home/saikiran335/ros2_mark_ws/install/mark_interfaces/include/mark_interfaces/mark_interfaces/action/detail/count_until__rosidl_typesupport_fastrtps_c.h
[7.629s] -- Installing: /home/saikiran335/ros2_mark_ws/install/mark_interfaces/lib/libmark_interfaces__rosidl_typesupport_fastrtps_c.so
[7.629s] -- Set non-toolchain portion of runtime path of "/home/saikiran335/ros2_mark_ws/install/mark_interfaces/lib/libmark_interfaces__rosidl_typesupport_fastrtps_c.so" to ""
[7.629s] -- Up-to-date: /home/saikiran335/ros2_mark_ws/install/mark_interfaces/include/mark_interfaces/mark_interfaces
[7.629s] -- Up-to-date: /home/saikiran335/ros2_mark_ws/install/mark_interfaces/include/mark_interfaces/mark_interfaces/msg
[7.629s] -- Up-to-date: /home/saikiran335/ros2_mark_ws/install/mark_interfaces/include/mark_interfaces/mark_interfaces/msg/detail
[7.630s] -- Installing: /home/saikiran335/ros2_mark_ws/install/mark_interfaces/include/mark_interfaces/mark_interfaces/msg/detail/ledpanel_state__rosidl_typesupport_introspection_c.h
[7.630s] -- Installing: /home/saikiran335/ros2_mark_ws/install/mark_interfaces/include/mark_interfaces/mark_interfaces/msg/detail/turtle__rosidl_typesupport_introspection_c.h
[7.630s] -- Installing: /home/saikiran335/ros2_mark_ws/install/mark_interfaces/include/mark_interfaces/mark_interfaces/msg/detail/turtle_array__rosidl_typesupport_introspection_c.h
[7.630s] -- Installing: /home/saikiran335/ros2_mark_ws/install/mark_interfaces/include/mark_interfaces/mark_interfaces/msg/detail/turtle_array__type_support.c
[7.630s] -- Installing: /home/saikiran335/ros2_mark_ws/install/mark_interfaces/include/mark_interfaces/mark_interfaces/msg/detail/hardware_status__rosidl_typesupport_introspection_c.h
[7.631s] -- Installing: /home/saikiran335/ros2_mark_ws/install/mark_interfaces/include/mark_interfaces/mark_interfaces/msg/detail/ledpanel_state__type_support.c
[7.631s] -- Installing: /home/saikiran335/ros2_mark_ws/install/mark_interfaces/include/mark_interfaces/mark_interfaces/msg/detail/hardware_status__type_support.c
[7.631s] -- Installing: /home/saikiran335/ros2_mark_ws/install/mark_interfaces/include/mark_interfaces/mark_interfaces/msg/detail/turtle__type_support.c
[7.631s] -- Up-to-date: /home/saikiran335/ros2_mark_ws/install/mark_interfaces/include/mark_interfaces/mark_interfaces/msg/rosidl_typesupport_introspection_c__visibility_control.h
[7.631s] -- Up-to-date: /home/saikiran335/ros2_mark_ws/install/mark_interfaces/include/mark_interfaces/mark_interfaces/srv
[7.632s] -- Up-to-date: /home/saikiran335/ros2_mark_ws/install/mark_interfaces/include/mark_interfaces/mark_interfaces/srv/detail
[7.632s] -- Installing: /home/saikiran335/ros2_mark_ws/install/mark_interfaces/include/mark_interfaces/mark_interfaces/srv/detail/battery_life_state__type_support.c
[7.632s] -- Installing: /home/saikiran335/ros2_mark_ws/install/mark_interfaces/include/mark_interfaces/mark_interfaces/srv/detail/rectangle_area__type_support.c
[7.632s] -- Installing: /home/saikiran335/ros2_mark_ws/install/mark_interfaces/include/mark_interfaces/mark_interfaces/srv/detail/battery_life_state__rosidl_typesupport_introspection_c.h
[7.632s] -- Installing: /home/saikiran335/ros2_mark_ws/install/mark_interfaces/include/mark_interfaces/mark_interfaces/srv/detail/catch_turtle__rosidl_typesupport_introspection_c.h
[7.632s] -- Installing: /home/saikiran335/ros2_mark_ws/install/mark_interfaces/include/mark_interfaces/mark_interfaces/srv/detail/catch_turtle__type_support.c
[7.632s] -- Installing: /home/saikiran335/ros2_mark_ws/install/mark_interfaces/include/mark_interfaces/mark_interfaces/srv/detail/rectangle_area__rosidl_typesupport_introspection_c.h
[7.632s] -- Up-to-date: /home/saikiran335/ros2_mark_ws/install/mark_interfaces/include/mark_interfaces/mark_interfaces/action
[7.633s] -- Up-to-date: /home/saikiran335/ros2_mark_ws/install/mark_interfaces/include/mark_interfaces/mark_interfaces/action/detail
[7.633s] -- Installing: /home/saikiran335/ros2_mark_ws/install/mark_interfaces/include/mark_interfaces/mark_interfaces/action/detail/count_until__rosidl_typesupport_introspection_c.h
[7.633s] -- Installing: /home/saikiran335/ros2_mark_ws/install/mark_interfaces/include/mark_interfaces/mark_interfaces/action/detail/reach_distance__rosidl_typesupport_introspection_c.h
[7.633s] -- Installing: /home/saikiran335/ros2_mark_ws/install/mark_interfaces/include/mark_interfaces/mark_interfaces/action/detail/reach_distance__type_support.c
[7.633s] -- Installing: /home/saikiran335/ros2_mark_ws/install/mark_interfaces/include/mark_interfaces/mark_interfaces/action/detail/count_until__type_support.c
[7.633s] -- Installing: /home/saikiran335/ros2_mark_ws/install/mark_interfaces/lib/libmark_interfaces__rosidl_typesupport_introspection_c.so
[7.633s] -- Set non-toolchain portion of runtime path of "/home/saikiran335/ros2_mark_ws/install/mark_interfaces/lib/libmark_interfaces__rosidl_typesupport_introspection_c.so" to ""
[7.634s] -- Installing: /home/saikiran335/ros2_mark_ws/install/mark_interfaces/lib/libmark_interfaces__rosidl_typesupport_c.so
[7.634s] -- Set non-toolchain portion of runtime path of "/home/saikiran335/ros2_mark_ws/install/mark_interfaces/lib/libmark_interfaces__rosidl_typesupport_c.so" to ""
[7.634s] -- Up-to-date: /home/saikiran335/ros2_mark_ws/install/mark_interfaces/include/mark_interfaces/mark_interfaces
[7.634s] -- Up-to-date: /home/saikiran335/ros2_mark_ws/install/mark_interfaces/include/mark_interfaces/mark_interfaces/msg
[7.634s] -- Up-to-date: /home/saikiran335/ros2_mark_ws/install/mark_interfaces/include/mark_interfaces/mark_interfaces/msg/detail
[7.634s] -- Installing: /home/saikiran335/ros2_mark_ws/install/mark_interfaces/include/mark_interfaces/mark_interfaces/msg/detail/turtle_array__struct.hpp
[7.634s] -- Installing: /home/saikiran335/ros2_mark_ws/install/mark_interfaces/include/mark_interfaces/mark_interfaces/msg/detail/ledpanel_state__traits.hpp
[7.634s] -- Installing: /home/saikiran335/ros2_mark_ws/install/mark_interfaces/include/mark_interfaces/mark_interfaces/msg/detail/ledpanel_state__builder.hpp
[7.635s] -- Installing: /home/saikiran335/ros2_mark_ws/install/mark_interfaces/include/mark_interfaces/mark_interfaces/msg/detail/turtle_array__type_support.hpp
[7.635s] -- Installing: /home/saikiran335/ros2_mark_ws/install/mark_interfaces/include/mark_interfaces/mark_interfaces/msg/detail/hardware_status__traits.hpp
[7.635s] -- Installing: /home/saikiran335/ros2_mark_ws/install/mark_interfaces/include/mark_interfaces/mark_interfaces/msg/detail/turtle_array__builder.hpp
[7.635s] -- Installing: /home/saikiran335/ros2_mark_ws/install/mark_interfaces/include/mark_interfaces/mark_interfaces/msg/detail/turtle__traits.hpp
[7.635s] -- Installing: /home/saikiran335/ros2_mark_ws/install/mark_interfaces/include/mark_interfaces/mark_interfaces/msg/detail/hardware_status__struct.hpp
[7.635s] -- Installing: /home/saikiran335/ros2_mark_ws/install/mark_interfaces/include/mark_interfaces/mark_interfaces/msg/detail/ledpanel_state__struct.hpp
[7.635s] -- Installing: /home/saikiran335/ros2_mark_ws/install/mark_interfaces/include/mark_interfaces/mark_interfaces/msg/detail/turtle__type_support.hpp
[7.636s] -- Installing: /home/saikiran335/ros2_mark_ws/install/mark_interfaces/include/mark_interfaces/mark_interfaces/msg/detail/hardware_status__builder.hpp
[7.636s] -- Installing: /home/saikiran335/ros2_mark_ws/install/mark_interfaces/include/mark_interfaces/mark_interfaces/msg/detail/turtle__struct.hpp
[7.636s] -- Installing: /home/saikiran335/ros2_mark_ws/install/mark_interfaces/include/mark_interfaces/mark_interfaces/msg/detail/turtle_array__traits.hpp
[7.636s] -- Installing: /home/saikiran335/ros2_mark_ws/install/mark_interfaces/include/mark_interfaces/mark_interfaces/msg/detail/ledpanel_state__type_support.hpp
[7.636s] -- Installing: /home/saikiran335/ros2_mark_ws/install/mark_interfaces/include/mark_interfaces/mark_interfaces/msg/detail/turtle__builder.hpp
[7.637s] -- Installing: /home/saikiran335/ros2_mark_ws/install/mark_interfaces/include/mark_interfaces/mark_interfaces/msg/detail/hardware_status__type_support.hpp
[7.637s] -- Installing: /home/saikiran335/ros2_mark_ws/install/mark_interfaces/include/mark_interfaces/mark_interfaces/msg/turtle_array.hpp
[7.637s] -- Installing: /home/saikiran335/ros2_mark_ws/install/mark_interfaces/include/mark_interfaces/mark_interfaces/msg/rosidl_generator_cpp__visibility_control.hpp
[7.638s] -- Installing: /home/saikiran335/ros2_mark_ws/install/mark_interfaces/include/mark_interfaces/mark_interfaces/msg/hardware_status.hpp
[7.638s] -- Installing: /home/saikiran335/ros2_mark_ws/install/mark_interfaces/include/mark_interfaces/mark_interfaces/msg/ledpanel_state.hpp
[7.639s] -- Installing: /home/saikiran335/ros2_mark_ws/install/mark_interfaces/include/mark_interfaces/mark_interfaces/msg/turtle.hpp
[7.639s] -- Up-to-date: /home/saikiran335/ros2_mark_ws/install/mark_interfaces/include/mark_interfaces/mark_interfaces/srv
[7.639s] -- Installing: /home/saikiran335/ros2_mark_ws/install/mark_interfaces/include/mark_interfaces/mark_interfaces/srv/rectangle_area.hpp
[7.640s] -- Up-to-date: /home/saikiran335/ros2_mark_ws/install/mark_interfaces/include/mark_interfaces/mark_interfaces/srv/detail
[7.640s] -- Installing: /home/saikiran335/ros2_mark_ws/install/mark_interfaces/include/mark_interfaces/mark_interfaces/srv/detail/rectangle_area__builder.hpp
[7.640s] -- Installing: /home/saikiran335/ros2_mark_ws/install/mark_interfaces/include/mark_interfaces/mark_interfaces/srv/detail/catch_turtle__type_support.hpp
[7.640s] -- Installing: /home/saikiran335/ros2_mark_ws/install/mark_interfaces/include/mark_interfaces/mark_interfaces/srv/detail/catch_turtle__struct.hpp
[7.640s] -- Installing: /home/saikiran335/ros2_mark_ws/install/mark_interfaces/include/mark_interfaces/mark_interfaces/srv/detail/catch_turtle__traits.hpp
[7.640s] -- Installing: /home/saikiran335/ros2_mark_ws/install/mark_interfaces/include/mark_interfaces/mark_interfaces/srv/detail/rectangle_area__struct.hpp
[7.640s] -- Installing: /home/saikiran335/ros2_mark_ws/install/mark_interfaces/include/mark_interfaces/mark_interfaces/srv/detail/rectangle_area__type_support.hpp
[7.640s] -- Installing: /home/saikiran335/ros2_mark_ws/install/mark_interfaces/include/mark_interfaces/mark_interfaces/srv/detail/catch_turtle__builder.hpp
[7.641s] -- Installing: /home/saikiran335/ros2_mark_ws/install/mark_interfaces/include/mark_interfaces/mark_interfaces/srv/detail/rectangle_area__traits.hpp
[7.641s] -- Installing: /home/saikiran335/ros2_mark_ws/install/mark_interfaces/include/mark_interfaces/mark_interfaces/srv/detail/battery_life_state__type_support.hpp
[7.641s] -- Installing: /home/saikiran335/ros2_mark_ws/install/mark_interfaces/include/mark_interfaces/mark_interfaces/srv/detail/battery_life_state__builder.hpp
[7.641s] -- Installing: /home/saikiran335/ros2_mark_ws/install/mark_interfaces/include/mark_interfaces/mark_interfaces/srv/detail/battery_life_state__traits.hpp
[7.641s] -- Installing: /home/saikiran335/ros2_mark_ws/install/mark_interfaces/include/mark_interfaces/mark_interfaces/srv/detail/battery_life_state__struct.hpp
[7.641s] -- Installing: /home/saikiran335/ros2_mark_ws/install/mark_interfaces/include/mark_interfaces/mark_interfaces/srv/catch_turtle.hpp
[7.641s] -- Installing: /home/saikiran335/ros2_mark_ws/install/mark_interfaces/include/mark_interfaces/mark_interfaces/srv/battery_life_state.hpp
[7.641s] -- Up-to-date: /home/saikiran335/ros2_mark_ws/install/mark_interfaces/include/mark_interfaces/mark_interfaces/action
[7.642s] -- Up-to-date: /home/saikiran335/ros2_mark_ws/install/mark_interfaces/include/mark_interfaces/mark_interfaces/action/detail
[7.642s] -- Installing: /home/saikiran335/ros2_mark_ws/install/mark_interfaces/include/mark_interfaces/mark_interfaces/action/detail/count_until__struct.hpp
[7.642s] -- Installing: /home/saikiran335/ros2_mark_ws/install/mark_interfaces/include/mark_interfaces/mark_interfaces/action/detail/count_until__type_support.hpp
[7.642s] -- Installing: /home/saikiran335/ros2_mark_ws/install/mark_interfaces/include/mark_interfaces/mark_interfaces/action/detail/reach_distance__builder.hpp
[7.642s] -- Installing: /home/saikiran335/ros2_mark_ws/install/mark_interfaces/include/mark_interfaces/mark_interfaces/action/detail/count_until__traits.hpp
[7.642s] -- Installing: /home/saikiran335/ros2_mark_ws/install/mark_interfaces/include/mark_interfaces/mark_interfaces/action/detail/reach_distance__type_support.hpp
[7.642s] -- Installing: /home/saikiran335/ros2_mark_ws/install/mark_interfaces/include/mark_interfaces/mark_interfaces/action/detail/count_until__builder.hpp
[7.642s] -- Installing: /home/saikiran335/ros2_mark_ws/install/mark_interfaces/include/mark_interfaces/mark_interfaces/action/detail/reach_distance__traits.hpp
[7.643s] -- Installing: /home/saikiran335/ros2_mark_ws/install/mark_interfaces/include/mark_interfaces/mark_interfaces/action/detail/reach_distance__struct.hpp
[7.643s] -- Installing: /home/saikiran335/ros2_mark_ws/install/mark_interfaces/include/mark_interfaces/mark_interfaces/action/count_until.hpp
[7.643s] -- Installing: /home/saikiran335/ros2_mark_ws/install/mark_interfaces/include/mark_interfaces/mark_interfaces/action/reach_distance.hpp
[7.643s] -- Up-to-date: /home/saikiran335/ros2_mark_ws/install/mark_interfaces/include/mark_interfaces/mark_interfaces
[7.643s] -- Up-to-date: /home/saikiran335/ros2_mark_ws/install/mark_interfaces/include/mark_interfaces/mark_interfaces/msg
[7.643s] -- Up-to-date: /home/saikiran335/ros2_mark_ws/install/mark_interfaces/include/mark_interfaces/mark_interfaces/msg/detail
[7.643s] -- Up-to-date: /home/saikiran335/ros2_mark_ws/install/mark_interfaces/include/mark_interfaces/mark_interfaces/msg/detail/dds_fastrtps
[7.644s] -- Installing: /home/saikiran335/ros2_mark_ws/install/mark_interfaces/include/mark_interfaces/mark_interfaces/msg/detail/hardware_status__rosidl_typesupport_fastrtps_cpp.hpp
[7.644s] -- Installing: /home/saikiran335/ros2_mark_ws/install/mark_interfaces/include/mark_interfaces/mark_interfaces/msg/detail/turtle__rosidl_typesupport_fastrtps_cpp.hpp
[7.644s] -- Installing: /home/saikiran335/ros2_mark_ws/install/mark_interfaces/include/mark_interfaces/mark_interfaces/msg/detail/ledpanel_state__rosidl_typesupport_fastrtps_cpp.hpp
[7.644s] -- Installing: /home/saikiran335/ros2_mark_ws/install/mark_interfaces/include/mark_interfaces/mark_interfaces/msg/detail/turtle_array__rosidl_typesupport_fastrtps_cpp.hpp
[7.644s] -- Up-to-date: /home/saikiran335/ros2_mark_ws/install/mark_interfaces/include/mark_interfaces/mark_interfaces/msg/rosidl_typesupport_fastrtps_cpp__visibility_control.h
[7.644s] -- Up-to-date: /home/saikiran335/ros2_mark_ws/install/mark_interfaces/include/mark_interfaces/mark_interfaces/srv
[7.644s] -- Up-to-date: /home/saikiran335/ros2_mark_ws/install/mark_interfaces/include/mark_interfaces/mark_interfaces/srv/detail
[7.645s] -- Installing: /home/saikiran335/ros2_mark_ws/install/mark_interfaces/include/mark_interfaces/mark_interfaces/srv/detail/rectangle_area__rosidl_typesupport_fastrtps_cpp.hpp
[7.645s] -- Up-to-date: /home/saikiran335/ros2_mark_ws/install/mark_interfaces/include/mark_interfaces/mark_interfaces/srv/detail/dds_fastrtps
[7.645s] -- Installing: /home/saikiran335/ros2_mark_ws/install/mark_interfaces/include/mark_interfaces/mark_interfaces/srv/detail/battery_life_state__rosidl_typesupport_fastrtps_cpp.hpp
[7.645s] -- Installing: /home/saikiran335/ros2_mark_ws/install/mark_interfaces/include/mark_interfaces/mark_interfaces/srv/detail/catch_turtle__rosidl_typesupport_fastrtps_cpp.hpp
[7.645s] -- Up-to-date: /home/saikiran335/ros2_mark_ws/install/mark_interfaces/include/mark_interfaces/mark_interfaces/action
[7.645s] -- Up-to-date: /home/saikiran335/ros2_mark_ws/install/mark_interfaces/include/mark_interfaces/mark_interfaces/action/detail
[7.646s] -- Up-to-date: /home/saikiran335/ros2_mark_ws/install/mark_interfaces/include/mark_interfaces/mark_interfaces/action/detail/dds_fastrtps
[7.646s] -- Installing: /home/saikiran335/ros2_mark_ws/install/mark_interfaces/include/mark_interfaces/mark_interfaces/action/detail/reach_distance__rosidl_typesupport_fastrtps_cpp.hpp
[7.646s] -- Installing: /home/saikiran335/ros2_mark_ws/install/mark_interfaces/include/mark_interfaces/mark_interfaces/action/detail/count_until__rosidl_typesupport_fastrtps_cpp.hpp
[7.646s] -- Installing: /home/saikiran335/ros2_mark_ws/install/mark_interfaces/lib/libmark_interfaces__rosidl_typesupport_fastrtps_cpp.so
[7.646s] -- Set non-toolchain portion of runtime path of "/home/saikiran335/ros2_mark_ws/install/mark_interfaces/lib/libmark_interfaces__rosidl_typesupport_fastrtps_cpp.so" to ""
[7.646s] -- Up-to-date: /home/saikiran335/ros2_mark_ws/install/mark_interfaces/include/mark_interfaces/mark_interfaces
[7.646s] -- Up-to-date: /home/saikiran335/ros2_mark_ws/install/mark_interfaces/include/mark_interfaces/mark_interfaces/msg
[7.647s] -- Up-to-date: /home/saikiran335/ros2_mark_ws/install/mark_interfaces/include/mark_interfaces/mark_interfaces/msg/detail
[7.647s] -- Installing: /home/saikiran335/ros2_mark_ws/install/mark_interfaces/include/mark_interfaces/mark_interfaces/msg/detail/turtle_array__type_support.cpp
[7.647s] -- Installing: /home/saikiran335/ros2_mark_ws/install/mark_interfaces/include/mark_interfaces/mark_interfaces/msg/detail/turtle__rosidl_typesupport_introspection_cpp.hpp
[7.647s] -- Installing: /home/saikiran335/ros2_mark_ws/install/mark_interfaces/include/mark_interfaces/mark_interfaces/msg/detail/turtle__type_support.cpp
[7.647s] -- Installing: /home/saikiran335/ros2_mark_ws/install/mark_interfaces/include/mark_interfaces/mark_interfaces/msg/detail/hardware_status__type_support.cpp
[7.647s] -- Installing: /home/saikiran335/ros2_mark_ws/install/mark_interfaces/include/mark_interfaces/mark_interfaces/msg/detail/turtle_array__rosidl_typesupport_introspection_cpp.hpp
[7.647s] -- Installing: /home/saikiran335/ros2_mark_ws/install/mark_interfaces/include/mark_interfaces/mark_interfaces/msg/detail/hardware_status__rosidl_typesupport_introspection_cpp.hpp
[7.648s] -- Installing: /home/saikiran335/ros2_mark_ws/install/mark_interfaces/include/mark_interfaces/mark_interfaces/msg/detail/ledpanel_state__rosidl_typesupport_introspection_cpp.hpp
[7.648s] -- Installing: /home/saikiran335/ros2_mark_ws/install/mark_interfaces/include/mark_interfaces/mark_interfaces/msg/detail/ledpanel_state__type_support.cpp
[7.648s] -- Up-to-date: /home/saikiran335/ros2_mark_ws/install/mark_interfaces/include/mark_interfaces/mark_interfaces/srv
[7.648s] -- Up-to-date: /home/saikiran335/ros2_mark_ws/install/mark_interfaces/include/mark_interfaces/mark_interfaces/srv/detail
[7.648s] -- Installing: /home/saikiran335/ros2_mark_ws/install/mark_interfaces/include/mark_interfaces/mark_interfaces/srv/detail/catch_turtle__type_support.cpp
[7.648s] -- Installing: /home/saikiran335/ros2_mark_ws/install/mark_interfaces/include/mark_interfaces/mark_interfaces/srv/detail/rectangle_area__type_support.cpp
[7.649s] -- Installing: /home/saikiran335/ros2_mark_ws/install/mark_interfaces/include/mark_interfaces/mark_interfaces/srv/detail/rectangle_area__rosidl_typesupport_introspection_cpp.hpp
[7.649s] -- Installing: /home/saikiran335/ros2_mark_ws/install/mark_interfaces/include/mark_interfaces/mark_interfaces/srv/detail/battery_life_state__type_support.cpp
[7.649s] -- Installing: /home/saikiran335/ros2_mark_ws/install/mark_interfaces/include/mark_interfaces/mark_interfaces/srv/detail/battery_life_state__rosidl_typesupport_introspection_cpp.hpp
[7.649s] -- Installing: /home/saikiran335/ros2_mark_ws/install/mark_interfaces/include/mark_interfaces/mark_interfaces/srv/detail/catch_turtle__rosidl_typesupport_introspection_cpp.hpp
[7.649s] -- Up-to-date: /home/saikiran335/ros2_mark_ws/install/mark_interfaces/include/mark_interfaces/mark_interfaces/action
[7.649s] -- Up-to-date: /home/saikiran335/ros2_mark_ws/install/mark_interfaces/include/mark_interfaces/mark_interfaces/action/detail
[7.649s] -- Installing: /home/saikiran335/ros2_mark_ws/install/mark_interfaces/include/mark_interfaces/mark_interfaces/action/detail/count_until__type_support.cpp
[7.650s] -- Installing: /home/saikiran335/ros2_mark_ws/install/mark_interfaces/include/mark_interfaces/mark_interfaces/action/detail/reach_distance__rosidl_typesupport_introspection_cpp.hpp
[7.650s] -- Installing: /home/saikiran335/ros2_mark_ws/install/mark_interfaces/include/mark_interfaces/mark_interfaces/action/detail/reach_distance__type_support.cpp
[7.650s] -- Installing: /home/saikiran335/ros2_mark_ws/install/mark_interfaces/include/mark_interfaces/mark_interfaces/action/detail/count_until__rosidl_typesupport_introspection_cpp.hpp
[7.650s] -- Installing: /home/saikiran335/ros2_mark_ws/install/mark_interfaces/lib/libmark_interfaces__rosidl_typesupport_introspection_cpp.so
[7.650s] -- Set non-toolchain portion of runtime path of "/home/saikiran335/ros2_mark_ws/install/mark_interfaces/lib/libmark_interfaces__rosidl_typesupport_introspection_cpp.so" to ""
[7.650s] -- Installing: /home/saikiran335/ros2_mark_ws/install/mark_interfaces/lib/libmark_interfaces__rosidl_typesupport_cpp.so
[7.650s] -- Set non-toolchain portion of runtime path of "/home/saikiran335/ros2_mark_ws/install/mark_interfaces/lib/libmark_interfaces__rosidl_typesupport_cpp.so" to ""
[7.650s] -- Up-to-date: /home/saikiran335/ros2_mark_ws/install/mark_interfaces/share/mark_interfaces/environment/pythonpath.sh
[7.651s] -- Up-to-date: /home/saikiran335/ros2_mark_ws/install/mark_interfaces/share/mark_interfaces/environment/pythonpath.dsv
[7.651s] -- Up-to-date: /home/saikiran335/ros2_mark_ws/install/mark_interfaces/lib/python3.12/site-packages/mark_interfaces-0.0.0-py3.12.egg-info
[7.651s] -- Installing: /home/saikiran335/ros2_mark_ws/install/mark_interfaces/lib/python3.12/site-packages/mark_interfaces-0.0.0-py3.12.egg-info/PKG-INFO
[7.651s] -- Installing: /home/saikiran335/ros2_mark_ws/install/mark_interfaces/lib/python3.12/site-packages/mark_interfaces-0.0.0-py3.12.egg-info/SOURCES.txt
[7.651s] -- Installing: /home/saikiran335/ros2_mark_ws/install/mark_interfaces/lib/python3.12/site-packages/mark_interfaces-0.0.0-py3.12.egg-info/top_level.txt
[7.651s] -- Installing: /home/saikiran335/ros2_mark_ws/install/mark_interfaces/lib/python3.12/site-packages/mark_interfaces-0.0.0-py3.12.egg-info/dependency_links.txt
[7.651s] -- Up-to-date: /home/saikiran335/ros2_mark_ws/install/mark_interfaces/lib/python3.12/site-packages/mark_interfaces
[7.652s] -- Up-to-date: /home/saikiran335/ros2_mark_ws/install/mark_interfaces/lib/python3.12/site-packages/mark_interfaces/msg
[7.652s] -- Installing: /home/saikiran335/ros2_mark_ws/install/mark_interfaces/lib/python3.12/site-packages/mark_interfaces/msg/_turtle_array.py
[7.652s] -- Installing: /home/saikiran335/ros2_mark_ws/install/mark_interfaces/lib/python3.12/site-packages/mark_interfaces/msg/_turtle_array_s.c
[7.652s] -- Installing: /home/saikiran335/ros2_mark_ws/install/mark_interfaces/lib/python3.12/site-packages/mark_interfaces/msg/_turtle_s.c
[7.652s] -- Installing: /home/saikiran335/ros2_mark_ws/install/mark_interfaces/lib/python3.12/site-packages/mark_interfaces/msg/_ledpanel_state.py
[7.652s] -- Installing: /home/saikiran335/ros2_mark_ws/install/mark_interfaces/lib/python3.12/site-packages/mark_interfaces/msg/_hardware_status_s.c
[7.652s] -- Installing: /home/saikiran335/ros2_mark_ws/install/mark_interfaces/lib/python3.12/site-packages/mark_interfaces/msg/__init__.py
[7.653s] -- Installing: /home/saikiran335/ros2_mark_ws/install/mark_interfaces/lib/python3.12/site-packages/mark_interfaces/msg/_ledpanel_state_s.c
[7.653s] -- Installing: /home/saikiran335/ros2_mark_ws/install/mark_interfaces/lib/python3.12/site-packages/mark_interfaces/msg/_hardware_status.py
[7.653s] -- Installing: /home/saikiran335/ros2_mark_ws/install/mark_interfaces/lib/python3.12/site-packages/mark_interfaces/msg/_turtle.py
[7.653s] -- Up-to-date: /home/saikiran335/ros2_mark_ws/install/mark_interfaces/lib/python3.12/site-packages/mark_interfaces/srv
[7.653s] -- Installing: /home/saikiran335/ros2_mark_ws/install/mark_interfaces/lib/python3.12/site-packages/mark_interfaces/srv/_catch_turtle_s.c
[7.653s] -- Installing: /home/saikiran335/ros2_mark_ws/install/mark_interfaces/lib/python3.12/site-packages/mark_interfaces/srv/_battery_life_state_s.c
[7.653s] -- Installing: /home/saikiran335/ros2_mark_ws/install/mark_interfaces/lib/python3.12/site-packages/mark_interfaces/srv/_battery_life_state.py
[7.653s] -- Installing: /home/saikiran335/ros2_mark_ws/install/mark_interfaces/lib/python3.12/site-packages/mark_interfaces/srv/_rectangle_area_s.c
[7.653s] -- Installing: /home/saikiran335/ros2_mark_ws/install/mark_interfaces/lib/python3.12/site-packages/mark_interfaces/srv/__init__.py
[7.653s] -- Installing: /home/saikiran335/ros2_mark_ws/install/mark_interfaces/lib/python3.12/site-packages/mark_interfaces/srv/_catch_turtle.py
[7.654s] -- Installing: /home/saikiran335/ros2_mark_ws/install/mark_interfaces/lib/python3.12/site-packages/mark_interfaces/srv/_rectangle_area.py
[7.654s] -- Up-to-date: /home/saikiran335/ros2_mark_ws/install/mark_interfaces/lib/python3.12/site-packages/mark_interfaces/action
[7.654s] -- Installing: /home/saikiran335/ros2_mark_ws/install/mark_interfaces/lib/python3.12/site-packages/mark_interfaces/action/_count_until.py
[7.654s] -- Installing: /home/saikiran335/ros2_mark_ws/install/mark_interfaces/lib/python3.12/site-packages/mark_interfaces/action/_count_until_s.c
[7.654s] -- Installing: /home/saikiran335/ros2_mark_ws/install/mark_interfaces/lib/python3.12/site-packages/mark_interfaces/action/_reach_distance_s.c
[7.654s] -- Installing: /home/saikiran335/ros2_mark_ws/install/mark_interfaces/lib/python3.12/site-packages/mark_interfaces/action/_reach_distance.py
[7.654s] -- Installing: /home/saikiran335/ros2_mark_ws/install/mark_interfaces/lib/python3.12/site-packages/mark_interfaces/action/__init__.py
[7.654s] -- Installing: /home/saikiran335/ros2_mark_ws/install/mark_interfaces/lib/python3.12/site-packages/mark_interfaces/mark_interfaces_s__rosidl_typesupport_fastrtps_c.so
[7.654s] -- Installing: /home/saikiran335/ros2_mark_ws/install/mark_interfaces/lib/python3.12/site-packages/mark_interfaces/_mark_interfaces_s.ep.rosidl_typesupport_fastrtps_c.c
[7.654s] -- Installing: /home/saikiran335/ros2_mark_ws/install/mark_interfaces/lib/python3.12/site-packages/mark_interfaces/_mark_interfaces_s.ep.rosidl_typesupport_c.c
[7.655s] -- Installing: /home/saikiran335/ros2_mark_ws/install/mark_interfaces/lib/python3.12/site-packages/mark_interfaces/__init__.py
[7.655s] -- Installing: /home/saikiran335/ros2_mark_ws/install/mark_interfaces/lib/python3.12/site-packages/mark_interfaces/_mark_interfaces_s.ep.rosidl_typesupport_introspection_c.c
[7.655s] -- Installing: /home/saikiran335/ros2_mark_ws/install/mark_interfaces/lib/python3.12/site-packages/mark_interfaces/mark_interfaces_s__rosidl_typesupport_introspection_c.so
[7.655s] -- Installing: /home/saikiran335/ros2_mark_ws/install/mark_interfaces/lib/python3.12/site-packages/mark_interfaces/mark_interfaces_s__rosidl_typesupport_c.so
[7.709s] Listing '/home/saikiran335/ros2_mark_ws/install/mark_interfaces/lib/python3.12/site-packages/mark_interfaces'...
[7.709s] Compiling '/home/saikiran335/ros2_mark_ws/install/mark_interfaces/lib/python3.12/site-packages/mark_interfaces/__init__.py'...
[7.709s] Listing '/home/saikiran335/ros2_mark_ws/install/mark_interfaces/lib/python3.12/site-packages/mark_interfaces/action'...
[7.709s] Compiling '/home/saikiran335/ros2_mark_ws/install/mark_interfaces/lib/python3.12/site-packages/mark_interfaces/action/__init__.py'...
[7.710s] Compiling '/home/saikiran335/ros2_mark_ws/install/mark_interfaces/lib/python3.12/site-packages/mark_interfaces/action/_count_until.py'...
[7.710s] Compiling '/home/saikiran335/ros2_mark_ws/install/mark_interfaces/lib/python3.12/site-packages/mark_interfaces/action/_reach_distance.py'...
[7.710s] Listing '/home/saikiran335/ros2_mark_ws/install/mark_interfaces/lib/python3.12/site-packages/mark_interfaces/msg'...
[7.710s] Compiling '/home/saikiran335/ros2_mark_ws/install/mark_interfaces/lib/python3.12/site-packages/mark_interfaces/msg/__init__.py'...
[7.710s] Compiling '/home/saikiran335/ros2_mark_ws/install/mark_interfaces/lib/python3.12/site-packages/mark_interfaces/msg/_hardware_status.py'...
[7.710s] Compiling '/home/saikiran335/ros2_mark_ws/install/mark_interfaces/lib/python3.12/site-packages/mark_interfaces/msg/_ledpanel_state.py'...
[7.710s] Compiling '/home/saikiran335/ros2_mark_ws/install/mark_interfaces/lib/python3.12/site-packages/mark_interfaces/msg/_turtle.py'...
[7.710s] Compiling '/home/saikiran335/ros2_mark_ws/install/mark_interfaces/lib/python3.12/site-packages/mark_interfaces/msg/_turtle_array.py'...
[7.710s] Listing '/home/saikiran335/ros2_mark_ws/install/mark_interfaces/lib/python3.12/site-packages/mark_interfaces/srv'...
[7.710s] Compiling '/home/saikiran335/ros2_mark_ws/install/mark_interfaces/lib/python3.12/site-packages/mark_interfaces/srv/__init__.py'...
[7.710s] Compiling '/home/saikiran335/ros2_mark_ws/install/mark_interfaces/lib/python3.12/site-packages/mark_interfaces/srv/_battery_life_state.py'...
[7.711s] Compiling '/home/saikiran335/ros2_mark_ws/install/mark_interfaces/lib/python3.12/site-packages/mark_interfaces/srv/_catch_turtle.py'...
[7.711s] Compiling '/home/saikiran335/ros2_mark_ws/install/mark_interfaces/lib/python3.12/site-packages/mark_interfaces/srv/_rectangle_area.py'...
[7.715s] -- Installing: /home/saikiran335/ros2_mark_ws/install/mark_interfaces/lib/python3.12/site-packages/mark_interfaces/mark_interfaces_s__rosidl_typesupport_fastrtps_c.so
[7.716s] -- Set non-toolchain portion of runtime path of "/home/saikiran335/ros2_mark_ws/install/mark_interfaces/lib/python3.12/site-packages/mark_interfaces/mark_interfaces_s__rosidl_typesupport_fastrtps_c.so" to ""
[7.716s] -- Installing: /home/saikiran335/ros2_mark_ws/install/mark_interfaces/lib/python3.12/site-packages/mark_interfaces/mark_interfaces_s__rosidl_typesupport_introspection_c.so
[7.716s] -- Set non-toolchain portion of runtime path of "/home/saikiran335/ros2_mark_ws/install/mark_interfaces/lib/python3.12/site-packages/mark_interfaces/mark_interfaces_s__rosidl_typesupport_introspection_c.so" to ""
[7.716s] -- Installing: /home/saikiran335/ros2_mark_ws/install/mark_interfaces/lib/python3.12/site-packages/mark_interfaces/mark_interfaces_s__rosidl_typesupport_c.so
[7.717s] -- Set non-toolchain portion of runtime path of "/home/saikiran335/ros2_mark_ws/install/mark_interfaces/lib/python3.12/site-packages/mark_interfaces/mark_interfaces_s__rosidl_typesupport_c.so" to ""
[7.717s] -- Installing: /home/saikiran335/ros2_mark_ws/install/mark_interfaces/lib/libmark_interfaces__rosidl_generator_py.so
[7.718s] -- Set non-toolchain portion of runtime path of "/home/saikiran335/ros2_mark_ws/install/mark_interfaces/lib/libmark_interfaces__rosidl_generator_py.so" to ""
[7.718s] -- Up-to-date: /home/saikiran335/ros2_mark_ws/install/mark_interfaces/share/mark_interfaces/msg/HardwareStatus.idl
[7.718s] -- Up-to-date: /home/saikiran335/ros2_mark_ws/install/mark_interfaces/share/mark_interfaces/msg/LedpanelState.idl
[7.718s] -- Up-to-date: /home/saikiran335/ros2_mark_ws/install/mark_interfaces/share/mark_interfaces/msg/Turtle.idl
[7.718s] -- Up-to-date: /home/saikiran335/ros2_mark_ws/install/mark_interfaces/share/mark_interfaces/msg/TurtleArray.idl
[7.718s] -- Up-to-date: /home/saikiran335/ros2_mark_ws/install/mark_interfaces/share/mark_interfaces/srv/RectangleArea.idl
[7.718s] -- Up-to-date: /home/saikiran335/ros2_mark_ws/install/mark_interfaces/share/mark_interfaces/srv/BatteryLifeState.idl
[7.719s] -- Up-to-date: /home/saikiran335/ros2_mark_ws/install/mark_interfaces/share/mark_interfaces/srv/CatchTurtle.idl
[7.719s] -- Up-to-date: /home/saikiran335/ros2_mark_ws/install/mark_interfaces/share/mark_interfaces/action/CountUntil.idl
[7.719s] -- Installing: /home/saikiran335/ros2_mark_ws/install/mark_interfaces/share/mark_interfaces/action/ReachDistance.idl
[7.719s] -- Up-to-date: /home/saikiran335/ros2_mark_ws/install/mark_interfaces/share/mark_interfaces/msg/HardwareStatus.msg
[7.719s] -- Up-to-date: /home/saikiran335/ros2_mark_ws/install/mark_interfaces/share/mark_interfaces/msg/LedpanelState.msg
[7.719s] -- Up-to-date: /home/saikiran335/ros2_mark_ws/install/mark_interfaces/share/mark_interfaces/msg/Turtle.msg
[7.720s] -- Up-to-date: /home/saikiran335/ros2_mark_ws/install/mark_interfaces/share/mark_interfaces/msg/TurtleArray.msg
[7.720s] -- Up-to-date: /home/saikiran335/ros2_mark_ws/install/mark_interfaces/share/mark_interfaces/srv/RectangleArea.srv
[7.720s] -- Up-to-date: /home/saikiran335/ros2_mark_ws/install/mark_interfaces/share/mark_interfaces/srv/BatteryLifeState.srv
[7.720s] -- Up-to-date: /home/saikiran335/ros2_mark_ws/install/mark_interfaces/share/mark_interfaces/srv/CatchTurtle.srv
[7.720s] -- Up-to-date: /home/saikiran335/ros2_mark_ws/install/mark_interfaces/share/mark_interfaces/action/CountUntil.action
[7.720s] -- Installing: /home/saikiran335/ros2_mark_ws/install/mark_interfaces/share/mark_interfaces/action/ReachDistance.action
[7.720s] -- Up-to-date: /home/saikiran335/ros2_mark_ws/install/mark_interfaces/share/ament_index/resource_index/package_run_dependencies/mark_interfaces
[7.721s] -- Installing: /home/saikiran335/ros2_mark_ws/install/mark_interfaces/share/ament_index/resource_index/parent_prefix_path/mark_interfaces
[7.721s] -- Up-to-date: /home/saikiran335/ros2_mark_ws/install/mark_interfaces/share/mark_interfaces/environment/ament_prefix_path.sh
[7.721s] -- Up-to-date: /home/saikiran335/ros2_mark_ws/install/mark_interfaces/share/mark_interfaces/environment/ament_prefix_path.dsv
[7.721s] -- Up-to-date: /home/saikiran335/ros2_mark_ws/install/mark_interfaces/share/mark_interfaces/environment/path.sh
[7.721s] -- Up-to-date: /home/saikiran335/ros2_mark_ws/install/mark_interfaces/share/mark_interfaces/environment/path.dsv
[7.721s] -- Up-to-date: /home/saikiran335/ros2_mark_ws/install/mark_interfaces/share/mark_interfaces/local_setup.bash
[7.721s] -- Up-to-date: /home/saikiran335/ros2_mark_ws/install/mark_interfaces/share/mark_interfaces/local_setup.sh
[7.722s] -- Up-to-date: /home/saikiran335/ros2_mark_ws/install/mark_interfaces/share/mark_interfaces/local_setup.zsh
[7.722s] -- Up-to-date: /home/saikiran335/ros2_mark_ws/install/mark_interfaces/share/mark_interfaces/local_setup.dsv
[7.722s] -- Installing: /home/saikiran335/ros2_mark_ws/install/mark_interfaces/share/mark_interfaces/package.dsv
[7.722s] -- Up-to-date: /home/saikiran335/ros2_mark_ws/install/mark_interfaces/share/ament_index/resource_index/packages/mark_interfaces
[7.722s] -- Up-to-date: /home/saikiran335/ros2_mark_ws/install/mark_interfaces/share/mark_interfaces/cmake/export_mark_interfaces__rosidl_generator_cExport.cmake
[7.722s] -- Up-to-date: /home/saikiran335/ros2_mark_ws/install/mark_interfaces/share/mark_interfaces/cmake/export_mark_interfaces__rosidl_generator_cExport-noconfig.cmake
[7.723s] -- Up-to-date: /home/saikiran335/ros2_mark_ws/install/mark_interfaces/share/mark_interfaces/cmake/export_mark_interfaces__rosidl_typesupport_fastrtps_cExport.cmake
[7.723s] -- Up-to-date: /home/saikiran335/ros2_mark_ws/install/mark_interfaces/share/mark_interfaces/cmake/export_mark_interfaces__rosidl_typesupport_fastrtps_cExport-noconfig.cmake
[7.723s] -- Up-to-date: /home/saikiran335/ros2_mark_ws/install/mark_interfaces/share/mark_interfaces/cmake/mark_interfaces__rosidl_typesupport_introspection_cExport.cmake
[7.723s] -- Up-to-date: /home/saikiran335/ros2_mark_ws/install/mark_interfaces/share/mark_interfaces/cmake/mark_interfaces__rosidl_typesupport_introspection_cExport-noconfig.cmake
[7.723s] -- Up-to-date: /home/saikiran335/ros2_mark_ws/install/mark_interfaces/share/mark_interfaces/cmake/mark_interfaces__rosidl_typesupport_cExport.cmake
[7.723s] -- Up-to-date: /home/saikiran335/ros2_mark_ws/install/mark_interfaces/share/mark_interfaces/cmake/mark_interfaces__rosidl_typesupport_cExport-noconfig.cmake
[7.723s] -- Up-to-date: /home/saikiran335/ros2_mark_ws/install/mark_interfaces/share/mark_interfaces/cmake/export_mark_interfaces__rosidl_generator_cppExport.cmake
[7.723s] -- Up-to-date: /home/saikiran335/ros2_mark_ws/install/mark_interfaces/share/mark_interfaces/cmake/export_mark_interfaces__rosidl_typesupport_fastrtps_cppExport.cmake
[7.723s] -- Up-to-date: /home/saikiran335/ros2_mark_ws/install/mark_interfaces/share/mark_interfaces/cmake/export_mark_interfaces__rosidl_typesupport_fastrtps_cppExport-noconfig.cmake
[7.724s] -- Up-to-date: /home/saikiran335/ros2_mark_ws/install/mark_interfaces/share/mark_interfaces/cmake/mark_interfaces__rosidl_typesupport_introspection_cppExport.cmake
[7.724s] -- Up-to-date: /home/saikiran335/ros2_mark_ws/install/mark_interfaces/share/mark_interfaces/cmake/mark_interfaces__rosidl_typesupport_introspection_cppExport-noconfig.cmake
[7.724s] -- Up-to-date: /home/saikiran335/ros2_mark_ws/install/mark_interfaces/share/mark_interfaces/cmake/mark_interfaces__rosidl_typesupport_cppExport.cmake
[7.724s] -- Up-to-date: /home/saikiran335/ros2_mark_ws/install/mark_interfaces/share/mark_interfaces/cmake/mark_interfaces__rosidl_typesupport_cppExport-noconfig.cmake
[7.724s] -- Up-to-date: /home/saikiran335/ros2_mark_ws/install/mark_interfaces/share/mark_interfaces/cmake/export_mark_interfaces__rosidl_generator_pyExport.cmake
[7.724s] -- Up-to-date: /home/saikiran335/ros2_mark_ws/install/mark_interfaces/share/mark_interfaces/cmake/export_mark_interfaces__rosidl_generator_pyExport-noconfig.cmake
[7.724s] -- Installing: /home/saikiran335/ros2_mark_ws/install/mark_interfaces/share/mark_interfaces/cmake/rosidl_cmake-extras.cmake
[7.724s] -- Up-to-date: /home/saikiran335/ros2_mark_ws/install/mark_interfaces/share/mark_interfaces/cmake/ament_cmake_export_dependencies-extras.cmake
[7.724s] -- Up-to-date: /home/saikiran335/ros2_mark_ws/install/mark_interfaces/share/mark_interfaces/cmake/ament_cmake_export_include_directories-extras.cmake
[7.724s] -- Up-to-date: /home/saikiran335/ros2_mark_ws/install/mark_interfaces/share/mark_interfaces/cmake/ament_cmake_export_libraries-extras.cmake
[7.725s] -- Up-to-date: /home/saikiran335/ros2_mark_ws/install/mark_interfaces/share/mark_interfaces/cmake/ament_cmake_export_targets-extras.cmake
[7.725s] -- Up-to-date: /home/saikiran335/ros2_mark_ws/install/mark_interfaces/share/mark_interfaces/cmake/rosidl_cmake_export_typesupport_targets-extras.cmake
[7.725s] -- Up-to-date: /home/saikiran335/ros2_mark_ws/install/mark_interfaces/share/mark_interfaces/cmake/rosidl_cmake_export_typesupport_libraries-extras.cmake
[7.725s] -- Up-to-date: /home/saikiran335/ros2_mark_ws/install/mark_interfaces/share/mark_interfaces/cmake/mark_interfacesConfig.cmake
[7.725s] -- Up-to-date: /home/saikiran335/ros2_mark_ws/install/mark_interfaces/share/mark_interfaces/cmake/mark_interfacesConfig-version.cmake
[7.725s] -- Up-to-date: /home/saikiran335/ros2_mark_ws/install/mark_interfaces/share/mark_interfaces/package.xml
[7.726s] Invoked command in '/home/saikiran335/ros2_mark_ws/build/mark_interfaces' returned '0': CMAKE_PREFIX_PATH=${CMAKE_PREFIX_PATH}:/home/saikiran335/ros2_mark_ws/install/turtlesim_catch_them_all:/home/saikiran335/ros2_mark_ws/install/mark_py_pkg:/home/saikiran335/ros2_mark_ws/install/actions_py:/opt/ros/jazzy DEBUGINFOD_URLS=https://debuginfod.ubuntu.com /usr/bin/cmake --install /home/saikiran335/ros2_mark_ws/build/mark_interfaces
