[0.135s] DEBUG:colcon:Command line arguments: ['/usr/bin/colcon', 'build', '--packages-select', 'turtlesim_catch_them_all', '--symlink-install']
[0.135s] DEBUG:colcon:Parsed command line arguments: Namespace(log_base=None, log_level=None, verb_name='build', build_base='build', install_base='install', merge_install=False, symlink_install=True, test_result_base=None, continue_on_error=False, executor='parallel', parallel_workers=16, event_handlers=None, ignore_user_meta=False, metas=['./colcon.meta'], base_paths=['.'], packages_ignore=None, packages_ignore_regex=None, paths=None, packages_up_to=None, packages_up_to_regex=None, packages_above=None, packages_above_and_dependencies=None, packages_above_depth=None, packages_select_by_dep=None, packages_skip_by_dep=None, packages_skip_up_to=None, packages_select_build_failed=False, packages_skip_build_finished=False, packages_select_test_failures=False, packages_skip_test_passed=False, packages_select=['turtlesim_catch_them_all'], packages_skip=None, packages_select_regex=None, packages_skip_regex=None, packages_start=None, packages_end=None, allow_overriding=[], cmake_args=None, cmake_target=None, cmake_target_skip_unavailable=False, cmake_clean_cache=False, cmake_clean_first=False, cmake_force_configure=False, ament_cmake_args=None, catkin_cmake_args=None, catkin_skip_building_tests=False, mixin_files=None, mixin=None, verb_parser=<colcon_mixin.mixin.mixin_argument.MixinArgumentDecorator object at 0x75123afea420>, verb_extension=<colcon_core.verb.build.BuildVerb object at 0x75123a8eea50>, main=<bound method BuildVerb.main of <colcon_core.verb.build.BuildVerb object at 0x75123a8eea50>>, mixin_verb=('build',))
[0.167s] Level 1:colcon.colcon_core.package_discovery:discover_packages(colcon_meta) check parameters
[0.168s] Level 1:colcon.colcon_core.package_discovery:discover_packages(recursive) check parameters
[0.168s] Level 1:colcon.colcon_core.package_discovery:discover_packages(ignore) check parameters
[0.168s] Level 1:colcon.colcon_core.package_discovery:discover_packages(path) check parameters
[0.168s] Level 1:colcon.colcon_core.package_discovery:discover_packages(colcon_meta) discover
[0.168s] Level 1:colcon.colcon_core.package_discovery:discover_packages(recursive) discover
[0.168s] INFO:colcon.colcon_core.package_discovery:Crawling recursively for packages in '/home/saikiran335/ros2_mark_ws'
[0.168s] Level 1:colcon.colcon_core.package_identification:_identify(.) by extensions ['ignore', 'ignore_ament_install']
[0.168s] Level 1:colcon.colcon_core.package_identification:_identify(.) by extension 'ignore'
[0.168s] Level 1:colcon.colcon_core.package_identification:_identify(.) by extension 'ignore_ament_install'
[0.168s] Level 1:colcon.colcon_core.package_identification:_identify(.) by extensions ['colcon_pkg']
[0.168s] Level 1:colcon.colcon_core.package_identification:_identify(.) by extension 'colcon_pkg'
[0.168s] Level 1:colcon.colcon_core.package_identification:_identify(.) by extensions ['colcon_meta']
[0.168s] Level 1:colcon.colcon_core.package_identification:_identify(.) by extension 'colcon_meta'
[0.168s] Level 1:colcon.colcon_core.package_identification:_identify(.) by extensions ['ros']
[0.168s] Level 1:colcon.colcon_core.package_identification:_identify(.) by extension 'ros'
[0.189s] Level 1:colcon.colcon_core.package_identification:_identify(.) by extensions ['cmake', 'python']
[0.189s] Level 1:colcon.colcon_core.package_identification:_identify(.) by extension 'cmake'
[0.189s] Level 1:colcon.colcon_core.package_identification:_identify(.) by extension 'python'
[0.189s] Level 1:colcon.colcon_core.package_identification:_identify(.) by extensions ['python_setup_py']
[0.189s] Level 1:colcon.colcon_core.package_identification:_identify(.) by extension 'python_setup_py'
[0.189s] Level 1:colcon.colcon_core.package_identification:_identify(build) by extensions ['ignore', 'ignore_ament_install']
[0.189s] Level 1:colcon.colcon_core.package_identification:_identify(build) by extension 'ignore'
[0.190s] Level 1:colcon.colcon_core.package_identification:_identify(build) ignored
[0.190s] Level 1:colcon.colcon_core.package_identification:_identify(install) by extensions ['ignore', 'ignore_ament_install']
[0.190s] Level 1:colcon.colcon_core.package_identification:_identify(install) by extension 'ignore'
[0.190s] Level 1:colcon.colcon_core.package_identification:_identify(install) ignored
[0.190s] Level 1:colcon.colcon_core.package_identification:_identify(log) by extensions ['ignore', 'ignore_ament_install']
[0.190s] Level 1:colcon.colcon_core.package_identification:_identify(log) by extension 'ignore'
[0.190s] Level 1:colcon.colcon_core.package_identification:_identify(log) ignored
[0.190s] Level 1:colcon.colcon_core.package_identification:_identify(src) by extensions ['ignore', 'ignore_ament_install']
[0.190s] Level 1:colcon.colcon_core.package_identification:_identify(src) by extension 'ignore'
[0.190s] Level 1:colcon.colcon_core.package_identification:_identify(src) by extension 'ignore_ament_install'
[0.190s] Level 1:colcon.colcon_core.package_identification:_identify(src) by extensions ['colcon_pkg']
[0.190s] Level 1:colcon.colcon_core.package_identification:_identify(src) by extension 'colcon_pkg'
[0.190s] Level 1:colcon.colcon_core.package_identification:_identify(src) by extensions ['colcon_meta']
[0.190s] Level 1:colcon.colcon_core.package_identification:_identify(src) by extension 'colcon_meta'
[0.190s] Level 1:colcon.colcon_core.package_identification:_identify(src) by extensions ['ros']
[0.190s] Level 1:colcon.colcon_core.package_identification:_identify(src) by extension 'ros'
[0.190s] Level 1:colcon.colcon_core.package_identification:_identify(src) by extensions ['cmake', 'python']
[0.190s] Level 1:colcon.colcon_core.package_identification:_identify(src) by extension 'cmake'
[0.190s] Level 1:colcon.colcon_core.package_identification:_identify(src) by extension 'python'
[0.190s] Level 1:colcon.colcon_core.package_identification:_identify(src) by extensions ['python_setup_py']
[0.190s] Level 1:colcon.colcon_core.package_identification:_identify(src) by extension 'python_setup_py'
[0.190s] Level 1:colcon.colcon_core.package_identification:_identify(src/mark_bringup) by extensions ['ignore', 'ignore_ament_install']
[0.190s] Level 1:colcon.colcon_core.package_identification:_identify(src/mark_bringup) by extension 'ignore'
[0.190s] Level 1:colcon.colcon_core.package_identification:_identify(src/mark_bringup) by extension 'ignore_ament_install'
[0.190s] Level 1:colcon.colcon_core.package_identification:_identify(src/mark_bringup) by extensions ['colcon_pkg']
[0.190s] Level 1:colcon.colcon_core.package_identification:_identify(src/mark_bringup) by extension 'colcon_pkg'
[0.190s] Level 1:colcon.colcon_core.package_identification:_identify(src/mark_bringup) by extensions ['colcon_meta']
[0.190s] Level 1:colcon.colcon_core.package_identification:_identify(src/mark_bringup) by extension 'colcon_meta'
[0.190s] Level 1:colcon.colcon_core.package_identification:_identify(src/mark_bringup) by extensions ['ros']
[0.190s] Level 1:colcon.colcon_core.package_identification:_identify(src/mark_bringup) by extension 'ros'
[0.193s] DEBUG:colcon.colcon_core.package_identification:Package 'src/mark_bringup' with type 'ros.ament_cmake' and name 'mark_bringup'
[0.193s] Level 1:colcon.colcon_core.package_identification:_identify(src/mark_cpp_pkg) by extensions ['ignore', 'ignore_ament_install']
[0.193s] Level 1:colcon.colcon_core.package_identification:_identify(src/mark_cpp_pkg) by extension 'ignore'
[0.193s] Level 1:colcon.colcon_core.package_identification:_identify(src/mark_cpp_pkg) by extension 'ignore_ament_install'
[0.193s] Level 1:colcon.colcon_core.package_identification:_identify(src/mark_cpp_pkg) by extensions ['colcon_pkg']
[0.193s] Level 1:colcon.colcon_core.package_identification:_identify(src/mark_cpp_pkg) by extension 'colcon_pkg'
[0.193s] Level 1:colcon.colcon_core.package_identification:_identify(src/mark_cpp_pkg) by extensions ['colcon_meta']
[0.193s] Level 1:colcon.colcon_core.package_identification:_identify(src/mark_cpp_pkg) by extension 'colcon_meta'
[0.193s] Level 1:colcon.colcon_core.package_identification:_identify(src/mark_cpp_pkg) by extensions ['ros']
[0.193s] Level 1:colcon.colcon_core.package_identification:_identify(src/mark_cpp_pkg) by extension 'ros'
[0.194s] DEBUG:colcon.colcon_core.package_identification:Package 'src/mark_cpp_pkg' with type 'ros.ament_cmake' and name 'mark_cpp_pkg'
[0.194s] Level 1:colcon.colcon_core.package_identification:_identify(src/mark_interfaces) by extensions ['ignore', 'ignore_ament_install']
[0.194s] Level 1:colcon.colcon_core.package_identification:_identify(src/mark_interfaces) by extension 'ignore'
[0.194s] Level 1:colcon.colcon_core.package_identification:_identify(src/mark_interfaces) by extension 'ignore_ament_install'
[0.194s] Level 1:colcon.colcon_core.package_identification:_identify(src/mark_interfaces) by extensions ['colcon_pkg']
[0.194s] Level 1:colcon.colcon_core.package_identification:_identify(src/mark_interfaces) by extension 'colcon_pkg'
[0.194s] Level 1:colcon.colcon_core.package_identification:_identify(src/mark_interfaces) by extensions ['colcon_meta']
[0.194s] Level 1:colcon.colcon_core.package_identification:_identify(src/mark_interfaces) by extension 'colcon_meta'
[0.194s] Level 1:colcon.colcon_core.package_identification:_identify(src/mark_interfaces) by extensions ['ros']
[0.194s] Level 1:colcon.colcon_core.package_identification:_identify(src/mark_interfaces) by extension 'ros'
[0.194s] DEBUG:colcon.colcon_core.package_identification:Package 'src/mark_interfaces' with type 'ros.ament_cmake' and name 'mark_interfaces'
[0.194s] Level 1:colcon.colcon_core.package_identification:_identify(src/mark_py_pkg) by extensions ['ignore', 'ignore_ament_install']
[0.194s] Level 1:colcon.colcon_core.package_identification:_identify(src/mark_py_pkg) by extension 'ignore'
[0.194s] Level 1:colcon.colcon_core.package_identification:_identify(src/mark_py_pkg) by extension 'ignore_ament_install'
[0.194s] Level 1:colcon.colcon_core.package_identification:_identify(src/mark_py_pkg) by extensions ['colcon_pkg']
[0.194s] Level 1:colcon.colcon_core.package_identification:_identify(src/mark_py_pkg) by extension 'colcon_pkg'
[0.194s] Level 1:colcon.colcon_core.package_identification:_identify(src/mark_py_pkg) by extensions ['colcon_meta']
[0.194s] Level 1:colcon.colcon_core.package_identification:_identify(src/mark_py_pkg) by extension 'colcon_meta'
[0.194s] Level 1:colcon.colcon_core.package_identification:_identify(src/mark_py_pkg) by extensions ['ros']
[0.194s] Level 1:colcon.colcon_core.package_identification:_identify(src/mark_py_pkg) by extension 'ros'
[0.195s] DEBUG:colcon.colcon_core.package_identification:Package 'src/mark_py_pkg' with type 'ros.ament_python' and name 'mark_py_pkg'
[0.195s] Level 1:colcon.colcon_core.package_identification:_identify(src/turtlesim_catch_them_all) by extensions ['ignore', 'ignore_ament_install']
[0.195s] Level 1:colcon.colcon_core.package_identification:_identify(src/turtlesim_catch_them_all) by extension 'ignore'
[0.195s] Level 1:colcon.colcon_core.package_identification:_identify(src/turtlesim_catch_them_all) by extension 'ignore_ament_install'
[0.195s] Level 1:colcon.colcon_core.package_identification:_identify(src/turtlesim_catch_them_all) by extensions ['colcon_pkg']
[0.195s] Level 1:colcon.colcon_core.package_identification:_identify(src/turtlesim_catch_them_all) by extension 'colcon_pkg'
[0.195s] Level 1:colcon.colcon_core.package_identification:_identify(src/turtlesim_catch_them_all) by extensions ['colcon_meta']
[0.195s] Level 1:colcon.colcon_core.package_identification:_identify(src/turtlesim_catch_them_all) by extension 'colcon_meta'
[0.195s] Level 1:colcon.colcon_core.package_identification:_identify(src/turtlesim_catch_them_all) by extensions ['ros']
[0.195s] Level 1:colcon.colcon_core.package_identification:_identify(src/turtlesim_catch_them_all) by extension 'ros'
[0.195s] DEBUG:colcon.colcon_core.package_identification:Package 'src/turtlesim_catch_them_all' with type 'ros.ament_python' and name 'turtlesim_catch_them_all'
[0.195s] Level 1:colcon.colcon_core.package_discovery:discover_packages(recursive) using defaults
[0.195s] Level 1:colcon.colcon_core.package_discovery:discover_packages(ignore) discover
[0.195s] Level 1:colcon.colcon_core.package_discovery:discover_packages(ignore) using defaults
[0.195s] Level 1:colcon.colcon_core.package_discovery:discover_packages(path) discover
[0.195s] Level 1:colcon.colcon_core.package_discovery:discover_packages(path) using defaults
[0.212s] INFO:colcon.colcon_core.package_selection:Skipping not selected package 'mark_cpp_pkg' in 'src/mark_cpp_pkg'
[0.212s] INFO:colcon.colcon_core.package_selection:Skipping not selected package 'mark_interfaces' in 'src/mark_interfaces'
[0.212s] INFO:colcon.colcon_core.package_selection:Skipping not selected package 'mark_py_pkg' in 'src/mark_py_pkg'
[0.212s] INFO:colcon.colcon_core.package_selection:Skipping not selected package 'mark_bringup' in 'src/mark_bringup'
[0.213s] Level 1:colcon.colcon_core.package_discovery:discover_packages(prefix_path) check parameters
[0.213s] Level 1:colcon.colcon_core.package_discovery:discover_packages(prefix_path) discover
[0.216s] DEBUG:colcon.colcon_installed_package_information.package_discovery:Found 5 installed packages in /home/saikiran335/ros2_mark_ws/install
[0.216s] DEBUG:colcon.colcon_installed_package_information.package_discovery:Found 2 installed packages in /home/saikiran335/ros2_jarvis_ws/install
[0.217s] DEBUG:colcon.colcon_installed_package_information.package_discovery:Found 285 installed packages in /opt/ros/jazzy
[0.218s] Level 1:colcon.colcon_core.package_discovery:discover_packages(prefix_path) using defaults
[0.244s] Level 5:colcon.colcon_core.verb:set package 'turtlesim_catch_them_all' build argument 'cmake_args' from command line to 'None'
[0.244s] Level 5:colcon.colcon_core.verb:set package 'turtlesim_catch_them_all' build argument 'cmake_target' from command line to 'None'
[0.244s] Level 5:colcon.colcon_core.verb:set package 'turtlesim_catch_them_all' build argument 'cmake_target_skip_unavailable' from command line to 'False'
[0.244s] Level 5:colcon.colcon_core.verb:set package 'turtlesim_catch_them_all' build argument 'cmake_clean_cache' from command line to 'False'
[0.244s] Level 5:colcon.colcon_core.verb:set package 'turtlesim_catch_them_all' build argument 'cmake_clean_first' from command line to 'False'
[0.244s] Level 5:colcon.colcon_core.verb:set package 'turtlesim_catch_them_all' build argument 'cmake_force_configure' from command line to 'False'
[0.244s] Level 5:colcon.colcon_core.verb:set package 'turtlesim_catch_them_all' build argument 'ament_cmake_args' from command line to 'None'
[0.244s] Level 5:colcon.colcon_core.verb:set package 'turtlesim_catch_them_all' build argument 'catkin_cmake_args' from command line to 'None'
[0.244s] Level 5:colcon.colcon_core.verb:set package 'turtlesim_catch_them_all' build argument 'catkin_skip_building_tests' from command line to 'False'
[0.244s] DEBUG:colcon.colcon_core.verb:Building package 'turtlesim_catch_them_all' with the following arguments: {'ament_cmake_args': None, 'build_base': '/home/saikiran335/ros2_mark_ws/build/turtlesim_catch_them_all', 'catkin_cmake_args': None, 'catkin_skip_building_tests': False, 'cmake_args': None, 'cmake_clean_cache': False, 'cmake_clean_first': False, 'cmake_force_configure': False, 'cmake_target': None, 'cmake_target_skip_unavailable': False, 'install_base': '/home/saikiran335/ros2_mark_ws/install/turtlesim_catch_them_all', 'merge_install': False, 'path': '/home/saikiran335/ros2_mark_ws/src/turtlesim_catch_them_all', 'symlink_install': True, 'test_result_base': None}
[0.244s] INFO:colcon.colcon_core.executor:Executing jobs using 'parallel' executor
[0.246s] DEBUG:colcon.colcon_parallel_executor.executor.parallel:run_until_complete
[0.246s] INFO:colcon.colcon_ros.task.ament_python.build:Building ROS package in '/home/saikiran335/ros2_mark_ws/src/turtlesim_catch_them_all' with build type 'ament_python'
[0.246s] Level 1:colcon.colcon_core.shell:create_environment_hook('turtlesim_catch_them_all', 'ament_prefix_path')
[0.252s] INFO:colcon.colcon_core.plugin_system:Skipping extension 'colcon_core.shell.bat': Not used on non-Windows systems
[0.252s] INFO:colcon.colcon_core.shell:Creating environment hook '/home/saikiran335/ros2_mark_ws/install/turtlesim_catch_them_all/share/turtlesim_catch_them_all/hook/ament_prefix_path.ps1'
[0.253s] INFO:colcon.colcon_core.shell:Creating environment descriptor '/home/saikiran335/ros2_mark_ws/install/turtlesim_catch_them_all/share/turtlesim_catch_them_all/hook/ament_prefix_path.dsv'
[0.253s] INFO:colcon.colcon_core.shell:Creating environment hook '/home/saikiran335/ros2_mark_ws/install/turtlesim_catch_them_all/share/turtlesim_catch_them_all/hook/ament_prefix_path.sh'
[0.254s] INFO:colcon.colcon_core.shell:Skip shell extension 'powershell' for command environment: Not usable outside of PowerShell
[0.254s] DEBUG:colcon.colcon_core.shell:Skip shell extension 'dsv' for command environment
[0.411s] INFO:colcon.colcon_core.task.python.build:Building Python package in '/home/saikiran335/ros2_mark_ws/src/turtlesim_catch_them_all'
[0.412s] INFO:colcon.colcon_core.shell:Skip shell extension 'powershell' for command environment: Not usable outside of PowerShell
[0.412s] DEBUG:colcon.colcon_core.shell:Skip shell extension 'dsv' for command environment
[0.827s] DEBUG:colcon.colcon_core.task.python.build:While undoing a previous installation files outside the Python library path are being ignored: /home/saikiran335/ros2_mark_ws/install/turtlesim_catch_them_all/share/ament_index/resource_index/packages/turtlesim_catch_them_all
[0.827s] DEBUG:colcon.colcon_core.task.python.build:While undoing a previous installation files outside the Python library path are being ignored: /home/saikiran335/ros2_mark_ws/install/turtlesim_catch_them_all/share/turtlesim_catch_them_all/package.xml
[0.828s] DEBUG:colcon.colcon_core.task.python.build:While undoing a previous installation files outside the Python library path are being ignored: /home/saikiran335/ros2_mark_ws/install/turtlesim_catch_them_all/lib/turtlesim_catch_them_all/turtle_controller
[0.828s] DEBUG:colcon.colcon_core.task.python.build:While undoing a previous installation files outside the Python library path are being ignored: /home/saikiran335/ros2_mark_ws/install/turtlesim_catch_them_all/lib/turtlesim_catch_them_all/turtle_spawner
[0.832s] DEBUG:colcon.colcon_core.event_handler.log_command:Invoking command in '/home/saikiran335/ros2_mark_ws/build/turtlesim_catch_them_all': DEBUGINFOD_URLS=https://debuginfod.ubuntu.com PYTHONPATH=/home/saikiran335/ros2_mark_ws/build/turtlesim_catch_them_all/prefix_override:/usr/lib/python3/dist-packages/colcon_core/task/python/colcon_distutils_commands:/home/saikiran335/ros2_mark_ws/install/turtlesim_catch_them_all/lib/python3.12/site-packages:${PYTHONPATH} /usr/bin/python3 -W ignore:setup.py install is deprecated -W ignore:easy_install command is deprecated setup.py develop --editable --build-directory /home/saikiran335/ros2_mark_ws/build/turtlesim_catch_them_all/build --no-deps symlink_data --force
[1.260s] Level 1:colcon.colcon_core.shell:create_environment_hook('turtlesim_catch_them_all', 'pythonpath_develop')
[1.260s] INFO:colcon.colcon_core.shell:Creating environment hook '/home/saikiran335/ros2_mark_ws/build/turtlesim_catch_them_all/share/turtlesim_catch_them_all/hook/pythonpath_develop.ps1'
[1.261s] DEBUG:colcon.colcon_core.event_handler.log_command:Invoked command in '/home/saikiran335/ros2_mark_ws/build/turtlesim_catch_them_all' returned '0': DEBUGINFOD_URLS=https://debuginfod.ubuntu.com PYTHONPATH=/home/saikiran335/ros2_mark_ws/build/turtlesim_catch_them_all/prefix_override:/usr/lib/python3/dist-packages/colcon_core/task/python/colcon_distutils_commands:/home/saikiran335/ros2_mark_ws/install/turtlesim_catch_them_all/lib/python3.12/site-packages:${PYTHONPATH} /usr/bin/python3 -W ignore:setup.py install is deprecated -W ignore:easy_install command is deprecated setup.py develop --editable --build-directory /home/saikiran335/ros2_mark_ws/build/turtlesim_catch_them_all/build --no-deps symlink_data --force
[1.262s] INFO:colcon.colcon_core.shell:Creating environment descriptor '/home/saikiran335/ros2_mark_ws/build/turtlesim_catch_them_all/share/turtlesim_catch_them_all/hook/pythonpath_develop.dsv'
[1.262s] INFO:colcon.colcon_core.shell:Creating environment hook '/home/saikiran335/ros2_mark_ws/build/turtlesim_catch_them_all/share/turtlesim_catch_them_all/hook/pythonpath_develop.sh'
[1.272s] Level 1:colcon.colcon_core.environment:checking '/home/saikiran335/ros2_mark_ws/install/turtlesim_catch_them_all' for CMake module files
[1.272s] Level 1:colcon.colcon_core.environment:checking '/home/saikiran335/ros2_mark_ws/install/turtlesim_catch_them_all' for CMake config files
[1.274s] Level 1:colcon.colcon_core.environment:checking '/home/saikiran335/ros2_mark_ws/install/turtlesim_catch_them_all/lib'
[1.274s] Level 1:colcon.colcon_core.environment:checking '/home/saikiran335/ros2_mark_ws/install/turtlesim_catch_them_all/bin'
[1.274s] Level 1:colcon.colcon_core.environment:checking '/home/saikiran335/ros2_mark_ws/install/turtlesim_catch_them_all/lib/pkgconfig/turtlesim_catch_them_all.pc'
[1.274s] Level 1:colcon.colcon_core.environment:checking '/home/saikiran335/ros2_mark_ws/install/turtlesim_catch_them_all/lib/python3.12/site-packages'
[1.275s] Level 1:colcon.colcon_core.shell:create_environment_hook('turtlesim_catch_them_all', 'pythonpath')
[1.275s] INFO:colcon.colcon_core.shell:Creating environment hook '/home/saikiran335/ros2_mark_ws/install/turtlesim_catch_them_all/share/turtlesim_catch_them_all/hook/pythonpath.ps1'
[1.276s] INFO:colcon.colcon_core.shell:Creating environment descriptor '/home/saikiran335/ros2_mark_ws/install/turtlesim_catch_them_all/share/turtlesim_catch_them_all/hook/pythonpath.dsv'
[1.276s] INFO:colcon.colcon_core.shell:Creating environment hook '/home/saikiran335/ros2_mark_ws/install/turtlesim_catch_them_all/share/turtlesim_catch_them_all/hook/pythonpath.sh'
[1.277s] Level 1:colcon.colcon_core.environment:checking '/home/saikiran335/ros2_mark_ws/install/turtlesim_catch_them_all/bin'
[1.277s] Level 1:colcon.colcon_core.environment:create_environment_scripts_only(turtlesim_catch_them_all)
[1.278s] INFO:colcon.colcon_core.shell:Creating package script '/home/saikiran335/ros2_mark_ws/install/turtlesim_catch_them_all/share/turtlesim_catch_them_all/package.ps1'
[1.279s] INFO:colcon.colcon_core.shell:Creating package descriptor '/home/saikiran335/ros2_mark_ws/install/turtlesim_catch_them_all/share/turtlesim_catch_them_all/package.dsv'
[1.280s] INFO:colcon.colcon_core.shell:Creating package script '/home/saikiran335/ros2_mark_ws/install/turtlesim_catch_them_all/share/turtlesim_catch_them_all/package.sh'
[1.281s] INFO:colcon.colcon_core.shell:Creating package script '/home/saikiran335/ros2_mark_ws/install/turtlesim_catch_them_all/share/turtlesim_catch_them_all/package.bash'
[1.282s] INFO:colcon.colcon_core.shell:Creating package script '/home/saikiran335/ros2_mark_ws/install/turtlesim_catch_them_all/share/turtlesim_catch_them_all/package.zsh'
[1.283s] Level 1:colcon.colcon_core.environment:create_file_with_runtime_dependencies(/home/saikiran335/ros2_mark_ws/install/turtlesim_catch_them_all/share/colcon-core/packages/turtlesim_catch_them_all)
[1.284s] DEBUG:colcon.colcon_parallel_executor.executor.parallel:closing loop
[1.284s] DEBUG:colcon.colcon_parallel_executor.executor.parallel:loop closed
[1.284s] DEBUG:colcon.colcon_parallel_executor.executor.parallel:run_until_complete finished with '0'
[1.284s] DEBUG:colcon.colcon_core.event_reactor:joining thread
[1.299s] INFO:colcon.colcon_core.plugin_system:Skipping extension 'colcon_notification.desktop_notification.terminal_notifier': Not used on non-Darwin systems
[1.299s] INFO:colcon.colcon_core.plugin_system:Skipping extension 'colcon_notification.desktop_notification.win32': Not used on non-Windows systems
[1.299s] INFO:colcon.colcon_notification.desktop_notification:Sending desktop notification using 'notify2'
[1.325s] DEBUG:colcon.colcon_core.event_reactor:joined thread
[1.325s] INFO:colcon.colcon_core.shell:Creating prefix script '/home/saikiran335/ros2_mark_ws/install/local_setup.ps1'
[1.327s] INFO:colcon.colcon_core.shell:Creating prefix util module '/home/saikiran335/ros2_mark_ws/install/_local_setup_util_ps1.py'
[1.329s] INFO:colcon.colcon_core.shell:Creating prefix chain script '/home/saikiran335/ros2_mark_ws/install/setup.ps1'
[1.331s] INFO:colcon.colcon_core.shell:Creating prefix script '/home/saikiran335/ros2_mark_ws/install/local_setup.sh'
[1.332s] INFO:colcon.colcon_core.shell:Creating prefix util module '/home/saikiran335/ros2_mark_ws/install/_local_setup_util_sh.py'
[1.332s] INFO:colcon.colcon_core.shell:Creating prefix chain script '/home/saikiran335/ros2_mark_ws/install/setup.sh'
[1.334s] INFO:colcon.colcon_core.shell:Creating prefix script '/home/saikiran335/ros2_mark_ws/install/local_setup.bash'
[1.335s] INFO:colcon.colcon_core.shell:Creating prefix chain script '/home/saikiran335/ros2_mark_ws/install/setup.bash'
[1.337s] INFO:colcon.colcon_core.shell:Creating prefix script '/home/saikiran335/ros2_mark_ws/install/local_setup.zsh'
[1.337s] INFO:colcon.colcon_core.shell:Creating prefix chain script '/home/saikiran335/ros2_mark_ws/install/setup.zsh'
