/home/saikiran335/ros2_mark_ws/install/mark_py_pkg/lib/python3.12/site-packages/mark_py_pkg/add_two_ints_client_no_oop.py
/home/saikiran335/ros2_mark_ws/install/mark_py_pkg/lib/python3.12/site-packages/mark_py_pkg/my_first_node.py
/home/saikiran335/ros2_mark_ws/install/mark_py_pkg/lib/python3.12/site-packages/mark_py_pkg/number_counter.py
/home/saikiran335/ros2_mark_ws/install/mark_py_pkg/lib/python3.12/site-packages/mark_py_pkg/add_two_ints_client.py
/home/saikiran335/ros2_mark_ws/install/mark_py_pkg/lib/python3.12/site-packages/mark_py_pkg/reset_counter_client_oop.py
/home/saikiran335/ros2_mark_ws/install/mark_py_pkg/lib/python3.12/site-packages/mark_py_pkg/LED_panel.py
/home/saikiran335/ros2_mark_ws/install/mark_py_pkg/lib/python3.12/site-packages/mark_py_pkg/node_template.py
/home/saikiran335/ros2_mark_ws/install/mark_py_pkg/lib/python3.12/site-packages/mark_py_pkg/add_two_ints_server.py
/home/saikiran335/ros2_mark_ws/install/mark_py_pkg/lib/python3.12/site-packages/mark_py_pkg/Battery.py
/home/saikiran335/ros2_mark_ws/install/mark_py_pkg/lib/python3.12/site-packages/mark_py_pkg/number_publisher.py
/home/saikiran335/ros2_mark_ws/install/mark_py_pkg/lib/python3.12/site-packages/mark_py_pkg/reset_counter_client.py
/home/saikiran335/ros2_mark_ws/install/mark_py_pkg/lib/python3.12/site-packages/mark_py_pkg/__init__.py
/home/saikiran335/ros2_mark_ws/install/mark_py_pkg/lib/python3.12/site-packages/mark_py_pkg/smartphone.py
/home/saikiran335/ros2_mark_ws/install/mark_py_pkg/lib/python3.12/site-packages/mark_py_pkg/hardware_status_publisher.py
/home/saikiran335/ros2_mark_ws/install/mark_py_pkg/lib/python3.12/site-packages/mark_py_pkg/robot_news_station.py
/home/saikiran335/ros2_mark_ws/install/mark_py_pkg/lib/python3.12/site-packages/mark_py_pkg/__pycache__/add_two_ints_client_no_oop.cpython-312.pyc
/home/saikiran335/ros2_mark_ws/install/mark_py_pkg/lib/python3.12/site-packages/mark_py_pkg/__pycache__/my_first_node.cpython-312.pyc
/home/saikiran335/ros2_mark_ws/install/mark_py_pkg/lib/python3.12/site-packages/mark_py_pkg/__pycache__/number_counter.cpython-312.pyc
/home/saikiran335/ros2_mark_ws/install/mark_py_pkg/lib/python3.12/site-packages/mark_py_pkg/__pycache__/add_two_ints_client.cpython-312.pyc
/home/saikiran335/ros2_mark_ws/install/mark_py_pkg/lib/python3.12/site-packages/mark_py_pkg/__pycache__/reset_counter_client_oop.cpython-312.pyc
/home/saikiran335/ros2_mark_ws/install/mark_py_pkg/lib/python3.12/site-packages/mark_py_pkg/__pycache__/LED_panel.cpython-312.pyc
/home/saikiran335/ros2_mark_ws/install/mark_py_pkg/lib/python3.12/site-packages/mark_py_pkg/__pycache__/node_template.cpython-312.pyc
/home/saikiran335/ros2_mark_ws/install/mark_py_pkg/lib/python3.12/site-packages/mark_py_pkg/__pycache__/add_two_ints_server.cpython-312.pyc
/home/saikiran335/ros2_mark_ws/install/mark_py_pkg/lib/python3.12/site-packages/mark_py_pkg/__pycache__/Battery.cpython-312.pyc
/home/saikiran335/ros2_mark_ws/install/mark_py_pkg/lib/python3.12/site-packages/mark_py_pkg/__pycache__/number_publisher.cpython-312.pyc
/home/saikiran335/ros2_mark_ws/install/mark_py_pkg/lib/python3.12/site-packages/mark_py_pkg/__pycache__/reset_counter_client.cpython-312.pyc
/home/saikiran335/ros2_mark_ws/install/mark_py_pkg/lib/python3.12/site-packages/mark_py_pkg/__pycache__/__init__.cpython-312.pyc
/home/saikiran335/ros2_mark_ws/install/mark_py_pkg/lib/python3.12/site-packages/mark_py_pkg/__pycache__/smartphone.cpython-312.pyc
/home/saikiran335/ros2_mark_ws/install/mark_py_pkg/lib/python3.12/site-packages/mark_py_pkg/__pycache__/hardware_status_publisher.cpython-312.pyc
/home/saikiran335/ros2_mark_ws/install/mark_py_pkg/lib/python3.12/site-packages/mark_py_pkg/__pycache__/robot_news_station.cpython-312.pyc
/home/saikiran335/ros2_mark_ws/install/mark_py_pkg/share/ament_index/resource_index/packages/mark_py_pkg
/home/saikiran335/ros2_mark_ws/install/mark_py_pkg/share/mark_py_pkg/package.xml
/home/saikiran335/ros2_mark_ws/install/mark_py_pkg/lib/python3.12/site-packages/mark_py_pkg-0.0.0-py3.12.egg-info/zip-safe
/home/saikiran335/ros2_mark_ws/install/mark_py_pkg/lib/python3.12/site-packages/mark_py_pkg-0.0.0-py3.12.egg-info/requires.txt
/home/saikiran335/ros2_mark_ws/install/mark_py_pkg/lib/python3.12/site-packages/mark_py_pkg-0.0.0-py3.12.egg-info/PKG-INFO
/home/saikiran335/ros2_mark_ws/install/mark_py_pkg/lib/python3.12/site-packages/mark_py_pkg-0.0.0-py3.12.egg-info/SOURCES.txt
/home/saikiran335/ros2_mark_ws/install/mark_py_pkg/lib/python3.12/site-packages/mark_py_pkg-0.0.0-py3.12.egg-info/entry_points.txt
/home/saikiran335/ros2_mark_ws/install/mark_py_pkg/lib/python3.12/site-packages/mark_py_pkg-0.0.0-py3.12.egg-info/top_level.txt
/home/saikiran335/ros2_mark_ws/install/mark_py_pkg/lib/python3.12/site-packages/mark_py_pkg-0.0.0-py3.12.egg-info/dependency_links.txt
/home/saikiran335/ros2_mark_ws/install/mark_py_pkg/lib/mark_py_pkg/Battery
/home/saikiran335/ros2_mark_ws/install/mark_py_pkg/lib/mark_py_pkg/LED_panel
/home/saikiran335/ros2_mark_ws/install/mark_py_pkg/lib/mark_py_pkg/add_two_ints_client
/home/saikiran335/ros2_mark_ws/install/mark_py_pkg/lib/mark_py_pkg/add_two_ints_client_no_oop
/home/saikiran335/ros2_mark_ws/install/mark_py_pkg/lib/mark_py_pkg/add_two_ints_server
/home/saikiran335/ros2_mark_ws/install/mark_py_pkg/lib/mark_py_pkg/hardware_status_publisher
/home/saikiran335/ros2_mark_ws/install/mark_py_pkg/lib/mark_py_pkg/number_counter
/home/saikiran335/ros2_mark_ws/install/mark_py_pkg/lib/mark_py_pkg/number_publisher
/home/saikiran335/ros2_mark_ws/install/mark_py_pkg/lib/mark_py_pkg/py_node
/home/saikiran335/ros2_mark_ws/install/mark_py_pkg/lib/mark_py_pkg/reset_counter_client
/home/saikiran335/ros2_mark_ws/install/mark_py_pkg/lib/mark_py_pkg/reset_counter_client_oop
/home/saikiran335/ros2_mark_ws/install/mark_py_pkg/lib/mark_py_pkg/robot_news_station
/home/saikiran335/ros2_mark_ws/install/mark_py_pkg/lib/mark_py_pkg/smartphone
