-- Found ament_cmake: 1.3.11 (/opt/ros/humble/share/ament_cmake/cmake)
-- Override CMake install command with custom implementation using symlinks instead of copying resources
-- Configuring done
-- Generating done
-- Build files have been written to: /home/saikiran335/ros2_jarvis_ws/build/jarvis_bringup
-- Install configuration: ""
-- Execute custom install script
-- Symlinking: /home/saikiran335/ros2_jarvis_ws/install/jarvis_bringup/share/jarvis_bringup//launch/jarvis_gazebo.launch.xml
-- Symlinking: /home/saikiran335/ros2_jarvis_ws/install/jarvis_bringup/share/jarvis_bringup//rviz/jarvis_config.rviz
-- Symlinking: /home/saikiran335/ros2_jarvis_ws/install/jarvis_bringup/share/ament_index/resource_index/package_run_dependencies/jarvis_bringup
-- Symlinking: /home/saikiran335/ros2_jarvis_ws/install/jarvis_bringup/share/ament_index/resource_index/parent_prefix_path/jarvis_bringup
-- Symlinking: /home/saikiran335/ros2_jarvis_ws/install/jarvis_bringup/share/jarvis_bringup/environment/ament_prefix_path.sh
-- Symlinking: /home/saikiran335/ros2_jarvis_ws/install/jarvis_bringup/share/jarvis_bringup/environment/ament_prefix_path.dsv
-- Symlinking: /home/saikiran335/ros2_jarvis_ws/install/jarvis_bringup/share/jarvis_bringup/environment/path.sh
-- Symlinking: /home/saikiran335/ros2_jarvis_ws/install/jarvis_bringup/share/jarvis_bringup/environment/path.dsv
-- Symlinking: /home/saikiran335/ros2_jarvis_ws/install/jarvis_bringup/share/jarvis_bringup/local_setup.bash
-- Symlinking: /home/saikiran335/ros2_jarvis_ws/install/jarvis_bringup/share/jarvis_bringup/local_setup.sh
-- Symlinking: /home/saikiran335/ros2_jarvis_ws/install/jarvis_bringup/share/jarvis_bringup/local_setup.zsh
-- Symlinking: /home/saikiran335/ros2_jarvis_ws/install/jarvis_bringup/share/jarvis_bringup/local_setup.dsv
-- Symlinking: /home/saikiran335/ros2_jarvis_ws/install/jarvis_bringup/share/jarvis_bringup/package.dsv
-- Symlinking: /home/saikiran335/ros2_jarvis_ws/install/jarvis_bringup/share/ament_index/resource_index/packages/jarvis_bringup
-- Symlinking: /home/saikiran335/ros2_jarvis_ws/install/jarvis_bringup/share/jarvis_bringup/cmake/jarvis_bringupConfig.cmake
-- Symlinking: /home/saikiran335/ros2_jarvis_ws/install/jarvis_bringup/share/jarvis_bringup/cmake/jarvis_bringupConfig-version.cmake
-- Symlinking: /home/saikiran335/ros2_jarvis_ws/install/jarvis_bringup/share/jarvis_bringup/package.xml
