[0.009s] Invoking command in '/home/saikiran335/ros2_jarvis_ws/build/jarvis_description': CMAKE_PREFIX_PATH=${CMAKE_PREFIX_PATH}:/opt/ros/humble /usr/bin/cmake /home/saikiran335/ros2_jarvis_ws/src/jarvis_description -DAMENT_CMAKE_SYMLINK_INSTALL=1 -DCMAKE_INSTALL_PREFIX=/home/saikiran335/ros2_jarvis_ws/install/jarvis_description
[0.023s] -- Found ament_cmake: 1.3.11 (/opt/ros/humble/share/ament_cmake/cmake)
[0.104s] -- Override CMake install command with custom implementation using symlinks instead of copying resources
[0.157s] -- Configuring done
[0.159s] -- Generating done
[0.160s] -- Build files have been written to: /home/saikiran335/ros2_jarvis_ws/build/jarvis_description
[0.164s] Invoked command in '/home/saikiran335/ros2_jarvis_ws/build/jarvis_description' returned '0': CMAKE_PREFIX_PATH=${CMAKE_PREFIX_PATH}:/opt/ros/humble /usr/bin/cmake /home/saikiran335/ros2_jarvis_ws/src/jarvis_description -DAMENT_CMAKE_SYMLINK_INSTALL=1 -DCMAKE_INSTALL_PREFIX=/home/saikiran335/ros2_jarvis_ws/install/jarvis_description
[0.166s] Invoking command in '/home/saikiran335/ros2_jarvis_ws/build/jarvis_description': CMAKE_PREFIX_PATH=${CMAKE_PREFIX_PATH}:/opt/ros/humble /usr/bin/cmake --build /home/saikiran335/ros2_jarvis_ws/build/jarvis_description -- -j16 -l16
[0.204s] Invoked command in '/home/saikiran335/ros2_jarvis_ws/build/jarvis_description' returned '0': CMAKE_PREFIX_PATH=${CMAKE_PREFIX_PATH}:/opt/ros/humble /usr/bin/cmake --build /home/saikiran335/ros2_jarvis_ws/build/jarvis_description -- -j16 -l16
[0.214s] Invoking command in '/home/saikiran335/ros2_jarvis_ws/build/jarvis_description': CMAKE_PREFIX_PATH=${CMAKE_PREFIX_PATH}:/opt/ros/humble /usr/bin/cmake --install /home/saikiran335/ros2_jarvis_ws/build/jarvis_description
[0.220s] -- Install configuration: ""
[0.220s] -- Execute custom install script
[0.220s] -- Up-to-date symlink: /home/saikiran335/ros2_jarvis_ws/install/jarvis_description/share/jarvis_description//urdf/camera.xacro
[0.220s] -- Up-to-date symlink: /home/saikiran335/ros2_jarvis_ws/install/jarvis_description/share/jarvis_description//urdf/common_properties.xacro
[0.220s] -- Up-to-date symlink: /home/saikiran335/ros2_jarvis_ws/install/jarvis_description/share/jarvis_description//urdf/jarvis.urdf.xacro
[0.221s] -- Up-to-date symlink: /home/saikiran335/ros2_jarvis_ws/install/jarvis_description/share/jarvis_description//urdf/jarvis_mobile_base.urdf.xacro
[0.221s] -- Up-to-date symlink: /home/saikiran335/ros2_jarvis_ws/install/jarvis_description/share/jarvis_description//urdf/jarvis_mobile_base_gazebo.xacro
[0.221s] -- Up-to-date symlink: /home/saikiran335/ros2_jarvis_ws/install/jarvis_description/share/jarvis_description//rviz/jarvis_config.rviz
[0.221s] -- Up-to-date symlink: /home/saikiran335/ros2_jarvis_ws/install/jarvis_description/share/jarvis_description//rviz/jarviz_config2.rviz
[0.221s] -- Up-to-date symlink: /home/saikiran335/ros2_jarvis_ws/install/jarvis_description/share/jarvis_description//launch/display.launch.xml
[0.221s] -- Up-to-date symlink: /home/saikiran335/ros2_jarvis_ws/install/jarvis_description/share/ament_index/resource_index/package_run_dependencies/jarvis_description
[0.221s] -- Up-to-date symlink: /home/saikiran335/ros2_jarvis_ws/install/jarvis_description/share/ament_index/resource_index/parent_prefix_path/jarvis_description
[0.221s] -- Up-to-date symlink: /home/saikiran335/ros2_jarvis_ws/install/jarvis_description/share/jarvis_description/environment/ament_prefix_path.sh
[0.221s] -- Up-to-date symlink: /home/saikiran335/ros2_jarvis_ws/install/jarvis_description/share/jarvis_description/environment/ament_prefix_path.dsv
[0.221s] -- Up-to-date symlink: /home/saikiran335/ros2_jarvis_ws/install/jarvis_description/share/jarvis_description/environment/path.sh
[0.221s] -- Up-to-date symlink: /home/saikiran335/ros2_jarvis_ws/install/jarvis_description/share/jarvis_description/environment/path.dsv
[0.221s] -- Up-to-date symlink: /home/saikiran335/ros2_jarvis_ws/install/jarvis_description/share/jarvis_description/local_setup.bash
[0.222s] -- Up-to-date symlink: /home/saikiran335/ros2_jarvis_ws/install/jarvis_description/share/jarvis_description/local_setup.sh
[0.222s] -- Up-to-date symlink: /home/saikiran335/ros2_jarvis_ws/install/jarvis_description/share/jarvis_description/local_setup.zsh
[0.222s] -- Up-to-date symlink: /home/saikiran335/ros2_jarvis_ws/install/jarvis_description/share/jarvis_description/local_setup.dsv
[0.222s] -- Symlinking: /home/saikiran335/ros2_jarvis_ws/install/jarvis_description/share/jarvis_description/package.dsv
[0.232s] -- Up-to-date symlink: /home/saikiran335/ros2_jarvis_ws/install/jarvis_description/share/ament_index/resource_index/packages/jarvis_description
[0.233s] -- Up-to-date symlink: /home/saikiran335/ros2_jarvis_ws/install/jarvis_description/share/jarvis_description/cmake/jarvis_descriptionConfig.cmake
[0.233s] -- Up-to-date symlink: /home/saikiran335/ros2_jarvis_ws/install/jarvis_description/share/jarvis_description/cmake/jarvis_descriptionConfig-version.cmake
[0.234s] -- Up-to-date symlink: /home/saikiran335/ros2_jarvis_ws/install/jarvis_description/share/jarvis_description/package.xml
[0.237s] Invoked command in '/home/saikiran335/ros2_jarvis_ws/build/jarvis_description' returned '0': CMAKE_PREFIX_PATH=${CMAKE_PREFIX_PATH}:/opt/ros/humble /usr/bin/cmake --install /home/saikiran335/ros2_jarvis_ws/build/jarvis_description
