[0.641s] Invoking command in '/home/saikiran335/ros2_mark_ws/build/actions_py': DEBUGINFOD_URLS=https://debuginfod.ubuntu.com PYTHONPATH=/home/saikiran335/ros2_mark_ws/build/actions_py/prefix_override:/usr/lib/python3/dist-packages/colcon_core/task/python/colcon_distutils_commands:/home/saikiran335/ros2_mark_ws/install/actions_py/lib/python3.12/site-packages:${PYTHONPATH} /usr/bin/python3 -W ignore:setup.py install is deprecated -W ignore:easy_install command is deprecated setup.py develop --editable --build-directory /home/saikiran335/ros2_mark_ws/build/actions_py/build --no-deps symlink_data
[0.874s] running develop
[1.004s] running egg_info
[1.022s] writing actions_py.egg-info/PKG-INFO
[1.022s] writing dependency_links to actions_py.egg-info/dependency_links.txt
[1.022s] writing entry points to actions_py.egg-info/entry_points.txt
[1.022s] writing requirements to actions_py.egg-info/requires.txt
[1.023s] writing top-level names to actions_py.egg-info/top_level.txt
[1.049s] reading manifest file 'actions_py.egg-info/SOURCES.txt'
[1.049s] writing manifest file 'actions_py.egg-info/SOURCES.txt'
[1.062s] running build_ext
[1.062s] Creating /home/saikiran335/ros2_mark_ws/install/actions_py/lib/python3.12/site-packages/actions-py.egg-link (link to .)
[1.062s] Installing count_until_client script to /home/saikiran335/ros2_mark_ws/install/actions_py/lib/actions_py
[1.063s] Installing count_until_server script to /home/saikiran335/ros2_mark_ws/install/actions_py/lib/actions_py
[1.063s] Installing robot_distance_client script to /home/saikiran335/ros2_mark_ws/install/actions_py/lib/actions_py
[1.063s] Installing robot_distance_server script to /home/saikiran335/ros2_mark_ws/install/actions_py/lib/actions_py
[1.063s] 
[1.063s] Installed /home/saikiran335/ros2_mark_ws/build/actions_py
[1.064s] running symlink_data
[1.114s] Invoked command in '/home/saikiran335/ros2_mark_ws/build/actions_py' returned '0': DEBUGINFOD_URLS=https://debuginfod.ubuntu.com PYTHONPATH=/home/saikiran335/ros2_mark_ws/build/actions_py/prefix_override:/usr/lib/python3/dist-packages/colcon_core/task/python/colcon_distutils_commands:/home/saikiran335/ros2_mark_ws/install/actions_py/lib/python3.12/site-packages:${PYTHONPATH} /usr/bin/python3 -W ignore:setup.py install is deprecated -W ignore:easy_install command is deprecated setup.py develop --editable --build-directory /home/saikiran335/ros2_mark_ws/build/actions_py/build --no-deps symlink_data
