[0.608s] Invoking command in '/home/saikiran335/ros2_mark_ws/build/actions_py': DEBUGINFOD_URLS=https://debuginfod.ubuntu.com PYTHONPATH=/home/saikiran335/ros2_mark_ws/build/actions_py/prefix_override:/usr/lib/python3/dist-packages/colcon_core/task/python/colcon_distutils_commands:/home/saikiran335/ros2_mark_ws/install/actions_py/lib/python3.12/site-packages:${PYTHONPATH} /usr/bin/python3 -W ignore:setup.py install is deprecated -W ignore:easy_install command is deprecated setup.py develop --editable --build-directory /home/saikiran335/ros2_mark_ws/build/actions_py/build --no-deps symlink_data
[0.834s] running develop
[0.956s] running egg_info
[0.967s] writing actions_py.egg-info/PKG-INFO
[0.968s] writing dependency_links to actions_py.egg-info/dependency_links.txt
[0.968s] writing entry points to actions_py.egg-info/entry_points.txt
[0.968s] writing requirements to actions_py.egg-info/requires.txt
[0.968s] writing top-level names to actions_py.egg-info/top_level.txt
[0.990s] reading manifest file 'actions_py.egg-info/SOURCES.txt'
[0.991s] writing manifest file 'actions_py.egg-info/SOURCES.txt'
[1.002s] running build_ext
[1.002s] Creating /home/saikiran335/ros2_mark_ws/install/actions_py/lib/python3.12/site-packages/actions-py.egg-link (link to .)
[1.003s] Installing count_until_client script to /home/saikiran335/ros2_mark_ws/install/actions_py/lib/actions_py
[1.003s] Installing count_until_server script to /home/saikiran335/ros2_mark_ws/install/actions_py/lib/actions_py
[1.003s] Installing robot_distance_client script to /home/saikiran335/ros2_mark_ws/install/actions_py/lib/actions_py
[1.004s] Installing robot_distance_server script to /home/saikiran335/ros2_mark_ws/install/actions_py/lib/actions_py
[1.004s] 
[1.004s] Installed /home/saikiran335/ros2_mark_ws/build/actions_py
[1.004s] running symlink_data
[1.054s] Invoked command in '/home/saikiran335/ros2_mark_ws/build/actions_py' returned '0': DEBUGINFOD_URLS=https://debuginfod.ubuntu.com PYTHONPATH=/home/saikiran335/ros2_mark_ws/build/actions_py/prefix_override:/usr/lib/python3/dist-packages/colcon_core/task/python/colcon_distutils_commands:/home/saikiran335/ros2_mark_ws/install/actions_py/lib/python3.12/site-packages:${PYTHONPATH} /usr/bin/python3 -W ignore:setup.py install is deprecated -W ignore:easy_install command is deprecated setup.py develop --editable --build-directory /home/saikiran335/ros2_mark_ws/build/actions_py/build --no-deps symlink_data
