[0.012s] Invoking command in '/home/saikiran335/ros2_jarvis_ws/build/jarvis_description': CMAKE_PREFIX_PATH=${CMAKE_PREFIX_PATH}:/opt/ros/humble /usr/bin/cmake /home/saikiran335/ros2_jarvis_ws/src/jarvis_description -DCMAKE_INSTALL_PREFIX=/home/saikiran335/ros2_jarvis_ws/install/jarvis_description
[0.031s] -- Found ament_cmake: 1.3.11 (/opt/ros/humble/share/ament_cmake/cmake)
[0.115s] -- Override CMake install command with custom implementation using symlinks instead of copying resources
[0.272s] -- Configuring done
[0.278s] -- Generating done
[0.279s] -- Build files have been written to: /home/saikiran335/ros2_jarvis_ws/build/jarvis_description
[0.283s] Invoked command in '/home/saikiran335/ros2_jarvis_ws/build/jarvis_description' returned '0': CMAKE_PREFIX_PATH=${CMAKE_PREFIX_PATH}:/opt/ros/humble /usr/bin/cmake /home/saikiran335/ros2_jarvis_ws/src/jarvis_description -DCMAKE_INSTALL_PREFIX=/home/saikiran335/ros2_jarvis_ws/install/jarvis_description
[0.285s] Invoking command in '/home/saikiran335/ros2_jarvis_ws/build/jarvis_description': CMAKE_PREFIX_PATH=${CMAKE_PREFIX_PATH}:/opt/ros/humble /usr/bin/cmake --build /home/saikiran335/ros2_jarvis_ws/build/jarvis_description -- -j16 -l16
[0.325s] Invoked command in '/home/saikiran335/ros2_jarvis_ws/build/jarvis_description' returned '0': CMAKE_PREFIX_PATH=${CMAKE_PREFIX_PATH}:/opt/ros/humble /usr/bin/cmake --build /home/saikiran335/ros2_jarvis_ws/build/jarvis_description -- -j16 -l16
[0.338s] Invoking command in '/home/saikiran335/ros2_jarvis_ws/build/jarvis_description': CMAKE_PREFIX_PATH=${CMAKE_PREFIX_PATH}:/opt/ros/humble /usr/bin/cmake --install /home/saikiran335/ros2_jarvis_ws/build/jarvis_description
[0.344s] -- Install configuration: ""
[0.345s] -- Execute custom install script
[0.345s] -- Up-to-date symlink: /home/saikiran335/ros2_jarvis_ws/install/jarvis_description/share/jarvis_description//urdf/common_properties.xacro
[0.345s] -- Up-to-date symlink: /home/saikiran335/ros2_jarvis_ws/install/jarvis_description/share/jarvis_description//urdf/jarvis.urdf.xacro
[0.345s] -- Up-to-date symlink: /home/saikiran335/ros2_jarvis_ws/install/jarvis_description/share/jarvis_description//urdf/jarvis_mobile_base.urdf.xacro
[0.345s] -- Up-to-date symlink: /home/saikiran335/ros2_jarvis_ws/install/jarvis_description/share/jarvis_description//urdf/jarvis_mobile_base_gazebo.xacro
[0.346s] -- Up-to-date symlink: /home/saikiran335/ros2_jarvis_ws/install/jarvis_description/share/jarvis_description//rviz/jarvis_config.rviz
[0.346s] -- Up-to-date symlink: /home/saikiran335/ros2_jarvis_ws/install/jarvis_description/share/jarvis_description//rviz/jarviz_config2.rviz
[0.346s] -- Up-to-date symlink: /home/saikiran335/ros2_jarvis_ws/install/jarvis_description/share/jarvis_description//launch/display.launch.xml
[0.346s] -- Up-to-date symlink: /home/saikiran335/ros2_jarvis_ws/install/jarvis_description/share/ament_index/resource_index/package_run_dependencies/jarvis_description
[0.346s] -- Up-to-date symlink: /home/saikiran335/ros2_jarvis_ws/install/jarvis_description/share/ament_index/resource_index/parent_prefix_path/jarvis_description
[0.346s] -- Up-to-date symlink: /home/saikiran335/ros2_jarvis_ws/install/jarvis_description/share/jarvis_description/environment/ament_prefix_path.sh
[0.346s] -- Up-to-date symlink: /home/saikiran335/ros2_jarvis_ws/install/jarvis_description/share/jarvis_description/environment/ament_prefix_path.dsv
[0.347s] -- Up-to-date symlink: /home/saikiran335/ros2_jarvis_ws/install/jarvis_description/share/jarvis_description/environment/path.sh
[0.347s] -- Up-to-date symlink: /home/saikiran335/ros2_jarvis_ws/install/jarvis_description/share/jarvis_description/environment/path.dsv
[0.347s] -- Up-to-date symlink: /home/saikiran335/ros2_jarvis_ws/install/jarvis_description/share/jarvis_description/local_setup.bash
[0.347s] -- Up-to-date symlink: /home/saikiran335/ros2_jarvis_ws/install/jarvis_description/share/jarvis_description/local_setup.sh
[0.347s] -- Up-to-date symlink: /home/saikiran335/ros2_jarvis_ws/install/jarvis_description/share/jarvis_description/local_setup.zsh
[0.347s] -- Up-to-date symlink: /home/saikiran335/ros2_jarvis_ws/install/jarvis_description/share/jarvis_description/local_setup.dsv
[0.347s] -- Symlinking: /home/saikiran335/ros2_jarvis_ws/install/jarvis_description/share/jarvis_description/package.dsv
[0.356s] -- Up-to-date symlink: /home/saikiran335/ros2_jarvis_ws/install/jarvis_description/share/ament_index/resource_index/packages/jarvis_description
[0.356s] -- Up-to-date symlink: /home/saikiran335/ros2_jarvis_ws/install/jarvis_description/share/jarvis_description/cmake/jarvis_descriptionConfig.cmake
[0.356s] -- Up-to-date symlink: /home/saikiran335/ros2_jarvis_ws/install/jarvis_description/share/jarvis_description/cmake/jarvis_descriptionConfig-version.cmake
[0.356s] -- Up-to-date symlink: /home/saikiran335/ros2_jarvis_ws/install/jarvis_description/share/jarvis_description/package.xml
[0.359s] Invoked command in '/home/saikiran335/ros2_jarvis_ws/build/jarvis_description' returned '0': CMAKE_PREFIX_PATH=${CMAKE_PREFIX_PATH}:/opt/ros/humble /usr/bin/cmake --install /home/saikiran335/ros2_jarvis_ws/build/jarvis_description
